[ 2017-09-25T00:12:22+08:00 ] 112.90.82.196 /zhcp/index.php/BackgroundAdmin/Index/audit/user_id/659.html
INFO: [ app_init ] --START--
INFO: Run Behavior\BuildLiteBehavior [ RunTime:0.000009s ]
INFO: [ app_init ] --END-- [ RunTime:0.000074s ]
INFO: [ app_begin ] --START--
INFO: Run Behavior\ReadHtmlCacheBehavior [ RunTime:0.000026s ]
INFO: [ app_begin ] --END-- [ RunTime:0.000051s ]

[ 2017-09-25T00:12:22+08:00 ] 112.90.82.196 /zhcp/index.php/BackgroundAdmin/Login/index.html
INFO: [ app_init ] --START--
INFO: Run Behavior\BuildLiteBehavior [ RunTime:0.000009s ]
INFO: [ app_init ] --END-- [ RunTime:0.000055s ]
INFO: [ app_begin ] --START--
INFO: Run Behavior\ReadHtmlCacheBehavior [ RunTime:0.000022s ]
INFO: [ app_begin ] --END-- [ RunTime:0.000054s ]
INFO: [ view_parse ] --START--
INFO: [ template_filter ] --START--
INFO: Run Behavior\ContentReplaceBehavior [ RunTime:0.000028s ]
INFO: [ template_filter ] --END-- [ RunTime:0.000065s ]
INFO: Run Behavior\ParseTemplateBehavior [ RunTime:0.001346s ]
INFO: [ view_parse ] --END-- [ RunTime:0.001372s ]
INFO: [ view_filter ] --START--
INFO: Run Behavior\WriteHtmlCacheBehavior [ RunTime:0.000036s ]
INFO: [ view_filter ] --END-- [ RunTime:0.000061s ]
INFO: [ app_end ] --START--
INFO: Run Behavior\ShowPageTraceBehavior [ RunTime:0.000038s ]
INFO: [ app_end ] --END-- [ RunTime:0.000065s ]

[ 2017-09-25T00:14:19+08:00 ] 113.108.21.80 /zhcp/index.php/BackgroundAdmin/Index/index
INFO: [ app_init ] --START--
INFO: Run Behavior\BuildLiteBehavior [ RunTime:0.000009s ]
INFO: [ app_init ] --END-- [ RunTime:0.000070s ]
INFO: [ app_begin ] --START--
INFO: Run Behavior\ReadHtmlCacheBehavior [ RunTime:0.000027s ]
INFO: [ app_begin ] --END-- [ RunTime:0.000050s ]

[ 2017-09-25T00:14:19+08:00 ] 113.108.21.80 /zhcp/index.php/BackgroundAdmin/Login/index.html
INFO: [ app_init ] --START--
INFO: Run Behavior\BuildLiteBehavior [ RunTime:0.000009s ]
INFO: [ app_init ] --END-- [ RunTime:0.000059s ]
INFO: [ app_begin ] --START--
INFO: Run Behavior\ReadHtmlCacheBehavior [ RunTime:0.000026s ]
INFO: [ app_begin ] --END-- [ RunTime:0.000054s ]
INFO: [ view_parse ] --START--
INFO: [ template_filter ] --START--
INFO: Run Behavior\ContentReplaceBehavior [ RunTime:0.000028s ]
INFO: [ template_filter ] --END-- [ RunTime:0.000065s ]
INFO: Run Behavior\ParseTemplateBehavior [ RunTime:0.001336s ]
INFO: [ view_parse ] --END-- [ RunTime:0.001374s ]
INFO: [ view_filter ] --START--
INFO: Run Behavior\WriteHtmlCacheBehavior [ RunTime:0.000045s ]
INFO: [ view_filter ] --END-- [ RunTime:0.000069s ]
INFO: [ app_end ] --START--
INFO: Run Behavior\ShowPageTraceBehavior [ RunTime:0.000026s ]
INFO: [ app_end ] --END-- [ RunTime:0.000043s ]

[ 2017-09-25T01:28:33+08:00 ] 183.57.53.196 /zhcp/index.php/BackgroundAdmin/Login/index.html
INFO: [ app_init ] --START--
INFO: Run Behavior\BuildLiteBehavior [ RunTime:0.000010s ]
INFO: [ app_init ] --END-- [ RunTime:0.000078s ]
INFO: [ app_begin ] --START--
INFO: Run Behavior\ReadHtmlCacheBehavior [ RunTime:0.000029s ]
INFO: [ app_begin ] --END-- [ RunTime:0.000053s ]
INFO: [ view_parse ] --START--
INFO: [ template_filter ] --START--
INFO: Run Behavior\ContentReplaceBehavior [ RunTime:0.000027s ]
INFO: [ template_filter ] --END-- [ RunTime:0.000054s ]
INFO: Run Behavior\ParseTemplateBehavior [ RunTime:0.001223s ]
INFO: [ view_parse ] --END-- [ RunTime:0.001249s ]
INFO: [ view_filter ] --START--
INFO: Run Behavior\WriteHtmlCacheBehavior [ RunTime:0.000037s ]
INFO: [ view_filter ] --END-- [ RunTime:0.000054s ]
INFO: [ app_end ] --START--
INFO: Run Behavior\ShowPageTraceBehavior [ RunTime:0.000023s ]
INFO: [ app_end ] --END-- [ RunTime:0.000039s ]

[ 2017-09-25T10:18:57+08:00 ] 117.136.79.232 /zhcp/index.php/BackgroundAdmin
INFO: [ app_init ] --START--
INFO: Run Behavior\BuildLiteBehavior [ RunTime:0.000009s ]
INFO: [ app_init ] --END-- [ RunTime:0.000060s ]
INFO: [ app_begin ] --START--
INFO: Run Behavior\ReadHtmlCacheBehavior [ RunTime:0.000027s ]
INFO: [ app_begin ] --END-- [ RunTime:0.000065s ]

[ 2017-09-25T10:18:57+08:00 ] 117.136.79.232 /zhcp/index.php/BackgroundAdmin/Login/index.html
INFO: [ app_init ] --START--
INFO: Run Behavior\BuildLiteBehavior [ RunTime:0.000009s ]
INFO: [ app_init ] --END-- [ RunTime:0.000058s ]
INFO: [ app_begin ] --START--
INFO: Run Behavior\ReadHtmlCacheBehavior [ RunTime:0.000024s ]
INFO: [ app_begin ] --END-- [ RunTime:0.000051s ]
INFO: [ view_parse ] --START--
INFO: [ template_filter ] --START--
INFO: Run Behavior\ContentReplaceBehavior [ RunTime:0.000028s ]
INFO: [ template_filter ] --END-- [ RunTime:0.000057s ]
INFO: Run Behavior\ParseTemplateBehavior [ RunTime:0.001345s ]
INFO: [ view_parse ] --END-- [ RunTime:0.001371s ]
INFO: [ view_filter ] --START--
INFO: Run Behavior\WriteHtmlCacheBehavior [ RunTime:0.000029s ]
INFO: [ view_filter ] --END-- [ RunTime:0.000045s ]
INFO: [ app_end ] --START--
INFO: Run Behavior\ShowPageTraceBehavior [ RunTime:0.000022s ]
INFO: [ app_end ] --END-- [ RunTime:0.000040s ]

[ 2017-09-25T10:18:57+08:00 ] 117.136.79.232 /zhcp/index.php/BackgroundAdmin/Login/images/head-img.png
INFO: [ app_init ] --START--
INFO: Run Behavior\BuildLiteBehavior [ RunTime:0.000009s ]
INFO: [ app_init ] --END-- [ RunTime:0.000050s ]

[ 2017-09-25T10:18:57+08:00 ] 117.136.79.232 /zhcp/index.php/BackgroundAdmin/Login/css/style.css
INFO: [ app_init ] --START--
INFO: Run Behavior\BuildLiteBehavior [ RunTime:0.000010s ]
INFO: [ app_init ] --END-- [ RunTime:0.000077s ]
INFO: [ app_begin ] --START--
INFO: Run Behavior\ReadHtmlCacheBehavior [ RunTime:0.000038s ]
INFO: [ app_begin ] --END-- [ RunTime:0.000076s ]
ERR: 非法操作:css

[ 2017-09-25T10:19:07+08:00 ] 117.136.79.232 /zhcp/index.php/BackgroundAdmin/Login/index.html
INFO: [ app_init ] --START--
INFO: Run Behavior\BuildLiteBehavior [ RunTime:0.000010s ]
INFO: [ app_init ] --END-- [ RunTime:0.000070s ]
INFO: [ app_begin ] --START--
INFO: Run Behavior\ReadHtmlCacheBehavior [ RunTime:0.000028s ]
INFO: [ app_begin ] --END-- [ RunTime:0.000051s ]
SQL: SHOW COLUMNS FROM `classgroup` [ RunTime:0.0084s ]
SQL: SELECT * FROM `classgroup` WHERE `classgroup_account` = '14tx1' AND `classgroup_password` = '4109' LIMIT 1   [ RunTime:0.0002s ]
INFO: [ app_end ] --START--
INFO: Run Behavior\ShowPageTraceBehavior [ RunTime:0.000052s ]
INFO: [ app_end ] --END-- [ RunTime:0.000076s ]

[ 2017-09-25T10:19:12+08:00 ] 117.136.79.232 /zhcp/index.php/BackgroundAdmin/Login/index.html
INFO: [ app_init ] --START--
INFO: Run Behavior\BuildLiteBehavior [ RunTime:0.000010s ]
INFO: [ app_init ] --END-- [ RunTime:0.000069s ]
INFO: [ app_begin ] --START--
INFO: Run Behavior\ReadHtmlCacheBehavior [ RunTime:0.000041s ]
INFO: [ app_begin ] --END-- [ RunTime:0.000070s ]
SQL: SHOW COLUMNS FROM `classgroup` [ RunTime:0.0005s ]
SQL: SELECT * FROM `classgroup` WHERE `classgroup_account` = '14tx1' AND `classgroup_password` = '14tx1' LIMIT 1   [ RunTime:0.0001s ]
INFO: [ app_end ] --START--
INFO: Run Behavior\ShowPageTraceBehavior [ RunTime:0.000029s ]
INFO: [ app_end ] --END-- [ RunTime:0.000051s ]

[ 2017-09-25T10:19:12+08:00 ] 117.136.79.232 /zhcp/index.php/BackgroundAdmin/Index/index
INFO: [ app_init ] --START--
INFO: Run Behavior\BuildLiteBehavior [ RunTime:0.000009s ]
INFO: [ app_init ] --END-- [ RunTime:0.000058s ]
INFO: [ app_begin ] --START--
INFO: Run Behavior\ReadHtmlCacheBehavior [ RunTime:0.000023s ]
INFO: [ app_begin ] --END-- [ RunTime:0.000046s ]
SQL: SHOW COLUMNS FROM `pclass` [ RunTime:0.0004s ]
SQL: SELECT `pclass_name` FROM `pclass` WHERE `pclass_id` = 10 LIMIT 1   [ RunTime:0.0001s ]
INFO: [ view_parse ] --START--
INFO: [ template_filter ] --START--
INFO: Run Behavior\ContentReplaceBehavior [ RunTime:0.000038s ]
INFO: [ template_filter ] --END-- [ RunTime:0.000074s ]
INFO: Run Behavior\ParseTemplateBehavior [ RunTime:0.001562s ]
INFO: [ view_parse ] --END-- [ RunTime:0.001592s ]
INFO: [ view_filter ] --START--
INFO: Run Behavior\WriteHtmlCacheBehavior [ RunTime:0.000035s ]
INFO: [ view_filter ] --END-- [ RunTime:0.000059s ]
INFO: [ app_end ] --START--
INFO: Run Behavior\ShowPageTraceBehavior [ RunTime:0.000023s ]
INFO: [ app_end ] --END-- [ RunTime:0.000040s ]

[ 2017-09-25T10:19:13+08:00 ] 117.136.79.232 /zhcp/index.php/BackgroundAdmin/Index/copy.html
INFO: [ app_init ] --START--
INFO: Run Behavior\BuildLiteBehavior [ RunTime:0.000009s ]
INFO: [ app_init ] --END-- [ RunTime:0.000060s ]
INFO: [ app_begin ] --START--
INFO: Run Behavior\ReadHtmlCacheBehavior [ RunTime:0.000023s ]
INFO: [ app_begin ] --END-- [ RunTime:0.000045s ]
INFO: [ view_parse ] --START--
INFO: [ template_filter ] --START--
INFO: Run Behavior\ContentReplaceBehavior [ RunTime:0.000025s ]
INFO: [ template_filter ] --END-- [ RunTime:0.000052s ]
INFO: Run Behavior\ParseTemplateBehavior [ RunTime:0.001125s ]
INFO: [ view_parse ] --END-- [ RunTime:0.001155s ]
INFO: [ view_filter ] --START--
INFO: Run Behavior\WriteHtmlCacheBehavior [ RunTime:0.000024s ]
INFO: [ view_filter ] --END-- [ RunTime:0.000042s ]
INFO: [ app_end ] --START--
INFO: Run Behavior\ShowPageTraceBehavior [ RunTime:0.000020s ]
INFO: [ app_end ] --END-- [ RunTime:0.000038s ]

[ 2017-09-25T10:19:14+08:00 ] 117.136.79.232 /zhcp/index.php/BackgroundAdmin/Index/queryclass.html
INFO: [ app_init ] --START--
INFO: Run Behavior\BuildLiteBehavior [ RunTime:0.000009s ]
INFO: [ app_init ] --END-- [ RunTime:0.000067s ]
INFO: [ app_begin ] --START--
INFO: Run Behavior\ReadHtmlCacheBehavior [ RunTime:0.000024s ]
INFO: [ app_begin ] --END-- [ RunTime:0.000048s ]
SQL: SHOW COLUMNS FROM `pclass` [ RunTime:0.0004s ]
SQL: SELECT `pclass_name` FROM `pclass` WHERE `pclass_id` = 10 LIMIT 1   [ RunTime:0.0001s ]
SQL: SELECT * FROM `pclass` WHERE `pclass_id` = 10 LIMIT 1   [ RunTime:0.0000s ]
SQL: SHOW COLUMNS FROM `grade` [ RunTime:0.0003s ]
SQL: SELECT `grade_name` FROM `grade` WHERE `grade_id` = 3 LIMIT 1   [ RunTime:0.0000s ]
SQL: SHOW COLUMNS FROM `user` [ RunTime:0.0003s ]
SQL: SELECT * FROM `user` WHERE `pclass_id` = 10 AND `grade_id` = 3  [ RunTime:0.0004s ]
SQL: SHOW COLUMNS FROM `schoolyear` [ RunTime:0.0003s ]
SQL: SELECT * FROM `schoolyear` WHERE `schoolyear_nowyear` = 1 LIMIT 1   [ RunTime:0.0000s ]
SQL: SHOW COLUMNS FROM `basetwograde` [ RunTime:0.0003s ]
SQL: SELECT * FROM `basetwograde` WHERE `schoolyear_id` = 6 AND `user_id` = 582 LIMIT 1   [ RunTime:0.0002s ]
SQL: SELECT * FROM `basetwograde` WHERE `schoolyear_id` = 6 AND `user_id` = 583 LIMIT 1   [ RunTime:0.0002s ]
SQL: SELECT * FROM `basetwograde` WHERE `schoolyear_id` = 6 AND `user_id` = 584 LIMIT 1   [ RunTime:0.0002s ]
SQL: SELECT * FROM `basetwograde` WHERE `schoolyear_id` = 6 AND `user_id` = 585 LIMIT 1   [ RunTime:0.0002s ]
SQL: SELECT * FROM `basetwograde` WHERE `schoolyear_id` = 6 AND `user_id` = 586 LIMIT 1   [ RunTime:0.0002s ]
SQL: SELECT * FROM `basetwograde` WHERE `schoolyear_id` = 6 AND `user_id` = 587 LIMIT 1   [ RunTime:0.0001s ]
SQL: SELECT * FROM `basetwograde` WHERE `schoolyear_id` = 6 AND `user_id` = 588 LIMIT 1   [ RunTime:0.0002s ]
SQL: SELECT * FROM `basetwograde` WHERE `schoolyear_id` = 6 AND `user_id` = 589 LIMIT 1   [ RunTime:0.0001s ]
SQL: SELECT * FROM `basetwograde` WHERE `schoolyear_id` = 6 AND `user_id` = 590 LIMIT 1   [ RunTime:0.0002s ]
SQL: SELECT * FROM `basetwograde` WHERE `schoolyear_id` = 6 AND `user_id` = 591 LIMIT 1   [ RunTime:0.0001s ]
SQL: SELECT * FROM `basetwograde` WHERE `schoolyear_id` = 6 AND `user_id` = 592 LIMIT 1   [ RunTime:0.0001s ]
SQL: SELECT * FROM `basetwograde` WHERE `schoolyear_id` = 6 AND `user_id` = 593 LIMIT 1   [ RunTime:0.0001s ]
SQL: SELECT * FROM `basetwograde` WHERE `schoolyear_id` = 6 AND `user_id` = 594 LIMIT 1   [ RunTime:0.0002s ]
SQL: SELECT * FROM `basetwograde` WHERE `schoolyear_id` = 6 AND `user_id` = 595 LIMIT 1   [ RunTime:0.0002s ]
SQL: SELECT * FROM `basetwograde` WHERE `schoolyear_id` = 6 AND `user_id` = 596 LIMIT 1   [ RunTime:0.0001s ]
SQL: SELECT * FROM `basetwograde` WHERE `schoolyear_id` = 6 AND `user_id` = 597 LIMIT 1   [ RunTime:0.0001s ]
SQL: SELECT * FROM `basetwograde` WHERE `schoolyear_id` = 6 AND `user_id` = 598 LIMIT 1   [ RunTime:0.0001s ]
SQL: SELECT * FROM `basetwograde` WHERE `schoolyear_id` = 6 AND `user_id` = 599 LIMIT 1   [ RunTime:0.0002s ]
SQL: SELECT * FROM `basetwograde` WHERE `schoolyear_id` = 6 AND `user_id` = 600 LIMIT 1   [ RunTime:0.0002s ]
SQL: SELECT * FROM `basetwograde` WHERE `schoolyear_id` = 6 AND `user_id` = 601 LIMIT 1   [ RunTime:0.0002s ]
SQL: SELECT * FROM `basetwograde` WHERE `schoolyear_id` = 6 AND `user_id` = 602 LIMIT 1   [ RunTime:0.0001s ]
SQL: SELECT * FROM `basetwograde` WHERE `schoolyear_id` = 6 AND `user_id` = 603 LIMIT 1   [ RunTime:0.0001s ]
SQL: SELECT * FROM `basetwograde` WHERE `schoolyear_id` = 6 AND `user_id` = 604 LIMIT 1   [ RunTime:0.0002s ]
SQL: SELECT * FROM `basetwograde` WHERE `schoolyear_id` = 6 AND `user_id` = 605 LIMIT 1   [ RunTime:0.0002s ]
SQL: SELECT * FROM `basetwograde` WHERE `schoolyear_id` = 6 AND `user_id` = 606 LIMIT 1   [ RunTime:0.0001s ]
SQL: SELECT * FROM `basetwograde` WHERE `schoolyear_id` = 6 AND `user_id` = 607 LIMIT 1   [ RunTime:0.0002s ]
SQL: SELECT * FROM `basetwograde` WHERE `schoolyear_id` = 6 AND `user_id` = 608 LIMIT 1   [ RunTime:0.0001s ]
SQL: SELECT * FROM `basetwograde` WHERE `schoolyear_id` = 6 AND `user_id` = 609 LIMIT 1   [ RunTime:0.0002s ]
SQL: SELECT * FROM `basetwograde` WHERE `schoolyear_id` = 6 AND `user_id` = 610 LIMIT 1   [ RunTime:0.0002s ]
SQL: SELECT * FROM `basetwograde` WHERE `schoolyear_id` = 6 AND `user_id` = 611 LIMIT 1   [ RunTime:0.0002s ]
SQL: SELECT * FROM `basetwograde` WHERE `schoolyear_id` = 6 AND `user_id` = 612 LIMIT 1   [ RunTime:0.0002s ]
SQL: SELECT * FROM `basetwograde` WHERE `schoolyear_id` = 6 AND `user_id` = 613 LIMIT 1   [ RunTime:0.0001s ]
SQL: SELECT * FROM `basetwograde` WHERE `schoolyear_id` = 6 AND `user_id` = 614 LIMIT 1   [ RunTime:0.0002s ]
SQL: SELECT * FROM `basetwograde` WHERE `schoolyear_id` = 6 AND `user_id` = 615 LIMIT 1   [ RunTime:0.0002s ]
SQL: SELECT * FROM `basetwograde` WHERE `schoolyear_id` = 6 AND `user_id` = 616 LIMIT 1   [ RunTime:0.0002s ]
SQL: SELECT * FROM `basetwograde` WHERE `schoolyear_id` = 6 AND `user_id` = 617 LIMIT 1   [ RunTime:0.0002s ]
SQL: SELECT * FROM `basetwograde` WHERE `schoolyear_id` = 6 AND `user_id` = 618 LIMIT 1   [ RunTime:0.0002s ]
SQL: SELECT * FROM `basetwograde` WHERE `schoolyear_id` = 6 AND `user_id` = 619 LIMIT 1   [ RunTime:0.0002s ]
SQL: SELECT * FROM `basetwograde` WHERE `schoolyear_id` = 6 AND `user_id` = 620 LIMIT 1   [ RunTime:0.0001s ]
SQL: SELECT * FROM `basetwograde` WHERE `schoolyear_id` = 6 AND `user_id` = 621 LIMIT 1   [ RunTime:0.0002s ]
SQL: SELECT * FROM `basetwograde` WHERE `schoolyear_id` = 6 AND `user_id` = 622 LIMIT 1   [ RunTime:0.0001s ]
SQL: SELECT * FROM `basetwograde` WHERE `schoolyear_id` = 6 AND `user_id` = 623 LIMIT 1   [ RunTime:0.0001s ]
SQL: SELECT * FROM `basetwograde` WHERE `schoolyear_id` = 6 AND `user_id` = 624 LIMIT 1   [ RunTime:0.0002s ]
SQL: SELECT * FROM `basetwograde` WHERE `schoolyear_id` = 6 AND `user_id` = 625 LIMIT 1   [ RunTime:0.0001s ]
SQL: SELECT * FROM `basetwograde` WHERE `schoolyear_id` = 6 AND `user_id` = 626 LIMIT 1   [ RunTime:0.0001s ]
SQL: SELECT * FROM `basetwograde` WHERE `schoolyear_id` = 6 AND `user_id` = 627 LIMIT 1   [ RunTime:0.0001s ]
SQL: SELECT * FROM `basetwograde` WHERE `schoolyear_id` = 6 AND `user_id` = 628 LIMIT 1   [ RunTime:0.0001s ]
SQL: SELECT * FROM `basetwograde` WHERE `schoolyear_id` = 6 AND `user_id` = 629 LIMIT 1   [ RunTime:0.0002s ]
INFO: [ view_parse ] --START--
INFO: [ template_filter ] --START--
INFO: Run Behavior\ContentReplaceBehavior [ RunTime:0.000031s ]
INFO: [ template_filter ] --END-- [ RunTime:0.000061s ]
INFO: Run Behavior\ParseTemplateBehavior [ RunTime:0.002991s ]
INFO: [ view_parse ] --END-- [ RunTime:0.003029s ]
INFO: [ view_filter ] --START--
INFO: Run Behavior\WriteHtmlCacheBehavior [ RunTime:0.000035s ]
INFO: [ view_filter ] --END-- [ RunTime:0.000053s ]
INFO: [ app_end ] --START--
INFO: Run Behavior\ShowPageTraceBehavior [ RunTime:0.000029s ]
INFO: [ app_end ] --END-- [ RunTime:0.000050s ]

[ 2017-09-25T10:19:40+08:00 ] 117.136.79.232 /zhcp/index.php/BackgroundAdmin/Index/audit/user_id/607.html
INFO: [ app_init ] --START--
INFO: Run Behavior\BuildLiteBehavior [ RunTime:0.000024s ]
INFO: [ app_init ] --END-- [ RunTime:0.000166s ]
INFO: [ app_begin ] --START--
INFO: Run Behavior\ReadHtmlCacheBehavior [ RunTime:0.000046s ]
INFO: [ app_begin ] --END-- [ RunTime:0.000080s ]
SQL: SHOW COLUMNS FROM `schoolyear` [ RunTime:0.0005s ]
SQL: SELECT * FROM `schoolyear` WHERE `schoolyear_nowyear` = 1 LIMIT 1   [ RunTime:0.0001s ]
SQL: SHOW COLUMNS FROM `basetwograde` [ RunTime:0.0003s ]
SQL: SELECT * FROM `basetwograde` WHERE `user_id` = 607 AND `schoolyear_id` = 6  [ RunTime:0.0002s ]
SQL: SHOW COLUMNS FROM `deveonelevelgrade` [ RunTime:0.0003s ]
SQL: SELECT * FROM `deveonelevelgrade` WHERE `user_id` = 607 AND `schoolyear_id` = 6  [ RunTime:0.0002s ]
SQL: SELECT * FROM `basetwograde` WHERE `user_id` = 607 AND `schoolyear_id` = 6  [ RunTime:0.0000s ]
SQL: SELECT * FROM `deveonelevelgrade` WHERE `user_id` = 607 AND `schoolyear_id` = 6  [ RunTime:0.0000s ]
SQL: SHOW COLUMNS FROM `basetwolevelindex` [ RunTime:0.0003s ]
SQL: SELECT COUNT(*) AS tp_count FROM `basetwolevelindex` LIMIT 1   [ RunTime:0.0000s ]
SQL: SHOW COLUMNS FROM `deveonelevelindex` [ RunTime:0.0003s ]
SQL: SELECT COUNT(*) AS tp_count FROM `deveonelevelindex` LIMIT 1   [ RunTime:0.0000s ]
SQL: SELECT * FROM `deveonelevelindex`  [ RunTime:0.0000s ]
SQL: SHOW COLUMNS FROM `user` [ RunTime:0.0003s ]
SQL: SELECT `pclass_id` FROM `user` WHERE `user_id` = 607 LIMIT 1   [ RunTime:0.0001s ]
NOTIC: [8] Undefined variable: base /var/www/html/zhcp/Application/BackgroundAdmin/Controller/IndexController.class.php 第 122 行.
INFO: [ view_parse ] --START--
INFO: [ template_filter ] --START--
INFO: Run Behavior\ContentReplaceBehavior [ RunTime:0.000069s ]
INFO: [ template_filter ] --END-- [ RunTime:0.000103s ]
INFO: Run Behavior\ParseTemplateBehavior [ RunTime:0.007297s ]
INFO: [ view_parse ] --END-- [ RunTime:0.007330s ]
INFO: [ view_filter ] --START--
INFO: Run Behavior\WriteHtmlCacheBehavior [ RunTime:0.000036s ]
INFO: [ view_filter ] --END-- [ RunTime:0.000055s ]
INFO: [ app_end ] --START--
INFO: Run Behavior\ShowPageTraceBehavior [ RunTime:0.000038s ]
INFO: [ app_end ] --END-- [ RunTime:0.000067s ]

[ 2017-09-25T10:19:50+08:00 ] 117.136.79.232 /zhcp/index.php/BackgroundAdmin/Index/audit/user_id/images/lightbox-btn-close.gif
INFO: [ app_init ] --START--
INFO: Run Behavior\BuildLiteBehavior [ RunTime:0.000010s ]
INFO: [ app_init ] --END-- [ RunTime:0.000066s ]

[ 2017-09-25T10:19:50+08:00 ] 117.136.79.232 /zhcp/index.php/BackgroundAdmin/Index/audit/user_id/images/lightbox-ico-loading.gif
INFO: [ app_init ] --START--
INFO: Run Behavior\BuildLiteBehavior [ RunTime:0.000012s ]
INFO: [ app_init ] --END-- [ RunTime:0.000106s ]

[ 2017-09-25T10:19:50+08:00 ] 117.136.79.232 /zhcp/index.php/BackgroundAdmin/Index/audit/user_id/images/lightbox-blank.gif
INFO: [ app_init ] --START--
INFO: Run Behavior\BuildLiteBehavior [ RunTime:0.000010s ]
INFO: [ app_init ] --END-- [ RunTime:0.000060s ]

[ 2017-09-25T10:20:02+08:00 ] 117.136.79.232 /zhcp/index.php/BackgroundAdmin/Index/audit/user_id/images/lightbox-btn-close.gif
INFO: [ app_init ] --START--
INFO: Run Behavior\BuildLiteBehavior [ RunTime:0.000010s ]
INFO: [ app_init ] --END-- [ RunTime:0.000063s ]

[ 2017-09-25T10:20:02+08:00 ] 117.136.79.232 /zhcp/index.php/BackgroundAdmin/Index/audit/user_id/images/lightbox-ico-loading.gif
INFO: [ app_init ] --START--
INFO: Run Behavior\BuildLiteBehavior [ RunTime:0.000013s ]
INFO: [ app_init ] --END-- [ RunTime:0.000112s ]

[ 2017-09-25T10:20:03+08:00 ] 117.136.79.232 /zhcp/index.php/BackgroundAdmin/Index/audit/user_id/images/lightbox-blank.gif
INFO: [ app_init ] --START--
INFO: Run Behavior\BuildLiteBehavior [ RunTime:0.000010s ]
INFO: [ app_init ] --END-- [ RunTime:0.000058s ]

[ 2017-09-25T10:20:04+08:00 ] 117.136.79.232 /zhcp/index.php/BackgroundAdmin/Index/audit/user_id/images/lightbox-btn-prev.gif
INFO: [ app_init ] --START--
INFO: Run Behavior\BuildLiteBehavior [ RunTime:0.000010s ]
INFO: [ app_init ] --END-- [ RunTime:0.000060s ]

[ 2017-09-25T10:20:04+08:00 ] 117.136.79.232 /zhcp/index.php/BackgroundAdmin/Index/audit/user_id/images/lightbox-blank.gif
INFO: [ app_init ] --START--
INFO: Run Behavior\BuildLiteBehavior [ RunTime:0.000013s ]
INFO: [ app_init ] --END-- [ RunTime:0.000084s ]

[ 2017-09-25T10:20:35+08:00 ] 117.136.79.232 /zhcp/index.php/BackgroundAdmin/Index/audit/user_id/images/lightbox-ico-loading.gif
INFO: [ app_init ] --START--
INFO: Run Behavior\BuildLiteBehavior [ RunTime:0.000010s ]
INFO: [ app_init ] --END-- [ RunTime:0.000065s ]

[ 2017-09-25T10:20:35+08:00 ] 117.136.79.232 /zhcp/index.php/BackgroundAdmin/Index/audit/user_id/images/lightbox-btn-close.gif
INFO: [ app_init ] --START--
INFO: Run Behavior\BuildLiteBehavior [ RunTime:0.000014s ]
INFO: [ app_init ] --END-- [ RunTime:0.000099s ]

[ 2017-09-25T10:20:36+08:00 ] 117.136.79.232 /zhcp/index.php/BackgroundAdmin/Index/audit/user_id/images/lightbox-blank.gif
INFO: [ app_init ] --START--
INFO: Run Behavior\BuildLiteBehavior [ RunTime:0.000011s ]
INFO: [ app_init ] --END-- [ RunTime:0.000063s ]

[ 2017-09-25T10:20:36+08:00 ] 117.136.79.232 /zhcp/index.php/BackgroundAdmin/Index/audit/user_id/images/lightbox-btn-prev.gif
INFO: [ app_init ] --START--
INFO: Run Behavior\BuildLiteBehavior [ RunTime:0.000008s ]
INFO: [ app_init ] --END-- [ RunTime:0.000053s ]

[ 2017-09-25T10:20:37+08:00 ] 117.136.79.232 /zhcp/index.php/BackgroundAdmin/Index/audit/user_id/images/lightbox-blank.gif
INFO: [ app_init ] --START--
INFO: Run Behavior\BuildLiteBehavior [ RunTime:0.000013s ]
INFO: [ app_init ] --END-- [ RunTime:0.000081s ]

[ 2017-09-25T10:20:37+08:00 ] 117.136.79.232 /zhcp/index.php/BackgroundAdmin/Index/audit/user_id/images/lightbox-btn-next.gif
INFO: [ app_init ] --START--
INFO: Run Behavior\BuildLiteBehavior [ RunTime:0.000010s ]
INFO: [ app_init ] --END-- [ RunTime:0.000091s ]

[ 2017-09-25T10:20:37+08:00 ] 117.136.79.232 /zhcp/index.php/BackgroundAdmin/Index/audit/user_id/images/lightbox-blank.gif
INFO: [ app_init ] --START--
INFO: Run Behavior\BuildLiteBehavior [ RunTime:0.000011s ]
INFO: [ app_init ] --END-- [ RunTime:0.000063s ]

[ 2017-09-25T10:20:38+08:00 ] 117.136.79.232 /zhcp/index.php/BackgroundAdmin/Index/audit/user_id/images/lightbox-btn-next.gif
INFO: [ app_init ] --START--
INFO: Run Behavior\BuildLiteBehavior [ RunTime:0.000010s ]
INFO: [ app_init ] --END-- [ RunTime:0.000062s ]

[ 2017-09-25T10:20:38+08:00 ] 117.136.79.232 /zhcp/index.php/BackgroundAdmin/Index/audit/user_id/images/lightbox-btn-prev.gif
INFO: [ app_init ] --START--
INFO: Run Behavior\BuildLiteBehavior [ RunTime:0.000009s ]
INFO: [ app_init ] --END-- [ RunTime:0.000059s ]

[ 2017-09-25T10:20:38+08:00 ] 117.136.79.232 /zhcp/index.php/BackgroundAdmin/Index/audit/user_id/images/lightbox-blank.gif
INFO: [ app_init ] --START--
INFO: Run Behavior\BuildLiteBehavior [ RunTime:0.000011s ]
INFO: [ app_init ] --END-- [ RunTime:0.000070s ]

[ 2017-09-25T10:20:38+08:00 ] 117.136.79.232 /zhcp/index.php/BackgroundAdmin/Index/audit/user_id/images/lightbox-blank.gif
INFO: [ app_init ] --START--
INFO: Run Behavior\BuildLiteBehavior [ RunTime:0.000011s ]
INFO: [ app_init ] --END-- [ RunTime:0.000062s ]

[ 2017-09-25T10:20:59+08:00 ] 117.136.79.232 /zhcp/index.php/BackgroundAdmin/Index/audit/user_id/images/lightbox-ico-loading.gif
INFO: [ app_init ] --START--
INFO: Run Behavior\BuildLiteBehavior [ RunTime:0.000010s ]
INFO: [ app_init ] --END-- [ RunTime:0.000063s ]

[ 2017-09-25T10:20:59+08:00 ] 117.136.79.232 /zhcp/index.php/BackgroundAdmin/Index/audit/user_id/images/lightbox-btn-close.gif
INFO: [ app_init ] --START--
INFO: Run Behavior\BuildLiteBehavior [ RunTime:0.000007s ]
INFO: [ app_init ] --END-- [ RunTime:0.000050s ]

[ 2017-09-25T10:20:59+08:00 ] 117.136.79.232 /zhcp/index.php/BackgroundAdmin/Index/audit/user_id/images/lightbox-blank.gif
INFO: [ app_init ] --START--
INFO: Run Behavior\BuildLiteBehavior [ RunTime:0.000009s ]
INFO: [ app_init ] --END-- [ RunTime:0.000057s ]

[ 2017-09-25T10:21:19+08:00 ] 117.136.79.232 /zhcp/index.php/BackgroundAdmin/Index/audit/user_id/images/lightbox-ico-loading.gif
INFO: [ app_init ] --START--
INFO: Run Behavior\BuildLiteBehavior [ RunTime:0.000011s ]
INFO: [ app_init ] --END-- [ RunTime:0.000082s ]

[ 2017-09-25T10:21:19+08:00 ] 117.136.79.232 /zhcp/index.php/BackgroundAdmin/Index/audit/user_id/images/lightbox-btn-close.gif
INFO: [ app_init ] --START--
INFO: Run Behavior\BuildLiteBehavior [ RunTime:0.000008s ]
INFO: [ app_init ] --END-- [ RunTime:0.000048s ]

[ 2017-09-25T10:21:19+08:00 ] 117.136.79.232 /zhcp/index.php/BackgroundAdmin/Index/audit/user_id/images/lightbox-blank.gif
INFO: [ app_init ] --START--
INFO: Run Behavior\BuildLiteBehavior [ RunTime:0.000010s ]
INFO: [ app_init ] --END-- [ RunTime:0.000089s ]

[ 2017-09-25T10:21:28+08:00 ] 117.136.79.232 /zhcp/index.php/BackgroundAdmin/Index/audit/user_id/images/lightbox-ico-loading.gif
INFO: [ app_init ] --START--
INFO: Run Behavior\BuildLiteBehavior [ RunTime:0.000014s ]
INFO: [ app_init ] --END-- [ RunTime:0.000088s ]

[ 2017-09-25T10:21:28+08:00 ] 117.136.79.232 /zhcp/index.php/BackgroundAdmin/Index/audit/user_id/images/lightbox-btn-close.gif
INFO: [ app_init ] --START--
INFO: Run Behavior\BuildLiteBehavior [ RunTime:0.000008s ]
INFO: [ app_init ] --END-- [ RunTime:0.000055s ]

[ 2017-09-25T10:21:28+08:00 ] 117.136.79.232 /zhcp/index.php/BackgroundAdmin/Index/audit/user_id/images/lightbox-blank.gif
INFO: [ app_init ] --START--
INFO: Run Behavior\BuildLiteBehavior [ RunTime:0.000014s ]
INFO: [ app_init ] --END-- [ RunTime:0.000088s ]

[ 2017-09-25T10:21:28+08:00 ] 117.136.79.232 /zhcp/index.php/BackgroundAdmin/Index/audit/user_id/images/lightbox-btn-prev.gif
INFO: [ app_init ] --START--
INFO: Run Behavior\BuildLiteBehavior [ RunTime:0.000008s ]
INFO: [ app_init ] --END-- [ RunTime:0.000048s ]

[ 2017-09-25T10:21:28+08:00 ] 117.136.79.232 /zhcp/index.php/BackgroundAdmin/Index/audit/user_id/images/lightbox-btn-next.gif
INFO: [ app_init ] --START--
INFO: Run Behavior\BuildLiteBehavior [ RunTime:0.000010s ]
INFO: [ app_init ] --END-- [ RunTime:0.000069s ]

[ 2017-09-25T10:21:28+08:00 ] 117.136.79.232 /zhcp/index.php/BackgroundAdmin/Index/audit/user_id/images/lightbox-blank.gif
INFO: [ app_init ] --START--
INFO: Run Behavior\BuildLiteBehavior [ RunTime:0.000012s ]
INFO: [ app_init ] --END-- [ RunTime:0.000066s ]

[ 2017-09-25T10:21:29+08:00 ] 117.136.79.232 /zhcp/index.php/BackgroundAdmin/Index/audit/user_id/images/lightbox-blank.gif
INFO: [ app_init ] --START--
INFO: Run Behavior\BuildLiteBehavior [ RunTime:0.000009s ]
INFO: [ app_init ] --END-- [ RunTime:0.000060s ]

[ 2017-09-25T10:21:29+08:00 ] 117.136.79.232 /zhcp/index.php/BackgroundAdmin/Index/audit/user_id/images/lightbox-btn-prev.gif
INFO: [ app_init ] --START--
INFO: Run Behavior\BuildLiteBehavior [ RunTime:0.000008s ]
INFO: [ app_init ] --END-- [ RunTime:0.000058s ]

[ 2017-09-25T10:21:29+08:00 ] 117.136.79.232 /zhcp/index.php/BackgroundAdmin/Index/audit/user_id/images/lightbox-blank.gif
INFO: [ app_init ] --START--
INFO: Run Behavior\BuildLiteBehavior [ RunTime:0.000009s ]
INFO: [ app_init ] --END-- [ RunTime:0.000061s ]

[ 2017-09-25T10:22:02+08:00 ] 117.136.79.232 /zhcp/index.php/BackgroundAdmin/Index/audit/user_id/images/lightbox-ico-loading.gif
INFO: [ app_init ] --START--
INFO: Run Behavior\BuildLiteBehavior [ RunTime:0.000009s ]
INFO: [ app_init ] --END-- [ RunTime:0.000068s ]

[ 2017-09-25T10:22:02+08:00 ] 117.136.79.232 /zhcp/index.php/BackgroundAdmin/Index/audit/user_id/images/lightbox-btn-close.gif
INFO: [ app_init ] --START--
INFO: Run Behavior\BuildLiteBehavior [ RunTime:0.000007s ]
INFO: [ app_init ] --END-- [ RunTime:0.000044s ]

[ 2017-09-25T10:22:03+08:00 ] 117.136.79.232 /zhcp/index.php/BackgroundAdmin/Index/audit/user_id/images/lightbox-blank.gif
INFO: [ app_init ] --START--
INFO: Run Behavior\BuildLiteBehavior [ RunTime:0.000013s ]
INFO: [ app_init ] --END-- [ RunTime:0.000084s ]

[ 2017-09-25T10:22:03+08:00 ] 117.136.79.232 /zhcp/index.php/BackgroundAdmin/Index/audit/user_id/images/lightbox-btn-next.gif
INFO: [ app_init ] --START--
INFO: Run Behavior\BuildLiteBehavior [ RunTime:0.000013s ]
INFO: [ app_init ] --END-- [ RunTime:0.000084s ]

[ 2017-09-25T10:22:05+08:00 ] 117.136.79.232 /zhcp/index.php/BackgroundAdmin/Index/audit/user_id/images/lightbox-blank.gif
INFO: [ app_init ] --START--
INFO: Run Behavior\BuildLiteBehavior [ RunTime:0.000009s ]
INFO: [ app_init ] --END-- [ RunTime:0.000063s ]

[ 2017-09-25T10:24:51+08:00 ] 117.136.79.232 /zhcp/index.php/BackgroundAdmin/Index/audit/user_id/images/lightbox-btn-close.gif
INFO: [ app_init ] --START--
INFO: Run Behavior\BuildLiteBehavior [ RunTime:0.000009s ]
INFO: [ app_init ] --END-- [ RunTime:0.000062s ]

[ 2017-09-25T10:24:51+08:00 ] 117.136.79.232 /zhcp/index.php/BackgroundAdmin/Index/audit/user_id/images/lightbox-ico-loading.gif
INFO: [ app_init ] --START--
INFO: Run Behavior\BuildLiteBehavior [ RunTime:0.000014s ]
INFO: [ app_init ] --END-- [ RunTime:0.000098s ]

[ 2017-09-25T10:24:52+08:00 ] 117.136.79.232 /zhcp/index.php/BackgroundAdmin/Index/audit/user_id/images/lightbox-blank.gif
INFO: [ app_init ] --START--
INFO: Run Behavior\BuildLiteBehavior [ RunTime:0.000009s ]
INFO: [ app_init ] --END-- [ RunTime:0.000057s ]

[ 2017-09-25T10:24:54+08:00 ] 117.136.79.232 /zhcp/index.php/BackgroundAdmin/Index/audit/user_id/images/lightbox-btn-next.gif
INFO: [ app_init ] --START--
INFO: Run Behavior\BuildLiteBehavior [ RunTime:0.000012s ]
INFO: [ app_init ] --END-- [ RunTime:0.000079s ]

[ 2017-09-25T10:24:57+08:00 ] 117.136.79.232 /zhcp/index.php/BackgroundAdmin/Index/audit/user_id/images/lightbox-blank.gif
INFO: [ app_init ] --START--
INFO: Run Behavior\BuildLiteBehavior [ RunTime:0.000013s ]
INFO: [ app_init ] --END-- [ RunTime:0.000087s ]

[ 2017-09-25T10:25:20+08:00 ] 117.136.79.232 /zhcp/index.php/BackgroundAdmin/Index/audit/user_id/images/lightbox-ico-loading.gif
INFO: [ app_init ] --START--
INFO: Run Behavior\BuildLiteBehavior [ RunTime:0.000010s ]
INFO: [ app_init ] --END-- [ RunTime:0.000081s ]

[ 2017-09-25T10:25:20+08:00 ] 117.136.79.232 /zhcp/index.php/BackgroundAdmin/Index/audit/user_id/images/lightbox-btn-close.gif
INFO: [ app_init ] --START--
INFO: Run Behavior\BuildLiteBehavior [ RunTime:0.000008s ]
INFO: [ app_init ] --END-- [ RunTime:0.000047s ]

[ 2017-09-25T10:25:21+08:00 ] 117.136.79.232 /zhcp/index.php/BackgroundAdmin/Index/audit/user_id/images/lightbox-blank.gif
INFO: [ app_init ] --START--
INFO: Run Behavior\BuildLiteBehavior [ RunTime:0.000009s ]
INFO: [ app_init ] --END-- [ RunTime:0.000060s ]

[ 2017-09-25T13:28:50+08:00 ] 14.17.3.64 /zhcp/index.php/BackgroundAdmin/Index/copy.html
INFO: [ app_init ] --START--
INFO: Run Behavior\BuildLiteBehavior [ RunTime:0.000012s ]
INFO: [ app_init ] --END-- [ RunTime:0.000079s ]
INFO: [ app_begin ] --START--
INFO: Run Behavior\ReadHtmlCacheBehavior [ RunTime:0.000057s ]
INFO: [ app_begin ] --END-- [ RunTime:0.000103s ]

[ 2017-09-25T13:28:50+08:00 ] 14.17.3.64 /zhcp/index.php/BackgroundAdmin/Login/index.html
INFO: [ app_init ] --START--
INFO: Run Behavior\BuildLiteBehavior [ RunTime:0.000013s ]
INFO: [ app_init ] --END-- [ RunTime:0.000108s ]
INFO: [ app_begin ] --START--
INFO: Run Behavior\ReadHtmlCacheBehavior [ RunTime:0.000047s ]
INFO: [ app_begin ] --END-- [ RunTime:0.000078s ]
INFO: [ view_parse ] --START--
INFO: [ template_filter ] --START--
INFO: Run Behavior\ContentReplaceBehavior [ RunTime:0.000034s ]
INFO: [ template_filter ] --END-- [ RunTime:0.000070s ]
INFO: Run Behavior\ParseTemplateBehavior [ RunTime:0.001704s ]
INFO: [ view_parse ] --END-- [ RunTime:0.001733s ]
INFO: [ view_filter ] --START--
INFO: Run Behavior\WriteHtmlCacheBehavior [ RunTime:0.000034s ]
INFO: [ view_filter ] --END-- [ RunTime:0.000052s ]
INFO: [ app_end ] --START--
INFO: Run Behavior\ShowPageTraceBehavior [ RunTime:0.000031s ]
INFO: [ app_end ] --END-- [ RunTime:0.000050s ]

[ 2017-09-25T13:45:13+08:00 ] 183.6.109.101 /zhcp/index.php/BackgroundAdmin
INFO: [ app_init ] --START--
INFO: Run Behavior\BuildLiteBehavior [ RunTime:0.000010s ]
INFO: [ app_init ] --END-- [ RunTime:0.000069s ]
INFO: [ app_begin ] --START--
INFO: Run Behavior\ReadHtmlCacheBehavior [ RunTime:0.000026s ]
INFO: [ app_begin ] --END-- [ RunTime:0.000049s ]

[ 2017-09-25T13:45:13+08:00 ] 183.6.109.101 /zhcp/index.php/BackgroundAdmin/Login/index.html
INFO: [ app_init ] --START--
INFO: Run Behavior\BuildLiteBehavior [ RunTime:0.000009s ]
INFO: [ app_init ] --END-- [ RunTime:0.000058s ]
INFO: [ app_begin ] --START--
INFO: Run Behavior\ReadHtmlCacheBehavior [ RunTime:0.000027s ]
INFO: [ app_begin ] --END-- [ RunTime:0.000054s ]
INFO: [ view_parse ] --START--
INFO: [ template_filter ] --START--
INFO: Run Behavior\ContentReplaceBehavior [ RunTime:0.000032s ]
INFO: [ template_filter ] --END-- [ RunTime:0.000070s ]
INFO: Run Behavior\ParseTemplateBehavior [ RunTime:0.001469s ]
INFO: [ view_parse ] --END-- [ RunTime:0.001498s ]
INFO: [ view_filter ] --START--
INFO: Run Behavior\WriteHtmlCacheBehavior [ RunTime:0.000033s ]
INFO: [ view_filter ] --END-- [ RunTime:0.000057s ]
INFO: [ app_end ] --START--
INFO: Run Behavior\ShowPageTraceBehavior [ RunTime:0.000042s ]
INFO: [ app_end ] --END-- [ RunTime:0.000074s ]

[ 2017-09-25T13:45:13+08:00 ] 183.6.109.101 /zhcp/index.php/BackgroundAdmin/Login/css/style.css
INFO: [ app_init ] --START--
INFO: Run Behavior\BuildLiteBehavior [ RunTime:0.000010s ]
INFO: [ app_init ] --END-- [ RunTime:0.000061s ]
INFO: [ app_begin ] --START--
INFO: Run Behavior\ReadHtmlCacheBehavior [ RunTime:0.000027s ]
INFO: [ app_begin ] --END-- [ RunTime:0.000052s ]
ERR: 非法操作:css

[ 2017-09-25T13:45:13+08:00 ] 183.6.109.101 /zhcp/index.php/BackgroundAdmin/Login/images/head-img.png
INFO: [ app_init ] --START--
INFO: Run Behavior\BuildLiteBehavior [ RunTime:0.000013s ]
INFO: [ app_init ] --END-- [ RunTime:0.000073s ]

[ 2017-09-25T13:45:23+08:00 ] 180.163.1.46 /zhcp/index.php/BackgroundAdmin
INFO: [ app_init ] --START--
INFO: Run Behavior\BuildLiteBehavior [ RunTime:0.000014s ]
INFO: [ app_init ] --END-- [ RunTime:0.000126s ]
INFO: [ app_begin ] --START--
INFO: Run Behavior\ReadHtmlCacheBehavior [ RunTime:0.000030s ]
INFO: [ app_begin ] --END-- [ RunTime:0.000057s ]

[ 2017-09-25T13:45:23+08:00 ] 180.163.1.46 /zhcp/index.php/BackgroundAdmin/Login/index.html
INFO: [ app_init ] --START--
INFO: Run Behavior\BuildLiteBehavior [ RunTime:0.000016s ]
INFO: [ app_init ] --END-- [ RunTime:0.000068s ]
INFO: [ app_begin ] --START--
INFO: Run Behavior\ReadHtmlCacheBehavior [ RunTime:0.000038s ]
INFO: [ app_begin ] --END-- [ RunTime:0.000078s ]
INFO: [ view_parse ] --START--
INFO: [ template_filter ] --START--
INFO: Run Behavior\ContentReplaceBehavior [ RunTime:0.000027s ]
INFO: [ template_filter ] --END-- [ RunTime:0.000056s ]
INFO: Run Behavior\ParseTemplateBehavior [ RunTime:0.001272s ]
INFO: [ view_parse ] --END-- [ RunTime:0.001301s ]
INFO: [ view_filter ] --START--
INFO: Run Behavior\WriteHtmlCacheBehavior [ RunTime:0.000030s ]
INFO: [ view_filter ] --END-- [ RunTime:0.000047s ]
INFO: [ app_end ] --START--
INFO: Run Behavior\ShowPageTraceBehavior [ RunTime:0.000022s ]
INFO: [ app_end ] --END-- [ RunTime:0.000058s ]

[ 2017-09-25T13:45:24+08:00 ] 101.226.33.217 /zhcp/index.php/BackgroundAdmin/Login/index.html
INFO: [ app_init ] --START--
INFO: Run Behavior\BuildLiteBehavior [ RunTime:0.000010s ]
INFO: [ app_init ] --END-- [ RunTime:0.000061s ]
INFO: [ app_begin ] --START--
INFO: Run Behavior\ReadHtmlCacheBehavior [ RunTime:0.000025s ]
INFO: [ app_begin ] --END-- [ RunTime:0.000050s ]
INFO: [ view_parse ] --START--
INFO: [ template_filter ] --START--
INFO: Run Behavior\ContentReplaceBehavior [ RunTime:0.000028s ]
INFO: [ template_filter ] --END-- [ RunTime:0.000058s ]
INFO: Run Behavior\ParseTemplateBehavior [ RunTime:0.001296s ]
INFO: [ view_parse ] --END-- [ RunTime:0.001325s ]
INFO: [ view_filter ] --START--
INFO: Run Behavior\WriteHtmlCacheBehavior [ RunTime:0.000026s ]
INFO: [ view_filter ] --END-- [ RunTime:0.000042s ]
INFO: [ app_end ] --START--
INFO: Run Behavior\ShowPageTraceBehavior [ RunTime:0.000019s ]
INFO: [ app_end ] --END-- [ RunTime:0.000037s ]

[ 2017-09-25T13:45:30+08:00 ] 183.6.109.101 /zhcp/index.php/BackgroundAdmin/Login/index.html
INFO: [ app_init ] --START--
INFO: Run Behavior\BuildLiteBehavior [ RunTime:0.000016s ]
INFO: [ app_init ] --END-- [ RunTime:0.000073s ]
INFO: [ app_begin ] --START--
INFO: Run Behavior\ReadHtmlCacheBehavior [ RunTime:0.000039s ]
INFO: [ app_begin ] --END-- [ RunTime:0.000068s ]
SQL: SHOW COLUMNS FROM `classgroup` [ RunTime:0.0004s ]
SQL: SELECT * FROM `classgroup` WHERE `classgroup_account` = '16jsj4' AND `classgroup_password` = '16jsj4' LIMIT 1   [ RunTime:0.0002s ]
INFO: [ app_end ] --START--
INFO: Run Behavior\ShowPageTraceBehavior [ RunTime:0.000034s ]
INFO: [ app_end ] --END-- [ RunTime:0.000055s ]

[ 2017-09-25T13:45:30+08:00 ] 183.6.109.101 /zhcp/index.php/BackgroundAdmin/Index/index
INFO: [ app_init ] --START--
INFO: Run Behavior\BuildLiteBehavior [ RunTime:0.000014s ]
INFO: [ app_init ] --END-- [ RunTime:0.000089s ]
INFO: [ app_begin ] --START--
INFO: Run Behavior\ReadHtmlCacheBehavior [ RunTime:0.000024s ]
INFO: [ app_begin ] --END-- [ RunTime:0.000047s ]
SQL: SHOW COLUMNS FROM `pclass` [ RunTime:0.0004s ]
SQL: SELECT `pclass_name` FROM `pclass` WHERE `pclass_id` = 49 LIMIT 1   [ RunTime:0.0001s ]
INFO: [ view_parse ] --START--
INFO: [ template_filter ] --START--
INFO: Run Behavior\ContentReplaceBehavior [ RunTime:0.000044s ]
INFO: [ template_filter ] --END-- [ RunTime:0.000086s ]
INFO: Run Behavior\ParseTemplateBehavior [ RunTime:0.002262s ]
INFO: [ view_parse ] --END-- [ RunTime:0.002302s ]
INFO: [ view_filter ] --START--
INFO: Run Behavior\WriteHtmlCacheBehavior [ RunTime:0.000043s ]
INFO: [ view_filter ] --END-- [ RunTime:0.000069s ]
INFO: [ app_end ] --START--
INFO: Run Behavior\ShowPageTraceBehavior [ RunTime:0.000066s ]
INFO: [ app_end ] --END-- [ RunTime:0.000116s ]

[ 2017-09-25T13:45:30+08:00 ] 183.6.109.101 /zhcp/index.php/BackgroundAdmin/Index/copy.html
INFO: [ app_init ] --START--
INFO: Run Behavior\BuildLiteBehavior [ RunTime:0.000009s ]
INFO: [ app_init ] --END-- [ RunTime:0.000058s ]
INFO: [ app_begin ] --START--
INFO: Run Behavior\ReadHtmlCacheBehavior [ RunTime:0.000024s ]
INFO: [ app_begin ] --END-- [ RunTime:0.000046s ]
INFO: [ view_parse ] --START--
INFO: [ template_filter ] --START--
INFO: Run Behavior\ContentReplaceBehavior [ RunTime:0.000034s ]
INFO: [ template_filter ] --END-- [ RunTime:0.000075s ]
INFO: Run Behavior\ParseTemplateBehavior [ RunTime:0.001160s ]
INFO: [ view_parse ] --END-- [ RunTime:0.001190s ]
INFO: [ view_filter ] --START--
INFO: Run Behavior\WriteHtmlCacheBehavior [ RunTime:0.000026s ]
INFO: [ view_filter ] --END-- [ RunTime:0.000042s ]
INFO: [ app_end ] --START--
INFO: Run Behavior\ShowPageTraceBehavior [ RunTime:0.000020s ]
INFO: [ app_end ] --END-- [ RunTime:0.000036s ]

[ 2017-09-25T13:45:35+08:00 ] 183.6.109.101 /zhcp/index.php/BackgroundAdmin/Index/queryclass.html
INFO: [ app_init ] --START--
INFO: Run Behavior\BuildLiteBehavior [ RunTime:0.000010s ]
INFO: [ app_init ] --END-- [ RunTime:0.000105s ]
INFO: [ app_begin ] --START--
INFO: Run Behavior\ReadHtmlCacheBehavior [ RunTime:0.000029s ]
INFO: [ app_begin ] --END-- [ RunTime:0.000054s ]
SQL: SHOW COLUMNS FROM `pclass` [ RunTime:0.0004s ]
SQL: SELECT `pclass_name` FROM `pclass` WHERE `pclass_id` = 49 LIMIT 1   [ RunTime:0.0001s ]
SQL: SELECT * FROM `pclass` WHERE `pclass_id` = 49 LIMIT 1   [ RunTime:0.0000s ]
SQL: SHOW COLUMNS FROM `grade` [ RunTime:0.0003s ]
SQL: SELECT `grade_name` FROM `grade` WHERE `grade_id` = 7 LIMIT 1   [ RunTime:0.0000s ]
SQL: SHOW COLUMNS FROM `user` [ RunTime:0.0003s ]
SQL: SELECT * FROM `user` WHERE `pclass_id` = 49 AND `grade_id` = 7  [ RunTime:0.0004s ]
SQL: SHOW COLUMNS FROM `schoolyear` [ RunTime:0.0003s ]
SQL: SELECT * FROM `schoolyear` WHERE `schoolyear_nowyear` = 1 LIMIT 1   [ RunTime:0.0000s ]
SQL: SHOW COLUMNS FROM `basetwograde` [ RunTime:0.0003s ]
SQL: SELECT * FROM `basetwograde` WHERE `schoolyear_id` = 6 AND `user_id` = 912 LIMIT 1   [ RunTime:0.0002s ]
SQL: SELECT * FROM `basetwograde` WHERE `schoolyear_id` = 6 AND `user_id` = 913 LIMIT 1   [ RunTime:0.0002s ]
SQL: SELECT * FROM `basetwograde` WHERE `schoolyear_id` = 6 AND `user_id` = 914 LIMIT 1   [ RunTime:0.0001s ]
SQL: SELECT * FROM `basetwograde` WHERE `schoolyear_id` = 6 AND `user_id` = 915 LIMIT 1   [ RunTime:0.0002s ]
SQL: SELECT * FROM `basetwograde` WHERE `schoolyear_id` = 6 AND `user_id` = 916 LIMIT 1   [ RunTime:0.0001s ]
SQL: SELECT * FROM `basetwograde` WHERE `schoolyear_id` = 6 AND `user_id` = 917 LIMIT 1   [ RunTime:0.0018s ]
SQL: SELECT * FROM `basetwograde` WHERE `schoolyear_id` = 6 AND `user_id` = 918 LIMIT 1   [ RunTime:0.0002s ]
SQL: SELECT * FROM `basetwograde` WHERE `schoolyear_id` = 6 AND `user_id` = 919 LIMIT 1   [ RunTime:0.0002s ]
SQL: SELECT * FROM `basetwograde` WHERE `schoolyear_id` = 6 AND `user_id` = 920 LIMIT 1   [ RunTime:0.0002s ]
SQL: SELECT * FROM `basetwograde` WHERE `schoolyear_id` = 6 AND `user_id` = 921 LIMIT 1   [ RunTime:0.0002s ]
SQL: SELECT * FROM `basetwograde` WHERE `schoolyear_id` = 6 AND `user_id` = 922 LIMIT 1   [ RunTime:0.0002s ]
SQL: SELECT * FROM `basetwograde` WHERE `schoolyear_id` = 6 AND `user_id` = 923 LIMIT 1   [ RunTime:0.0001s ]
SQL: SELECT * FROM `basetwograde` WHERE `schoolyear_id` = 6 AND `user_id` = 924 LIMIT 1   [ RunTime:0.0002s ]
SQL: SELECT * FROM `basetwograde` WHERE `schoolyear_id` = 6 AND `user_id` = 925 LIMIT 1   [ RunTime:0.0002s ]
SQL: SELECT * FROM `basetwograde` WHERE `schoolyear_id` = 6 AND `user_id` = 926 LIMIT 1   [ RunTime:0.0001s ]
SQL: SELECT * FROM `basetwograde` WHERE `schoolyear_id` = 6 AND `user_id` = 927 LIMIT 1   [ RunTime:0.0001s ]
SQL: SELECT * FROM `basetwograde` WHERE `schoolyear_id` = 6 AND `user_id` = 928 LIMIT 1   [ RunTime:0.0002s ]
SQL: SELECT * FROM `basetwograde` WHERE `schoolyear_id` = 6 AND `user_id` = 929 LIMIT 1   [ RunTime:0.0001s ]
SQL: SELECT * FROM `basetwograde` WHERE `schoolyear_id` = 6 AND `user_id` = 930 LIMIT 1   [ RunTime:0.0001s ]
SQL: SELECT * FROM `basetwograde` WHERE `schoolyear_id` = 6 AND `user_id` = 931 LIMIT 1   [ RunTime:0.0041s ]
SQL: SELECT * FROM `basetwograde` WHERE `schoolyear_id` = 6 AND `user_id` = 932 LIMIT 1   [ RunTime:0.0002s ]
SQL: SELECT * FROM `basetwograde` WHERE `schoolyear_id` = 6 AND `user_id` = 933 LIMIT 1   [ RunTime:0.0001s ]
SQL: SELECT * FROM `basetwograde` WHERE `schoolyear_id` = 6 AND `user_id` = 934 LIMIT 1   [ RunTime:0.0001s ]
SQL: SELECT * FROM `basetwograde` WHERE `schoolyear_id` = 6 AND `user_id` = 935 LIMIT 1   [ RunTime:0.0001s ]
SQL: SELECT * FROM `basetwograde` WHERE `schoolyear_id` = 6 AND `user_id` = 936 LIMIT 1   [ RunTime:0.0002s ]
SQL: SELECT * FROM `basetwograde` WHERE `schoolyear_id` = 6 AND `user_id` = 937 LIMIT 1   [ RunTime:0.0002s ]
SQL: SELECT * FROM `basetwograde` WHERE `schoolyear_id` = 6 AND `user_id` = 938 LIMIT 1   [ RunTime:0.0001s ]
SQL: SELECT * FROM `basetwograde` WHERE `schoolyear_id` = 6 AND `user_id` = 939 LIMIT 1   [ RunTime:0.0001s ]
SQL: SELECT * FROM `basetwograde` WHERE `schoolyear_id` = 6 AND `user_id` = 940 LIMIT 1   [ RunTime:0.0001s ]
SQL: SELECT * FROM `basetwograde` WHERE `schoolyear_id` = 6 AND `user_id` = 941 LIMIT 1   [ RunTime:0.0008s ]
SQL: SELECT * FROM `basetwograde` WHERE `schoolyear_id` = 6 AND `user_id` = 942 LIMIT 1   [ RunTime:0.0002s ]
SQL: SELECT * FROM `basetwograde` WHERE `schoolyear_id` = 6 AND `user_id` = 943 LIMIT 1   [ RunTime:0.0008s ]
SQL: SELECT * FROM `basetwograde` WHERE `schoolyear_id` = 6 AND `user_id` = 944 LIMIT 1   [ RunTime:0.0002s ]
SQL: SELECT * FROM `basetwograde` WHERE `schoolyear_id` = 6 AND `user_id` = 945 LIMIT 1   [ RunTime:0.0001s ]
SQL: SELECT * FROM `basetwograde` WHERE `schoolyear_id` = 6 AND `user_id` = 946 LIMIT 1   [ RunTime:0.0001s ]
SQL: SELECT * FROM `basetwograde` WHERE `schoolyear_id` = 6 AND `user_id` = 947 LIMIT 1   [ RunTime:0.0002s ]
SQL: SELECT * FROM `basetwograde` WHERE `schoolyear_id` = 6 AND `user_id` = 948 LIMIT 1   [ RunTime:0.0001s ]
SQL: SELECT * FROM `basetwograde` WHERE `schoolyear_id` = 6 AND `user_id` = 949 LIMIT 1   [ RunTime:0.0001s ]
SQL: SELECT * FROM `basetwograde` WHERE `schoolyear_id` = 6 AND `user_id` = 950 LIMIT 1   [ RunTime:0.0001s ]
SQL: SELECT * FROM `basetwograde` WHERE `schoolyear_id` = 6 AND `user_id` = 951 LIMIT 1   [ RunTime:0.0001s ]
SQL: SELECT * FROM `basetwograde` WHERE `schoolyear_id` = 6 AND `user_id` = 952 LIMIT 1   [ RunTime:0.0001s ]
SQL: SELECT * FROM `basetwograde` WHERE `schoolyear_id` = 6 AND `user_id` = 953 LIMIT 1   [ RunTime:0.0001s ]
SQL: SELECT * FROM `basetwograde` WHERE `schoolyear_id` = 6 AND `user_id` = 954 LIMIT 1   [ RunTime:0.0001s ]
SQL: SELECT * FROM `basetwograde` WHERE `schoolyear_id` = 6 AND `user_id` = 955 LIMIT 1   [ RunTime:0.0001s ]
INFO: [ view_parse ] --START--
INFO: [ template_filter ] --START--
INFO: Run Behavior\ContentReplaceBehavior [ RunTime:0.000033s ]
INFO: [ template_filter ] --END-- [ RunTime:0.000064s ]
INFO: Run Behavior\ParseTemplateBehavior [ RunTime:0.003017s ]
INFO: [ view_parse ] --END-- [ RunTime:0.003051s ]
INFO: [ view_filter ] --START--
INFO: Run Behavior\WriteHtmlCacheBehavior [ RunTime:0.000035s ]
INFO: [ view_filter ] --END-- [ RunTime:0.000054s ]
INFO: [ app_end ] --START--
INFO: Run Behavior\ShowPageTraceBehavior [ RunTime:0.000031s ]
INFO: [ app_end ] --END-- [ RunTime:0.000052s ]

[ 2017-09-25T13:45:40+08:00 ] 101.226.33.227 /zhcp/index.php/BackgroundAdmin/Index/index
INFO: [ app_init ] --START--
INFO: Run Behavior\BuildLiteBehavior [ RunTime:0.000009s ]
INFO: [ app_init ] --END-- [ RunTime:0.000063s ]
INFO: [ app_begin ] --START--
INFO: Run Behavior\ReadHtmlCacheBehavior [ RunTime:0.000037s ]
INFO: [ app_begin ] --END-- [ RunTime:0.000064s ]

[ 2017-09-25T13:45:40+08:00 ] 101.226.33.227 /zhcp/index.php/BackgroundAdmin/Login/index.html
INFO: [ app_init ] --START--
INFO: Run Behavior\BuildLiteBehavior [ RunTime:0.000010s ]
INFO: [ app_init ] --END-- [ RunTime:0.000059s ]
INFO: [ app_begin ] --START--
INFO: Run Behavior\ReadHtmlCacheBehavior [ RunTime:0.000025s ]
INFO: [ app_begin ] --END-- [ RunTime:0.000048s ]
INFO: [ view_parse ] --START--
INFO: [ template_filter ] --START--
INFO: Run Behavior\ContentReplaceBehavior [ RunTime:0.000028s ]
INFO: [ template_filter ] --END-- [ RunTime:0.000062s ]
INFO: Run Behavior\ParseTemplateBehavior [ RunTime:0.001437s ]
INFO: [ view_parse ] --END-- [ RunTime:0.001467s ]
INFO: [ view_filter ] --START--
INFO: Run Behavior\WriteHtmlCacheBehavior [ RunTime:0.000032s ]
INFO: [ view_filter ] --END-- [ RunTime:0.000049s ]
INFO: [ app_end ] --START--
INFO: Run Behavior\ShowPageTraceBehavior [ RunTime:0.000023s ]
INFO: [ app_end ] --END-- [ RunTime:0.000050s ]

[ 2017-09-25T13:45:44+08:00 ] 183.6.109.101 /zhcp/index.php/BackgroundAdmin/Index/audit/user_id/942.html
INFO: [ app_init ] --START--
INFO: Run Behavior\BuildLiteBehavior [ RunTime:0.000010s ]
INFO: [ app_init ] --END-- [ RunTime:0.000064s ]
INFO: [ app_begin ] --START--
INFO: Run Behavior\ReadHtmlCacheBehavior [ RunTime:0.000035s ]
INFO: [ app_begin ] --END-- [ RunTime:0.000071s ]
SQL: SHOW COLUMNS FROM `schoolyear` [ RunTime:0.0005s ]
SQL: SELECT * FROM `schoolyear` WHERE `schoolyear_nowyear` = 1 LIMIT 1   [ RunTime:0.0001s ]
SQL: SHOW COLUMNS FROM `basetwograde` [ RunTime:0.0004s ]
SQL: SELECT * FROM `basetwograde` WHERE `user_id` = 942 AND `schoolyear_id` = 6  [ RunTime:0.0002s ]
SQL: SHOW COLUMNS FROM `deveonelevelgrade` [ RunTime:0.0003s ]
SQL: SELECT * FROM `deveonelevelgrade` WHERE `user_id` = 942 AND `schoolyear_id` = 6  [ RunTime:0.0002s ]
SQL: SELECT * FROM `basetwograde` WHERE `user_id` = 942 AND `schoolyear_id` = 6  [ RunTime:0.0000s ]
SQL: SELECT * FROM `deveonelevelgrade` WHERE `user_id` = 942 AND `schoolyear_id` = 6  [ RunTime:0.0000s ]
SQL: SHOW COLUMNS FROM `basetwolevelindex` [ RunTime:0.0003s ]
SQL: SELECT COUNT(*) AS tp_count FROM `basetwolevelindex` LIMIT 1   [ RunTime:0.0001s ]
SQL: SHOW COLUMNS FROM `deveonelevelindex` [ RunTime:0.0003s ]
SQL: SELECT COUNT(*) AS tp_count FROM `deveonelevelindex` LIMIT 1   [ RunTime:0.0001s ]
SQL: SELECT * FROM `deveonelevelindex`  [ RunTime:0.0000s ]
SQL: SHOW COLUMNS FROM `user` [ RunTime:0.0003s ]
SQL: SELECT `pclass_id` FROM `user` WHERE `user_id` = 942 LIMIT 1   [ RunTime:0.0001s ]
NOTIC: [8] Undefined variable: base /var/www/html/zhcp/Application/BackgroundAdmin/Controller/IndexController.class.php 第 122 行.
INFO: [ view_parse ] --START--
INFO: [ template_filter ] --START--
INFO: Run Behavior\ContentReplaceBehavior [ RunTime:0.000064s ]
INFO: [ template_filter ] --END-- [ RunTime:0.000105s ]
INFO: Run Behavior\ParseTemplateBehavior [ RunTime:0.006686s ]
INFO: [ view_parse ] --END-- [ RunTime:0.006721s ]
INFO: [ view_filter ] --START--
INFO: Run Behavior\WriteHtmlCacheBehavior [ RunTime:0.000039s ]
INFO: [ view_filter ] --END-- [ RunTime:0.000057s ]
INFO: [ app_end ] --START--
INFO: Run Behavior\ShowPageTraceBehavior [ RunTime:0.000031s ]
INFO: [ app_end ] --END-- [ RunTime:0.000057s ]

[ 2017-09-25T13:45:54+08:00 ] 101.226.33.218 /zhcp/index.php/BackgroundAdmin/Index/audit/user_id/942.html
INFO: [ app_init ] --START--
INFO: Run Behavior\BuildLiteBehavior [ RunTime:0.000009s ]
INFO: [ app_init ] --END-- [ RunTime:0.000097s ]
INFO: [ app_begin ] --START--
INFO: Run Behavior\ReadHtmlCacheBehavior [ RunTime:0.000030s ]
INFO: [ app_begin ] --END-- [ RunTime:0.000056s ]

[ 2017-09-25T13:45:54+08:00 ] 101.226.33.218 /zhcp/index.php/BackgroundAdmin/Login/index.html
INFO: [ app_init ] --START--
INFO: Run Behavior\BuildLiteBehavior [ RunTime:0.000009s ]
INFO: [ app_init ] --END-- [ RunTime:0.000058s ]
INFO: [ app_begin ] --START--
INFO: Run Behavior\ReadHtmlCacheBehavior [ RunTime:0.000023s ]
INFO: [ app_begin ] --END-- [ RunTime:0.000047s ]
INFO: [ view_parse ] --START--
INFO: [ template_filter ] --START--
INFO: Run Behavior\ContentReplaceBehavior [ RunTime:0.000026s ]
INFO: [ template_filter ] --END-- [ RunTime:0.000053s ]
INFO: Run Behavior\ParseTemplateBehavior [ RunTime:0.001180s ]
INFO: [ view_parse ] --END-- [ RunTime:0.001206s ]
INFO: [ view_filter ] --START--
INFO: Run Behavior\WriteHtmlCacheBehavior [ RunTime:0.000029s ]
INFO: [ view_filter ] --END-- [ RunTime:0.000045s ]
INFO: [ app_end ] --START--
INFO: Run Behavior\ShowPageTraceBehavior [ RunTime:0.000022s ]
INFO: [ app_end ] --END-- [ RunTime:0.000038s ]

[ 2017-09-25T13:49:10+08:00 ] 183.6.109.101 /zhcp/index.php/BackgroundAdmin/Index/queryclass/pclass_id/49.html
INFO: [ app_init ] --START--
INFO: Run Behavior\BuildLiteBehavior [ RunTime:0.000010s ]
INFO: [ app_init ] --END-- [ RunTime:0.000067s ]
INFO: [ app_begin ] --START--
INFO: Run Behavior\ReadHtmlCacheBehavior [ RunTime:0.000031s ]
INFO: [ app_begin ] --END-- [ RunTime:0.000064s ]
SQL: SHOW COLUMNS FROM `pclass` [ RunTime:0.0004s ]
SQL: SELECT `pclass_name` FROM `pclass` WHERE `pclass_id` = 49 LIMIT 1   [ RunTime:0.0001s ]
SQL: SELECT * FROM `pclass` WHERE `pclass_id` = 49 LIMIT 1   [ RunTime:0.0000s ]
SQL: SHOW COLUMNS FROM `grade` [ RunTime:0.0003s ]
SQL: SELECT `grade_name` FROM `grade` WHERE `grade_id` = 7 LIMIT 1   [ RunTime:0.0000s ]
SQL: SHOW COLUMNS FROM `user` [ RunTime:0.0003s ]
SQL: SELECT * FROM `user` WHERE `pclass_id` = 49 AND `grade_id` = 7  [ RunTime:0.0001s ]
SQL: SHOW COLUMNS FROM `schoolyear` [ RunTime:0.0003s ]
SQL: SELECT * FROM `schoolyear` WHERE `schoolyear_nowyear` = 1 LIMIT 1   [ RunTime:0.0000s ]
SQL: SHOW COLUMNS FROM `basetwograde` [ RunTime:0.0004s ]
SQL: SELECT * FROM `basetwograde` WHERE `schoolyear_id` = 6 AND `user_id` = 912 LIMIT 1   [ RunTime:0.0000s ]
SQL: SELECT * FROM `basetwograde` WHERE `schoolyear_id` = 6 AND `user_id` = 913 LIMIT 1   [ RunTime:0.0000s ]
SQL: SELECT * FROM `basetwograde` WHERE `schoolyear_id` = 6 AND `user_id` = 914 LIMIT 1   [ RunTime:0.0000s ]
SQL: SELECT * FROM `basetwograde` WHERE `schoolyear_id` = 6 AND `user_id` = 915 LIMIT 1   [ RunTime:0.0000s ]
SQL: SELECT * FROM `basetwograde` WHERE `schoolyear_id` = 6 AND `user_id` = 916 LIMIT 1   [ RunTime:0.0000s ]
SQL: SELECT * FROM `basetwograde` WHERE `schoolyear_id` = 6 AND `user_id` = 917 LIMIT 1   [ RunTime:0.0000s ]
SQL: SELECT * FROM `basetwograde` WHERE `schoolyear_id` = 6 AND `user_id` = 918 LIMIT 1   [ RunTime:0.0000s ]
SQL: SELECT * FROM `basetwograde` WHERE `schoolyear_id` = 6 AND `user_id` = 919 LIMIT 1   [ RunTime:0.0000s ]
SQL: SELECT * FROM `basetwograde` WHERE `schoolyear_id` = 6 AND `user_id` = 920 LIMIT 1   [ RunTime:0.0000s ]
SQL: SELECT * FROM `basetwograde` WHERE `schoolyear_id` = 6 AND `user_id` = 921 LIMIT 1   [ RunTime:0.0000s ]
SQL: SELECT * FROM `basetwograde` WHERE `schoolyear_id` = 6 AND `user_id` = 922 LIMIT 1   [ RunTime:0.0000s ]
SQL: SELECT * FROM `basetwograde` WHERE `schoolyear_id` = 6 AND `user_id` = 923 LIMIT 1   [ RunTime:0.0000s ]
SQL: SELECT * FROM `basetwograde` WHERE `schoolyear_id` = 6 AND `user_id` = 924 LIMIT 1   [ RunTime:0.0000s ]
SQL: SELECT * FROM `basetwograde` WHERE `schoolyear_id` = 6 AND `user_id` = 925 LIMIT 1   [ RunTime:0.0000s ]
SQL: SELECT * FROM `basetwograde` WHERE `schoolyear_id` = 6 AND `user_id` = 926 LIMIT 1   [ RunTime:0.0000s ]
SQL: SELECT * FROM `basetwograde` WHERE `schoolyear_id` = 6 AND `user_id` = 927 LIMIT 1   [ RunTime:0.0000s ]
SQL: SELECT * FROM `basetwograde` WHERE `schoolyear_id` = 6 AND `user_id` = 928 LIMIT 1   [ RunTime:0.0000s ]
SQL: SELECT * FROM `basetwograde` WHERE `schoolyear_id` = 6 AND `user_id` = 929 LIMIT 1   [ RunTime:0.0001s ]
SQL: SELECT * FROM `basetwograde` WHERE `schoolyear_id` = 6 AND `user_id` = 930 LIMIT 1   [ RunTime:0.0000s ]
SQL: SELECT * FROM `basetwograde` WHERE `schoolyear_id` = 6 AND `user_id` = 931 LIMIT 1   [ RunTime:0.0000s ]
SQL: SELECT * FROM `basetwograde` WHERE `schoolyear_id` = 6 AND `user_id` = 932 LIMIT 1   [ RunTime:0.0000s ]
SQL: SELECT * FROM `basetwograde` WHERE `schoolyear_id` = 6 AND `user_id` = 933 LIMIT 1   [ RunTime:0.0000s ]
SQL: SELECT * FROM `basetwograde` WHERE `schoolyear_id` = 6 AND `user_id` = 934 LIMIT 1   [ RunTime:0.0000s ]
SQL: SELECT * FROM `basetwograde` WHERE `schoolyear_id` = 6 AND `user_id` = 935 LIMIT 1   [ RunTime:0.0000s ]
SQL: SELECT * FROM `basetwograde` WHERE `schoolyear_id` = 6 AND `user_id` = 936 LIMIT 1   [ RunTime:0.0000s ]
SQL: SELECT * FROM `basetwograde` WHERE `schoolyear_id` = 6 AND `user_id` = 937 LIMIT 1   [ RunTime:0.0000s ]
SQL: SELECT * FROM `basetwograde` WHERE `schoolyear_id` = 6 AND `user_id` = 938 LIMIT 1   [ RunTime:0.0000s ]
SQL: SELECT * FROM `basetwograde` WHERE `schoolyear_id` = 6 AND `user_id` = 939 LIMIT 1   [ RunTime:0.0000s ]
SQL: SELECT * FROM `basetwograde` WHERE `schoolyear_id` = 6 AND `user_id` = 940 LIMIT 1   [ RunTime:0.0000s ]
SQL: SELECT * FROM `basetwograde` WHERE `schoolyear_id` = 6 AND `user_id` = 941 LIMIT 1   [ RunTime:0.0000s ]
SQL: SELECT * FROM `basetwograde` WHERE `schoolyear_id` = 6 AND `user_id` = 942 LIMIT 1   [ RunTime:0.0000s ]
SQL: SELECT * FROM `basetwograde` WHERE `schoolyear_id` = 6 AND `user_id` = 943 LIMIT 1   [ RunTime:0.0000s ]
SQL: SELECT * FROM `basetwograde` WHERE `schoolyear_id` = 6 AND `user_id` = 944 LIMIT 1   [ RunTime:0.0000s ]
SQL: SELECT * FROM `basetwograde` WHERE `schoolyear_id` = 6 AND `user_id` = 945 LIMIT 1   [ RunTime:0.0000s ]
SQL: SELECT * FROM `basetwograde` WHERE `schoolyear_id` = 6 AND `user_id` = 946 LIMIT 1   [ RunTime:0.0000s ]
SQL: SELECT * FROM `basetwograde` WHERE `schoolyear_id` = 6 AND `user_id` = 947 LIMIT 1   [ RunTime:0.0000s ]
SQL: SELECT * FROM `basetwograde` WHERE `schoolyear_id` = 6 AND `user_id` = 948 LIMIT 1   [ RunTime:0.0000s ]
SQL: SELECT * FROM `basetwograde` WHERE `schoolyear_id` = 6 AND `user_id` = 949 LIMIT 1   [ RunTime:0.0000s ]
SQL: SELECT * FROM `basetwograde` WHERE `schoolyear_id` = 6 AND `user_id` = 950 LIMIT 1   [ RunTime:0.0000s ]
SQL: SELECT * FROM `basetwograde` WHERE `schoolyear_id` = 6 AND `user_id` = 951 LIMIT 1   [ RunTime:0.0000s ]
SQL: SELECT * FROM `basetwograde` WHERE `schoolyear_id` = 6 AND `user_id` = 952 LIMIT 1   [ RunTime:0.0000s ]
SQL: SELECT * FROM `basetwograde` WHERE `schoolyear_id` = 6 AND `user_id` = 953 LIMIT 1   [ RunTime:0.0000s ]
SQL: SELECT * FROM `basetwograde` WHERE `schoolyear_id` = 6 AND `user_id` = 954 LIMIT 1   [ RunTime:0.0000s ]
SQL: SELECT * FROM `basetwograde` WHERE `schoolyear_id` = 6 AND `user_id` = 955 LIMIT 1   [ RunTime:0.0000s ]
INFO: [ view_parse ] --START--
INFO: [ template_filter ] --START--
INFO: Run Behavior\ContentReplaceBehavior [ RunTime:0.000029s ]
INFO: [ template_filter ] --END-- [ RunTime:0.000060s ]
INFO: Run Behavior\ParseTemplateBehavior [ RunTime:0.002582s ]
INFO: [ view_parse ] --END-- [ RunTime:0.002613s ]
INFO: [ view_filter ] --START--
INFO: Run Behavior\WriteHtmlCacheBehavior [ RunTime:0.000033s ]
INFO: [ view_filter ] --END-- [ RunTime:0.000050s ]
INFO: [ app_end ] --START--
INFO: Run Behavior\ShowPageTraceBehavior [ RunTime:0.000028s ]
INFO: [ app_end ] --END-- [ RunTime:0.000049s ]

[ 2017-09-25T13:49:18+08:00 ] 183.6.109.101 /zhcp/index.php/BackgroundAdmin/Index/audit/user_id/912.html
INFO: [ app_init ] --START--
INFO: Run Behavior\BuildLiteBehavior [ RunTime:0.000016s ]
INFO: [ app_init ] --END-- [ RunTime:0.000144s ]
INFO: [ app_begin ] --START--
INFO: Run Behavior\ReadHtmlCacheBehavior [ RunTime:0.000048s ]
INFO: [ app_begin ] --END-- [ RunTime:0.000076s ]
SQL: SHOW COLUMNS FROM `schoolyear` [ RunTime:0.0005s ]
SQL: SELECT * FROM `schoolyear` WHERE `schoolyear_nowyear` = 1 LIMIT 1   [ RunTime:0.0001s ]
SQL: SHOW COLUMNS FROM `basetwograde` [ RunTime:0.0003s ]
SQL: SELECT * FROM `basetwograde` WHERE `user_id` = 912 AND `schoolyear_id` = 6  [ RunTime:0.0002s ]
SQL: SHOW COLUMNS FROM `deveonelevelgrade` [ RunTime:0.0003s ]
SQL: SELECT * FROM `deveonelevelgrade` WHERE `user_id` = 912 AND `schoolyear_id` = 6  [ RunTime:0.0001s ]
SQL: SELECT * FROM `basetwograde` WHERE `user_id` = 912 AND `schoolyear_id` = 6  [ RunTime:0.0001s ]
SQL: SELECT * FROM `deveonelevelgrade` WHERE `user_id` = 912 AND `schoolyear_id` = 6  [ RunTime:0.0000s ]
SQL: SHOW COLUMNS FROM `basetwolevelindex` [ RunTime:0.0003s ]
SQL: SELECT COUNT(*) AS tp_count FROM `basetwolevelindex` LIMIT 1   [ RunTime:0.0000s ]
SQL: SHOW COLUMNS FROM `deveonelevelindex` [ RunTime:0.0003s ]
SQL: SELECT COUNT(*) AS tp_count FROM `deveonelevelindex` LIMIT 1   [ RunTime:0.0001s ]
SQL: SELECT * FROM `deveonelevelindex`  [ RunTime:0.0000s ]
SQL: SHOW COLUMNS FROM `user` [ RunTime:0.0003s ]
SQL: SELECT `pclass_id` FROM `user` WHERE `user_id` = 912 LIMIT 1   [ RunTime:0.0001s ]
NOTIC: [8] Undefined variable: base /var/www/html/zhcp/Application/BackgroundAdmin/Controller/IndexController.class.php 第 122 行.
INFO: [ view_parse ] --START--
INFO: [ template_filter ] --START--
INFO: Run Behavior\ContentReplaceBehavior [ RunTime:0.000067s ]
INFO: [ template_filter ] --END-- [ RunTime:0.000114s ]
INFO: Run Behavior\ParseTemplateBehavior [ RunTime:0.007198s ]
INFO: [ view_parse ] --END-- [ RunTime:0.007230s ]
INFO: [ view_filter ] --START--
INFO: Run Behavior\WriteHtmlCacheBehavior [ RunTime:0.000037s ]
INFO: [ view_filter ] --END-- [ RunTime:0.000055s ]
INFO: [ app_end ] --START--
INFO: Run Behavior\ShowPageTraceBehavior [ RunTime:0.000034s ]
INFO: [ app_end ] --END-- [ RunTime:0.000059s ]

[ 2017-09-25T13:49:20+08:00 ] 101.226.66.193 /zhcp/index.php/BackgroundAdmin/Index/queryclass/pclass_id/49.html
INFO: [ app_init ] --START--
INFO: Run Behavior\BuildLiteBehavior [ RunTime:0.000011s ]
INFO: [ app_init ] --END-- [ RunTime:0.000060s ]
INFO: [ app_begin ] --START--
INFO: Run Behavior\ReadHtmlCacheBehavior [ RunTime:0.000024s ]
INFO: [ app_begin ] --END-- [ RunTime:0.000050s ]

[ 2017-09-25T13:49:20+08:00 ] 101.226.66.193 /zhcp/index.php/BackgroundAdmin/Login/index.html
INFO: [ app_init ] --START--
INFO: Run Behavior\BuildLiteBehavior [ RunTime:0.000013s ]
INFO: [ app_init ] --END-- [ RunTime:0.000078s ]
INFO: [ app_begin ] --START--
INFO: Run Behavior\ReadHtmlCacheBehavior [ RunTime:0.000031s ]
INFO: [ app_begin ] --END-- [ RunTime:0.000062s ]
INFO: [ view_parse ] --START--
INFO: [ template_filter ] --START--
INFO: Run Behavior\ContentReplaceBehavior [ RunTime:0.000037s ]
INFO: [ template_filter ] --END-- [ RunTime:0.000073s ]
INFO: Run Behavior\ParseTemplateBehavior [ RunTime:0.001433s ]
INFO: [ view_parse ] --END-- [ RunTime:0.001460s ]
INFO: [ view_filter ] --START--
INFO: Run Behavior\WriteHtmlCacheBehavior [ RunTime:0.000025s ]
INFO: [ view_filter ] --END-- [ RunTime:0.000041s ]
INFO: [ app_end ] --START--
INFO: Run Behavior\ShowPageTraceBehavior [ RunTime:0.000027s ]
INFO: [ app_end ] --END-- [ RunTime:0.000052s ]

[ 2017-09-25T13:49:31+08:00 ] 183.6.109.101 /zhcp/index.php/BackgroundAdmin/Index/queryclass/pclass_id/49.html
INFO: [ app_init ] --START--
INFO: Run Behavior\BuildLiteBehavior [ RunTime:0.000014s ]
INFO: [ app_init ] --END-- [ RunTime:0.000090s ]
INFO: [ app_begin ] --START--
INFO: Run Behavior\ReadHtmlCacheBehavior [ RunTime:0.000032s ]
INFO: [ app_begin ] --END-- [ RunTime:0.000058s ]
SQL: SHOW COLUMNS FROM `pclass` [ RunTime:0.0005s ]
SQL: SELECT `pclass_name` FROM `pclass` WHERE `pclass_id` = 49 LIMIT 1   [ RunTime:0.0001s ]
SQL: SELECT * FROM `pclass` WHERE `pclass_id` = 49 LIMIT 1   [ RunTime:0.0001s ]
SQL: SHOW COLUMNS FROM `grade` [ RunTime:0.0003s ]
SQL: SELECT `grade_name` FROM `grade` WHERE `grade_id` = 7 LIMIT 1   [ RunTime:0.0001s ]
SQL: SHOW COLUMNS FROM `user` [ RunTime:0.0004s ]
SQL: SELECT * FROM `user` WHERE `pclass_id` = 49 AND `grade_id` = 7  [ RunTime:0.0001s ]
SQL: SHOW COLUMNS FROM `schoolyear` [ RunTime:0.0004s ]
SQL: SELECT * FROM `schoolyear` WHERE `schoolyear_nowyear` = 1 LIMIT 1   [ RunTime:0.0001s ]
SQL: SHOW COLUMNS FROM `basetwograde` [ RunTime:0.0003s ]
SQL: SELECT * FROM `basetwograde` WHERE `schoolyear_id` = 6 AND `user_id` = 912 LIMIT 1   [ RunTime:0.0001s ]
SQL: SELECT * FROM `basetwograde` WHERE `schoolyear_id` = 6 AND `user_id` = 913 LIMIT 1   [ RunTime:0.0001s ]
SQL: SELECT * FROM `basetwograde` WHERE `schoolyear_id` = 6 AND `user_id` = 914 LIMIT 1   [ RunTime:0.0000s ]
SQL: SELECT * FROM `basetwograde` WHERE `schoolyear_id` = 6 AND `user_id` = 915 LIMIT 1   [ RunTime:0.0000s ]
SQL: SELECT * FROM `basetwograde` WHERE `schoolyear_id` = 6 AND `user_id` = 916 LIMIT 1   [ RunTime:0.0000s ]
SQL: SELECT * FROM `basetwograde` WHERE `schoolyear_id` = 6 AND `user_id` = 917 LIMIT 1   [ RunTime:0.0000s ]
SQL: SELECT * FROM `basetwograde` WHERE `schoolyear_id` = 6 AND `user_id` = 918 LIMIT 1   [ RunTime:0.0000s ]
SQL: SELECT * FROM `basetwograde` WHERE `schoolyear_id` = 6 AND `user_id` = 919 LIMIT 1   [ RunTime:0.0000s ]
SQL: SELECT * FROM `basetwograde` WHERE `schoolyear_id` = 6 AND `user_id` = 920 LIMIT 1   [ RunTime:0.0000s ]
SQL: SELECT * FROM `basetwograde` WHERE `schoolyear_id` = 6 AND `user_id` = 921 LIMIT 1   [ RunTime:0.0001s ]
SQL: SELECT * FROM `basetwograde` WHERE `schoolyear_id` = 6 AND `user_id` = 922 LIMIT 1   [ RunTime:0.0000s ]
SQL: SELECT * FROM `basetwograde` WHERE `schoolyear_id` = 6 AND `user_id` = 923 LIMIT 1   [ RunTime:0.0000s ]
SQL: SELECT * FROM `basetwograde` WHERE `schoolyear_id` = 6 AND `user_id` = 924 LIMIT 1   [ RunTime:0.0000s ]
SQL: SELECT * FROM `basetwograde` WHERE `schoolyear_id` = 6 AND `user_id` = 925 LIMIT 1   [ RunTime:0.0000s ]
SQL: SELECT * FROM `basetwograde` WHERE `schoolyear_id` = 6 AND `user_id` = 926 LIMIT 1   [ RunTime:0.0000s ]
SQL: SELECT * FROM `basetwograde` WHERE `schoolyear_id` = 6 AND `user_id` = 927 LIMIT 1   [ RunTime:0.0001s ]
SQL: SELECT * FROM `basetwograde` WHERE `schoolyear_id` = 6 AND `user_id` = 928 LIMIT 1   [ RunTime:0.0001s ]
SQL: SELECT * FROM `basetwograde` WHERE `schoolyear_id` = 6 AND `user_id` = 929 LIMIT 1   [ RunTime:0.0001s ]
SQL: SELECT * FROM `basetwograde` WHERE `schoolyear_id` = 6 AND `user_id` = 930 LIMIT 1   [ RunTime:0.0000s ]
SQL: SELECT * FROM `basetwograde` WHERE `schoolyear_id` = 6 AND `user_id` = 931 LIMIT 1   [ RunTime:0.0000s ]
SQL: SELECT * FROM `basetwograde` WHERE `schoolyear_id` = 6 AND `user_id` = 932 LIMIT 1   [ RunTime:0.0000s ]
SQL: SELECT * FROM `basetwograde` WHERE `schoolyear_id` = 6 AND `user_id` = 933 LIMIT 1   [ RunTime:0.0000s ]
SQL: SELECT * FROM `basetwograde` WHERE `schoolyear_id` = 6 AND `user_id` = 934 LIMIT 1   [ RunTime:0.0001s ]
SQL: SELECT * FROM `basetwograde` WHERE `schoolyear_id` = 6 AND `user_id` = 935 LIMIT 1   [ RunTime:0.0001s ]
SQL: SELECT * FROM `basetwograde` WHERE `schoolyear_id` = 6 AND `user_id` = 936 LIMIT 1   [ RunTime:0.0000s ]
SQL: SELECT * FROM `basetwograde` WHERE `schoolyear_id` = 6 AND `user_id` = 937 LIMIT 1   [ RunTime:0.0000s ]
SQL: SELECT * FROM `basetwograde` WHERE `schoolyear_id` = 6 AND `user_id` = 938 LIMIT 1   [ RunTime:0.0000s ]
SQL: SELECT * FROM `basetwograde` WHERE `schoolyear_id` = 6 AND `user_id` = 939 LIMIT 1   [ RunTime:0.0000s ]
SQL: SELECT * FROM `basetwograde` WHERE `schoolyear_id` = 6 AND `user_id` = 940 LIMIT 1   [ RunTime:0.0001s ]
SQL: SELECT * FROM `basetwograde` WHERE `schoolyear_id` = 6 AND `user_id` = 941 LIMIT 1   [ RunTime:0.0001s ]
SQL: SELECT * FROM `basetwograde` WHERE `schoolyear_id` = 6 AND `user_id` = 942 LIMIT 1   [ RunTime:0.0001s ]
SQL: SELECT * FROM `basetwograde` WHERE `schoolyear_id` = 6 AND `user_id` = 943 LIMIT 1   [ RunTime:0.0001s ]
SQL: SELECT * FROM `basetwograde` WHERE `schoolyear_id` = 6 AND `user_id` = 944 LIMIT 1   [ RunTime:0.0000s ]
SQL: SELECT * FROM `basetwograde` WHERE `schoolyear_id` = 6 AND `user_id` = 945 LIMIT 1   [ RunTime:0.0000s ]
SQL: SELECT * FROM `basetwograde` WHERE `schoolyear_id` = 6 AND `user_id` = 946 LIMIT 1   [ RunTime:0.0001s ]
SQL: SELECT * FROM `basetwograde` WHERE `schoolyear_id` = 6 AND `user_id` = 947 LIMIT 1   [ RunTime:0.0001s ]
SQL: SELECT * FROM `basetwograde` WHERE `schoolyear_id` = 6 AND `user_id` = 948 LIMIT 1   [ RunTime:0.0001s ]
SQL: SELECT * FROM `basetwograde` WHERE `schoolyear_id` = 6 AND `user_id` = 949 LIMIT 1   [ RunTime:0.0000s ]
SQL: SELECT * FROM `basetwograde` WHERE `schoolyear_id` = 6 AND `user_id` = 950 LIMIT 1   [ RunTime:0.0000s ]
SQL: SELECT * FROM `basetwograde` WHERE `schoolyear_id` = 6 AND `user_id` = 951 LIMIT 1   [ RunTime:0.0001s ]
SQL: SELECT * FROM `basetwograde` WHERE `schoolyear_id` = 6 AND `user_id` = 952 LIMIT 1   [ RunTime:0.0001s ]
SQL: SELECT * FROM `basetwograde` WHERE `schoolyear_id` = 6 AND `user_id` = 953 LIMIT 1   [ RunTime:0.0001s ]
SQL: SELECT * FROM `basetwograde` WHERE `schoolyear_id` = 6 AND `user_id` = 954 LIMIT 1   [ RunTime:0.0001s ]
SQL: SELECT * FROM `basetwograde` WHERE `schoolyear_id` = 6 AND `user_id` = 955 LIMIT 1   [ RunTime:0.0000s ]
INFO: [ view_parse ] --START--
INFO: [ template_filter ] --START--
INFO: Run Behavior\ContentReplaceBehavior [ RunTime:0.000031s ]
INFO: [ template_filter ] --END-- [ RunTime:0.000082s ]
INFO: Run Behavior\ParseTemplateBehavior [ RunTime:0.003293s ]
INFO: [ view_parse ] --END-- [ RunTime:0.003327s ]
INFO: [ view_filter ] --START--
INFO: Run Behavior\WriteHtmlCacheBehavior [ RunTime:0.000045s ]
INFO: [ view_filter ] --END-- [ RunTime:0.000079s ]
INFO: [ app_end ] --START--
INFO: Run Behavior\ShowPageTraceBehavior [ RunTime:0.000033s ]
INFO: [ app_end ] --END-- [ RunTime:0.000059s ]

[ 2017-09-25T13:50:22+08:00 ] 183.6.109.101 /zhcp/index.php/BackgroundAdmin/Index/audit/user_id/915.html
INFO: [ app_init ] --START--
INFO: Run Behavior\BuildLiteBehavior [ RunTime:0.000011s ]
INFO: [ app_init ] --END-- [ RunTime:0.000067s ]
INFO: [ app_begin ] --START--
INFO: Run Behavior\ReadHtmlCacheBehavior [ RunTime:0.000043s ]
INFO: [ app_begin ] --END-- [ RunTime:0.000099s ]
SQL: SHOW COLUMNS FROM `schoolyear` [ RunTime:0.0004s ]
SQL: SELECT * FROM `schoolyear` WHERE `schoolyear_nowyear` = 1 LIMIT 1   [ RunTime:0.0001s ]
SQL: SHOW COLUMNS FROM `basetwograde` [ RunTime:0.0003s ]
SQL: SELECT * FROM `basetwograde` WHERE `user_id` = 915 AND `schoolyear_id` = 6  [ RunTime:0.0003s ]
SQL: SHOW COLUMNS FROM `deveonelevelgrade` [ RunTime:0.0003s ]
SQL: SELECT * FROM `deveonelevelgrade` WHERE `user_id` = 915 AND `schoolyear_id` = 6  [ RunTime:0.0002s ]
SQL: SELECT * FROM `basetwograde` WHERE `user_id` = 915 AND `schoolyear_id` = 6  [ RunTime:0.0000s ]
SQL: SELECT * FROM `deveonelevelgrade` WHERE `user_id` = 915 AND `schoolyear_id` = 6  [ RunTime:0.0000s ]
SQL: SHOW COLUMNS FROM `basetwolevelindex` [ RunTime:0.0003s ]
SQL: SELECT COUNT(*) AS tp_count FROM `basetwolevelindex` LIMIT 1   [ RunTime:0.0001s ]
SQL: SHOW COLUMNS FROM `deveonelevelindex` [ RunTime:0.0003s ]
SQL: SELECT COUNT(*) AS tp_count FROM `deveonelevelindex` LIMIT 1   [ RunTime:0.0000s ]
SQL: SELECT * FROM `deveonelevelindex`  [ RunTime:0.0000s ]
SQL: SHOW COLUMNS FROM `user` [ RunTime:0.0003s ]
SQL: SELECT `pclass_id` FROM `user` WHERE `user_id` = 915 LIMIT 1   [ RunTime:0.0001s ]
NOTIC: [8] Undefined variable: base /var/www/html/zhcp/Application/BackgroundAdmin/Controller/IndexController.class.php 第 122 行.
INFO: [ view_parse ] --START--
INFO: [ template_filter ] --START--
INFO: Run Behavior\ContentReplaceBehavior [ RunTime:0.000056s ]
INFO: [ template_filter ] --END-- [ RunTime:0.000089s ]
INFO: Run Behavior\ParseTemplateBehavior [ RunTime:0.006162s ]
INFO: [ view_parse ] --END-- [ RunTime:0.006193s ]
INFO: [ view_filter ] --START--
INFO: Run Behavior\WriteHtmlCacheBehavior [ RunTime:0.000040s ]
INFO: [ view_filter ] --END-- [ RunTime:0.000064s ]
INFO: [ app_end ] --START--
INFO: Run Behavior\ShowPageTraceBehavior [ RunTime:0.000028s ]
INFO: [ app_end ] --END-- [ RunTime:0.000050s ]

[ 2017-09-25T13:50:25+08:00 ] 183.6.109.101 /zhcp/index.php/BackgroundAdmin/Index/queryclass/pclass_id/49.html
INFO: [ app_init ] --START--
INFO: Run Behavior\BuildLiteBehavior [ RunTime:0.000009s ]
INFO: [ app_init ] --END-- [ RunTime:0.000070s ]
INFO: [ app_begin ] --START--
INFO: Run Behavior\ReadHtmlCacheBehavior [ RunTime:0.000027s ]
INFO: [ app_begin ] --END-- [ RunTime:0.000051s ]
SQL: SHOW COLUMNS FROM `pclass` [ RunTime:0.0004s ]
SQL: SELECT `pclass_name` FROM `pclass` WHERE `pclass_id` = 49 LIMIT 1   [ RunTime:0.0001s ]
SQL: SELECT * FROM `pclass` WHERE `pclass_id` = 49 LIMIT 1   [ RunTime:0.0000s ]
SQL: SHOW COLUMNS FROM `grade` [ RunTime:0.0003s ]
SQL: SELECT `grade_name` FROM `grade` WHERE `grade_id` = 7 LIMIT 1   [ RunTime:0.0000s ]
SQL: SHOW COLUMNS FROM `user` [ RunTime:0.0003s ]
SQL: SELECT * FROM `user` WHERE `pclass_id` = 49 AND `grade_id` = 7  [ RunTime:0.0001s ]
SQL: SHOW COLUMNS FROM `schoolyear` [ RunTime:0.0003s ]
SQL: SELECT * FROM `schoolyear` WHERE `schoolyear_nowyear` = 1 LIMIT 1   [ RunTime:0.0000s ]
SQL: SHOW COLUMNS FROM `basetwograde` [ RunTime:0.0003s ]
SQL: SELECT * FROM `basetwograde` WHERE `schoolyear_id` = 6 AND `user_id` = 912 LIMIT 1   [ RunTime:0.0000s ]
SQL: SELECT * FROM `basetwograde` WHERE `schoolyear_id` = 6 AND `user_id` = 913 LIMIT 1   [ RunTime:0.0000s ]
SQL: SELECT * FROM `basetwograde` WHERE `schoolyear_id` = 6 AND `user_id` = 914 LIMIT 1   [ RunTime:0.0000s ]
SQL: SELECT * FROM `basetwograde` WHERE `schoolyear_id` = 6 AND `user_id` = 915 LIMIT 1   [ RunTime:0.0000s ]
SQL: SELECT * FROM `basetwograde` WHERE `schoolyear_id` = 6 AND `user_id` = 916 LIMIT 1   [ RunTime:0.0000s ]
SQL: SELECT * FROM `basetwograde` WHERE `schoolyear_id` = 6 AND `user_id` = 917 LIMIT 1   [ RunTime:0.0000s ]
SQL: SELECT * FROM `basetwograde` WHERE `schoolyear_id` = 6 AND `user_id` = 918 LIMIT 1   [ RunTime:0.0000s ]
SQL: SELECT * FROM `basetwograde` WHERE `schoolyear_id` = 6 AND `user_id` = 919 LIMIT 1   [ RunTime:0.0000s ]
SQL: SELECT * FROM `basetwograde` WHERE `schoolyear_id` = 6 AND `user_id` = 920 LIMIT 1   [ RunTime:0.0000s ]
SQL: SELECT * FROM `basetwograde` WHERE `schoolyear_id` = 6 AND `user_id` = 921 LIMIT 1   [ RunTime:0.0000s ]
SQL: SELECT * FROM `basetwograde` WHERE `schoolyear_id` = 6 AND `user_id` = 922 LIMIT 1   [ RunTime:0.0000s ]
SQL: SELECT * FROM `basetwograde` WHERE `schoolyear_id` = 6 AND `user_id` = 923 LIMIT 1   [ RunTime:0.0000s ]
SQL: SELECT * FROM `basetwograde` WHERE `schoolyear_id` = 6 AND `user_id` = 924 LIMIT 1   [ RunTime:0.0000s ]
SQL: SELECT * FROM `basetwograde` WHERE `schoolyear_id` = 6 AND `user_id` = 925 LIMIT 1   [ RunTime:0.0000s ]
SQL: SELECT * FROM `basetwograde` WHERE `schoolyear_id` = 6 AND `user_id` = 926 LIMIT 1   [ RunTime:0.0000s ]
SQL: SELECT * FROM `basetwograde` WHERE `schoolyear_id` = 6 AND `user_id` = 927 LIMIT 1   [ RunTime:0.0000s ]
SQL: SELECT * FROM `basetwograde` WHERE `schoolyear_id` = 6 AND `user_id` = 928 LIMIT 1   [ RunTime:0.0000s ]
SQL: SELECT * FROM `basetwograde` WHERE `schoolyear_id` = 6 AND `user_id` = 929 LIMIT 1   [ RunTime:0.0000s ]
SQL: SELECT * FROM `basetwograde` WHERE `schoolyear_id` = 6 AND `user_id` = 930 LIMIT 1   [ RunTime:0.0000s ]
SQL: SELECT * FROM `basetwograde` WHERE `schoolyear_id` = 6 AND `user_id` = 931 LIMIT 1   [ RunTime:0.0000s ]
SQL: SELECT * FROM `basetwograde` WHERE `schoolyear_id` = 6 AND `user_id` = 932 LIMIT 1   [ RunTime:0.0000s ]
SQL: SELECT * FROM `basetwograde` WHERE `schoolyear_id` = 6 AND `user_id` = 933 LIMIT 1   [ RunTime:0.0001s ]
SQL: SELECT * FROM `basetwograde` WHERE `schoolyear_id` = 6 AND `user_id` = 934 LIMIT 1   [ RunTime:0.0000s ]
SQL: SELECT * FROM `basetwograde` WHERE `schoolyear_id` = 6 AND `user_id` = 935 LIMIT 1   [ RunTime:0.0000s ]
SQL: SELECT * FROM `basetwograde` WHERE `schoolyear_id` = 6 AND `user_id` = 936 LIMIT 1   [ RunTime:0.0000s ]
SQL: SELECT * FROM `basetwograde` WHERE `schoolyear_id` = 6 AND `user_id` = 937 LIMIT 1   [ RunTime:0.0000s ]
SQL: SELECT * FROM `basetwograde` WHERE `schoolyear_id` = 6 AND `user_id` = 938 LIMIT 1   [ RunTime:0.0000s ]
SQL: SELECT * FROM `basetwograde` WHERE `schoolyear_id` = 6 AND `user_id` = 939 LIMIT 1   [ RunTime:0.0000s ]
SQL: SELECT * FROM `basetwograde` WHERE `schoolyear_id` = 6 AND `user_id` = 940 LIMIT 1   [ RunTime:0.0000s ]
SQL: SELECT * FROM `basetwograde` WHERE `schoolyear_id` = 6 AND `user_id` = 941 LIMIT 1   [ RunTime:0.0000s ]
SQL: SELECT * FROM `basetwograde` WHERE `schoolyear_id` = 6 AND `user_id` = 942 LIMIT 1   [ RunTime:0.0001s ]
SQL: SELECT * FROM `basetwograde` WHERE `schoolyear_id` = 6 AND `user_id` = 943 LIMIT 1   [ RunTime:0.0000s ]
SQL: SELECT * FROM `basetwograde` WHERE `schoolyear_id` = 6 AND `user_id` = 944 LIMIT 1   [ RunTime:0.0000s ]
SQL: SELECT * FROM `basetwograde` WHERE `schoolyear_id` = 6 AND `user_id` = 945 LIMIT 1   [ RunTime:0.0000s ]
SQL: SELECT * FROM `basetwograde` WHERE `schoolyear_id` = 6 AND `user_id` = 946 LIMIT 1   [ RunTime:0.0000s ]
SQL: SELECT * FROM `basetwograde` WHERE `schoolyear_id` = 6 AND `user_id` = 947 LIMIT 1   [ RunTime:0.0000s ]
SQL: SELECT * FROM `basetwograde` WHERE `schoolyear_id` = 6 AND `user_id` = 948 LIMIT 1   [ RunTime:0.0000s ]
SQL: SELECT * FROM `basetwograde` WHERE `schoolyear_id` = 6 AND `user_id` = 949 LIMIT 1   [ RunTime:0.0000s ]
SQL: SELECT * FROM `basetwograde` WHERE `schoolyear_id` = 6 AND `user_id` = 950 LIMIT 1   [ RunTime:0.0000s ]
SQL: SELECT * FROM `basetwograde` WHERE `schoolyear_id` = 6 AND `user_id` = 951 LIMIT 1   [ RunTime:0.0000s ]
SQL: SELECT * FROM `basetwograde` WHERE `schoolyear_id` = 6 AND `user_id` = 952 LIMIT 1   [ RunTime:0.0000s ]
SQL: SELECT * FROM `basetwograde` WHERE `schoolyear_id` = 6 AND `user_id` = 953 LIMIT 1   [ RunTime:0.0000s ]
SQL: SELECT * FROM `basetwograde` WHERE `schoolyear_id` = 6 AND `user_id` = 954 LIMIT 1   [ RunTime:0.0000s ]
SQL: SELECT * FROM `basetwograde` WHERE `schoolyear_id` = 6 AND `user_id` = 955 LIMIT 1   [ RunTime:0.0000s ]
INFO: [ view_parse ] --START--
INFO: [ template_filter ] --START--
INFO: Run Behavior\ContentReplaceBehavior [ RunTime:0.000064s ]
INFO: [ template_filter ] --END-- [ RunTime:0.000125s ]
INFO: Run Behavior\ParseTemplateBehavior [ RunTime:0.002661s ]
INFO: [ view_parse ] --END-- [ RunTime:0.002693s ]
INFO: [ view_filter ] --START--
INFO: Run Behavior\WriteHtmlCacheBehavior [ RunTime:0.000033s ]
INFO: [ view_filter ] --END-- [ RunTime:0.000051s ]
INFO: [ app_end ] --START--
INFO: Run Behavior\ShowPageTraceBehavior [ RunTime:0.000027s ]
INFO: [ app_end ] --END-- [ RunTime:0.000047s ]

[ 2017-09-25T13:50:27+08:00 ] 183.6.109.101 /zhcp/index.php/BackgroundAdmin/Index/audit/user_id/916.html
INFO: [ app_init ] --START--
INFO: Run Behavior\BuildLiteBehavior [ RunTime:0.000014s ]
INFO: [ app_init ] --END-- [ RunTime:0.000064s ]
INFO: [ app_begin ] --START--
INFO: Run Behavior\ReadHtmlCacheBehavior [ RunTime:0.000024s ]
INFO: [ app_begin ] --END-- [ RunTime:0.000047s ]
SQL: SHOW COLUMNS FROM `schoolyear` [ RunTime:0.0005s ]
SQL: SELECT * FROM `schoolyear` WHERE `schoolyear_nowyear` = 1 LIMIT 1   [ RunTime:0.0001s ]
SQL: SHOW COLUMNS FROM `basetwograde` [ RunTime:0.0084s ]
SQL: SELECT * FROM `basetwograde` WHERE `user_id` = 916 AND `schoolyear_id` = 6  [ RunTime:0.0003s ]
SQL: SHOW COLUMNS FROM `deveonelevelgrade` [ RunTime:0.0003s ]
SQL: SELECT * FROM `deveonelevelgrade` WHERE `user_id` = 916 AND `schoolyear_id` = 6  [ RunTime:0.0002s ]
SQL: SELECT * FROM `basetwograde` WHERE `user_id` = 916 AND `schoolyear_id` = 6  [ RunTime:0.0001s ]
SQL: SELECT * FROM `deveonelevelgrade` WHERE `user_id` = 916 AND `schoolyear_id` = 6  [ RunTime:0.0000s ]
SQL: SHOW COLUMNS FROM `basetwolevelindex` [ RunTime:0.0003s ]
SQL: SELECT COUNT(*) AS tp_count FROM `basetwolevelindex` LIMIT 1   [ RunTime:0.0000s ]
SQL: SHOW COLUMNS FROM `deveonelevelindex` [ RunTime:0.0003s ]
SQL: SELECT COUNT(*) AS tp_count FROM `deveonelevelindex` LIMIT 1   [ RunTime:0.0000s ]
SQL: SELECT * FROM `deveonelevelindex`  [ RunTime:0.0000s ]
SQL: SHOW COLUMNS FROM `user` [ RunTime:0.0003s ]
SQL: SELECT `pclass_id` FROM `user` WHERE `user_id` = 916 LIMIT 1   [ RunTime:0.0001s ]
NOTIC: [8] Undefined variable: base /var/www/html/zhcp/Application/BackgroundAdmin/Controller/IndexController.class.php 第 122 行.
INFO: [ view_parse ] --START--
INFO: [ template_filter ] --START--
INFO: Run Behavior\ContentReplaceBehavior [ RunTime:0.000061s ]
INFO: [ template_filter ] --END-- [ RunTime:0.000095s ]
INFO: Run Behavior\ParseTemplateBehavior [ RunTime:0.006140s ]
INFO: [ view_parse ] --END-- [ RunTime:0.006169s ]
INFO: [ view_filter ] --START--
INFO: Run Behavior\WriteHtmlCacheBehavior [ RunTime:0.000031s ]
INFO: [ view_filter ] --END-- [ RunTime:0.000056s ]
INFO: [ app_end ] --START--
INFO: Run Behavior\ShowPageTraceBehavior [ RunTime:0.000026s ]
INFO: [ app_end ] --END-- [ RunTime:0.000050s ]

[ 2017-09-25T13:50:32+08:00 ] 101.226.33.226 /zhcp/index.php/BackgroundAdmin/Index/audit/user_id/915.html
INFO: [ app_init ] --START--
INFO: Run Behavior\BuildLiteBehavior [ RunTime:0.000014s ]
INFO: [ app_init ] --END-- [ RunTime:0.000109s ]
INFO: [ app_begin ] --START--
INFO: Run Behavior\ReadHtmlCacheBehavior [ RunTime:0.000045s ]
INFO: [ app_begin ] --END-- [ RunTime:0.000076s ]

[ 2017-09-25T13:50:32+08:00 ] 101.226.33.226 /zhcp/index.php/BackgroundAdmin/Login/index.html
INFO: [ app_init ] --START--
INFO: Run Behavior\BuildLiteBehavior [ RunTime:0.000009s ]
INFO: [ app_init ] --END-- [ RunTime:0.000057s ]
INFO: [ app_begin ] --START--
INFO: Run Behavior\ReadHtmlCacheBehavior [ RunTime:0.000023s ]
INFO: [ app_begin ] --END-- [ RunTime:0.000046s ]
INFO: [ view_parse ] --START--
INFO: [ template_filter ] --START--
INFO: Run Behavior\ContentReplaceBehavior [ RunTime:0.000035s ]
INFO: [ template_filter ] --END-- [ RunTime:0.000073s ]
INFO: Run Behavior\ParseTemplateBehavior [ RunTime:0.001688s ]
INFO: [ view_parse ] --END-- [ RunTime:0.001723s ]
INFO: [ view_filter ] --START--
INFO: Run Behavior\WriteHtmlCacheBehavior [ RunTime:0.000034s ]
INFO: [ view_filter ] --END-- [ RunTime:0.000051s ]
INFO: [ app_end ] --START--
INFO: Run Behavior\ShowPageTraceBehavior [ RunTime:0.000030s ]
INFO: [ app_end ] --END-- [ RunTime:0.000051s ]

[ 2017-09-25T13:50:37+08:00 ] 61.151.226.199 /zhcp/index.php/BackgroundAdmin/Index/audit/user_id/916.html
INFO: [ app_init ] --START--
INFO: Run Behavior\BuildLiteBehavior [ RunTime:0.000013s ]
INFO: [ app_init ] --END-- [ RunTime:0.000091s ]
INFO: [ app_begin ] --START--
INFO: Run Behavior\ReadHtmlCacheBehavior [ RunTime:0.000042s ]
INFO: [ app_begin ] --END-- [ RunTime:0.000080s ]

[ 2017-09-25T13:50:37+08:00 ] 61.151.226.199 /zhcp/index.php/BackgroundAdmin/Login/index.html
INFO: [ app_init ] --START--
INFO: Run Behavior\BuildLiteBehavior [ RunTime:0.000012s ]
INFO: [ app_init ] --END-- [ RunTime:0.000087s ]
INFO: [ app_begin ] --START--
INFO: Run Behavior\ReadHtmlCacheBehavior [ RunTime:0.000038s ]
INFO: [ app_begin ] --END-- [ RunTime:0.000086s ]
INFO: [ view_parse ] --START--
INFO: [ template_filter ] --START--
INFO: Run Behavior\ContentReplaceBehavior [ RunTime:0.000029s ]
INFO: [ template_filter ] --END-- [ RunTime:0.000059s ]
INFO: Run Behavior\ParseTemplateBehavior [ RunTime:0.001450s ]
INFO: [ view_parse ] --END-- [ RunTime:0.001485s ]
INFO: [ view_filter ] --START--
INFO: Run Behavior\WriteHtmlCacheBehavior [ RunTime:0.000027s ]
INFO: [ view_filter ] --END-- [ RunTime:0.000044s ]
INFO: [ app_end ] --START--
INFO: Run Behavior\ShowPageTraceBehavior [ RunTime:0.000022s ]
INFO: [ app_end ] --END-- [ RunTime:0.000038s ]

[ 2017-09-25T13:58:50+08:00 ] 183.6.109.101 /zhcp/index.php/BackgroundAdmin/Index/queryclass/pclass_id/49.html
INFO: [ app_init ] --START--
INFO: Run Behavior\BuildLiteBehavior [ RunTime:0.000014s ]
INFO: [ app_init ] --END-- [ RunTime:0.000109s ]
INFO: [ app_begin ] --START--
INFO: Run Behavior\ReadHtmlCacheBehavior [ RunTime:0.000038s ]
INFO: [ app_begin ] --END-- [ RunTime:0.000067s ]
SQL: SHOW COLUMNS FROM `pclass` [ RunTime:0.0005s ]
SQL: SELECT `pclass_name` FROM `pclass` WHERE `pclass_id` = 49 LIMIT 1   [ RunTime:0.0001s ]
SQL: SELECT * FROM `pclass` WHERE `pclass_id` = 49 LIMIT 1   [ RunTime:0.0001s ]
SQL: SHOW COLUMNS FROM `grade` [ RunTime:0.0004s ]
SQL: SELECT `grade_name` FROM `grade` WHERE `grade_id` = 7 LIMIT 1   [ RunTime:0.0001s ]
SQL: SHOW COLUMNS FROM `user` [ RunTime:0.0004s ]
SQL: SELECT * FROM `user` WHERE `pclass_id` = 49 AND `grade_id` = 7  [ RunTime:0.0001s ]
SQL: SHOW COLUMNS FROM `schoolyear` [ RunTime:0.0004s ]
SQL: SELECT * FROM `schoolyear` WHERE `schoolyear_nowyear` = 1 LIMIT 1   [ RunTime:0.0001s ]
SQL: SHOW COLUMNS FROM `basetwograde` [ RunTime:0.0004s ]
SQL: SELECT * FROM `basetwograde` WHERE `schoolyear_id` = 6 AND `user_id` = 912 LIMIT 1   [ RunTime:0.0001s ]
SQL: SELECT * FROM `basetwograde` WHERE `schoolyear_id` = 6 AND `user_id` = 913 LIMIT 1   [ RunTime:0.0001s ]
SQL: SELECT * FROM `basetwograde` WHERE `schoolyear_id` = 6 AND `user_id` = 914 LIMIT 1   [ RunTime:0.0001s ]
SQL: SELECT * FROM `basetwograde` WHERE `schoolyear_id` = 6 AND `user_id` = 915 LIMIT 1   [ RunTime:0.0001s ]
SQL: SELECT * FROM `basetwograde` WHERE `schoolyear_id` = 6 AND `user_id` = 916 LIMIT 1   [ RunTime:0.0001s ]
SQL: SELECT * FROM `basetwograde` WHERE `schoolyear_id` = 6 AND `user_id` = 917 LIMIT 1   [ RunTime:0.0000s ]
SQL: SELECT * FROM `basetwograde` WHERE `schoolyear_id` = 6 AND `user_id` = 918 LIMIT 1   [ RunTime:0.0001s ]
SQL: SELECT * FROM `basetwograde` WHERE `schoolyear_id` = 6 AND `user_id` = 919 LIMIT 1   [ RunTime:0.0001s ]
SQL: SELECT * FROM `basetwograde` WHERE `schoolyear_id` = 6 AND `user_id` = 920 LIMIT 1   [ RunTime:0.0001s ]
SQL: SELECT * FROM `basetwograde` WHERE `schoolyear_id` = 6 AND `user_id` = 921 LIMIT 1   [ RunTime:0.0001s ]
SQL: SELECT * FROM `basetwograde` WHERE `schoolyear_id` = 6 AND `user_id` = 922 LIMIT 1   [ RunTime:0.0000s ]
SQL: SELECT * FROM `basetwograde` WHERE `schoolyear_id` = 6 AND `user_id` = 923 LIMIT 1   [ RunTime:0.0000s ]
SQL: SELECT * FROM `basetwograde` WHERE `schoolyear_id` = 6 AND `user_id` = 924 LIMIT 1   [ RunTime:0.0000s ]
SQL: SELECT * FROM `basetwograde` WHERE `schoolyear_id` = 6 AND `user_id` = 925 LIMIT 1   [ RunTime:0.0000s ]
SQL: SELECT * FROM `basetwograde` WHERE `schoolyear_id` = 6 AND `user_id` = 926 LIMIT 1   [ RunTime:0.0000s ]
SQL: SELECT * FROM `basetwograde` WHERE `schoolyear_id` = 6 AND `user_id` = 927 LIMIT 1   [ RunTime:0.0000s ]
SQL: SELECT * FROM `basetwograde` WHERE `schoolyear_id` = 6 AND `user_id` = 928 LIMIT 1   [ RunTime:0.0001s ]
SQL: SELECT * FROM `basetwograde` WHERE `schoolyear_id` = 6 AND `user_id` = 929 LIMIT 1   [ RunTime:0.0000s ]
SQL: SELECT * FROM `basetwograde` WHERE `schoolyear_id` = 6 AND `user_id` = 930 LIMIT 1   [ RunTime:0.0000s ]
SQL: SELECT * FROM `basetwograde` WHERE `schoolyear_id` = 6 AND `user_id` = 931 LIMIT 1   [ RunTime:0.0000s ]
SQL: SELECT * FROM `basetwograde` WHERE `schoolyear_id` = 6 AND `user_id` = 932 LIMIT 1   [ RunTime:0.0000s ]
SQL: SELECT * FROM `basetwograde` WHERE `schoolyear_id` = 6 AND `user_id` = 933 LIMIT 1   [ RunTime:0.0000s ]
SQL: SELECT * FROM `basetwograde` WHERE `schoolyear_id` = 6 AND `user_id` = 934 LIMIT 1   [ RunTime:0.0001s ]
SQL: SELECT * FROM `basetwograde` WHERE `schoolyear_id` = 6 AND `user_id` = 935 LIMIT 1   [ RunTime:0.0001s ]
SQL: SELECT * FROM `basetwograde` WHERE `schoolyear_id` = 6 AND `user_id` = 936 LIMIT 1   [ RunTime:0.0000s ]
SQL: SELECT * FROM `basetwograde` WHERE `schoolyear_id` = 6 AND `user_id` = 937 LIMIT 1   [ RunTime:0.0001s ]
SQL: SELECT * FROM `basetwograde` WHERE `schoolyear_id` = 6 AND `user_id` = 938 LIMIT 1   [ RunTime:0.0001s ]
SQL: SELECT * FROM `basetwograde` WHERE `schoolyear_id` = 6 AND `user_id` = 939 LIMIT 1   [ RunTime:0.0000s ]
SQL: SELECT * FROM `basetwograde` WHERE `schoolyear_id` = 6 AND `user_id` = 940 LIMIT 1   [ RunTime:0.0000s ]
SQL: SELECT * FROM `basetwograde` WHERE `schoolyear_id` = 6 AND `user_id` = 941 LIMIT 1   [ RunTime:0.0000s ]
SQL: SELECT * FROM `basetwograde` WHERE `schoolyear_id` = 6 AND `user_id` = 942 LIMIT 1   [ RunTime:0.0000s ]
SQL: SELECT * FROM `basetwograde` WHERE `schoolyear_id` = 6 AND `user_id` = 943 LIMIT 1   [ RunTime:0.0000s ]
SQL: SELECT * FROM `basetwograde` WHERE `schoolyear_id` = 6 AND `user_id` = 944 LIMIT 1   [ RunTime:0.0000s ]
SQL: SELECT * FROM `basetwograde` WHERE `schoolyear_id` = 6 AND `user_id` = 945 LIMIT 1   [ RunTime:0.0001s ]
SQL: SELECT * FROM `basetwograde` WHERE `schoolyear_id` = 6 AND `user_id` = 946 LIMIT 1   [ RunTime:0.0001s ]
SQL: SELECT * FROM `basetwograde` WHERE `schoolyear_id` = 6 AND `user_id` = 947 LIMIT 1   [ RunTime:0.0000s ]
SQL: SELECT * FROM `basetwograde` WHERE `schoolyear_id` = 6 AND `user_id` = 948 LIMIT 1   [ RunTime:0.0001s ]
SQL: SELECT * FROM `basetwograde` WHERE `schoolyear_id` = 6 AND `user_id` = 949 LIMIT 1   [ RunTime:0.0001s ]
SQL: SELECT * FROM `basetwograde` WHERE `schoolyear_id` = 6 AND `user_id` = 950 LIMIT 1   [ RunTime:0.0000s ]
SQL: SELECT * FROM `basetwograde` WHERE `schoolyear_id` = 6 AND `user_id` = 951 LIMIT 1   [ RunTime:0.0000s ]
SQL: SELECT * FROM `basetwograde` WHERE `schoolyear_id` = 6 AND `user_id` = 952 LIMIT 1   [ RunTime:0.0001s ]
SQL: SELECT * FROM `basetwograde` WHERE `schoolyear_id` = 6 AND `user_id` = 953 LIMIT 1   [ RunTime:0.0001s ]
SQL: SELECT * FROM `basetwograde` WHERE `schoolyear_id` = 6 AND `user_id` = 954 LIMIT 1   [ RunTime:0.0001s ]
SQL: SELECT * FROM `basetwograde` WHERE `schoolyear_id` = 6 AND `user_id` = 955 LIMIT 1   [ RunTime:0.0001s ]
INFO: [ view_parse ] --START--
INFO: [ template_filter ] --START--
INFO: Run Behavior\ContentReplaceBehavior [ RunTime:0.000042s ]
INFO: [ template_filter ] --END-- [ RunTime:0.000088s ]
INFO: Run Behavior\ParseTemplateBehavior [ RunTime:0.003191s ]
INFO: [ view_parse ] --END-- [ RunTime:0.003224s ]
INFO: [ view_filter ] --START--
INFO: Run Behavior\WriteHtmlCacheBehavior [ RunTime:0.000040s ]
INFO: [ view_filter ] --END-- [ RunTime:0.000065s ]
INFO: [ app_end ] --START--
INFO: Run Behavior\ShowPageTraceBehavior [ RunTime:0.000032s ]
INFO: [ app_end ] --END-- [ RunTime:0.000057s ]

[ 2017-09-25T13:58:51+08:00 ] 183.6.109.101 /zhcp/index.php/BackgroundAdmin/Index/loginout.html
INFO: [ app_init ] --START--
INFO: Run Behavior\BuildLiteBehavior [ RunTime:0.000013s ]
INFO: [ app_init ] --END-- [ RunTime:0.000072s ]
INFO: [ app_begin ] --START--
INFO: Run Behavior\ReadHtmlCacheBehavior [ RunTime:0.000033s ]
INFO: [ app_begin ] --END-- [ RunTime:0.000066s ]

[ 2017-09-25T13:58:51+08:00 ] 183.6.109.101 /zhcp/index.php/BackgroundAdmin/Login/index.html
INFO: [ app_init ] --START--
INFO: Run Behavior\BuildLiteBehavior [ RunTime:0.000009s ]
INFO: [ app_init ] --END-- [ RunTime:0.000055s ]
INFO: [ app_begin ] --START--
INFO: Run Behavior\ReadHtmlCacheBehavior [ RunTime:0.000026s ]
INFO: [ app_begin ] --END-- [ RunTime:0.000051s ]
INFO: [ view_parse ] --START--
INFO: [ template_filter ] --START--
INFO: Run Behavior\ContentReplaceBehavior [ RunTime:0.000027s ]
INFO: [ template_filter ] --END-- [ RunTime:0.000056s ]
INFO: Run Behavior\ParseTemplateBehavior [ RunTime:0.001239s ]
INFO: [ view_parse ] --END-- [ RunTime:0.001267s ]
INFO: [ view_filter ] --START--
INFO: Run Behavior\WriteHtmlCacheBehavior [ RunTime:0.000026s ]
INFO: [ view_filter ] --END-- [ RunTime:0.000042s ]
INFO: [ app_end ] --START--
INFO: Run Behavior\ShowPageTraceBehavior [ RunTime:0.000033s ]
INFO: [ app_end ] --END-- [ RunTime:0.000057s ]

[ 2017-09-25T13:58:51+08:00 ] 183.6.109.101 /zhcp/index.php/BackgroundAdmin/Login/css/style.css
INFO: [ app_init ] --START--
INFO: Run Behavior\BuildLiteBehavior [ RunTime:0.000013s ]
INFO: [ app_init ] --END-- [ RunTime:0.000110s ]
INFO: [ app_begin ] --START--
INFO: Run Behavior\ReadHtmlCacheBehavior [ RunTime:0.000036s ]
INFO: [ app_begin ] --END-- [ RunTime:0.000075s ]
ERR: 非法操作:css

[ 2017-09-25T13:58:51+08:00 ] 183.6.109.101 /zhcp/index.php/BackgroundAdmin/Login/images/head-img.png
INFO: [ app_init ] --START--
INFO: Run Behavior\BuildLiteBehavior [ RunTime:0.000009s ]
INFO: [ app_init ] --END-- [ RunTime:0.000053s ]

[ 2017-09-25T13:58:51+08:00 ] 183.6.109.101 /zhcp/index.php/BackgroundAdmin/Login/images/head-img.png
INFO: [ app_init ] --START--
INFO: Run Behavior\BuildLiteBehavior [ RunTime:0.000012s ]
INFO: [ app_init ] --END-- [ RunTime:0.000072s ]

[ 2017-09-25T13:59:01+08:00 ] 61.151.226.202 /zhcp/index.php/BackgroundAdmin/Index/loginout.html
INFO: [ app_init ] --START--
INFO: Run Behavior\BuildLiteBehavior [ RunTime:0.000009s ]
INFO: [ app_init ] --END-- [ RunTime:0.000063s ]
INFO: [ app_begin ] --START--
INFO: Run Behavior\ReadHtmlCacheBehavior [ RunTime:0.000028s ]
INFO: [ app_begin ] --END-- [ RunTime:0.000053s ]

[ 2017-09-25T13:59:01+08:00 ] 61.151.226.202 /zhcp/index.php/BackgroundAdmin/Login/index.html
INFO: [ app_init ] --START--
INFO: Run Behavior\BuildLiteBehavior [ RunTime:0.000010s ]
INFO: [ app_init ] --END-- [ RunTime:0.000059s ]
INFO: [ app_begin ] --START--
INFO: Run Behavior\ReadHtmlCacheBehavior [ RunTime:0.000023s ]
INFO: [ app_begin ] --END-- [ RunTime:0.000049s ]
INFO: [ view_parse ] --START--
INFO: [ template_filter ] --START--
INFO: Run Behavior\ContentReplaceBehavior [ RunTime:0.000032s ]
INFO: [ template_filter ] --END-- [ RunTime:0.000067s ]
INFO: Run Behavior\ParseTemplateBehavior [ RunTime:0.001441s ]
INFO: [ view_parse ] --END-- [ RunTime:0.001469s ]
INFO: [ view_filter ] --START--
INFO: Run Behavior\WriteHtmlCacheBehavior [ RunTime:0.000030s ]
INFO: [ view_filter ] --END-- [ RunTime:0.000047s ]
INFO: [ app_end ] --START--
INFO: Run Behavior\ShowPageTraceBehavior [ RunTime:0.000024s ]
INFO: [ app_end ] --END-- [ RunTime:0.000041s ]

[ 2017-09-25T15:41:57+08:00 ] 112.90.82.218 /zhcp/index.php/BackgroundAdmin/Login/index.html
INFO: [ app_init ] --START--
INFO: Run Behavior\BuildLiteBehavior [ RunTime:0.000009s ]
INFO: [ app_init ] --END-- [ RunTime:0.000072s ]
INFO: [ app_begin ] --START--
INFO: Run Behavior\ReadHtmlCacheBehavior [ RunTime:0.000029s ]
INFO: [ app_begin ] --END-- [ RunTime:0.000052s ]
INFO: [ view_parse ] --START--
INFO: [ template_filter ] --START--
INFO: Run Behavior\ContentReplaceBehavior [ RunTime:0.000028s ]
INFO: [ template_filter ] --END-- [ RunTime:0.000056s ]
INFO: Run Behavior\ParseTemplateBehavior [ RunTime:0.001246s ]
INFO: [ view_parse ] --END-- [ RunTime:0.001272s ]
INFO: [ view_filter ] --START--
INFO: Run Behavior\WriteHtmlCacheBehavior [ RunTime:0.000028s ]
INFO: [ view_filter ] --END-- [ RunTime:0.000045s ]
INFO: [ app_end ] --START--
INFO: Run Behavior\ShowPageTraceBehavior [ RunTime:0.000023s ]
INFO: [ app_end ] --END-- [ RunTime:0.000041s ]

[ 2017-09-25T18:08:26+08:00 ] 14.17.21.58 /zhcp/index.php/BackgroundAdmin/Index/audit/user_id/912.html
INFO: [ app_init ] --START--
INFO: Run Behavior\BuildLiteBehavior [ RunTime:0.000009s ]
INFO: [ app_init ] --END-- [ RunTime:0.000074s ]
INFO: [ app_begin ] --START--
INFO: Run Behavior\ReadHtmlCacheBehavior [ RunTime:0.000031s ]
INFO: [ app_begin ] --END-- [ RunTime:0.000064s ]

[ 2017-09-25T18:08:26+08:00 ] 14.17.21.58 /zhcp/index.php/BackgroundAdmin/Login/index.html
INFO: [ app_init ] --START--
INFO: Run Behavior\BuildLiteBehavior [ RunTime:0.000014s ]
INFO: [ app_init ] --END-- [ RunTime:0.000068s ]
INFO: [ app_begin ] --START--
INFO: Run Behavior\ReadHtmlCacheBehavior [ RunTime:0.000054s ]
INFO: [ app_begin ] --END-- [ RunTime:0.000085s ]
INFO: [ view_parse ] --START--
INFO: [ template_filter ] --START--
INFO: Run Behavior\ContentReplaceBehavior [ RunTime:0.000029s ]
INFO: [ template_filter ] --END-- [ RunTime:0.000070s ]
INFO: Run Behavior\ParseTemplateBehavior [ RunTime:0.001257s ]
INFO: [ view_parse ] --END-- [ RunTime:0.001291s ]
INFO: [ view_filter ] --START--
INFO: Run Behavior\WriteHtmlCacheBehavior [ RunTime:0.000031s ]
INFO: [ view_filter ] --END-- [ RunTime:0.000047s ]
INFO: [ app_end ] --START--
INFO: Run Behavior\ShowPageTraceBehavior [ RunTime:0.000024s ]
INFO: [ app_end ] --END-- [ RunTime:0.000043s ]

[ 2017-09-25T18:44:27+08:00 ] 106.120.160.109 /zhcp/index.php/BackgroundAdmin/Index/index
INFO: [ app_init ] --START--
INFO: Run Behavior\BuildLiteBehavior [ RunTime:0.000011s ]
INFO: [ app_init ] --END-- [ RunTime:0.000065s ]
INFO: [ app_begin ] --START--
INFO: Run Behavior\ReadHtmlCacheBehavior [ RunTime:0.000026s ]
INFO: [ app_begin ] --END-- [ RunTime:0.000050s ]

[ 2017-09-25T18:44:27+08:00 ] 106.120.161.68 /zhcp/index.php/BackgroundAdmin/Login/index.html
INFO: [ app_init ] --START--
INFO: Run Behavior\BuildLiteBehavior [ RunTime:0.000014s ]
INFO: [ app_init ] --END-- [ RunTime:0.000094s ]
INFO: [ app_begin ] --START--
INFO: Run Behavior\ReadHtmlCacheBehavior [ RunTime:0.000025s ]
INFO: [ app_begin ] --END-- [ RunTime:0.000049s ]
INFO: [ view_parse ] --START--
INFO: [ template_filter ] --START--
INFO: Run Behavior\ContentReplaceBehavior [ RunTime:0.000029s ]
INFO: [ template_filter ] --END-- [ RunTime:0.000060s ]
INFO: Run Behavior\ParseTemplateBehavior [ RunTime:0.001665s ]
INFO: [ view_parse ] --END-- [ RunTime:0.001707s ]
INFO: [ view_filter ] --START--
INFO: Run Behavior\WriteHtmlCacheBehavior [ RunTime:0.000034s ]
INFO: [ view_filter ] --END-- [ RunTime:0.000054s ]
INFO: [ app_end ] --START--
INFO: Run Behavior\ShowPageTraceBehavior [ RunTime:0.000024s ]
INFO: [ app_end ] --END-- [ RunTime:0.000042s ]

[ 2017-09-25T18:44:40+08:00 ] 101.199.112.45 /zhcp/index.php/BackgroundAdmin/Index/index
INFO: [ app_init ] --START--
INFO: Run Behavior\BuildLiteBehavior [ RunTime:0.000012s ]
INFO: [ app_init ] --END-- [ RunTime:0.000082s ]
INFO: [ app_begin ] --START--
INFO: Run Behavior\ReadHtmlCacheBehavior [ RunTime:0.000036s ]
INFO: [ app_begin ] --END-- [ RunTime:0.000081s ]

[ 2017-09-25T18:44:40+08:00 ] 101.199.112.45 /zhcp/index.php/BackgroundAdmin/Login/index.html
INFO: [ app_init ] --START--
INFO: Run Behavior\BuildLiteBehavior [ RunTime:0.000011s ]
INFO: [ app_init ] --END-- [ RunTime:0.000073s ]
INFO: [ app_begin ] --START--
INFO: Run Behavior\ReadHtmlCacheBehavior [ RunTime:0.000026s ]
INFO: [ app_begin ] --END-- [ RunTime:0.000050s ]
INFO: [ view_parse ] --START--
INFO: [ template_filter ] --START--
INFO: Run Behavior\ContentReplaceBehavior [ RunTime:0.000029s ]
INFO: [ template_filter ] --END-- [ RunTime:0.000057s ]
INFO: Run Behavior\ParseTemplateBehavior [ RunTime:0.005526s ]
INFO: [ view_parse ] --END-- [ RunTime:0.005570s ]
INFO: [ view_filter ] --START--
INFO: Run Behavior\WriteHtmlCacheBehavior [ RunTime:0.000043s ]
INFO: [ view_filter ] --END-- [ RunTime:0.000069s ]
INFO: [ app_end ] --START--
INFO: Run Behavior\ShowPageTraceBehavior [ RunTime:0.000030s ]
INFO: [ app_end ] --END-- [ RunTime:0.000053s ]

[ 2017-09-25T18:44:40+08:00 ] 101.199.112.45 /zhcp/index.php/BackgroundAdmin/Login/css/style.css
INFO: [ app_init ] --START--
INFO: Run Behavior\BuildLiteBehavior [ RunTime:0.000010s ]
INFO: [ app_init ] --END-- [ RunTime:0.000070s ]
INFO: [ app_begin ] --START--
INFO: Run Behavior\ReadHtmlCacheBehavior [ RunTime:0.000023s ]
INFO: [ app_begin ] --END-- [ RunTime:0.000048s ]
ERR: 非法操作:css

[ 2017-09-25T20:49:25+08:00 ] 183.6.109.93 /zhcp/index.php/BackgroundAdmin/Index/index
INFO: [ app_init ] --START--
INFO: Run Behavior\BuildLiteBehavior [ RunTime:0.000018s ]
INFO: [ app_init ] --END-- [ RunTime:0.000085s ]
INFO: [ app_begin ] --START--
INFO: Run Behavior\ReadHtmlCacheBehavior [ RunTime:0.000072s ]
INFO: [ app_begin ] --END-- [ RunTime:0.000125s ]

[ 2017-09-25T20:49:25+08:00 ] 183.6.109.93 /zhcp/index.php/BackgroundAdmin/Login/index.html
INFO: [ app_init ] --START--
INFO: Run Behavior\BuildLiteBehavior [ RunTime:0.000010s ]
INFO: [ app_init ] --END-- [ RunTime:0.000059s ]
INFO: [ app_begin ] --START--
INFO: Run Behavior\ReadHtmlCacheBehavior [ RunTime:0.000032s ]
INFO: [ app_begin ] --END-- [ RunTime:0.000063s ]
INFO: [ view_parse ] --START--
INFO: [ template_filter ] --START--
INFO: Run Behavior\ContentReplaceBehavior [ RunTime:0.000043s ]
INFO: [ template_filter ] --END-- [ RunTime:0.000081s ]
INFO: Run Behavior\ParseTemplateBehavior [ RunTime:0.001467s ]
INFO: [ view_parse ] --END-- [ RunTime:0.001500s ]
INFO: [ view_filter ] --START--
INFO: Run Behavior\WriteHtmlCacheBehavior [ RunTime:0.000061s ]
INFO: [ view_filter ] --END-- [ RunTime:0.000080s ]
INFO: [ app_end ] --START--
INFO: Run Behavior\ShowPageTraceBehavior [ RunTime:0.000090s ]
INFO: [ app_end ] --END-- [ RunTime:0.000115s ]

[ 2017-09-25T21:33:57+08:00 ] 119.147.207.152 /zhcp/index.php/BackgroundAdmin/Login/index.html
INFO: [ app_init ] --START--
INFO: Run Behavior\BuildLiteBehavior [ RunTime:0.000008s ]
INFO: [ app_init ] --END-- [ RunTime:0.000049s ]
INFO: [ app_begin ] --START--
INFO: Run Behavior\ReadHtmlCacheBehavior [ RunTime:0.000024s ]
INFO: [ app_begin ] --END-- [ RunTime:0.000047s ]
INFO: [ view_parse ] --START--
INFO: [ template_filter ] --START--
INFO: Run Behavior\ContentReplaceBehavior [ RunTime:0.000035s ]
INFO: [ template_filter ] --END-- [ RunTime:0.000063s ]
INFO: Run Behavior\ParseTemplateBehavior [ RunTime:0.001200s ]
INFO: [ view_parse ] --END-- [ RunTime:0.001228s ]
INFO: [ view_filter ] --START--
INFO: Run Behavior\WriteHtmlCacheBehavior [ RunTime:0.000043s ]
INFO: [ view_filter ] --END-- [ RunTime:0.000069s ]
INFO: [ app_end ] --START--
INFO: Run Behavior\ShowPageTraceBehavior [ RunTime:0.000035s ]
INFO: [ app_end ] --END-- [ RunTime:0.000060s ]

