[ 2017-04-25T00:42:53+08:00 ] 127.0.0.1 /evaluation_system/index.php/BackgroundAdmin/Login/index.html
INFO: [ app_init ] --START--
INFO: Run Behavior\BuildLiteBehavior [ RunTime:0.000000s ]
INFO: [ app_init ] --END-- [ RunTime:0.001000s ]
INFO: [ app_begin ] --START--
INFO: Run Behavior\ReadHtmlCacheBehavior [ RunTime:0.001000s ]
INFO: [ app_begin ] --END-- [ RunTime:0.001000s ]
INFO: [ view_parse ] --START--
INFO: [ template_filter ] --START--
INFO: Run Behavior\ContentReplaceBehavior [ RunTime:0.000000s ]
INFO: [ template_filter ] --END-- [ RunTime:0.000000s ]
INFO: Run Behavior\ParseTemplateBehavior [ RunTime:0.010001s ]
INFO: [ view_parse ] --END-- [ RunTime:0.011001s ]
INFO: [ view_filter ] --START--
INFO: Run Behavior\WriteHtmlCacheBehavior [ RunTime:0.001000s ]
INFO: [ view_filter ] --END-- [ RunTime:0.001000s ]
INFO: [ app_end ] --START--
INFO: Run Behavior\ShowPageTraceBehavior [ RunTime:0.000000s ]
INFO: [ app_end ] --END-- [ RunTime:0.002000s ]

[ 2017-04-25T00:42:53+08:00 ] 127.0.0.1 /evaluation_system/index.php/BackgroundAdmin/Login/css/style.css
INFO: [ app_init ] --START--
INFO: Run Behavior\BuildLiteBehavior [ RunTime:0.000000s ]
INFO: [ app_init ] --END-- [ RunTime:0.001000s ]
INFO: [ app_begin ] --START--
INFO: Run Behavior\ReadHtmlCacheBehavior [ RunTime:0.002001s ]
INFO: [ app_begin ] --END-- [ RunTime:0.002001s ]
ERR: 非法操作:css

[ 2017-04-25T00:42:53+08:00 ] 127.0.0.1 /evaluation_system/index.php/BackgroundAdmin/Login/images/head-img.png
INFO: [ app_init ] --START--
INFO: Run Behavior\BuildLiteBehavior [ RunTime:0.000000s ]
INFO: [ app_init ] --END-- [ RunTime:0.001000s ]

[ 2017-04-25T00:42:58+08:00 ] 127.0.0.1 /evaluation_system/index.php/BackgroundAdmin/Login/index.html
INFO: [ app_init ] --START--
INFO: Run Behavior\BuildLiteBehavior [ RunTime:0.000000s ]
INFO: [ app_init ] --END-- [ RunTime:0.000000s ]
INFO: [ app_begin ] --START--
INFO: Run Behavior\ReadHtmlCacheBehavior [ RunTime:0.001000s ]
INFO: [ app_begin ] --END-- [ RunTime:0.001000s ]
SQL: SHOW COLUMNS FROM `classgroup` [ RunTime:0.0030s ]
SQL: SELECT * FROM `classgroup` WHERE `classgroup_account` = '123' AND `classgroup_password` = '213' LIMIT 1   [ RunTime:0.0010s ]
INFO: [ app_end ] --START--
INFO: Run Behavior\ShowPageTraceBehavior [ RunTime:0.002000s ]
INFO: [ app_end ] --END-- [ RunTime:0.002000s ]

[ 2017-04-25T00:43:14+08:00 ] 127.0.0.1 /evaluation_system/index.php/BackgroundAdmin/Login/index.html
INFO: [ app_init ] --START--
INFO: Run Behavior\BuildLiteBehavior [ RunTime:0.000000s ]
INFO: [ app_init ] --END-- [ RunTime:0.001000s ]
INFO: [ app_begin ] --START--
INFO: Run Behavior\ReadHtmlCacheBehavior [ RunTime:0.001000s ]
INFO: [ app_begin ] --END-- [ RunTime:0.001000s ]
SQL: SHOW COLUMNS FROM `classgroup` [ RunTime:0.0040s ]
SQL: SELECT * FROM `classgroup` WHERE `classgroup_account` = '124124' AND `classgroup_password` = '21' LIMIT 1   [ RunTime:0.0000s ]
INFO: [ app_end ] --START--
INFO: Run Behavior\ShowPageTraceBehavior [ RunTime:0.001000s ]
INFO: [ app_end ] --END-- [ RunTime:0.001000s ]

[ 2017-04-25T00:43:14+08:00 ] 127.0.0.1 /evaluation_system/index.php/BackgroundAdmin/Index/index
INFO: [ app_init ] --START--
INFO: Run Behavior\BuildLiteBehavior [ RunTime:0.000000s ]
INFO: [ app_init ] --END-- [ RunTime:0.001000s ]
INFO: [ app_begin ] --START--
INFO: Run Behavior\ReadHtmlCacheBehavior [ RunTime:0.001000s ]
INFO: [ app_begin ] --END-- [ RunTime:0.001000s ]
SQL: SHOW COLUMNS FROM `pclass` [ RunTime:0.0040s ]
SQL: SELECT `pclass_name` FROM `pclass` WHERE (  pclass_id ) LIMIT 1   [ RunTime:0.0000s ]
INFO: [ view_parse ] --START--
INFO: [ template_filter ] --START--
INFO: Run Behavior\ContentReplaceBehavior [ RunTime:0.000000s ]
INFO: [ template_filter ] --END-- [ RunTime:0.001000s ]
INFO: Run Behavior\ParseTemplateBehavior [ RunTime:0.013001s ]
INFO: [ view_parse ] --END-- [ RunTime:0.013001s ]
INFO: [ view_filter ] --START--
INFO: Run Behavior\WriteHtmlCacheBehavior [ RunTime:0.001000s ]
INFO: [ view_filter ] --END-- [ RunTime:0.001000s ]
INFO: [ app_end ] --START--
INFO: Run Behavior\ShowPageTraceBehavior [ RunTime:0.001000s ]
INFO: [ app_end ] --END-- [ RunTime:0.001000s ]

[ 2017-04-25T00:43:15+08:00 ] 127.0.0.1 /evaluation_system/index.php/BackgroundAdmin/Index/copy.html
INFO: [ app_init ] --START--
INFO: Run Behavior\BuildLiteBehavior [ RunTime:0.000000s ]
INFO: [ app_init ] --END-- [ RunTime:0.002000s ]
INFO: [ app_begin ] --START--
INFO: Run Behavior\ReadHtmlCacheBehavior [ RunTime:0.002000s ]
INFO: [ app_begin ] --END-- [ RunTime:0.002000s ]
INFO: [ view_parse ] --START--
INFO: [ template_filter ] --START--
INFO: Run Behavior\ContentReplaceBehavior [ RunTime:0.002000s ]
INFO: [ template_filter ] --END-- [ RunTime:0.003000s ]
INFO: Run Behavior\ParseTemplateBehavior [ RunTime:0.028002s ]
INFO: [ view_parse ] --END-- [ RunTime:0.029002s ]
INFO: [ view_filter ] --START--
INFO: Run Behavior\WriteHtmlCacheBehavior [ RunTime:0.001000s ]
INFO: [ view_filter ] --END-- [ RunTime:0.001000s ]
INFO: [ app_end ] --START--
INFO: Run Behavior\ShowPageTraceBehavior [ RunTime:0.001000s ]
INFO: [ app_end ] --END-- [ RunTime:0.001000s ]

[ 2017-04-25T00:43:17+08:00 ] 127.0.0.1 /evaluation_system/index.php/BackgroundAdmin/Index/queryclass.html
INFO: [ app_init ] --START--
INFO: Run Behavior\BuildLiteBehavior [ RunTime:0.000000s ]
INFO: [ app_init ] --END-- [ RunTime:0.001000s ]
INFO: [ app_begin ] --START--
INFO: Run Behavior\ReadHtmlCacheBehavior [ RunTime:0.001000s ]
INFO: [ app_begin ] --END-- [ RunTime:0.002000s ]
SQL: SHOW COLUMNS FROM `pclass` [ RunTime:0.0050s ]
SQL: SELECT `pclass_name` FROM `pclass` WHERE `pclass_id` = 2 LIMIT 1   [ RunTime:0.0000s ]
SQL: SELECT * FROM `pclass` WHERE `pclass_id` = 2 LIMIT 1   [ RunTime:0.0000s ]
SQL: SHOW COLUMNS FROM `grade` [ RunTime:0.0040s ]
SQL: SELECT `grade_name` FROM `grade` WHERE `grade_id` = 1 LIMIT 1   [ RunTime:0.0000s ]
SQL: SHOW COLUMNS FROM `user` [ RunTime:0.0040s ]
SQL: SELECT * FROM `user` WHERE `pclass_id` = 2 AND `grade_id` = 1  [ RunTime:0.0000s ]
SQL: SHOW COLUMNS FROM `schoolyear` [ RunTime:0.0070s ]
SQL: SELECT * FROM `schoolyear` WHERE `schoolyear_nowyear` = 1 LIMIT 1   [ RunTime:0.0000s ]
SQL: SHOW COLUMNS FROM `basetwograde` [ RunTime:0.0030s ]
SQL: SELECT * FROM `basetwograde` WHERE `schoolyear_id` = 2 AND `user_id` = 8 LIMIT 1   [ RunTime:0.0010s ]
INFO: [ view_parse ] --START--
INFO: [ template_filter ] --START--
INFO: Run Behavior\ContentReplaceBehavior [ RunTime:0.000000s ]
INFO: [ template_filter ] --END-- [ RunTime:0.001000s ]
INFO: Run Behavior\ParseTemplateBehavior [ RunTime:0.015001s ]
INFO: [ view_parse ] --END-- [ RunTime:0.015001s ]
INFO: [ view_filter ] --START--
INFO: Run Behavior\WriteHtmlCacheBehavior [ RunTime:0.001000s ]
INFO: [ view_filter ] --END-- [ RunTime:0.001000s ]
INFO: [ app_end ] --START--
INFO: Run Behavior\ShowPageTraceBehavior [ RunTime:0.001000s ]
INFO: [ app_end ] --END-- [ RunTime:0.001000s ]

[ 2017-04-25T00:45:11+08:00 ] 127.0.0.1 /evaluation_system/index.php/BackgroundAdmin/Admin/index.html
INFO: [ app_init ] --START--
INFO: Run Behavior\BuildLiteBehavior [ RunTime:0.000000s ]
INFO: [ app_init ] --END-- [ RunTime:0.001000s ]
INFO: [ app_begin ] --START--
INFO: Run Behavior\ReadHtmlCacheBehavior [ RunTime:0.001000s ]
INFO: [ app_begin ] --END-- [ RunTime:0.002000s ]
SQL: SHOW COLUMNS FROM `pclass` [ RunTime:0.0050s ]
SQL: SELECT `pclass_name` FROM `pclass` WHERE `pclass_id` = 2 LIMIT 1   [ RunTime:0.0010s ]
SQL: SHOW COLUMNS FROM `classgroup` [ RunTime:0.0040s ]
SQL: SELECT `classgroup_account` FROM `classgroup` WHERE `classgroup_id` = 5 LIMIT 1   [ RunTime:0.0010s ]
INFO: [ view_parse ] --START--
INFO: [ template_filter ] --START--
INFO: Run Behavior\ContentReplaceBehavior [ RunTime:0.000000s ]
INFO: [ template_filter ] --END-- [ RunTime:0.000000s ]
INFO: Run Behavior\ParseTemplateBehavior [ RunTime:0.008001s ]
INFO: [ view_parse ] --END-- [ RunTime:0.010001s ]
INFO: [ view_filter ] --START--
INFO: Run Behavior\WriteHtmlCacheBehavior [ RunTime:0.000000s ]
INFO: [ view_filter ] --END-- [ RunTime:0.000000s ]
INFO: [ app_end ] --START--
INFO: Run Behavior\ShowPageTraceBehavior [ RunTime:0.001000s ]
INFO: [ app_end ] --END-- [ RunTime:0.001000s ]

[ 2017-04-25T00:45:13+08:00 ] 127.0.0.1 /evaluation_system/index.php/BackgroundAdmin/Index/queryclass.html
INFO: [ app_init ] --START--
INFO: Run Behavior\BuildLiteBehavior [ RunTime:0.000000s ]
INFO: [ app_init ] --END-- [ RunTime:0.001000s ]
INFO: [ app_begin ] --START--
INFO: Run Behavior\ReadHtmlCacheBehavior [ RunTime:0.001000s ]
INFO: [ app_begin ] --END-- [ RunTime:0.001000s ]
SQL: SHOW COLUMNS FROM `pclass` [ RunTime:0.0040s ]
SQL: SELECT `pclass_name` FROM `pclass` WHERE `pclass_id` = 2 LIMIT 1   [ RunTime:0.0010s ]
SQL: SELECT * FROM `pclass` WHERE `pclass_id` = 2 LIMIT 1   [ RunTime:0.0010s ]
SQL: SHOW COLUMNS FROM `grade` [ RunTime:0.0060s ]
SQL: SELECT `grade_name` FROM `grade` WHERE `grade_id` = 1 LIMIT 1   [ RunTime:0.0010s ]
SQL: SHOW COLUMNS FROM `user` [ RunTime:0.0040s ]
SQL: SELECT * FROM `user` WHERE `pclass_id` = 2 AND `grade_id` = 1  [ RunTime:0.0000s ]
SQL: SHOW COLUMNS FROM `schoolyear` [ RunTime:0.0050s ]
SQL: SELECT * FROM `schoolyear` WHERE `schoolyear_nowyear` = 1 LIMIT 1   [ RunTime:0.0010s ]
SQL: SHOW COLUMNS FROM `basetwograde` [ RunTime:0.0040s ]
SQL: SELECT * FROM `basetwograde` WHERE `schoolyear_id` = 2 AND `user_id` = 8 LIMIT 1   [ RunTime:0.0010s ]
INFO: [ view_parse ] --START--
INFO: [ template_filter ] --START--
INFO: Run Behavior\ContentReplaceBehavior [ RunTime:0.001000s ]
INFO: [ template_filter ] --END-- [ RunTime:0.001000s ]
INFO: Run Behavior\ParseTemplateBehavior [ RunTime:0.013001s ]
INFO: [ view_parse ] --END-- [ RunTime:0.014001s ]
INFO: [ view_filter ] --START--
INFO: Run Behavior\WriteHtmlCacheBehavior [ RunTime:0.000000s ]
INFO: [ view_filter ] --END-- [ RunTime:0.000000s ]
INFO: [ app_end ] --START--
INFO: Run Behavior\ShowPageTraceBehavior [ RunTime:0.000000s ]
INFO: [ app_end ] --END-- [ RunTime:0.001000s ]

[ 2017-04-25T00:46:41+08:00 ] 127.0.0.1 /evaluation_system/index.php/BackgroundAdmin/Index/index
INFO: [ app_init ] --START--
INFO: Run Behavior\BuildLiteBehavior [ RunTime:0.000000s ]
INFO: [ app_init ] --END-- [ RunTime:0.001000s ]
INFO: [ app_begin ] --START--
INFO: Run Behavior\ReadHtmlCacheBehavior [ RunTime:0.001000s ]
INFO: [ app_begin ] --END-- [ RunTime:0.001000s ]
SQL: SHOW COLUMNS FROM `pclass` [ RunTime:0.0070s ]
SQL: SELECT `pclass_name` FROM `pclass` WHERE `pclass_id` = 2 LIMIT 1   [ RunTime:0.0000s ]
INFO: [ view_parse ] --START--
INFO: [ template_filter ] --START--
INFO: Run Behavior\ContentReplaceBehavior [ RunTime:0.000000s ]
INFO: [ template_filter ] --END-- [ RunTime:0.000000s ]
INFO: Run Behavior\ParseTemplateBehavior [ RunTime:0.012001s ]
INFO: [ view_parse ] --END-- [ RunTime:0.012001s ]
INFO: [ view_filter ] --START--
INFO: Run Behavior\WriteHtmlCacheBehavior [ RunTime:0.001000s ]
INFO: [ view_filter ] --END-- [ RunTime:0.001000s ]
INFO: [ app_end ] --START--
INFO: Run Behavior\ShowPageTraceBehavior [ RunTime:0.000000s ]
INFO: [ app_end ] --END-- [ RunTime:0.001000s ]

[ 2017-04-25T00:46:42+08:00 ] 127.0.0.1 /evaluation_system/index.php/BackgroundAdmin/Index/copy.html
INFO: [ app_init ] --START--
INFO: Run Behavior\BuildLiteBehavior [ RunTime:0.000000s ]
INFO: [ app_init ] --END-- [ RunTime:0.001000s ]
INFO: [ app_begin ] --START--
INFO: Run Behavior\ReadHtmlCacheBehavior [ RunTime:0.002001s ]
INFO: [ app_begin ] --END-- [ RunTime:0.002001s ]
INFO: [ view_parse ] --START--
INFO: [ template_filter ] --START--
INFO: Run Behavior\ContentReplaceBehavior [ RunTime:0.000000s ]
INFO: [ template_filter ] --END-- [ RunTime:0.000000s ]
INFO: Run Behavior\ParseTemplateBehavior [ RunTime:0.016001s ]
INFO: [ view_parse ] --END-- [ RunTime:0.017001s ]
INFO: [ view_filter ] --START--
INFO: Run Behavior\WriteHtmlCacheBehavior [ RunTime:0.001000s ]
INFO: [ view_filter ] --END-- [ RunTime:0.001000s ]
INFO: [ app_end ] --START--
INFO: Run Behavior\ShowPageTraceBehavior [ RunTime:0.001000s ]
INFO: [ app_end ] --END-- [ RunTime:0.002000s ]

[ 2017-04-25T00:46:43+08:00 ] 127.0.0.1 /evaluation_system/index.php/BackgroundAdmin/Index/queryclass.html
INFO: [ app_init ] --START--
INFO: Run Behavior\BuildLiteBehavior [ RunTime:0.000000s ]
INFO: [ app_init ] --END-- [ RunTime:0.001001s ]
INFO: [ app_begin ] --START--
INFO: Run Behavior\ReadHtmlCacheBehavior [ RunTime:0.001000s ]
INFO: [ app_begin ] --END-- [ RunTime:0.001000s ]
SQL: SHOW COLUMNS FROM `pclass` [ RunTime:0.0060s ]
SQL: SELECT `pclass_name` FROM `pclass` WHERE `pclass_id` = 2 LIMIT 1   [ RunTime:0.0000s ]
SQL: SELECT * FROM `pclass` WHERE `pclass_id` = 2 LIMIT 1   [ RunTime:0.0000s ]
SQL: SHOW COLUMNS FROM `grade` [ RunTime:0.0040s ]
SQL: SELECT `grade_name` FROM `grade` WHERE `grade_id` = 1 LIMIT 1   [ RunTime:0.0000s ]
SQL: SHOW COLUMNS FROM `user` [ RunTime:0.0050s ]
SQL: SELECT * FROM `user` WHERE `pclass_id` = 2 AND `grade_id` = 1  [ RunTime:0.0000s ]
SQL: SHOW COLUMNS FROM `schoolyear` [ RunTime:0.0040s ]
SQL: SELECT * FROM `schoolyear` WHERE `schoolyear_nowyear` = 1 LIMIT 1   [ RunTime:0.0000s ]
SQL: SHOW COLUMNS FROM `basetwograde` [ RunTime:0.0040s ]
SQL: SELECT * FROM `basetwograde` WHERE `schoolyear_id` = 2 AND `user_id` = 8 LIMIT 1   [ RunTime:0.0000s ]
INFO: [ view_parse ] --START--
INFO: [ template_filter ] --START--
INFO: Run Behavior\ContentReplaceBehavior [ RunTime:0.000000s ]
INFO: [ template_filter ] --END-- [ RunTime:0.000000s ]
INFO: Run Behavior\ParseTemplateBehavior [ RunTime:0.015001s ]
INFO: [ view_parse ] --END-- [ RunTime:0.015001s ]
INFO: [ view_filter ] --START--
INFO: Run Behavior\WriteHtmlCacheBehavior [ RunTime:0.000000s ]
INFO: [ view_filter ] --END-- [ RunTime:0.000000s ]
INFO: [ app_end ] --START--
INFO: Run Behavior\ShowPageTraceBehavior [ RunTime:0.001000s ]
INFO: [ app_end ] --END-- [ RunTime:0.001000s ]

[ 2017-04-25T00:46:45+08:00 ] 127.0.0.1 /evaluation_system/index.php/BackgroundAdmin/Index/audit/user_id/8.html
INFO: [ app_init ] --START--
INFO: Run Behavior\BuildLiteBehavior [ RunTime:0.000000s ]
INFO: [ app_init ] --END-- [ RunTime:0.001000s ]
INFO: [ app_begin ] --START--
INFO: Run Behavior\ReadHtmlCacheBehavior [ RunTime:0.000000s ]
INFO: [ app_begin ] --END-- [ RunTime:0.000000s ]
SQL: SHOW COLUMNS FROM `schoolyear` [ RunTime:0.0070s ]
SQL: SELECT * FROM `schoolyear` WHERE `schoolyear_nowyear` = 1 LIMIT 1   [ RunTime:0.0010s ]
SQL: SHOW COLUMNS FROM `basetwograde` [ RunTime:0.0050s ]
SQL: SELECT * FROM `basetwograde` WHERE `user_id` = 8 AND `schoolyear_id` = 2  [ RunTime:0.0000s ]
SQL: SHOW COLUMNS FROM `deveonelevelgrade` [ RunTime:0.0060s ]
SQL: SELECT * FROM `deveonelevelgrade` WHERE `user_id` = 8 AND `schoolyear_id` = 2  [ RunTime:0.0010s ]
SQL: SELECT * FROM `basetwograde` WHERE `user_id` = 8 AND `schoolyear_id` = 2  [ RunTime:0.0010s ]
SQL: SELECT * FROM `deveonelevelgrade` WHERE `user_id` = 8 AND `schoolyear_id` = 2  [ RunTime:0.0000s ]
SQL: SHOW COLUMNS FROM `basetwolevelindex` [ RunTime:0.0050s ]
SQL: SELECT COUNT(*) AS tp_count FROM `basetwolevelindex` LIMIT 1   [ RunTime:0.0010s ]
SQL: SHOW COLUMNS FROM `deveonelevelindex` [ RunTime:0.0060s ]
SQL: SELECT COUNT(*) AS tp_count FROM `deveonelevelindex` LIMIT 1   [ RunTime:0.0000s ]
SQL: SELECT * FROM `deveonelevelindex`  [ RunTime:0.0010s ]
SQL: SHOW COLUMNS FROM `user` [ RunTime:0.0040s ]
SQL: SELECT `pclass_id` FROM `user` WHERE `user_id` = 8 LIMIT 1   [ RunTime:0.0010s ]
NOTIC: [8] Undefined variable: base E:\wamp\www\evaluation_system\Application\BackgroundAdmin\Controller\IndexController.class.php 第 122 行.
INFO: [ view_parse ] --START--
INFO: [ template_filter ] --START--
INFO: Run Behavior\ContentReplaceBehavior [ RunTime:0.001000s ]
INFO: [ template_filter ] --END-- [ RunTime:0.001000s ]
INFO: Run Behavior\ParseTemplateBehavior [ RunTime:0.029001s ]
INFO: [ view_parse ] --END-- [ RunTime:0.029001s ]
INFO: [ view_filter ] --START--
INFO: Run Behavior\WriteHtmlCacheBehavior [ RunTime:0.001001s ]
INFO: [ view_filter ] --END-- [ RunTime:0.001001s ]
INFO: [ app_end ] --START--
INFO: Run Behavior\ShowPageTraceBehavior [ RunTime:0.001000s ]
INFO: [ app_end ] --END-- [ RunTime:0.001000s ]

[ 2017-04-25T00:46:56+08:00 ] 127.0.0.1 /evaluation_system/index.php/BackgroundAdmin/Index/auditscore.html
INFO: [ app_init ] --START--
INFO: Run Behavior\BuildLiteBehavior [ RunTime:0.000000s ]
INFO: [ app_init ] --END-- [ RunTime:0.001000s ]
INFO: [ app_begin ] --START--
INFO: Run Behavior\ReadHtmlCacheBehavior [ RunTime:0.001000s ]
INFO: [ app_begin ] --END-- [ RunTime:0.001000s ]
SQL: SHOW COLUMNS FROM `user` [ RunTime:0.0060s ]
SQL: SELECT `pclass_id` FROM `user` WHERE `user_id` = 8 LIMIT 1   [ RunTime:0.0020s ]
SQL: SHOW COLUMNS FROM `schoolyear` [ RunTime:0.0050s ]
SQL: SELECT * FROM `schoolyear` WHERE `schoolyear_nowyear` = 1 LIMIT 1   [ RunTime:0.0000s ]
SQL: SHOW COLUMNS FROM `basetwograde` [ RunTime:0.0040s ]
SQL: SELECT * FROM `basetwograde` WHERE `schoolyear_id` = 2 AND `user_id` = 8 AND `baseonelevelindex_id` = 1 LIMIT 1   [ RunTime:0.0010s ]
SQL: UPDATE `basetwograde` SET `basetwograde_auditscore`='6',`basetwograde_state`='2' WHERE `basetwograde_id` = 421 [ RunTime:0.1870s ]
SQL: SELECT * FROM `basetwograde` WHERE `schoolyear_id` = 2 AND `user_id` = 8 AND `baseonelevelindex_id` = 2 LIMIT 1   [ RunTime:0.0000s ]
SQL: UPDATE `basetwograde` SET `basetwograde_auditscore`='6',`basetwograde_state`='2' WHERE `basetwograde_id` = 422 [ RunTime:0.2300s ]
SQL: SELECT * FROM `basetwograde` WHERE `schoolyear_id` = 2 AND `user_id` = 8 AND `baseonelevelindex_id` = 2 LIMIT 1   [ RunTime:0.0010s ]
SQL: UPDATE `basetwograde` SET `basetwograde_auditscore`='6',`basetwograde_state`='2' WHERE `basetwograde_id` = 422 [ RunTime:0.0570s ]
SQL: SELECT * FROM `basetwograde` WHERE `schoolyear_id` = 2 AND `user_id` = 8 AND `baseonelevelindex_id` = 4 LIMIT 1   [ RunTime:0.0000s ]
SQL: UPDATE `basetwograde` SET `basetwograde_auditscore`='6',`basetwograde_state`='2' WHERE `basetwograde_id` = 424 [ RunTime:0.0380s ]
SQL: SELECT * FROM `basetwograde` WHERE `schoolyear_id` = 2 AND `user_id` = 8 AND `baseonelevelindex_id` = 5 LIMIT 1   [ RunTime:0.0010s ]
SQL: UPDATE `basetwograde` SET `basetwograde_auditscore`='6',`basetwograde_state`='2' WHERE `basetwograde_id` = 425 [ RunTime:0.0240s ]
SQL: SELECT * FROM `basetwograde` WHERE `schoolyear_id` = 2 AND `user_id` = 8 AND `baseonelevelindex_id` = 6 LIMIT 1   [ RunTime:0.0000s ]
SQL: UPDATE `basetwograde` SET `basetwograde_auditscore`='6',`basetwograde_state`='2' WHERE `basetwograde_id` = 426 [ RunTime:0.0160s ]
SQL: SELECT * FROM `basetwograde` WHERE `schoolyear_id` = 2 AND `user_id` = 8 AND `baseonelevelindex_id` = 7 LIMIT 1   [ RunTime:0.0010s ]
SQL: UPDATE `basetwograde` SET `basetwograde_auditscore`='6',`basetwograde_state`='3' WHERE `basetwograde_id` = 427 [ RunTime:0.0230s ]
SQL: SELECT * FROM `basetwograde` WHERE `schoolyear_id` = 2 AND `user_id` = 8 AND `baseonelevelindex_id` = 8 LIMIT 1   [ RunTime:0.0010s ]
SQL: UPDATE `basetwograde` SET `basetwograde_auditscore`='6',`basetwograde_state`='2' WHERE `basetwograde_id` = 428 [ RunTime:0.0160s ]
SQL: SELECT * FROM `basetwograde` WHERE `schoolyear_id` = 2 AND `user_id` = 8 AND `baseonelevelindex_id` = 9 LIMIT 1   [ RunTime:0.0000s ]
SQL: UPDATE `basetwograde` SET `basetwograde_auditscore`='6',`basetwograde_state`='2' WHERE `basetwograde_id` = 429 [ RunTime:0.0470s ]
SQL: SELECT * FROM `basetwograde` WHERE `schoolyear_id` = 2 AND `user_id` = 8 AND `baseonelevelindex_id` = 10 LIMIT 1   [ RunTime:0.0000s ]
SQL: UPDATE `basetwograde` SET `basetwograde_auditscore`='6',`basetwograde_state`='2' WHERE `basetwograde_id` = 430 [ RunTime:0.0370s ]
SQL: SHOW COLUMNS FROM `deveonelevelgrade` [ RunTime:0.0040s ]
SQL: SELECT * FROM `deveonelevelgrade` WHERE `schoolyear_id` = 2 AND `user_id` = 8 AND `deveonelevelindex_id` = 1 LIMIT 1   [ RunTime:0.0000s ]
SQL: UPDATE `deveonelevelgrade` SET `deveonelevelgrade_auditscore`='2',`deveonelevelgrade_state`='2' WHERE `deveonelevelgrade_id` = 34 [ RunTime:0.0190s ]
INFO: [ view_parse ] --START--
INFO: [ template_filter ] --START--
INFO: Run Behavior\ContentReplaceBehavior [ RunTime:0.000000s ]
INFO: [ template_filter ] --END-- [ RunTime:0.000000s ]
INFO: Run Behavior\ParseTemplateBehavior [ RunTime:0.009001s ]
INFO: [ view_parse ] --END-- [ RunTime:0.009001s ]
INFO: [ view_filter ] --START--
INFO: Run Behavior\WriteHtmlCacheBehavior [ RunTime:0.001000s ]
INFO: [ view_filter ] --END-- [ RunTime:0.001000s ]
INFO: [ app_end ] --START--
INFO: Run Behavior\ShowPageTraceBehavior [ RunTime:0.001000s ]
INFO: [ app_end ] --END-- [ RunTime:0.001000s ]

[ 2017-04-25T00:46:57+08:00 ] 127.0.0.1 /evaluation_system/index.php/BackgroundAdmin/Index/queryclass/pclass_id/2
INFO: [ app_init ] --START--
INFO: Run Behavior\BuildLiteBehavior [ RunTime:0.000000s ]
INFO: [ app_init ] --END-- [ RunTime:0.001000s ]
INFO: [ app_begin ] --START--
INFO: Run Behavior\ReadHtmlCacheBehavior [ RunTime:0.001000s ]
INFO: [ app_begin ] --END-- [ RunTime:0.001000s ]
SQL: SHOW COLUMNS FROM `pclass` [ RunTime:0.0050s ]
SQL: SELECT `pclass_name` FROM `pclass` WHERE `pclass_id` = 2 LIMIT 1   [ RunTime:0.0010s ]
SQL: SELECT * FROM `pclass` WHERE `pclass_id` = 2 LIMIT 1   [ RunTime:0.0010s ]
SQL: SHOW COLUMNS FROM `grade` [ RunTime:0.0040s ]
SQL: SELECT `grade_name` FROM `grade` WHERE `grade_id` = 1 LIMIT 1   [ RunTime:0.0000s ]
SQL: SHOW COLUMNS FROM `user` [ RunTime:0.0050s ]
SQL: SELECT * FROM `user` WHERE `pclass_id` = 2 AND `grade_id` = 1  [ RunTime:0.0000s ]
SQL: SHOW COLUMNS FROM `schoolyear` [ RunTime:0.0040s ]
SQL: SELECT * FROM `schoolyear` WHERE `schoolyear_nowyear` = 1 LIMIT 1   [ RunTime:0.0010s ]
SQL: SHOW COLUMNS FROM `basetwograde` [ RunTime:0.0060s ]
SQL: SELECT * FROM `basetwograde` WHERE `schoolyear_id` = 2 AND `user_id` = 8 LIMIT 1   [ RunTime:0.0010s ]
INFO: [ view_parse ] --START--
INFO: [ template_filter ] --START--
INFO: Run Behavior\ContentReplaceBehavior [ RunTime:0.001000s ]
INFO: [ template_filter ] --END-- [ RunTime:0.001000s ]
INFO: Run Behavior\ParseTemplateBehavior [ RunTime:0.016001s ]
INFO: [ view_parse ] --END-- [ RunTime:0.016001s ]
INFO: [ view_filter ] --START--
INFO: Run Behavior\WriteHtmlCacheBehavior [ RunTime:0.000000s ]
INFO: [ view_filter ] --END-- [ RunTime:0.002000s ]
INFO: [ app_end ] --START--
INFO: Run Behavior\ShowPageTraceBehavior [ RunTime:0.001000s ]
INFO: [ app_end ] --END-- [ RunTime:0.002000s ]

[ 2017-04-25T00:47:00+08:00 ] 127.0.0.1 /evaluation_system/index.php/BackgroundAdmin/Index/audit/user_id/8.html
INFO: [ app_init ] --START--
INFO: Run Behavior\BuildLiteBehavior [ RunTime:0.000000s ]
INFO: [ app_init ] --END-- [ RunTime:0.001000s ]
INFO: [ app_begin ] --START--
INFO: Run Behavior\ReadHtmlCacheBehavior [ RunTime:0.001001s ]
INFO: [ app_begin ] --END-- [ RunTime:0.001001s ]
SQL: SHOW COLUMNS FROM `schoolyear` [ RunTime:0.0040s ]
SQL: SELECT * FROM `schoolyear` WHERE `schoolyear_nowyear` = 1 LIMIT 1   [ RunTime:0.0020s ]
SQL: SHOW COLUMNS FROM `basetwograde` [ RunTime:0.0050s ]
SQL: SELECT * FROM `basetwograde` WHERE `user_id` = 8 AND `schoolyear_id` = 2  [ RunTime:0.0010s ]
SQL: SHOW COLUMNS FROM `deveonelevelgrade` [ RunTime:0.0030s ]
SQL: SELECT * FROM `deveonelevelgrade` WHERE `user_id` = 8 AND `schoolyear_id` = 2  [ RunTime:0.0010s ]
SQL: SELECT * FROM `basetwograde` WHERE `user_id` = 8 AND `schoolyear_id` = 2  [ RunTime:0.0020s ]
SQL: SELECT * FROM `deveonelevelgrade` WHERE `user_id` = 8 AND `schoolyear_id` = 2  [ RunTime:0.0000s ]
SQL: SHOW COLUMNS FROM `basetwolevelindex` [ RunTime:0.0050s ]
SQL: SELECT COUNT(*) AS tp_count FROM `basetwolevelindex` LIMIT 1   [ RunTime:0.0000s ]
SQL: SHOW COLUMNS FROM `deveonelevelindex` [ RunTime:0.0040s ]
SQL: SELECT COUNT(*) AS tp_count FROM `deveonelevelindex` LIMIT 1   [ RunTime:0.0010s ]
SQL: SELECT * FROM `deveonelevelindex`  [ RunTime:0.0010s ]
SQL: SHOW COLUMNS FROM `user` [ RunTime:0.0040s ]
SQL: SELECT `pclass_id` FROM `user` WHERE `user_id` = 8 LIMIT 1   [ RunTime:0.0010s ]
NOTIC: [8] Undefined variable: base E:\wamp\www\evaluation_system\Application\BackgroundAdmin\Controller\IndexController.class.php 第 122 行.
INFO: [ view_parse ] --START--
INFO: [ template_filter ] --START--
INFO: Run Behavior\ContentReplaceBehavior [ RunTime:0.000000s ]
INFO: [ template_filter ] --END-- [ RunTime:0.000000s ]
INFO: Run Behavior\ParseTemplateBehavior [ RunTime:0.034002s ]
INFO: [ view_parse ] --END-- [ RunTime:0.034002s ]
INFO: [ view_filter ] --START--
INFO: Run Behavior\WriteHtmlCacheBehavior [ RunTime:0.001000s ]
INFO: [ view_filter ] --END-- [ RunTime:0.001000s ]
INFO: [ app_end ] --START--
INFO: Run Behavior\ShowPageTraceBehavior [ RunTime:0.001000s ]
INFO: [ app_end ] --END-- [ RunTime:0.001000s ]

[ 2017-04-25T00:47:21+08:00 ] 127.0.0.1 /evaluation_system/index.php/BackgroundAdmin/Index/auditscore.html
INFO: [ app_init ] --START--
INFO: Run Behavior\BuildLiteBehavior [ RunTime:0.000000s ]
INFO: [ app_init ] --END-- [ RunTime:0.001000s ]
INFO: [ app_begin ] --START--
INFO: Run Behavior\ReadHtmlCacheBehavior [ RunTime:0.001000s ]
INFO: [ app_begin ] --END-- [ RunTime:0.002000s ]
SQL: SHOW COLUMNS FROM `user` [ RunTime:0.0070s ]
SQL: SELECT `pclass_id` FROM `user` WHERE `user_id` = 8 LIMIT 1   [ RunTime:0.0010s ]
SQL: SHOW COLUMNS FROM `schoolyear` [ RunTime:0.0040s ]
SQL: SELECT * FROM `schoolyear` WHERE `schoolyear_nowyear` = 1 LIMIT 1   [ RunTime:0.0000s ]
SQL: SHOW COLUMNS FROM `basetwograde` [ RunTime:0.0040s ]
SQL: SELECT * FROM `basetwograde` WHERE `schoolyear_id` = 2 AND `user_id` = 8 AND `baseonelevelindex_id` = 1 LIMIT 1   [ RunTime:0.0010s ]
SQL: UPDATE `basetwograde` SET `basetwograde_auditscore`='6',`basetwograde_state`='2' WHERE `basetwograde_id` = 421 [ RunTime:0.1970s ]
SQL: SELECT * FROM `basetwograde` WHERE `schoolyear_id` = 2 AND `user_id` = 8 AND `baseonelevelindex_id` = 2 LIMIT 1   [ RunTime:0.0010s ]
SQL: UPDATE `basetwograde` SET `basetwograde_auditscore`='6',`basetwograde_state`='2' WHERE `basetwograde_id` = 422 [ RunTime:0.1760s ]
SQL: SELECT * FROM `basetwograde` WHERE `schoolyear_id` = 2 AND `user_id` = 8 AND `baseonelevelindex_id` = 2 LIMIT 1   [ RunTime:0.0000s ]
SQL: UPDATE `basetwograde` SET `basetwograde_auditscore`='6',`basetwograde_state`='2' WHERE `basetwograde_id` = 422 [ RunTime:0.0350s ]
SQL: SELECT * FROM `basetwograde` WHERE `schoolyear_id` = 2 AND `user_id` = 8 AND `baseonelevelindex_id` = 4 LIMIT 1   [ RunTime:0.0010s ]
SQL: UPDATE `basetwograde` SET `basetwograde_auditscore`='6',`basetwograde_state`='2' WHERE `basetwograde_id` = 424 [ RunTime:0.0710s ]
SQL: SELECT * FROM `basetwograde` WHERE `schoolyear_id` = 2 AND `user_id` = 8 AND `baseonelevelindex_id` = 5 LIMIT 1   [ RunTime:0.0000s ]
SQL: UPDATE `basetwograde` SET `basetwograde_auditscore`='6',`basetwograde_state`='2' WHERE `basetwograde_id` = 425 [ RunTime:0.0350s ]
SQL: SELECT * FROM `basetwograde` WHERE `schoolyear_id` = 2 AND `user_id` = 8 AND `baseonelevelindex_id` = 6 LIMIT 1   [ RunTime:0.0010s ]
SQL: UPDATE `basetwograde` SET `basetwograde_auditscore`='6',`basetwograde_state`='2' WHERE `basetwograde_id` = 426 [ RunTime:0.0160s ]
SQL: SELECT * FROM `basetwograde` WHERE `schoolyear_id` = 2 AND `user_id` = 8 AND `baseonelevelindex_id` = 7 LIMIT 1   [ RunTime:0.0000s ]
SQL: UPDATE `basetwograde` SET `basetwograde_auditscore`='6',`basetwograde_state`='3' WHERE `basetwograde_id` = 427 [ RunTime:0.0240s ]
SQL: SELECT * FROM `basetwograde` WHERE `schoolyear_id` = 2 AND `user_id` = 8 AND `baseonelevelindex_id` = 8 LIMIT 1   [ RunTime:0.0010s ]
SQL: UPDATE `basetwograde` SET `basetwograde_auditscore`='6',`basetwograde_state`='2' WHERE `basetwograde_id` = 428 [ RunTime:0.0270s ]
SQL: SELECT * FROM `basetwograde` WHERE `schoolyear_id` = 2 AND `user_id` = 8 AND `baseonelevelindex_id` = 9 LIMIT 1   [ RunTime:0.0010s ]
SQL: UPDATE `basetwograde` SET `basetwograde_auditscore`='6',`basetwograde_state`='2' WHERE `basetwograde_id` = 429 [ RunTime:0.0230s ]
SQL: SELECT * FROM `basetwograde` WHERE `schoolyear_id` = 2 AND `user_id` = 8 AND `baseonelevelindex_id` = 10 LIMIT 1   [ RunTime:0.0010s ]
SQL: UPDATE `basetwograde` SET `basetwograde_auditscore`='6',`basetwograde_state`='2' WHERE `basetwograde_id` = 430 [ RunTime:0.0710s ]
SQL: SHOW COLUMNS FROM `deveonelevelgrade` [ RunTime:0.0040s ]
SQL: SELECT * FROM `deveonelevelgrade` WHERE `schoolyear_id` = 2 AND `user_id` = 8 AND `deveonelevelindex_id` = 1 LIMIT 1   [ RunTime:0.0000s ]
SQL: UPDATE `deveonelevelgrade` SET `deveonelevelgrade_auditscore`='2',`deveonelevelgrade_state`='2' WHERE `deveonelevelgrade_id` = 34 [ RunTime:0.0300s ]
INFO: [ view_parse ] --START--
INFO: [ template_filter ] --START--
INFO: Run Behavior\ContentReplaceBehavior [ RunTime:0.001000s ]
INFO: [ template_filter ] --END-- [ RunTime:0.001000s ]
INFO: Run Behavior\ParseTemplateBehavior [ RunTime:0.011000s ]
INFO: [ view_parse ] --END-- [ RunTime:0.011000s ]
INFO: [ view_filter ] --START--
INFO: Run Behavior\WriteHtmlCacheBehavior [ RunTime:0.000000s ]
INFO: [ view_filter ] --END-- [ RunTime:0.001000s ]
INFO: [ app_end ] --START--
INFO: Run Behavior\ShowPageTraceBehavior [ RunTime:0.001000s ]
INFO: [ app_end ] --END-- [ RunTime:0.001000s ]

[ 2017-04-25T00:47:23+08:00 ] 127.0.0.1 /evaluation_system/index.php/BackgroundAdmin/Index/queryclass/pclass_id/2
INFO: [ app_init ] --START--
INFO: Run Behavior\BuildLiteBehavior [ RunTime:0.000000s ]
INFO: [ app_init ] --END-- [ RunTime:0.000000s ]
INFO: [ app_begin ] --START--
INFO: Run Behavior\ReadHtmlCacheBehavior [ RunTime:0.001000s ]
INFO: [ app_begin ] --END-- [ RunTime:0.002000s ]
SQL: SHOW COLUMNS FROM `pclass` [ RunTime:0.0050s ]
SQL: SELECT `pclass_name` FROM `pclass` WHERE `pclass_id` = 2 LIMIT 1   [ RunTime:0.0010s ]
SQL: SELECT * FROM `pclass` WHERE `pclass_id` = 2 LIMIT 1   [ RunTime:0.0000s ]
SQL: SHOW COLUMNS FROM `grade` [ RunTime:0.0040s ]
SQL: SELECT `grade_name` FROM `grade` WHERE `grade_id` = 1 LIMIT 1   [ RunTime:0.0000s ]
SQL: SHOW COLUMNS FROM `user` [ RunTime:0.0070s ]
SQL: SELECT * FROM `user` WHERE `pclass_id` = 2 AND `grade_id` = 1  [ RunTime:0.0010s ]
SQL: SHOW COLUMNS FROM `schoolyear` [ RunTime:0.0050s ]
SQL: SELECT * FROM `schoolyear` WHERE `schoolyear_nowyear` = 1 LIMIT 1   [ RunTime:0.0000s ]
SQL: SHOW COLUMNS FROM `basetwograde` [ RunTime:0.0050s ]
SQL: SELECT * FROM `basetwograde` WHERE `schoolyear_id` = 2 AND `user_id` = 8 LIMIT 1   [ RunTime:0.0010s ]
INFO: [ view_parse ] --START--
INFO: [ template_filter ] --START--
INFO: Run Behavior\ContentReplaceBehavior [ RunTime:0.001000s ]
INFO: [ template_filter ] --END-- [ RunTime:0.001000s ]
INFO: Run Behavior\ParseTemplateBehavior [ RunTime:0.018001s ]
INFO: [ view_parse ] --END-- [ RunTime:0.018001s ]
INFO: [ view_filter ] --START--
INFO: Run Behavior\WriteHtmlCacheBehavior [ RunTime:0.000000s ]
INFO: [ view_filter ] --END-- [ RunTime:0.000000s ]
INFO: [ app_end ] --START--
INFO: Run Behavior\ShowPageTraceBehavior [ RunTime:0.000000s ]
INFO: [ app_end ] --END-- [ RunTime:0.000000s ]

[ 2017-04-25T00:47:24+08:00 ] 127.0.0.1 /evaluation_system/index.php/BackgroundAdmin/Index/audit/user_id/8.html
INFO: [ app_init ] --START--
INFO: Run Behavior\BuildLiteBehavior [ RunTime:0.000000s ]
INFO: [ app_init ] --END-- [ RunTime:0.001000s ]
INFO: [ app_begin ] --START--
INFO: Run Behavior\ReadHtmlCacheBehavior [ RunTime:0.001000s ]
INFO: [ app_begin ] --END-- [ RunTime:0.001000s ]
SQL: SHOW COLUMNS FROM `schoolyear` [ RunTime:0.0060s ]
SQL: SELECT * FROM `schoolyear` WHERE `schoolyear_nowyear` = 1 LIMIT 1   [ RunTime:0.0010s ]
SQL: SHOW COLUMNS FROM `basetwograde` [ RunTime:0.0050s ]
SQL: SELECT * FROM `basetwograde` WHERE `user_id` = 8 AND `schoolyear_id` = 2  [ RunTime:0.0010s ]
SQL: SHOW COLUMNS FROM `deveonelevelgrade` [ RunTime:0.0040s ]
SQL: SELECT * FROM `deveonelevelgrade` WHERE `user_id` = 8 AND `schoolyear_id` = 2  [ RunTime:0.0020s ]
SQL: SELECT * FROM `basetwograde` WHERE `user_id` = 8 AND `schoolyear_id` = 2  [ RunTime:0.0010s ]
SQL: SELECT * FROM `deveonelevelgrade` WHERE `user_id` = 8 AND `schoolyear_id` = 2  [ RunTime:0.0010s ]
SQL: SHOW COLUMNS FROM `basetwolevelindex` [ RunTime:0.0040s ]
SQL: SELECT COUNT(*) AS tp_count FROM `basetwolevelindex` LIMIT 1   [ RunTime:0.0000s ]
SQL: SHOW COLUMNS FROM `deveonelevelindex` [ RunTime:0.0050s ]
SQL: SELECT COUNT(*) AS tp_count FROM `deveonelevelindex` LIMIT 1   [ RunTime:0.0010s ]
SQL: SELECT * FROM `deveonelevelindex`  [ RunTime:0.0000s ]
SQL: SHOW COLUMNS FROM `user` [ RunTime:0.0060s ]
SQL: SELECT `pclass_id` FROM `user` WHERE `user_id` = 8 LIMIT 1   [ RunTime:0.0010s ]
NOTIC: [8] Undefined variable: base E:\wamp\www\evaluation_system\Application\BackgroundAdmin\Controller\IndexController.class.php 第 122 行.
INFO: [ view_parse ] --START--
INFO: [ template_filter ] --START--
INFO: Run Behavior\ContentReplaceBehavior [ RunTime:0.000000s ]
INFO: [ template_filter ] --END-- [ RunTime:0.001000s ]
INFO: Run Behavior\ParseTemplateBehavior [ RunTime:0.030002s ]
INFO: [ view_parse ] --END-- [ RunTime:0.030002s ]
INFO: [ view_filter ] --START--
INFO: Run Behavior\WriteHtmlCacheBehavior [ RunTime:0.000000s ]
INFO: [ view_filter ] --END-- [ RunTime:0.001000s ]
INFO: [ app_end ] --START--
INFO: Run Behavior\ShowPageTraceBehavior [ RunTime:0.001000s ]
INFO: [ app_end ] --END-- [ RunTime:0.001000s ]

[ 2017-04-25T00:50:55+08:00 ] 127.0.0.1 /evaluation_system/index.php/BackgroundAdmin/Index/auditscore.html
INFO: [ app_init ] --START--
INFO: Run Behavior\BuildLiteBehavior [ RunTime:0.000000s ]
INFO: [ app_init ] --END-- [ RunTime:0.001000s ]
INFO: [ app_begin ] --START--
INFO: Run Behavior\ReadHtmlCacheBehavior [ RunTime:0.001001s ]
INFO: [ app_begin ] --END-- [ RunTime:0.001001s ]
SQL: SHOW COLUMNS FROM `user` [ RunTime:0.0050s ]
SQL: SELECT `pclass_id` FROM `user` WHERE `user_id` = 8 LIMIT 1   [ RunTime:0.0010s ]
SQL: SHOW COLUMNS FROM `schoolyear` [ RunTime:0.0040s ]
SQL: SELECT * FROM `schoolyear` WHERE `schoolyear_nowyear` = 1 LIMIT 1   [ RunTime:0.0000s ]
SQL: SHOW COLUMNS FROM `basetwograde` [ RunTime:0.0040s ]
SQL: SELECT * FROM `basetwograde` WHERE `schoolyear_id` = 2 AND `user_id` = 8 AND `baseonelevelindex_id` = 1 LIMIT 1   [ RunTime:0.0000s ]
SQL: UPDATE `basetwograde` SET `basetwograde_auditscore`='6',`basetwograde_state`='2' WHERE `basetwograde_id` = 421 [ RunTime:0.1770s ]
SQL: SELECT * FROM `basetwograde` WHERE `schoolyear_id` = 2 AND `user_id` = 8 AND `baseonelevelindex_id` = 2 LIMIT 1   [ RunTime:0.0010s ]
SQL: UPDATE `basetwograde` SET `basetwograde_auditscore`='6',`basetwograde_state`='2' WHERE `basetwograde_id` = 422 [ RunTime:0.1750s ]
SQL: SELECT * FROM `basetwograde` WHERE `schoolyear_id` = 2 AND `user_id` = 8 AND `baseonelevelindex_id` = 3 LIMIT 1   [ RunTime:0.0000s ]
SQL: UPDATE `basetwograde` SET `basetwograde_auditscore`='6',`basetwograde_state`='2' WHERE `basetwograde_id` = 423 [ RunTime:0.0350s ]
SQL: SELECT * FROM `basetwograde` WHERE `schoolyear_id` = 2 AND `user_id` = 8 AND `baseonelevelindex_id` = 4 LIMIT 1   [ RunTime:0.0000s ]
SQL: UPDATE `basetwograde` SET `basetwograde_auditscore`='6',`basetwograde_state`='2' WHERE `basetwograde_id` = 424 [ RunTime:0.0270s ]
SQL: SELECT * FROM `basetwograde` WHERE `schoolyear_id` = 2 AND `user_id` = 8 AND `baseonelevelindex_id` = 5 LIMIT 1   [ RunTime:0.0000s ]
SQL: UPDATE `basetwograde` SET `basetwograde_auditscore`='6',`basetwograde_state`='2' WHERE `basetwograde_id` = 425 [ RunTime:0.0240s ]
SQL: SELECT * FROM `basetwograde` WHERE `schoolyear_id` = 2 AND `user_id` = 8 AND `baseonelevelindex_id` = 6 LIMIT 1   [ RunTime:0.0010s ]
SQL: UPDATE `basetwograde` SET `basetwograde_auditscore`='6',`basetwograde_state`='2' WHERE `basetwograde_id` = 426 [ RunTime:0.0490s ]
SQL: SELECT * FROM `basetwograde` WHERE `schoolyear_id` = 2 AND `user_id` = 8 AND `baseonelevelindex_id` = 7 LIMIT 1   [ RunTime:0.0010s ]
SQL: UPDATE `basetwograde` SET `basetwograde_auditscore`='6',`basetwograde_state`='3' WHERE `basetwograde_id` = 427 [ RunTime:0.0240s ]
SQL: SELECT * FROM `basetwograde` WHERE `schoolyear_id` = 2 AND `user_id` = 8 AND `baseonelevelindex_id` = 8 LIMIT 1   [ RunTime:0.0000s ]
SQL: UPDATE `basetwograde` SET `basetwograde_auditscore`='6',`basetwograde_state`='2' WHERE `basetwograde_id` = 428 [ RunTime:0.0160s ]
SQL: SELECT * FROM `basetwograde` WHERE `schoolyear_id` = 2 AND `user_id` = 8 AND `baseonelevelindex_id` = 9 LIMIT 1   [ RunTime:0.0000s ]
SQL: UPDATE `basetwograde` SET `basetwograde_auditscore`='6',`basetwograde_state`='2' WHERE `basetwograde_id` = 429 [ RunTime:0.0240s ]
SQL: SELECT * FROM `basetwograde` WHERE `schoolyear_id` = 2 AND `user_id` = 8 AND `baseonelevelindex_id` = 10 LIMIT 1   [ RunTime:0.0010s ]
SQL: UPDATE `basetwograde` SET `basetwograde_auditscore`='6',`basetwograde_state`='2' WHERE `basetwograde_id` = 430 [ RunTime:0.0160s ]
SQL: SHOW COLUMNS FROM `deveonelevelgrade` [ RunTime:0.0050s ]
SQL: SELECT * FROM `deveonelevelgrade` WHERE `schoolyear_id` = 2 AND `user_id` = 8 AND `deveonelevelindex_id` = 1 LIMIT 1   [ RunTime:0.0010s ]
SQL: UPDATE `deveonelevelgrade` SET `deveonelevelgrade_auditscore`='2',`deveonelevelgrade_state`='2' WHERE `deveonelevelgrade_id` = 34 [ RunTime:0.0480s ]
INFO: [ view_parse ] --START--
INFO: [ template_filter ] --START--
INFO: Run Behavior\ContentReplaceBehavior [ RunTime:0.000000s ]
INFO: [ template_filter ] --END-- [ RunTime:0.001000s ]
INFO: Run Behavior\ParseTemplateBehavior [ RunTime:0.008000s ]
INFO: [ view_parse ] --END-- [ RunTime:0.008000s ]
INFO: [ view_filter ] --START--
INFO: Run Behavior\WriteHtmlCacheBehavior [ RunTime:0.000000s ]
INFO: [ view_filter ] --END-- [ RunTime:0.001000s ]
INFO: [ app_end ] --START--
INFO: Run Behavior\ShowPageTraceBehavior [ RunTime:0.001000s ]
INFO: [ app_end ] --END-- [ RunTime:0.002000s ]

[ 2017-04-25T00:50:56+08:00 ] 127.0.0.1 /evaluation_system/index.php/BackgroundAdmin/Index/queryclass/pclass_id/2
INFO: [ app_init ] --START--
INFO: Run Behavior\BuildLiteBehavior [ RunTime:0.001000s ]
INFO: [ app_init ] --END-- [ RunTime:0.001000s ]
INFO: [ app_begin ] --START--
INFO: Run Behavior\ReadHtmlCacheBehavior [ RunTime:0.001000s ]
INFO: [ app_begin ] --END-- [ RunTime:0.001000s ]
SQL: SHOW COLUMNS FROM `pclass` [ RunTime:0.0060s ]
SQL: SELECT `pclass_name` FROM `pclass` WHERE `pclass_id` = 2 LIMIT 1   [ RunTime:0.0010s ]
SQL: SELECT * FROM `pclass` WHERE `pclass_id` = 2 LIMIT 1   [ RunTime:0.0000s ]
SQL: SHOW COLUMNS FROM `grade` [ RunTime:0.0040s ]
SQL: SELECT `grade_name` FROM `grade` WHERE `grade_id` = 1 LIMIT 1   [ RunTime:0.0000s ]
SQL: SHOW COLUMNS FROM `user` [ RunTime:0.0040s ]
SQL: SELECT * FROM `user` WHERE `pclass_id` = 2 AND `grade_id` = 1  [ RunTime:0.0010s ]
SQL: SHOW COLUMNS FROM `schoolyear` [ RunTime:0.0040s ]
SQL: SELECT * FROM `schoolyear` WHERE `schoolyear_nowyear` = 1 LIMIT 1   [ RunTime:0.0000s ]
SQL: SHOW COLUMNS FROM `basetwograde` [ RunTime:0.0040s ]
SQL: SELECT * FROM `basetwograde` WHERE `schoolyear_id` = 2 AND `user_id` = 8 LIMIT 1   [ RunTime:0.0010s ]
INFO: [ view_parse ] --START--
INFO: [ template_filter ] --START--
INFO: Run Behavior\ContentReplaceBehavior [ RunTime:0.000000s ]
INFO: [ template_filter ] --END-- [ RunTime:0.000000s ]
INFO: Run Behavior\ParseTemplateBehavior [ RunTime:0.020001s ]
INFO: [ view_parse ] --END-- [ RunTime:0.020001s ]
INFO: [ view_filter ] --START--
INFO: Run Behavior\WriteHtmlCacheBehavior [ RunTime:0.001000s ]
INFO: [ view_filter ] --END-- [ RunTime:0.001000s ]
INFO: [ app_end ] --START--
INFO: Run Behavior\ShowPageTraceBehavior [ RunTime:0.000000s ]
INFO: [ app_end ] --END-- [ RunTime:0.001000s ]

[ 2017-04-25T00:50:57+08:00 ] 127.0.0.1 /evaluation_system/index.php/BackgroundAdmin/Index/audit/user_id/8.html
INFO: [ app_init ] --START--
INFO: Run Behavior\BuildLiteBehavior [ RunTime:0.000000s ]
INFO: [ app_init ] --END-- [ RunTime:0.001000s ]
INFO: [ app_begin ] --START--
INFO: Run Behavior\ReadHtmlCacheBehavior [ RunTime:0.000000s ]
INFO: [ app_begin ] --END-- [ RunTime:0.001000s ]
SQL: SHOW COLUMNS FROM `schoolyear` [ RunTime:0.0030s ]
SQL: SELECT * FROM `schoolyear` WHERE `schoolyear_nowyear` = 1 LIMIT 1   [ RunTime:0.0010s ]
SQL: SHOW COLUMNS FROM `basetwograde` [ RunTime:0.0040s ]
SQL: SELECT * FROM `basetwograde` WHERE `user_id` = 8 AND `schoolyear_id` = 2  [ RunTime:0.0000s ]
SQL: SHOW COLUMNS FROM `deveonelevelgrade` [ RunTime:0.0030s ]
SQL: SELECT * FROM `deveonelevelgrade` WHERE `user_id` = 8 AND `schoolyear_id` = 2  [ RunTime:0.0010s ]
SQL: SELECT * FROM `basetwograde` WHERE `user_id` = 8 AND `schoolyear_id` = 2  [ RunTime:0.0030s ]
SQL: SELECT * FROM `deveonelevelgrade` WHERE `user_id` = 8 AND `schoolyear_id` = 2  [ RunTime:0.0010s ]
SQL: SHOW COLUMNS FROM `basetwolevelindex` [ RunTime:0.0040s ]
SQL: SELECT COUNT(*) AS tp_count FROM `basetwolevelindex` LIMIT 1   [ RunTime:0.0000s ]
SQL: SHOW COLUMNS FROM `deveonelevelindex` [ RunTime:0.0040s ]
SQL: SELECT COUNT(*) AS tp_count FROM `deveonelevelindex` LIMIT 1   [ RunTime:0.0010s ]
SQL: SELECT * FROM `deveonelevelindex`  [ RunTime:0.0000s ]
SQL: SHOW COLUMNS FROM `user` [ RunTime:0.0070s ]
SQL: SELECT `pclass_id` FROM `user` WHERE `user_id` = 8 LIMIT 1   [ RunTime:0.0010s ]
NOTIC: [8] Undefined variable: base E:\wamp\www\evaluation_system\Application\BackgroundAdmin\Controller\IndexController.class.php 第 122 行.
INFO: [ view_parse ] --START--
INFO: [ template_filter ] --START--
INFO: Run Behavior\ContentReplaceBehavior [ RunTime:0.000000s ]
INFO: [ template_filter ] --END-- [ RunTime:0.000000s ]
INFO: Run Behavior\ParseTemplateBehavior [ RunTime:0.037002s ]
INFO: [ view_parse ] --END-- [ RunTime:0.037002s ]
INFO: [ view_filter ] --START--
INFO: Run Behavior\WriteHtmlCacheBehavior [ RunTime:0.001000s ]
INFO: [ view_filter ] --END-- [ RunTime:0.001000s ]
INFO: [ app_end ] --START--
INFO: Run Behavior\ShowPageTraceBehavior [ RunTime:0.001000s ]
INFO: [ app_end ] --END-- [ RunTime:0.002000s ]

[ 2017-04-25T00:55:58+08:00 ] 127.0.0.1 /evaluation_system/index.php/BackgroundAdmin/Index/auditscore.html
INFO: [ app_init ] --START--
INFO: Run Behavior\BuildLiteBehavior [ RunTime:0.001000s ]
INFO: [ app_init ] --END-- [ RunTime:0.002000s ]
INFO: [ app_begin ] --START--
INFO: Run Behavior\ReadHtmlCacheBehavior [ RunTime:0.001000s ]
INFO: [ app_begin ] --END-- [ RunTime:0.001000s ]
SQL: SHOW COLUMNS FROM `user` [ RunTime:0.0050s ]
SQL: SELECT `pclass_id` FROM `user` WHERE `user_id` = 8 LIMIT 1   [ RunTime:0.0000s ]
SQL: SHOW COLUMNS FROM `schoolyear` [ RunTime:0.0030s ]
SQL: SELECT * FROM `schoolyear` WHERE `schoolyear_nowyear` = 1 LIMIT 1   [ RunTime:0.0010s ]
SQL: SHOW COLUMNS FROM `basetwograde` [ RunTime:0.0050s ]
SQL: SELECT * FROM `basetwograde` WHERE `schoolyear_id` = 2 AND `user_id` = 8 AND `baseonelevelindex_id` = 1 LIMIT 1   [ RunTime:0.0010s ]
SQL: UPDATE `basetwograde` SET `basetwograde_auditscore`='6',`basetwograde_state`='2' WHERE `basetwograde_id` = 421 [ RunTime:0.0640s ]
SQL: SELECT * FROM `basetwograde` WHERE `schoolyear_id` = 2 AND `user_id` = 8 AND `baseonelevelindex_id` = 2 LIMIT 1   [ RunTime:0.0000s ]
SQL: UPDATE `basetwograde` SET `basetwograde_auditscore`='6',`basetwograde_state`='2' WHERE `basetwograde_id` = 422 [ RunTime:0.0310s ]
SQL: SELECT * FROM `basetwograde` WHERE `schoolyear_id` = 2 AND `user_id` = 8 AND `baseonelevelindex_id` = 3 LIMIT 1   [ RunTime:0.0000s ]
SQL: UPDATE `basetwograde` SET `basetwograde_auditscore`='6',`basetwograde_state`='2' WHERE `basetwograde_id` = 423 [ RunTime:0.0520s ]
SQL: SELECT * FROM `basetwograde` WHERE `schoolyear_id` = 2 AND `user_id` = 8 AND `baseonelevelindex_id` = 4 LIMIT 1   [ RunTime:0.0010s ]
SQL: UPDATE `basetwograde` SET `basetwograde_auditscore`='6',`basetwograde_state`='2' WHERE `basetwograde_id` = 424 [ RunTime:0.0310s ]
SQL: SELECT * FROM `basetwograde` WHERE `schoolyear_id` = 2 AND `user_id` = 8 AND `baseonelevelindex_id` = 5 LIMIT 1   [ RunTime:0.0000s ]
SQL: UPDATE `basetwograde` SET `basetwograde_auditscore`='6',`basetwograde_state`='2' WHERE `basetwograde_id` = 425 [ RunTime:0.0310s ]
SQL: SELECT * FROM `basetwograde` WHERE `schoolyear_id` = 2 AND `user_id` = 8 AND `baseonelevelindex_id` = 6 LIMIT 1   [ RunTime:0.0000s ]
SQL: UPDATE `basetwograde` SET `basetwograde_auditscore`='6',`basetwograde_state`='2' WHERE `basetwograde_id` = 426 [ RunTime:0.1530s ]
SQL: SELECT * FROM `basetwograde` WHERE `schoolyear_id` = 2 AND `user_id` = 8 AND `baseonelevelindex_id` = 7 LIMIT 1   [ RunTime:0.0010s ]
SQL: UPDATE `basetwograde` SET `basetwograde_auditscore`='6',`basetwograde_state`='3' WHERE `basetwograde_id` = 427 [ RunTime:0.0210s ]
SQL: SELECT * FROM `basetwograde` WHERE `schoolyear_id` = 2 AND `user_id` = 8 AND `baseonelevelindex_id` = 8 LIMIT 1   [ RunTime:0.0000s ]
SQL: UPDATE `basetwograde` SET `basetwograde_auditscore`='6',`basetwograde_state`='2' WHERE `basetwograde_id` = 428 [ RunTime:0.0190s ]
SQL: SELECT * FROM `basetwograde` WHERE `schoolyear_id` = 2 AND `user_id` = 8 AND `baseonelevelindex_id` = 9 LIMIT 1   [ RunTime:0.0000s ]
SQL: UPDATE `basetwograde` SET `basetwograde_auditscore`='6',`basetwograde_state`='2' WHERE `basetwograde_id` = 429 [ RunTime:0.0890s ]
SQL: SELECT * FROM `basetwograde` WHERE `schoolyear_id` = 2 AND `user_id` = 8 AND `baseonelevelindex_id` = 10 LIMIT 1   [ RunTime:0.0010s ]
SQL: UPDATE `basetwograde` SET `basetwograde_auditscore`='6',`basetwograde_state`='2' WHERE `basetwograde_id` = 430 [ RunTime:0.0280s ]
SQL: SHOW COLUMNS FROM `deveonelevelgrade` [ RunTime:0.0040s ]
SQL: SELECT * FROM `deveonelevelgrade` WHERE `schoolyear_id` = 2 AND `user_id` = 8 AND `deveonelevelindex_id` = 1 LIMIT 1   [ RunTime:0.0010s ]
SQL: UPDATE `deveonelevelgrade` SET `deveonelevelgrade_auditscore`='2',`deveonelevelgrade_state`='2' WHERE `deveonelevelgrade_id` = 34 [ RunTime:0.0150s ]
INFO: [ view_parse ] --START--
INFO: [ template_filter ] --START--
INFO: Run Behavior\ContentReplaceBehavior [ RunTime:0.000000s ]
INFO: [ template_filter ] --END-- [ RunTime:0.000000s ]
INFO: Run Behavior\ParseTemplateBehavior [ RunTime:0.009000s ]
INFO: [ view_parse ] --END-- [ RunTime:0.009000s ]
INFO: [ view_filter ] --START--
INFO: Run Behavior\WriteHtmlCacheBehavior [ RunTime:0.001000s ]
INFO: [ view_filter ] --END-- [ RunTime:0.001000s ]
INFO: [ app_end ] --START--
INFO: Run Behavior\ShowPageTraceBehavior [ RunTime:0.001000s ]
INFO: [ app_end ] --END-- [ RunTime:0.001000s ]

[ 2017-04-25T00:55:59+08:00 ] 127.0.0.1 /evaluation_system/index.php/BackgroundAdmin/Index/queryclass/pclass_id/2
INFO: [ app_init ] --START--
INFO: Run Behavior\BuildLiteBehavior [ RunTime:0.000000s ]
INFO: [ app_init ] --END-- [ RunTime:0.000000s ]
INFO: [ app_begin ] --START--
INFO: Run Behavior\ReadHtmlCacheBehavior [ RunTime:0.001000s ]
INFO: [ app_begin ] --END-- [ RunTime:0.002000s ]
SQL: SHOW COLUMNS FROM `pclass` [ RunTime:0.0060s ]
SQL: SELECT `pclass_name` FROM `pclass` WHERE `pclass_id` = 2 LIMIT 1   [ RunTime:0.0000s ]
SQL: SELECT * FROM `pclass` WHERE `pclass_id` = 2 LIMIT 1   [ RunTime:0.0000s ]
SQL: SHOW COLUMNS FROM `grade` [ RunTime:0.0050s ]
SQL: SELECT `grade_name` FROM `grade` WHERE `grade_id` = 1 LIMIT 1   [ RunTime:0.0000s ]
SQL: SHOW COLUMNS FROM `user` [ RunTime:0.0060s ]
SQL: SELECT * FROM `user` WHERE `pclass_id` = 2 AND `grade_id` = 1  [ RunTime:0.0000s ]
SQL: SHOW COLUMNS FROM `schoolyear` [ RunTime:0.0050s ]
SQL: SELECT * FROM `schoolyear` WHERE `schoolyear_nowyear` = 1 LIMIT 1   [ RunTime:0.0010s ]
SQL: SHOW COLUMNS FROM `basetwograde` [ RunTime:0.0070s ]
SQL: SELECT * FROM `basetwograde` WHERE `schoolyear_id` = 2 AND `user_id` = 8 LIMIT 1   [ RunTime:0.0000s ]
INFO: [ view_parse ] --START--
INFO: [ template_filter ] --START--
INFO: Run Behavior\ContentReplaceBehavior [ RunTime:0.000000s ]
INFO: [ template_filter ] --END-- [ RunTime:0.001000s ]
INFO: Run Behavior\ParseTemplateBehavior [ RunTime:0.012001s ]
INFO: [ view_parse ] --END-- [ RunTime:0.013001s ]
INFO: [ view_filter ] --START--
INFO: Run Behavior\WriteHtmlCacheBehavior [ RunTime:0.000000s ]
INFO: [ view_filter ] --END-- [ RunTime:0.000000s ]
INFO: [ app_end ] --START--
INFO: Run Behavior\ShowPageTraceBehavior [ RunTime:0.000000s ]
INFO: [ app_end ] --END-- [ RunTime:0.001000s ]

[ 2017-04-25T00:56:00+08:00 ] 127.0.0.1 /evaluation_system/index.php/BackgroundAdmin/Index/audit/user_id/8.html
INFO: [ app_init ] --START--
INFO: Run Behavior\BuildLiteBehavior [ RunTime:0.000000s ]
INFO: [ app_init ] --END-- [ RunTime:0.002000s ]
INFO: [ app_begin ] --START--
INFO: Run Behavior\ReadHtmlCacheBehavior [ RunTime:0.002000s ]
INFO: [ app_begin ] --END-- [ RunTime:0.002000s ]
SQL: SHOW COLUMNS FROM `schoolyear` [ RunTime:0.0080s ]
SQL: SELECT * FROM `schoolyear` WHERE `schoolyear_nowyear` = 1 LIMIT 1   [ RunTime:0.0020s ]
SQL: SHOW COLUMNS FROM `basetwograde` [ RunTime:0.0060s ]
SQL: SELECT * FROM `basetwograde` WHERE `user_id` = 8 AND `schoolyear_id` = 2  [ RunTime:0.0010s ]
SQL: SHOW COLUMNS FROM `deveonelevelgrade` [ RunTime:0.0100s ]
SQL: SELECT * FROM `deveonelevelgrade` WHERE `user_id` = 8 AND `schoolyear_id` = 2  [ RunTime:0.0010s ]
SQL: SELECT * FROM `basetwograde` WHERE `user_id` = 8 AND `schoolyear_id` = 2  [ RunTime:0.0010s ]
SQL: SELECT * FROM `deveonelevelgrade` WHERE `user_id` = 8 AND `schoolyear_id` = 2  [ RunTime:0.0010s ]
SQL: SHOW COLUMNS FROM `basetwolevelindex` [ RunTime:0.0060s ]
SQL: SELECT COUNT(*) AS tp_count FROM `basetwolevelindex` LIMIT 1   [ RunTime:0.0020s ]
SQL: SHOW COLUMNS FROM `deveonelevelindex` [ RunTime:0.0050s ]
SQL: SELECT COUNT(*) AS tp_count FROM `deveonelevelindex` LIMIT 1   [ RunTime:0.0010s ]
SQL: SELECT * FROM `deveonelevelindex`  [ RunTime:0.0010s ]
SQL: SHOW COLUMNS FROM `user` [ RunTime:0.0040s ]
SQL: SELECT `pclass_id` FROM `user` WHERE `user_id` = 8 LIMIT 1   [ RunTime:0.0000s ]
NOTIC: [8] Undefined variable: base E:\wamp\www\evaluation_system\Application\BackgroundAdmin\Controller\IndexController.class.php 第 122 行.
INFO: [ view_parse ] --START--
INFO: [ template_filter ] --START--
INFO: Run Behavior\ContentReplaceBehavior [ RunTime:0.001000s ]
INFO: [ template_filter ] --END-- [ RunTime:0.001000s ]
INFO: Run Behavior\ParseTemplateBehavior [ RunTime:0.028001s ]
INFO: [ view_parse ] --END-- [ RunTime:0.028001s ]
INFO: [ view_filter ] --START--
INFO: Run Behavior\WriteHtmlCacheBehavior [ RunTime:0.001000s ]
INFO: [ view_filter ] --END-- [ RunTime:0.001000s ]
INFO: [ app_end ] --START--
INFO: Run Behavior\ShowPageTraceBehavior [ RunTime:0.001000s ]
INFO: [ app_end ] --END-- [ RunTime:0.002001s ]

