[ 2018-09-28T00:15:03+08:00 ] 42.236.10.117 /zhcp/index.php/BackgroundAdmin/Index/index
INFO: [ app_init ] --START--
INFO: Run Behavior\BuildLiteBehavior [ RunTime:0.000013s ]
INFO: [ app_init ] --END-- [ RunTime:0.000079s ]
INFO: [ app_begin ] --START--
INFO: Run Behavior\ReadHtmlCacheBehavior [ RunTime:0.000036s ]
INFO: [ app_begin ] --END-- [ RunTime:0.000077s ]
NOTIC: [8] A session had already been started - ignoring session_start() /var/www/html/zhcp/ThinkPHP/Common/functions.php 第 1263 行.

[ 2018-09-28T09:44:48+08:00 ] 117.136.41.62 /zhcp/index.php/BackgroundAdmin
INFO: [ app_init ] --START--
INFO: Run Behavior\BuildLiteBehavior [ RunTime:0.000009s ]
INFO: [ app_init ] --END-- [ RunTime:0.000061s ]
INFO: [ app_begin ] --START--
INFO: Run Behavior\ReadHtmlCacheBehavior [ RunTime:0.000023s ]
INFO: [ app_begin ] --END-- [ RunTime:0.000044s ]
NOTIC: [8] A session had already been started - ignoring session_start() /var/www/html/zhcp/ThinkPHP/Common/functions.php 第 1263 行.

[ 2018-09-28T09:44:48+08:00 ] 117.136.41.62 /zhcp/index.php/BackgroundAdmin/Login/index.html
INFO: [ app_init ] --START--
INFO: Run Behavior\BuildLiteBehavior [ RunTime:0.000009s ]
INFO: [ app_init ] --END-- [ RunTime:0.000053s ]
INFO: [ app_begin ] --START--
INFO: Run Behavior\ReadHtmlCacheBehavior [ RunTime:0.000024s ]
INFO: [ app_begin ] --END-- [ RunTime:0.000045s ]
NOTIC: [8] A session had already been started - ignoring session_start() /var/www/html/zhcp/ThinkPHP/Common/functions.php 第 1263 行.
INFO: [ view_parse ] --START--
INFO: [ template_filter ] --START--
INFO: Run Behavior\ContentReplaceBehavior [ RunTime:0.000030s ]
INFO: [ template_filter ] --END-- [ RunTime:0.000057s ]
INFO: Run Behavior\ParseTemplateBehavior [ RunTime:0.001409s ]
INFO: [ view_parse ] --END-- [ RunTime:0.001434s ]
INFO: [ view_filter ] --START--
INFO: Run Behavior\WriteHtmlCacheBehavior [ RunTime:0.000029s ]
INFO: [ view_filter ] --END-- [ RunTime:0.000045s ]
INFO: [ app_end ] --START--
INFO: Run Behavior\ShowPageTraceBehavior [ RunTime:0.000028s ]
INFO: [ app_end ] --END-- [ RunTime:0.000044s ]

[ 2018-09-28T09:44:48+08:00 ] 117.136.41.62 /zhcp/index.php/BackgroundAdmin/Login/css/style.css
INFO: [ app_init ] --START--
INFO: Run Behavior\BuildLiteBehavior [ RunTime:0.000009s ]
INFO: [ app_init ] --END-- [ RunTime:0.000051s ]
INFO: [ app_begin ] --START--
INFO: Run Behavior\ReadHtmlCacheBehavior [ RunTime:0.000021s ]
INFO: [ app_begin ] --END-- [ RunTime:0.000041s ]
NOTIC: [8] A session had already been started - ignoring session_start() /var/www/html/zhcp/ThinkPHP/Common/functions.php 第 1263 行.
ERR: 非法操作:css

[ 2018-09-28T09:44:48+08:00 ] 117.136.41.62 /zhcp/index.php/BackgroundAdmin/Login/images/head-img.png
INFO: [ app_init ] --START--
INFO: Run Behavior\BuildLiteBehavior [ RunTime:0.000009s ]
INFO: [ app_init ] --END-- [ RunTime:0.000052s ]

[ 2018-09-28T09:44:58+08:00 ] 117.136.41.62 /zhcp/index.php/BackgroundAdmin/Login/index.html
INFO: [ app_init ] --START--
INFO: Run Behavior\BuildLiteBehavior [ RunTime:0.000013s ]
INFO: [ app_init ] --END-- [ RunTime:0.000091s ]
INFO: [ app_begin ] --START--
INFO: Run Behavior\ReadHtmlCacheBehavior [ RunTime:0.000037s ]
INFO: [ app_begin ] --END-- [ RunTime:0.000058s ]
NOTIC: [8] A session had already been started - ignoring session_start() /var/www/html/zhcp/ThinkPHP/Common/functions.php 第 1263 行.
SQL: SHOW COLUMNS FROM `classgroup` [ RunTime:0.0004s ]
SQL: SELECT * FROM `classgroup` WHERE `classgroup_account` = '16201506' AND `classgroup_password` = '16201506' LIMIT 1   [ RunTime:0.0000s ]
INFO: [ app_end ] --START--
INFO: Run Behavior\ShowPageTraceBehavior [ RunTime:0.000036s ]
INFO: [ app_end ] --END-- [ RunTime:0.000057s ]

[ 2018-09-28T09:44:58+08:00 ] 117.136.41.62 /zhcp/index.php/BackgroundAdmin/Index/index
INFO: [ app_init ] --START--
INFO: Run Behavior\BuildLiteBehavior [ RunTime:0.000008s ]
INFO: [ app_init ] --END-- [ RunTime:0.000053s ]
INFO: [ app_begin ] --START--
INFO: Run Behavior\ReadHtmlCacheBehavior [ RunTime:0.000022s ]
INFO: [ app_begin ] --END-- [ RunTime:0.000042s ]
NOTIC: [8] A session had already been started - ignoring session_start() /var/www/html/zhcp/ThinkPHP/Common/functions.php 第 1263 行.
SQL: SHOW COLUMNS FROM `pclass` [ RunTime:0.0003s ]
SQL: SELECT `pclass_name` FROM `pclass` WHERE `pclass_id` = 108 LIMIT 1   [ RunTime:0.0000s ]
INFO: [ view_parse ] --START--
INFO: [ template_filter ] --START--
INFO: Run Behavior\ContentReplaceBehavior [ RunTime:0.000031s ]
INFO: [ template_filter ] --END-- [ RunTime:0.000057s ]
INFO: Run Behavior\ParseTemplateBehavior [ RunTime:0.001510s ]
INFO: [ view_parse ] --END-- [ RunTime:0.001539s ]
INFO: [ view_filter ] --START--
INFO: Run Behavior\WriteHtmlCacheBehavior [ RunTime:0.000029s ]
INFO: [ view_filter ] --END-- [ RunTime:0.000045s ]
INFO: [ app_end ] --START--
INFO: Run Behavior\ShowPageTraceBehavior [ RunTime:0.000016s ]
INFO: [ app_end ] --END-- [ RunTime:0.000031s ]

[ 2018-09-28T09:44:59+08:00 ] 117.136.41.62 /zhcp/index.php/BackgroundAdmin/Index/copy.html
INFO: [ app_init ] --START--
INFO: Run Behavior\BuildLiteBehavior [ RunTime:0.000009s ]
INFO: [ app_init ] --END-- [ RunTime:0.000054s ]
INFO: [ app_begin ] --START--
INFO: Run Behavior\ReadHtmlCacheBehavior [ RunTime:0.000021s ]
INFO: [ app_begin ] --END-- [ RunTime:0.000042s ]
NOTIC: [8] A session had already been started - ignoring session_start() /var/www/html/zhcp/ThinkPHP/Common/functions.php 第 1263 行.
INFO: [ view_parse ] --START--
INFO: [ template_filter ] --START--
INFO: Run Behavior\ContentReplaceBehavior [ RunTime:0.000023s ]
INFO: [ template_filter ] --END-- [ RunTime:0.000048s ]
INFO: Run Behavior\ParseTemplateBehavior [ RunTime:0.000977s ]
INFO: [ view_parse ] --END-- [ RunTime:0.001003s ]
INFO: [ view_filter ] --START--
INFO: Run Behavior\WriteHtmlCacheBehavior [ RunTime:0.000021s ]
INFO: [ view_filter ] --END-- [ RunTime:0.000036s ]
INFO: [ app_end ] --START--
INFO: Run Behavior\ShowPageTraceBehavior [ RunTime:0.000016s ]
INFO: [ app_end ] --END-- [ RunTime:0.000031s ]

[ 2018-09-28T09:45:07+08:00 ] 117.136.41.62 /zhcp/index.php/BackgroundAdmin/Index/queryclass.html
INFO: [ app_init ] --START--
INFO: Run Behavior\BuildLiteBehavior [ RunTime:0.000008s ]
INFO: [ app_init ] --END-- [ RunTime:0.000054s ]
INFO: [ app_begin ] --START--
INFO: Run Behavior\ReadHtmlCacheBehavior [ RunTime:0.000022s ]
INFO: [ app_begin ] --END-- [ RunTime:0.000042s ]
NOTIC: [8] A session had already been started - ignoring session_start() /var/www/html/zhcp/ThinkPHP/Common/functions.php 第 1263 行.
SQL: SHOW COLUMNS FROM `pclass` [ RunTime:0.0003s ]
SQL: SELECT `pclass_name` FROM `pclass` WHERE `pclass_id` = 108 LIMIT 1   [ RunTime:0.0000s ]
SQL: SELECT * FROM `pclass` WHERE `pclass_id` = 108 LIMIT 1   [ RunTime:0.0000s ]
SQL: SHOW COLUMNS FROM `grade` [ RunTime:0.0002s ]
SQL: SELECT `grade_name` FROM `grade` WHERE `grade_id` = 6 LIMIT 1   [ RunTime:0.0000s ]
SQL: SHOW COLUMNS FROM `user` [ RunTime:0.0003s ]
SQL: SELECT * FROM `user` WHERE `pclass_id` = 108 AND `grade_id` = 6  [ RunTime:0.0000s ]
SQL: SHOW COLUMNS FROM `schoolyear` [ RunTime:0.0002s ]
SQL: SELECT * FROM `schoolyear` WHERE `schoolyear_nowyear` = 1 LIMIT 1   [ RunTime:0.0000s ]
SQL: SHOW COLUMNS FROM `basetwograde` [ RunTime:0.0002s ]
SQL: SELECT * FROM `basetwograde` WHERE `schoolyear_id` = 7 AND `user_id` = 2572 LIMIT 1   [ RunTime:0.0000s ]
SQL: SELECT * FROM `basetwograde` WHERE `schoolyear_id` = 7 AND `user_id` = 2573 LIMIT 1   [ RunTime:0.0000s ]
SQL: SELECT * FROM `basetwograde` WHERE `schoolyear_id` = 7 AND `user_id` = 2574 LIMIT 1   [ RunTime:0.0000s ]
SQL: SELECT * FROM `basetwograde` WHERE `schoolyear_id` = 7 AND `user_id` = 2575 LIMIT 1   [ RunTime:0.0000s ]
SQL: SELECT * FROM `basetwograde` WHERE `schoolyear_id` = 7 AND `user_id` = 2576 LIMIT 1   [ RunTime:0.0000s ]
SQL: SELECT * FROM `basetwograde` WHERE `schoolyear_id` = 7 AND `user_id` = 2577 LIMIT 1   [ RunTime:0.0000s ]
SQL: SELECT * FROM `basetwograde` WHERE `schoolyear_id` = 7 AND `user_id` = 2578 LIMIT 1   [ RunTime:0.0000s ]
SQL: SELECT * FROM `basetwograde` WHERE `schoolyear_id` = 7 AND `user_id` = 2579 LIMIT 1   [ RunTime:0.0000s ]
SQL: SELECT * FROM `basetwograde` WHERE `schoolyear_id` = 7 AND `user_id` = 2580 LIMIT 1   [ RunTime:0.0000s ]
SQL: SELECT * FROM `basetwograde` WHERE `schoolyear_id` = 7 AND `user_id` = 2581 LIMIT 1   [ RunTime:0.0000s ]
SQL: SELECT * FROM `basetwograde` WHERE `schoolyear_id` = 7 AND `user_id` = 2582 LIMIT 1   [ RunTime:0.0000s ]
SQL: SELECT * FROM `basetwograde` WHERE `schoolyear_id` = 7 AND `user_id` = 2583 LIMIT 1   [ RunTime:0.0000s ]
SQL: SELECT * FROM `basetwograde` WHERE `schoolyear_id` = 7 AND `user_id` = 2584 LIMIT 1   [ RunTime:0.0000s ]
SQL: SELECT * FROM `basetwograde` WHERE `schoolyear_id` = 7 AND `user_id` = 2585 LIMIT 1   [ RunTime:0.0000s ]
SQL: SELECT * FROM `basetwograde` WHERE `schoolyear_id` = 7 AND `user_id` = 2586 LIMIT 1   [ RunTime:0.0000s ]
SQL: SELECT * FROM `basetwograde` WHERE `schoolyear_id` = 7 AND `user_id` = 2587 LIMIT 1   [ RunTime:0.0000s ]
SQL: SELECT * FROM `basetwograde` WHERE `schoolyear_id` = 7 AND `user_id` = 2588 LIMIT 1   [ RunTime:0.0000s ]
SQL: SELECT * FROM `basetwograde` WHERE `schoolyear_id` = 7 AND `user_id` = 2589 LIMIT 1   [ RunTime:0.0000s ]
SQL: SELECT * FROM `basetwograde` WHERE `schoolyear_id` = 7 AND `user_id` = 2590 LIMIT 1   [ RunTime:0.0000s ]
SQL: SELECT * FROM `basetwograde` WHERE `schoolyear_id` = 7 AND `user_id` = 2591 LIMIT 1   [ RunTime:0.0000s ]
SQL: SELECT * FROM `basetwograde` WHERE `schoolyear_id` = 7 AND `user_id` = 2592 LIMIT 1   [ RunTime:0.0000s ]
SQL: SELECT * FROM `basetwograde` WHERE `schoolyear_id` = 7 AND `user_id` = 2593 LIMIT 1   [ RunTime:0.0000s ]
SQL: SELECT * FROM `basetwograde` WHERE `schoolyear_id` = 7 AND `user_id` = 2594 LIMIT 1   [ RunTime:0.0000s ]
SQL: SELECT * FROM `basetwograde` WHERE `schoolyear_id` = 7 AND `user_id` = 2595 LIMIT 1   [ RunTime:0.0000s ]
SQL: SELECT * FROM `basetwograde` WHERE `schoolyear_id` = 7 AND `user_id` = 2596 LIMIT 1   [ RunTime:0.0000s ]
SQL: SELECT * FROM `basetwograde` WHERE `schoolyear_id` = 7 AND `user_id` = 2597 LIMIT 1   [ RunTime:0.0000s ]
SQL: SELECT * FROM `basetwograde` WHERE `schoolyear_id` = 7 AND `user_id` = 2598 LIMIT 1   [ RunTime:0.0000s ]
SQL: SELECT * FROM `basetwograde` WHERE `schoolyear_id` = 7 AND `user_id` = 2599 LIMIT 1   [ RunTime:0.0000s ]
SQL: SELECT * FROM `basetwograde` WHERE `schoolyear_id` = 7 AND `user_id` = 2600 LIMIT 1   [ RunTime:0.0000s ]
SQL: SELECT * FROM `basetwograde` WHERE `schoolyear_id` = 7 AND `user_id` = 2601 LIMIT 1   [ RunTime:0.0000s ]
SQL: SELECT * FROM `basetwograde` WHERE `schoolyear_id` = 7 AND `user_id` = 2602 LIMIT 1   [ RunTime:0.0000s ]
SQL: SELECT * FROM `basetwograde` WHERE `schoolyear_id` = 7 AND `user_id` = 2603 LIMIT 1   [ RunTime:0.0000s ]
SQL: SELECT * FROM `basetwograde` WHERE `schoolyear_id` = 7 AND `user_id` = 2604 LIMIT 1   [ RunTime:0.0000s ]
SQL: SELECT * FROM `basetwograde` WHERE `schoolyear_id` = 7 AND `user_id` = 2605 LIMIT 1   [ RunTime:0.0000s ]
SQL: SELECT * FROM `basetwograde` WHERE `schoolyear_id` = 7 AND `user_id` = 2606 LIMIT 1   [ RunTime:0.0000s ]
INFO: [ view_parse ] --START--
INFO: [ template_filter ] --START--
INFO: Run Behavior\ContentReplaceBehavior [ RunTime:0.000024s ]
INFO: [ template_filter ] --END-- [ RunTime:0.000048s ]
INFO: Run Behavior\ParseTemplateBehavior [ RunTime:0.002146s ]
INFO: [ view_parse ] --END-- [ RunTime:0.002172s ]
INFO: [ view_filter ] --START--
INFO: Run Behavior\WriteHtmlCacheBehavior [ RunTime:0.000025s ]
INFO: [ view_filter ] --END-- [ RunTime:0.000040s ]
INFO: [ app_end ] --START--
INFO: Run Behavior\ShowPageTraceBehavior [ RunTime:0.000023s ]
INFO: [ app_end ] --END-- [ RunTime:0.000039s ]

[ 2018-09-28T09:45:11+08:00 ] 117.136.41.62 /zhcp/index.php/BackgroundAdmin/Index/audit/user_id/2606.html
INFO: [ app_init ] --START--
INFO: Run Behavior\BuildLiteBehavior [ RunTime:0.000009s ]
INFO: [ app_init ] --END-- [ RunTime:0.000056s ]
INFO: [ app_begin ] --START--
INFO: Run Behavior\ReadHtmlCacheBehavior [ RunTime:0.000022s ]
INFO: [ app_begin ] --END-- [ RunTime:0.000042s ]
NOTIC: [8] A session had already been started - ignoring session_start() /var/www/html/zhcp/ThinkPHP/Common/functions.php 第 1263 行.
SQL: SHOW COLUMNS FROM `schoolyear` [ RunTime:0.0004s ]
SQL: SELECT * FROM `schoolyear` WHERE `schoolyear_nowyear` = 1 LIMIT 1   [ RunTime:0.0000s ]
SQL: SHOW COLUMNS FROM `basetwograde` [ RunTime:0.0002s ]
SQL: SELECT * FROM `basetwograde` WHERE `user_id` = 2606 AND `schoolyear_id` = 7  [ RunTime:0.0000s ]
SQL: SHOW COLUMNS FROM `deveonelevelgrade` [ RunTime:0.0002s ]
SQL: SELECT * FROM `deveonelevelgrade` WHERE `user_id` = 2606 AND `schoolyear_id` = 7  [ RunTime:0.0002s ]
SQL: SELECT * FROM `basetwograde` WHERE `user_id` = 2606 AND `schoolyear_id` = 7  [ RunTime:0.0000s ]
SQL: SELECT * FROM `deveonelevelgrade` WHERE `user_id` = 2606 AND `schoolyear_id` = 7  [ RunTime:0.0000s ]
SQL: SHOW COLUMNS FROM `basetwolevelindex` [ RunTime:0.0002s ]
SQL: SELECT COUNT(*) AS tp_count FROM `basetwolevelindex` LIMIT 1   [ RunTime:0.0000s ]
SQL: SHOW COLUMNS FROM `deveonelevelindex` [ RunTime:0.0002s ]
SQL: SELECT COUNT(*) AS tp_count FROM `deveonelevelindex` LIMIT 1   [ RunTime:0.0000s ]
SQL: SELECT * FROM `deveonelevelindex`  [ RunTime:0.0000s ]
SQL: SHOW COLUMNS FROM `user` [ RunTime:0.0003s ]
SQL: SELECT `pclass_id` FROM `user` WHERE `user_id` = 2606 LIMIT 1   [ RunTime:0.0000s ]
NOTIC: [8] Undefined variable: base /var/www/html/zhcp/Application/BackgroundAdmin/Controller/IndexController.class.php 第 122 行.
INFO: [ view_parse ] --START--
INFO: [ template_filter ] --START--
INFO: Run Behavior\ContentReplaceBehavior [ RunTime:0.000047s ]
INFO: [ template_filter ] --END-- [ RunTime:0.000072s ]
INFO: Run Behavior\ParseTemplateBehavior [ RunTime:0.005124s ]
INFO: [ view_parse ] --END-- [ RunTime:0.005150s ]
INFO: [ view_filter ] --START--
INFO: Run Behavior\WriteHtmlCacheBehavior [ RunTime:0.000025s ]
INFO: [ view_filter ] --END-- [ RunTime:0.000040s ]
INFO: [ app_end ] --START--
INFO: Run Behavior\ShowPageTraceBehavior [ RunTime:0.000023s ]
INFO: [ app_end ] --END-- [ RunTime:0.000041s ]

[ 2018-09-28T09:46:03+08:00 ] 101.91.60.106 /zhcp/index.php/BackgroundAdmin/Login/index.html
INFO: [ app_init ] --START--
INFO: Run Behavior\BuildLiteBehavior [ RunTime:0.000010s ]
INFO: [ app_init ] --END-- [ RunTime:0.000063s ]
INFO: [ app_begin ] --START--
INFO: Run Behavior\ReadHtmlCacheBehavior [ RunTime:0.000024s ]
INFO: [ app_begin ] --END-- [ RunTime:0.000046s ]
NOTIC: [8] A session had already been started - ignoring session_start() /var/www/html/zhcp/ThinkPHP/Common/functions.php 第 1263 行.
INFO: [ view_parse ] --START--
INFO: [ template_filter ] --START--
INFO: Run Behavior\ContentReplaceBehavior [ RunTime:0.000024s ]
INFO: [ template_filter ] --END-- [ RunTime:0.000050s ]
INFO: Run Behavior\ParseTemplateBehavior [ RunTime:0.001097s ]
INFO: [ view_parse ] --END-- [ RunTime:0.001121s ]
INFO: [ view_filter ] --START--
INFO: Run Behavior\WriteHtmlCacheBehavior [ RunTime:0.000026s ]
INFO: [ view_filter ] --END-- [ RunTime:0.000040s ]
INFO: [ app_end ] --START--
INFO: Run Behavior\ShowPageTraceBehavior [ RunTime:0.000021s ]
INFO: [ app_end ] --END-- [ RunTime:0.000036s ]

[ 2018-09-28T09:46:09+08:00 ] 61.129.6.151 /zhcp/index.php/BackgroundAdmin/Index/queryclass.html
INFO: [ app_init ] --START--
INFO: Run Behavior\BuildLiteBehavior [ RunTime:0.000009s ]
INFO: [ app_init ] --END-- [ RunTime:0.000057s ]
INFO: [ app_begin ] --START--
INFO: Run Behavior\ReadHtmlCacheBehavior [ RunTime:0.000025s ]
INFO: [ app_begin ] --END-- [ RunTime:0.000046s ]
NOTIC: [8] A session had already been started - ignoring session_start() /var/www/html/zhcp/ThinkPHP/Common/functions.php 第 1263 行.

[ 2018-09-28T09:46:10+08:00 ] 61.129.6.151 /zhcp/index.php/BackgroundAdmin/Login/index.html
INFO: [ app_init ] --START--
INFO: Run Behavior\BuildLiteBehavior [ RunTime:0.000009s ]
INFO: [ app_init ] --END-- [ RunTime:0.000054s ]
INFO: [ app_begin ] --START--
INFO: Run Behavior\ReadHtmlCacheBehavior [ RunTime:0.000035s ]
INFO: [ app_begin ] --END-- [ RunTime:0.000072s ]
NOTIC: [8] A session had already been started - ignoring session_start() /var/www/html/zhcp/ThinkPHP/Common/functions.php 第 1263 行.
INFO: [ view_parse ] --START--
INFO: [ template_filter ] --START--
INFO: Run Behavior\ContentReplaceBehavior [ RunTime:0.000025s ]
INFO: [ template_filter ] --END-- [ RunTime:0.000053s ]
INFO: Run Behavior\ParseTemplateBehavior [ RunTime:0.001239s ]
INFO: [ view_parse ] --END-- [ RunTime:0.001270s ]
INFO: [ view_filter ] --START--
INFO: Run Behavior\WriteHtmlCacheBehavior [ RunTime:0.000032s ]
INFO: [ view_filter ] --END-- [ RunTime:0.000054s ]
INFO: [ app_end ] --START--
INFO: Run Behavior\ShowPageTraceBehavior [ RunTime:0.000028s ]
INFO: [ app_end ] --END-- [ RunTime:0.000050s ]

[ 2018-09-28T17:19:00+08:00 ] 112.96.164.166 /zhcp/index.php/BackgroundAdmin
INFO: [ app_init ] --START--
INFO: Run Behavior\BuildLiteBehavior [ RunTime:0.000009s ]
INFO: [ app_init ] --END-- [ RunTime:0.000062s ]
INFO: [ app_begin ] --START--
INFO: Run Behavior\ReadHtmlCacheBehavior [ RunTime:0.000055s ]
INFO: [ app_begin ] --END-- [ RunTime:0.000097s ]
NOTIC: [8] A session had already been started - ignoring session_start() /var/www/html/zhcp/ThinkPHP/Common/functions.php 第 1263 行.

[ 2018-09-28T17:19:00+08:00 ] 112.96.164.166 /zhcp/index.php/BackgroundAdmin/Login/index.html
INFO: [ app_init ] --START--
INFO: Run Behavior\BuildLiteBehavior [ RunTime:0.000009s ]
INFO: [ app_init ] --END-- [ RunTime:0.000055s ]
INFO: [ app_begin ] --START--
INFO: Run Behavior\ReadHtmlCacheBehavior [ RunTime:0.000023s ]
INFO: [ app_begin ] --END-- [ RunTime:0.000047s ]
NOTIC: [8] A session had already been started - ignoring session_start() /var/www/html/zhcp/ThinkPHP/Common/functions.php 第 1263 行.
INFO: [ view_parse ] --START--
INFO: [ template_filter ] --START--
INFO: Run Behavior\ContentReplaceBehavior [ RunTime:0.000041s ]
INFO: [ template_filter ] --END-- [ RunTime:0.000080s ]
INFO: Run Behavior\ParseTemplateBehavior [ RunTime:0.003504s ]
INFO: [ view_parse ] --END-- [ RunTime:0.003534s ]
INFO: [ view_filter ] --START--
INFO: Run Behavior\WriteHtmlCacheBehavior [ RunTime:0.000029s ]
INFO: [ view_filter ] --END-- [ RunTime:0.000047s ]
INFO: [ app_end ] --START--
INFO: Run Behavior\ShowPageTraceBehavior [ RunTime:0.000031s ]
INFO: [ app_end ] --END-- [ RunTime:0.000048s ]

[ 2018-09-28T17:19:00+08:00 ] 112.96.164.166 /zhcp/index.php/BackgroundAdmin/Login/css/style.css
INFO: [ app_init ] --START--
INFO: Run Behavior\BuildLiteBehavior [ RunTime:0.000016s ]
INFO: [ app_init ] --END-- [ RunTime:0.000063s ]
INFO: [ app_begin ] --START--
INFO: Run Behavior\ReadHtmlCacheBehavior [ RunTime:0.000022s ]
INFO: [ app_begin ] --END-- [ RunTime:0.000045s ]
NOTIC: [8] A session had already been started - ignoring session_start() /var/www/html/zhcp/ThinkPHP/Common/functions.php 第 1263 行.
ERR: 非法操作:css

[ 2018-09-28T17:19:00+08:00 ] 112.96.164.166 /zhcp/index.php/BackgroundAdmin/Login/images/head-img.png
INFO: [ app_init ] --START--
INFO: Run Behavior\BuildLiteBehavior [ RunTime:0.000010s ]
INFO: [ app_init ] --END-- [ RunTime:0.000058s ]

[ 2018-09-28T17:19:00+08:00 ] 112.96.164.166 /zhcp/index.php/BackgroundAdmin/Login/images/head-img.png
INFO: [ app_init ] --START--
INFO: Run Behavior\BuildLiteBehavior [ RunTime:0.000012s ]
INFO: [ app_init ] --END-- [ RunTime:0.000093s ]

[ 2018-09-28T17:19:12+08:00 ] 112.96.164.166 /zhcp/index.php/BackgroundAdmin/Login/index.html
INFO: [ app_init ] --START--
INFO: Run Behavior\BuildLiteBehavior [ RunTime:0.000010s ]
INFO: [ app_init ] --END-- [ RunTime:0.000067s ]
INFO: [ app_begin ] --START--
INFO: Run Behavior\ReadHtmlCacheBehavior [ RunTime:0.000040s ]
INFO: [ app_begin ] --END-- [ RunTime:0.000065s ]
NOTIC: [8] A session had already been started - ignoring session_start() /var/www/html/zhcp/ThinkPHP/Common/functions.php 第 1263 行.
SQL: SHOW COLUMNS FROM `classgroup` [ RunTime:0.0004s ]
SQL: SELECT * FROM `classgroup` WHERE `classgroup_account` = '17jsj12' AND `classgroup_password` = '17jsj12' LIMIT 1   [ RunTime:0.0002s ]
INFO: [ app_end ] --START--
INFO: Run Behavior\ShowPageTraceBehavior [ RunTime:0.000037s ]
INFO: [ app_end ] --END-- [ RunTime:0.000068s ]

[ 2018-09-28T17:19:12+08:00 ] 112.96.164.166 /zhcp/index.php/BackgroundAdmin/Index/index
INFO: [ app_init ] --START--
INFO: Run Behavior\BuildLiteBehavior [ RunTime:0.000009s ]
INFO: [ app_init ] --END-- [ RunTime:0.000057s ]
INFO: [ app_begin ] --START--
INFO: Run Behavior\ReadHtmlCacheBehavior [ RunTime:0.000023s ]
INFO: [ app_begin ] --END-- [ RunTime:0.000045s ]
NOTIC: [8] A session had already been started - ignoring session_start() /var/www/html/zhcp/ThinkPHP/Common/functions.php 第 1263 行.
SQL: SHOW COLUMNS FROM `pclass` [ RunTime:0.0004s ]
SQL: SELECT `pclass_name` FROM `pclass` WHERE `pclass_id` = 102 LIMIT 1   [ RunTime:0.0001s ]
INFO: [ view_parse ] --START--
INFO: [ template_filter ] --START--
INFO: Run Behavior\ContentReplaceBehavior [ RunTime:0.000041s ]
INFO: [ template_filter ] --END-- [ RunTime:0.000076s ]
INFO: Run Behavior\ParseTemplateBehavior [ RunTime:0.019797s ]
INFO: [ view_parse ] --END-- [ RunTime:0.019834s ]
INFO: [ view_filter ] --START--
INFO: Run Behavior\WriteHtmlCacheBehavior [ RunTime:0.000025s ]
INFO: [ view_filter ] --END-- [ RunTime:0.000043s ]
INFO: [ app_end ] --START--
INFO: Run Behavior\ShowPageTraceBehavior [ RunTime:0.000019s ]
INFO: [ app_end ] --END-- [ RunTime:0.000036s ]

[ 2018-09-28T17:19:12+08:00 ] 112.96.164.166 /zhcp/index.php/BackgroundAdmin/Index/copy.html
INFO: [ app_init ] --START--
INFO: Run Behavior\BuildLiteBehavior [ RunTime:0.000009s ]
INFO: [ app_init ] --END-- [ RunTime:0.000057s ]
INFO: [ app_begin ] --START--
INFO: Run Behavior\ReadHtmlCacheBehavior [ RunTime:0.000022s ]
INFO: [ app_begin ] --END-- [ RunTime:0.000045s ]
NOTIC: [8] A session had already been started - ignoring session_start() /var/www/html/zhcp/ThinkPHP/Common/functions.php 第 1263 行.
INFO: [ view_parse ] --START--
INFO: [ template_filter ] --START--
INFO: Run Behavior\ContentReplaceBehavior [ RunTime:0.000028s ]
INFO: [ template_filter ] --END-- [ RunTime:0.000073s ]
INFO: Run Behavior\ParseTemplateBehavior [ RunTime:0.022268s ]
INFO: [ view_parse ] --END-- [ RunTime:0.022297s ]
INFO: [ view_filter ] --START--
INFO: Run Behavior\WriteHtmlCacheBehavior [ RunTime:0.000023s ]
INFO: [ view_filter ] --END-- [ RunTime:0.000040s ]
INFO: [ app_end ] --START--
INFO: Run Behavior\ShowPageTraceBehavior [ RunTime:0.000018s ]
INFO: [ app_end ] --END-- [ RunTime:0.000038s ]

[ 2018-09-28T17:19:20+08:00 ] 112.96.164.166 /zhcp/index.php/BackgroundAdmin/Index/queryclass.html
INFO: [ app_init ] --START--
INFO: Run Behavior\BuildLiteBehavior [ RunTime:0.000020s ]
INFO: [ app_init ] --END-- [ RunTime:0.000103s ]
INFO: [ app_begin ] --START--
INFO: Run Behavior\ReadHtmlCacheBehavior [ RunTime:0.000042s ]
INFO: [ app_begin ] --END-- [ RunTime:0.000069s ]
NOTIC: [8] A session had already been started - ignoring session_start() /var/www/html/zhcp/ThinkPHP/Common/functions.php 第 1263 行.
SQL: SHOW COLUMNS FROM `pclass` [ RunTime:0.0004s ]
SQL: SELECT `pclass_name` FROM `pclass` WHERE `pclass_id` = 102 LIMIT 1   [ RunTime:0.0000s ]
SQL: SELECT * FROM `pclass` WHERE `pclass_id` = 102 LIMIT 1   [ RunTime:0.0001s ]
SQL: SHOW COLUMNS FROM `grade` [ RunTime:0.0003s ]
SQL: SELECT `grade_name` FROM `grade` WHERE `grade_id` = 10 LIMIT 1   [ RunTime:0.0001s ]
SQL: SHOW COLUMNS FROM `user` [ RunTime:0.0003s ]
SQL: SELECT * FROM `user` WHERE `pclass_id` = 102 AND `grade_id` = 10  [ RunTime:0.0006s ]
SQL: SHOW COLUMNS FROM `schoolyear` [ RunTime:0.0003s ]
SQL: SELECT * FROM `schoolyear` WHERE `schoolyear_nowyear` = 1 LIMIT 1   [ RunTime:0.0000s ]
SQL: SHOW COLUMNS FROM `basetwograde` [ RunTime:0.0003s ]
SQL: SELECT * FROM `basetwograde` WHERE `schoolyear_id` = 7 AND `user_id` = 4615 LIMIT 1   [ RunTime:0.0246s ]
SQL: SELECT * FROM `basetwograde` WHERE `schoolyear_id` = 7 AND `user_id` = 4616 LIMIT 1   [ RunTime:0.0002s ]
SQL: SELECT * FROM `basetwograde` WHERE `schoolyear_id` = 7 AND `user_id` = 4617 LIMIT 1   [ RunTime:0.0016s ]
SQL: SELECT * FROM `basetwograde` WHERE `schoolyear_id` = 7 AND `user_id` = 4618 LIMIT 1   [ RunTime:0.0165s ]
SQL: SELECT * FROM `basetwograde` WHERE `schoolyear_id` = 7 AND `user_id` = 4619 LIMIT 1   [ RunTime:0.0002s ]
SQL: SELECT * FROM `basetwograde` WHERE `schoolyear_id` = 7 AND `user_id` = 4620 LIMIT 1   [ RunTime:0.0001s ]
SQL: SELECT * FROM `basetwograde` WHERE `schoolyear_id` = 7 AND `user_id` = 4621 LIMIT 1   [ RunTime:0.0218s ]
SQL: SELECT * FROM `basetwograde` WHERE `schoolyear_id` = 7 AND `user_id` = 4622 LIMIT 1   [ RunTime:0.0002s ]
SQL: SELECT * FROM `basetwograde` WHERE `schoolyear_id` = 7 AND `user_id` = 4623 LIMIT 1   [ RunTime:0.0002s ]
SQL: SELECT * FROM `basetwograde` WHERE `schoolyear_id` = 7 AND `user_id` = 4624 LIMIT 1   [ RunTime:0.0002s ]
SQL: SELECT * FROM `basetwograde` WHERE `schoolyear_id` = 7 AND `user_id` = 4625 LIMIT 1   [ RunTime:0.0001s ]
SQL: SELECT * FROM `basetwograde` WHERE `schoolyear_id` = 7 AND `user_id` = 4626 LIMIT 1   [ RunTime:0.0001s ]
SQL: SELECT * FROM `basetwograde` WHERE `schoolyear_id` = 7 AND `user_id` = 4627 LIMIT 1   [ RunTime:0.0141s ]
SQL: SELECT * FROM `basetwograde` WHERE `schoolyear_id` = 7 AND `user_id` = 4628 LIMIT 1   [ RunTime:0.0002s ]
SQL: SELECT * FROM `basetwograde` WHERE `schoolyear_id` = 7 AND `user_id` = 4629 LIMIT 1   [ RunTime:0.0002s ]
SQL: SELECT * FROM `basetwograde` WHERE `schoolyear_id` = 7 AND `user_id` = 4630 LIMIT 1   [ RunTime:0.0002s ]
SQL: SELECT * FROM `basetwograde` WHERE `schoolyear_id` = 7 AND `user_id` = 4631 LIMIT 1   [ RunTime:0.0143s ]
SQL: SELECT * FROM `basetwograde` WHERE `schoolyear_id` = 7 AND `user_id` = 4632 LIMIT 1   [ RunTime:0.0002s ]
SQL: SELECT * FROM `basetwograde` WHERE `schoolyear_id` = 7 AND `user_id` = 4633 LIMIT 1   [ RunTime:0.0002s ]
SQL: SELECT * FROM `basetwograde` WHERE `schoolyear_id` = 7 AND `user_id` = 4634 LIMIT 1   [ RunTime:0.0002s ]
SQL: SELECT * FROM `basetwograde` WHERE `schoolyear_id` = 7 AND `user_id` = 4635 LIMIT 1   [ RunTime:0.0014s ]
SQL: SELECT * FROM `basetwograde` WHERE `schoolyear_id` = 7 AND `user_id` = 4636 LIMIT 1   [ RunTime:0.0002s ]
SQL: SELECT * FROM `basetwograde` WHERE `schoolyear_id` = 7 AND `user_id` = 4637 LIMIT 1   [ RunTime:0.0001s ]
SQL: SELECT * FROM `basetwograde` WHERE `schoolyear_id` = 7 AND `user_id` = 4638 LIMIT 1   [ RunTime:0.0002s ]
SQL: SELECT * FROM `basetwograde` WHERE `schoolyear_id` = 7 AND `user_id` = 4639 LIMIT 1   [ RunTime:0.0002s ]
SQL: SELECT * FROM `basetwograde` WHERE `schoolyear_id` = 7 AND `user_id` = 4640 LIMIT 1   [ RunTime:0.0001s ]
SQL: SELECT * FROM `basetwograde` WHERE `schoolyear_id` = 7 AND `user_id` = 4641 LIMIT 1   [ RunTime:0.0001s ]
SQL: SELECT * FROM `basetwograde` WHERE `schoolyear_id` = 7 AND `user_id` = 4642 LIMIT 1   [ RunTime:0.0001s ]
SQL: SELECT * FROM `basetwograde` WHERE `schoolyear_id` = 7 AND `user_id` = 4643 LIMIT 1   [ RunTime:0.0119s ]
SQL: SELECT * FROM `basetwograde` WHERE `schoolyear_id` = 7 AND `user_id` = 4644 LIMIT 1   [ RunTime:0.0002s ]
SQL: SELECT * FROM `basetwograde` WHERE `schoolyear_id` = 7 AND `user_id` = 4645 LIMIT 1   [ RunTime:0.0132s ]
SQL: SELECT * FROM `basetwograde` WHERE `schoolyear_id` = 7 AND `user_id` = 4646 LIMIT 1   [ RunTime:0.0002s ]
SQL: SELECT * FROM `basetwograde` WHERE `schoolyear_id` = 7 AND `user_id` = 4647 LIMIT 1   [ RunTime:0.0001s ]
SQL: SELECT * FROM `basetwograde` WHERE `schoolyear_id` = 7 AND `user_id` = 4648 LIMIT 1   [ RunTime:0.0002s ]
SQL: SELECT * FROM `basetwograde` WHERE `schoolyear_id` = 7 AND `user_id` = 4649 LIMIT 1   [ RunTime:0.0001s ]
SQL: SELECT * FROM `basetwograde` WHERE `schoolyear_id` = 7 AND `user_id` = 4650 LIMIT 1   [ RunTime:0.0001s ]
SQL: SELECT * FROM `basetwograde` WHERE `schoolyear_id` = 7 AND `user_id` = 4651 LIMIT 1   [ RunTime:0.0001s ]
SQL: SELECT * FROM `basetwograde` WHERE `schoolyear_id` = 7 AND `user_id` = 4652 LIMIT 1   [ RunTime:0.0002s ]
SQL: SELECT * FROM `basetwograde` WHERE `schoolyear_id` = 7 AND `user_id` = 4653 LIMIT 1   [ RunTime:0.0014s ]
SQL: SELECT * FROM `basetwograde` WHERE `schoolyear_id` = 7 AND `user_id` = 4654 LIMIT 1   [ RunTime:0.0001s ]
SQL: SELECT * FROM `basetwograde` WHERE `schoolyear_id` = 7 AND `user_id` = 4655 LIMIT 1   [ RunTime:0.0001s ]
SQL: SELECT * FROM `basetwograde` WHERE `schoolyear_id` = 7 AND `user_id` = 4656 LIMIT 1   [ RunTime:0.0013s ]
SQL: SELECT * FROM `basetwograde` WHERE `schoolyear_id` = 7 AND `user_id` = 4657 LIMIT 1   [ RunTime:0.0002s ]
INFO: [ view_parse ] --START--
INFO: [ template_filter ] --START--
INFO: Run Behavior\ContentReplaceBehavior [ RunTime:0.000038s ]
INFO: [ template_filter ] --END-- [ RunTime:0.000070s ]
INFO: Run Behavior\ParseTemplateBehavior [ RunTime:0.015507s ]
INFO: [ view_parse ] --END-- [ RunTime:0.015544s ]
INFO: [ view_filter ] --START--
INFO: Run Behavior\WriteHtmlCacheBehavior [ RunTime:0.000031s ]
INFO: [ view_filter ] --END-- [ RunTime:0.000049s ]
INFO: [ app_end ] --START--
INFO: Run Behavior\ShowPageTraceBehavior [ RunTime:0.000042s ]
INFO: [ app_end ] --END-- [ RunTime:0.000066s ]

[ 2018-09-28T17:19:25+08:00 ] 112.96.164.166 /zhcp/index.php/BackgroundAdmin/Index/audit/user_id/4623.html
INFO: [ app_init ] --START--
INFO: Run Behavior\BuildLiteBehavior [ RunTime:0.000009s ]
INFO: [ app_init ] --END-- [ RunTime:0.000060s ]
INFO: [ app_begin ] --START--
INFO: Run Behavior\ReadHtmlCacheBehavior [ RunTime:0.000025s ]
INFO: [ app_begin ] --END-- [ RunTime:0.000048s ]
NOTIC: [8] A session had already been started - ignoring session_start() /var/www/html/zhcp/ThinkPHP/Common/functions.php 第 1263 行.
SQL: SHOW COLUMNS FROM `schoolyear` [ RunTime:0.0004s ]
SQL: SELECT * FROM `schoolyear` WHERE `schoolyear_nowyear` = 1 LIMIT 1   [ RunTime:0.0000s ]
SQL: SHOW COLUMNS FROM `basetwograde` [ RunTime:0.0003s ]
SQL: SELECT * FROM `basetwograde` WHERE `user_id` = 4623 AND `schoolyear_id` = 7  [ RunTime:0.0004s ]
SQL: SHOW COLUMNS FROM `deveonelevelgrade` [ RunTime:0.0003s ]
SQL: SELECT * FROM `deveonelevelgrade` WHERE `user_id` = 4623 AND `schoolyear_id` = 7  [ RunTime:0.0001s ]
SQL: SELECT * FROM `basetwograde` WHERE `user_id` = 4623 AND `schoolyear_id` = 7  [ RunTime:0.0000s ]
SQL: SELECT * FROM `deveonelevelgrade` WHERE `user_id` = 4623 AND `schoolyear_id` = 7  [ RunTime:0.0000s ]
SQL: SHOW COLUMNS FROM `basetwolevelindex` [ RunTime:0.0002s ]
SQL: SELECT COUNT(*) AS tp_count FROM `basetwolevelindex` LIMIT 1   [ RunTime:0.0000s ]
SQL: SHOW COLUMNS FROM `deveonelevelindex` [ RunTime:0.0002s ]
SQL: SELECT COUNT(*) AS tp_count FROM `deveonelevelindex` LIMIT 1   [ RunTime:0.0000s ]
SQL: SELECT * FROM `deveonelevelindex`  [ RunTime:0.0000s ]
SQL: SHOW COLUMNS FROM `user` [ RunTime:0.0003s ]
SQL: SELECT `pclass_id` FROM `user` WHERE `user_id` = 4623 LIMIT 1   [ RunTime:0.0001s ]
NOTIC: [8] Undefined variable: base /var/www/html/zhcp/Application/BackgroundAdmin/Controller/IndexController.class.php 第 122 行.
INFO: [ view_parse ] --START--
INFO: [ template_filter ] --START--
INFO: Run Behavior\ContentReplaceBehavior [ RunTime:0.000059s ]
INFO: [ template_filter ] --END-- [ RunTime:0.000097s ]
INFO: Run Behavior\ParseTemplateBehavior [ RunTime:0.024504s ]
INFO: [ view_parse ] --END-- [ RunTime:0.024536s ]
INFO: [ view_filter ] --START--
INFO: Run Behavior\WriteHtmlCacheBehavior [ RunTime:0.000033s ]
INFO: [ view_filter ] --END-- [ RunTime:0.000058s ]
INFO: [ app_end ] --START--
INFO: Run Behavior\ShowPageTraceBehavior [ RunTime:0.000026s ]
INFO: [ app_end ] --END-- [ RunTime:0.000053s ]

[ 2018-09-28T17:19:31+08:00 ] 112.96.164.166 /zhcp/index.php/BackgroundAdmin/Login/index.html
INFO: [ app_init ] --START--
INFO: Run Behavior\BuildLiteBehavior [ RunTime:0.000010s ]
INFO: [ app_init ] --END-- [ RunTime:0.000060s ]
INFO: [ app_begin ] --START--
INFO: Run Behavior\ReadHtmlCacheBehavior [ RunTime:0.000023s ]
INFO: [ app_begin ] --END-- [ RunTime:0.000047s ]
NOTIC: [8] A session had already been started - ignoring session_start() /var/www/html/zhcp/ThinkPHP/Common/functions.php 第 1263 行.
INFO: [ view_parse ] --START--
INFO: [ template_filter ] --START--
INFO: Run Behavior\ContentReplaceBehavior [ RunTime:0.000026s ]
INFO: [ template_filter ] --END-- [ RunTime:0.000055s ]
INFO: Run Behavior\ParseTemplateBehavior [ RunTime:0.001229s ]
INFO: [ view_parse ] --END-- [ RunTime:0.001255s ]
INFO: [ view_filter ] --START--
INFO: Run Behavior\WriteHtmlCacheBehavior [ RunTime:0.000022s ]
INFO: [ view_filter ] --END-- [ RunTime:0.000038s ]
INFO: [ app_end ] --START--
INFO: Run Behavior\ShowPageTraceBehavior [ RunTime:0.000030s ]
INFO: [ app_end ] --END-- [ RunTime:0.000054s ]

[ 2018-09-28T17:19:31+08:00 ] 112.96.164.166 /zhcp/index.php/BackgroundAdmin/Login/images/head-img.png
INFO: [ app_init ] --START--
INFO: Run Behavior\BuildLiteBehavior [ RunTime:0.000009s ]
INFO: [ app_init ] --END-- [ RunTime:0.000067s ]

[ 2018-09-28T17:19:31+08:00 ] 112.96.164.166 /zhcp/index.php/BackgroundAdmin/Login/css/style.css
INFO: [ app_init ] --START--
INFO: Run Behavior\BuildLiteBehavior [ RunTime:0.000008s ]
INFO: [ app_init ] --END-- [ RunTime:0.000044s ]
INFO: [ app_begin ] --START--
INFO: Run Behavior\ReadHtmlCacheBehavior [ RunTime:0.000025s ]
INFO: [ app_begin ] --END-- [ RunTime:0.000053s ]
NOTIC: [8] A session had already been started - ignoring session_start() /var/www/html/zhcp/ThinkPHP/Common/functions.php 第 1263 行.
ERR: 非法操作:css

[ 2018-09-28T17:19:31+08:00 ] 112.96.164.166 /zhcp/index.php/BackgroundAdmin/Login/images/head-img.png
INFO: [ app_init ] --START--
INFO: Run Behavior\BuildLiteBehavior [ RunTime:0.000009s ]
INFO: [ app_init ] --END-- [ RunTime:0.000065s ]

