[ 2017-09-27T09:40:57+08:00 ] 121.33.227.23 /zhcp/admin.php/BackgroundAdmin/Index/index
INFO: [ app_init ] --START--
INFO: Run Behavior\BuildLiteBehavior [ RunTime:0.000013s ]
INFO: [ app_init ] --END-- [ RunTime:0.000108s ]
INFO: [ app_begin ] --START--
INFO: Run Behavior\ReadHtmlCacheBehavior [ RunTime:0.000049s ]
INFO: [ app_begin ] --END-- [ RunTime:0.000083s ]

[ 2017-09-27T09:40:57+08:00 ] 121.33.227.23 /zhcp/admin.php/BackgroundAdmin/Login/index.html
INFO: [ app_init ] --START--
INFO: Run Behavior\BuildLiteBehavior [ RunTime:0.000009s ]
INFO: [ app_init ] --END-- [ RunTime:0.000059s ]
INFO: [ app_begin ] --START--
INFO: Run Behavior\ReadHtmlCacheBehavior [ RunTime:0.000029s ]
INFO: [ app_begin ] --END-- [ RunTime:0.000056s ]
INFO: [ view_parse ] --START--
INFO: [ template_filter ] --START--
INFO: Run Behavior\ContentReplaceBehavior [ RunTime:0.000034s ]
INFO: [ template_filter ] --END-- [ RunTime:0.000064s ]
INFO: Run Behavior\ParseTemplateBehavior [ RunTime:0.001689s ]
INFO: [ view_parse ] --END-- [ RunTime:0.001719s ]
INFO: [ view_filter ] --START--
INFO: Run Behavior\WriteHtmlCacheBehavior [ RunTime:0.000034s ]
INFO: [ view_filter ] --END-- [ RunTime:0.000051s ]
INFO: [ app_end ] --START--
INFO: Run Behavior\ShowPageTraceBehavior [ RunTime:0.000031s ]
INFO: [ app_end ] --END-- [ RunTime:0.000052s ]

[ 2017-09-27T09:40:58+08:00 ] 121.33.227.23 /zhcp/admin.php/BackgroundAdmin/Login/css/style.css
INFO: [ app_init ] --START--
INFO: Run Behavior\BuildLiteBehavior [ RunTime:0.000009s ]
INFO: [ app_init ] --END-- [ RunTime:0.000058s ]
INFO: [ app_begin ] --START--
INFO: Run Behavior\ReadHtmlCacheBehavior [ RunTime:0.000024s ]
INFO: [ app_begin ] --END-- [ RunTime:0.000047s ]
ERR: 非法操作:css

[ 2017-09-27T09:40:58+08:00 ] 121.33.227.23 /zhcp/admin.php/BackgroundAdmin/Login/images/head-img.png
INFO: [ app_init ] --START--
INFO: Run Behavior\BuildLiteBehavior [ RunTime:0.000008s ]
INFO: [ app_init ] --END-- [ RunTime:0.000054s ]

[ 2017-09-27T09:40:58+08:00 ] 121.33.227.23 /zhcp/admin.php/BackgroundAdmin/Login/images/head-img.png
INFO: [ app_init ] --START--
INFO: Run Behavior\BuildLiteBehavior [ RunTime:0.000009s ]
INFO: [ app_init ] --END-- [ RunTime:0.000058s ]

[ 2017-09-27T09:41:03+08:00 ] 121.33.227.23 /zhcp/admin.php/BackgroundAdmin/Login/index.html
INFO: [ app_init ] --START--
INFO: Run Behavior\BuildLiteBehavior [ RunTime:0.000011s ]
INFO: [ app_init ] --END-- [ RunTime:0.000064s ]
INFO: [ app_begin ] --START--
INFO: Run Behavior\ReadHtmlCacheBehavior [ RunTime:0.000025s ]
INFO: [ app_begin ] --END-- [ RunTime:0.000049s ]
SQL: SHOW COLUMNS FROM `admin` [ RunTime:0.0005s ]
SQL: SELECT * FROM `admin` WHERE `admin_account` = 'cst' AND `admin_password` = '123' LIMIT 1   [ RunTime:0.0001s ]
INFO: [ app_end ] --START--
INFO: Run Behavior\ShowPageTraceBehavior [ RunTime:0.000052s ]
INFO: [ app_end ] --END-- [ RunTime:0.000079s ]

[ 2017-09-27T09:41:03+08:00 ] 121.33.227.23 /zhcp/admin.php/BackgroundAdmin/Index/index
INFO: [ app_init ] --START--
INFO: Run Behavior\BuildLiteBehavior [ RunTime:0.000009s ]
INFO: [ app_init ] --END-- [ RunTime:0.000058s ]
INFO: [ app_begin ] --START--
INFO: Run Behavior\ReadHtmlCacheBehavior [ RunTime:0.000025s ]
INFO: [ app_begin ] --END-- [ RunTime:0.000054s ]
INFO: [ view_parse ] --START--
INFO: [ template_filter ] --START--
INFO: Run Behavior\ContentReplaceBehavior [ RunTime:0.000035s ]
INFO: [ template_filter ] --END-- [ RunTime:0.000065s ]
INFO: Run Behavior\ParseTemplateBehavior [ RunTime:0.002051s ]
INFO: [ view_parse ] --END-- [ RunTime:0.002081s ]
INFO: [ view_filter ] --START--
INFO: Run Behavior\WriteHtmlCacheBehavior [ RunTime:0.000034s ]
INFO: [ view_filter ] --END-- [ RunTime:0.000054s ]
INFO: [ app_end ] --START--
INFO: Run Behavior\ShowPageTraceBehavior [ RunTime:0.000022s ]
INFO: [ app_end ] --END-- [ RunTime:0.000040s ]

[ 2017-09-27T09:41:03+08:00 ] 121.33.227.23 /zhcp/admin.php/BackgroundAdmin/Index/copy.html
INFO: [ app_init ] --START--
INFO: Run Behavior\BuildLiteBehavior [ RunTime:0.000010s ]
INFO: [ app_init ] --END-- [ RunTime:0.000060s ]
INFO: [ app_begin ] --START--
INFO: Run Behavior\ReadHtmlCacheBehavior [ RunTime:0.000025s ]
INFO: [ app_begin ] --END-- [ RunTime:0.000049s ]
INFO: [ view_parse ] --START--
INFO: [ template_filter ] --START--
INFO: Run Behavior\ContentReplaceBehavior [ RunTime:0.000033s ]
INFO: [ template_filter ] --END-- [ RunTime:0.000064s ]
INFO: Run Behavior\ParseTemplateBehavior [ RunTime:0.001152s ]
INFO: [ view_parse ] --END-- [ RunTime:0.001184s ]
INFO: [ view_filter ] --START--
INFO: Run Behavior\WriteHtmlCacheBehavior [ RunTime:0.000029s ]
INFO: [ view_filter ] --END-- [ RunTime:0.000047s ]
INFO: [ app_end ] --START--
INFO: Run Behavior\ShowPageTraceBehavior [ RunTime:0.000019s ]
INFO: [ app_end ] --END-- [ RunTime:0.000036s ]

[ 2017-09-27T09:41:05+08:00 ] 121.33.227.23 /zhcp/admin.php/BackgroundAdmin/Index/querygrade.html
INFO: [ app_init ] --START--
INFO: Run Behavior\BuildLiteBehavior [ RunTime:0.000009s ]
INFO: [ app_init ] --END-- [ RunTime:0.000059s ]
INFO: [ app_begin ] --START--
INFO: Run Behavior\ReadHtmlCacheBehavior [ RunTime:0.000024s ]
INFO: [ app_begin ] --END-- [ RunTime:0.000047s ]
SQL: SHOW COLUMNS FROM `admin` [ RunTime:0.0004s ]
SQL: SELECT * FROM `admin` WHERE `admin_id` = 2 LIMIT 1   [ RunTime:0.0001s ]
SQL: SHOW COLUMNS FROM `grade` [ RunTime:0.0003s ]
SQL: SELECT * FROM `grade` WHERE `sys_id` = 1  [ RunTime:0.0000s ]
INFO: [ view_parse ] --START--
INFO: [ template_filter ] --START--
INFO: Run Behavior\ContentReplaceBehavior [ RunTime:0.000026s ]
INFO: [ template_filter ] --END-- [ RunTime:0.000054s ]
INFO: Run Behavior\ParseTemplateBehavior [ RunTime:0.001705s ]
INFO: [ view_parse ] --END-- [ RunTime:0.001733s ]
INFO: [ view_filter ] --START--
INFO: Run Behavior\WriteHtmlCacheBehavior [ RunTime:0.000025s ]
INFO: [ view_filter ] --END-- [ RunTime:0.000042s ]
INFO: [ app_end ] --START--
INFO: Run Behavior\ShowPageTraceBehavior [ RunTime:0.000018s ]
INFO: [ app_end ] --END-- [ RunTime:0.000035s ]

[ 2017-09-27T09:41:07+08:00 ] 121.33.227.23 /zhcp/admin.php/BackgroundAdmin/Index/querygrade.html
INFO: [ app_init ] --START--
INFO: Run Behavior\BuildLiteBehavior [ RunTime:0.000012s ]
INFO: [ app_init ] --END-- [ RunTime:0.000093s ]
INFO: [ app_begin ] --START--
INFO: Run Behavior\ReadHtmlCacheBehavior [ RunTime:0.000028s ]
INFO: [ app_begin ] --END-- [ RunTime:0.000054s ]

[ 2017-09-27T09:41:07+08:00 ] 121.33.227.23 /zhcp/admin.php/BackgroundAdmin/Index/queryclass/grade_id/3.html
INFO: [ app_init ] --START--
INFO: Run Behavior\BuildLiteBehavior [ RunTime:0.000009s ]
INFO: [ app_init ] --END-- [ RunTime:0.000066s ]
INFO: [ app_begin ] --START--
INFO: Run Behavior\ReadHtmlCacheBehavior [ RunTime:0.000038s ]
INFO: [ app_begin ] --END-- [ RunTime:0.000073s ]
SQL: SHOW COLUMNS FROM `pclass` [ RunTime:0.0004s ]
SQL: SELECT `pclass_name` FROM `pclass` WHERE `pclass_id` = 0 LIMIT 1   [ RunTime:0.0001s ]
SQL: SHOW COLUMNS FROM `grade` [ RunTime:0.0003s ]
SQL: SELECT * FROM `grade` WHERE `grade_id` = 3 LIMIT 1   [ RunTime:0.0001s ]
SQL: SELECT `grade_name` FROM `grade` WHERE `grade_id` = 3 LIMIT 1   [ RunTime:0.0000s ]
SQL: SHOW COLUMNS FROM `user` [ RunTime:0.0003s ]
SQL: SELECT * FROM `user` WHERE `pclass_id` = 0 AND `grade_id` = 3  [ RunTime:0.0000s ]
SQL: SHOW COLUMNS FROM `schoolyear` [ RunTime:0.0003s ]
SQL: SELECT * FROM `schoolyear` WHERE `schoolyear_nowyear` = 1 LIMIT 1   [ RunTime:0.0001s ]
SQL: SHOW COLUMNS FROM `instructor` [ RunTime:0.0003s ]
NOTIC: [8] Undefined variable: instructor_id /var/www/html/zhcp/Admin/BackgroundAdmin/Controller/IndexController.class.php 第 95 行.
SQL: SELECT `grade_id` FROM `instructor` WHERE `instructor_id` = null LIMIT 1   [ RunTime:0.0000s ]
SQL: SELECT * FROM `pclass` WHERE `grade_id` = 3  [ RunTime:0.0000s ]
INFO: [ view_parse ] --START--
INFO: [ template_filter ] --START--
INFO: Run Behavior\ContentReplaceBehavior [ RunTime:0.000032s ]
INFO: [ template_filter ] --END-- [ RunTime:0.000061s ]
INFO: Run Behavior\ParseTemplateBehavior [ RunTime:0.002883s ]
INFO: [ view_parse ] --END-- [ RunTime:0.002912s ]
INFO: [ view_filter ] --START--
INFO: Run Behavior\WriteHtmlCacheBehavior [ RunTime:0.000042s ]
INFO: [ view_filter ] --END-- [ RunTime:0.000064s ]
INFO: [ app_end ] --START--
INFO: Run Behavior\ShowPageTraceBehavior [ RunTime:0.000026s ]
INFO: [ app_end ] --END-- [ RunTime:0.000044s ]

[ 2017-09-27T09:41:10+08:00 ] 121.33.227.23 /zhcp/admin.php/BackgroundAdmin/Index/queryclass.html
INFO: [ app_init ] --START--
INFO: Run Behavior\BuildLiteBehavior [ RunTime:0.000009s ]
INFO: [ app_init ] --END-- [ RunTime:0.000067s ]
INFO: [ app_begin ] --START--
INFO: Run Behavior\ReadHtmlCacheBehavior [ RunTime:0.000027s ]
INFO: [ app_begin ] --END-- [ RunTime:0.000060s ]
SQL: SHOW COLUMNS FROM `pclass` [ RunTime:0.0004s ]
SQL: SELECT `pclass_name` FROM `pclass` WHERE `pclass_id` = 10 LIMIT 1   [ RunTime:0.0001s ]
SQL: SHOW COLUMNS FROM `grade` [ RunTime:0.0003s ]
SQL: SELECT * FROM `grade` WHERE `grade_id` = 3 LIMIT 1   [ RunTime:0.0000s ]
SQL: SELECT `grade_name` FROM `grade` WHERE `grade_id` = 3 LIMIT 1   [ RunTime:0.0001s ]
SQL: SHOW COLUMNS FROM `user` [ RunTime:0.0004s ]
SQL: SELECT * FROM `user` WHERE `pclass_id` = 10 AND `grade_id` = 3  [ RunTime:0.0001s ]
SQL: SHOW COLUMNS FROM `schoolyear` [ RunTime:0.0003s ]
SQL: SELECT * FROM `schoolyear` WHERE `schoolyear_nowyear` = 1 LIMIT 1   [ RunTime:0.0000s ]
SQL: SHOW COLUMNS FROM `basetwograde` [ RunTime:0.0004s ]
SQL: SELECT * FROM `basetwograde` WHERE `schoolyear_id` = 6 AND `user_id` = 582 LIMIT 1   [ RunTime:0.0000s ]
SQL: SELECT * FROM `basetwograde` WHERE `schoolyear_id` = 6 AND `user_id` = 583 LIMIT 1   [ RunTime:0.0000s ]
SQL: SELECT * FROM `basetwograde` WHERE `schoolyear_id` = 6 AND `user_id` = 584 LIMIT 1   [ RunTime:0.0000s ]
SQL: SELECT * FROM `basetwograde` WHERE `schoolyear_id` = 6 AND `user_id` = 585 LIMIT 1   [ RunTime:0.0000s ]
SQL: SELECT * FROM `basetwograde` WHERE `schoolyear_id` = 6 AND `user_id` = 586 LIMIT 1   [ RunTime:0.0000s ]
SQL: SELECT * FROM `basetwograde` WHERE `schoolyear_id` = 6 AND `user_id` = 587 LIMIT 1   [ RunTime:0.0000s ]
SQL: SELECT * FROM `basetwograde` WHERE `schoolyear_id` = 6 AND `user_id` = 588 LIMIT 1   [ RunTime:0.0000s ]
SQL: SELECT * FROM `basetwograde` WHERE `schoolyear_id` = 6 AND `user_id` = 589 LIMIT 1   [ RunTime:0.0000s ]
SQL: SELECT * FROM `basetwograde` WHERE `schoolyear_id` = 6 AND `user_id` = 590 LIMIT 1   [ RunTime:0.0000s ]
SQL: SELECT * FROM `basetwograde` WHERE `schoolyear_id` = 6 AND `user_id` = 591 LIMIT 1   [ RunTime:0.0001s ]
SQL: SELECT * FROM `basetwograde` WHERE `schoolyear_id` = 6 AND `user_id` = 592 LIMIT 1   [ RunTime:0.0001s ]
SQL: SELECT * FROM `basetwograde` WHERE `schoolyear_id` = 6 AND `user_id` = 593 LIMIT 1   [ RunTime:0.0000s ]
SQL: SELECT * FROM `basetwograde` WHERE `schoolyear_id` = 6 AND `user_id` = 594 LIMIT 1   [ RunTime:0.0000s ]
SQL: SELECT * FROM `basetwograde` WHERE `schoolyear_id` = 6 AND `user_id` = 595 LIMIT 1   [ RunTime:0.0001s ]
SQL: SELECT * FROM `basetwograde` WHERE `schoolyear_id` = 6 AND `user_id` = 596 LIMIT 1   [ RunTime:0.0000s ]
SQL: SELECT * FROM `basetwograde` WHERE `schoolyear_id` = 6 AND `user_id` = 597 LIMIT 1   [ RunTime:0.0000s ]
SQL: SELECT * FROM `basetwograde` WHERE `schoolyear_id` = 6 AND `user_id` = 598 LIMIT 1   [ RunTime:0.0000s ]
SQL: SELECT * FROM `basetwograde` WHERE `schoolyear_id` = 6 AND `user_id` = 599 LIMIT 1   [ RunTime:0.0000s ]
SQL: SELECT * FROM `basetwograde` WHERE `schoolyear_id` = 6 AND `user_id` = 600 LIMIT 1   [ RunTime:0.0001s ]
SQL: SELECT * FROM `basetwograde` WHERE `schoolyear_id` = 6 AND `user_id` = 601 LIMIT 1   [ RunTime:0.0001s ]
SQL: SELECT * FROM `basetwograde` WHERE `schoolyear_id` = 6 AND `user_id` = 602 LIMIT 1   [ RunTime:0.0000s ]
SQL: SELECT * FROM `basetwograde` WHERE `schoolyear_id` = 6 AND `user_id` = 603 LIMIT 1   [ RunTime:0.0000s ]
SQL: SELECT * FROM `basetwograde` WHERE `schoolyear_id` = 6 AND `user_id` = 604 LIMIT 1   [ RunTime:0.0000s ]
SQL: SELECT * FROM `basetwograde` WHERE `schoolyear_id` = 6 AND `user_id` = 605 LIMIT 1   [ RunTime:0.0000s ]
SQL: SELECT * FROM `basetwograde` WHERE `schoolyear_id` = 6 AND `user_id` = 606 LIMIT 1   [ RunTime:0.0000s ]
SQL: SELECT * FROM `basetwograde` WHERE `schoolyear_id` = 6 AND `user_id` = 607 LIMIT 1   [ RunTime:0.0000s ]
SQL: SELECT * FROM `basetwograde` WHERE `schoolyear_id` = 6 AND `user_id` = 608 LIMIT 1   [ RunTime:0.0000s ]
SQL: SELECT * FROM `basetwograde` WHERE `schoolyear_id` = 6 AND `user_id` = 609 LIMIT 1   [ RunTime:0.0000s ]
SQL: SELECT * FROM `basetwograde` WHERE `schoolyear_id` = 6 AND `user_id` = 610 LIMIT 1   [ RunTime:0.0001s ]
SQL: SELECT * FROM `basetwograde` WHERE `schoolyear_id` = 6 AND `user_id` = 611 LIMIT 1   [ RunTime:0.0000s ]
SQL: SELECT * FROM `basetwograde` WHERE `schoolyear_id` = 6 AND `user_id` = 612 LIMIT 1   [ RunTime:0.0001s ]
SQL: SELECT * FROM `basetwograde` WHERE `schoolyear_id` = 6 AND `user_id` = 613 LIMIT 1   [ RunTime:0.0000s ]
SQL: SELECT * FROM `basetwograde` WHERE `schoolyear_id` = 6 AND `user_id` = 614 LIMIT 1   [ RunTime:0.0000s ]
SQL: SELECT * FROM `basetwograde` WHERE `schoolyear_id` = 6 AND `user_id` = 615 LIMIT 1   [ RunTime:0.0000s ]
SQL: SELECT * FROM `basetwograde` WHERE `schoolyear_id` = 6 AND `user_id` = 616 LIMIT 1   [ RunTime:0.0000s ]
SQL: SELECT * FROM `basetwograde` WHERE `schoolyear_id` = 6 AND `user_id` = 617 LIMIT 1   [ RunTime:0.0000s ]
SQL: SELECT * FROM `basetwograde` WHERE `schoolyear_id` = 6 AND `user_id` = 618 LIMIT 1   [ RunTime:0.0001s ]
SQL: SELECT * FROM `basetwograde` WHERE `schoolyear_id` = 6 AND `user_id` = 619 LIMIT 1   [ RunTime:0.0001s ]
SQL: SELECT * FROM `basetwograde` WHERE `schoolyear_id` = 6 AND `user_id` = 620 LIMIT 1   [ RunTime:0.0001s ]
SQL: SELECT * FROM `basetwograde` WHERE `schoolyear_id` = 6 AND `user_id` = 621 LIMIT 1   [ RunTime:0.0001s ]
SQL: SELECT * FROM `basetwograde` WHERE `schoolyear_id` = 6 AND `user_id` = 622 LIMIT 1   [ RunTime:0.0000s ]
SQL: SELECT * FROM `basetwograde` WHERE `schoolyear_id` = 6 AND `user_id` = 623 LIMIT 1   [ RunTime:0.0000s ]
SQL: SELECT * FROM `basetwograde` WHERE `schoolyear_id` = 6 AND `user_id` = 624 LIMIT 1   [ RunTime:0.0000s ]
SQL: SELECT * FROM `basetwograde` WHERE `schoolyear_id` = 6 AND `user_id` = 625 LIMIT 1   [ RunTime:0.0001s ]
SQL: SELECT * FROM `basetwograde` WHERE `schoolyear_id` = 6 AND `user_id` = 626 LIMIT 1   [ RunTime:0.0000s ]
SQL: SELECT * FROM `basetwograde` WHERE `schoolyear_id` = 6 AND `user_id` = 627 LIMIT 1   [ RunTime:0.0001s ]
SQL: SELECT * FROM `basetwograde` WHERE `schoolyear_id` = 6 AND `user_id` = 628 LIMIT 1   [ RunTime:0.0000s ]
SQL: SELECT * FROM `basetwograde` WHERE `schoolyear_id` = 6 AND `user_id` = 629 LIMIT 1   [ RunTime:0.0001s ]
SQL: SHOW COLUMNS FROM `instructor` [ RunTime:0.0005s ]
NOTIC: [8] Undefined variable: instructor_id /var/www/html/zhcp/Admin/BackgroundAdmin/Controller/IndexController.class.php 第 57 行.
SQL: SELECT `grade_id` FROM `instructor` WHERE `instructor_id` = null LIMIT 1   [ RunTime:0.0000s ]
SQL: SELECT * FROM `pclass` WHERE `grade_id` = 3  [ RunTime:0.0000s ]
INFO: [ view_parse ] --START--
INFO: [ template_filter ] --START--
INFO: Run Behavior\ContentReplaceBehavior [ RunTime:0.000032s ]
INFO: [ template_filter ] --END-- [ RunTime:0.000063s ]
INFO: Run Behavior\ParseTemplateBehavior [ RunTime:0.003800s ]
INFO: [ view_parse ] --END-- [ RunTime:0.003830s ]
INFO: [ view_filter ] --START--
INFO: Run Behavior\WriteHtmlCacheBehavior [ RunTime:0.000030s ]
INFO: [ view_filter ] --END-- [ RunTime:0.000055s ]
INFO: [ app_end ] --START--
INFO: Run Behavior\ShowPageTraceBehavior [ RunTime:0.000027s ]
INFO: [ app_end ] --END-- [ RunTime:0.000049s ]

[ 2017-09-27T09:41:13+08:00 ] 121.33.227.23 /zhcp/admin.php/BackgroundAdmin/Index/audit/user_id/595.html
INFO: [ app_init ] --START--
INFO: Run Behavior\BuildLiteBehavior [ RunTime:0.000013s ]
INFO: [ app_init ] --END-- [ RunTime:0.000083s ]
INFO: [ app_begin ] --START--
INFO: Run Behavior\ReadHtmlCacheBehavior [ RunTime:0.000032s ]
INFO: [ app_begin ] --END-- [ RunTime:0.000059s ]
SQL: SHOW COLUMNS FROM `schoolyear` [ RunTime:0.0004s ]
SQL: SELECT * FROM `schoolyear` WHERE `schoolyear_nowyear` = 1 LIMIT 1   [ RunTime:0.0001s ]
SQL: SHOW COLUMNS FROM `basetwograde` [ RunTime:0.0003s ]
SQL: SELECT * FROM `basetwograde` WHERE `user_id` = 595 AND `schoolyear_id` = 6  [ RunTime:0.0001s ]
SQL: SHOW COLUMNS FROM `deveonelevelgrade` [ RunTime:0.0004s ]
SQL: SELECT * FROM `deveonelevelgrade` WHERE `user_id` = 595 AND `schoolyear_id` = 6  [ RunTime:0.0002s ]
SQL: SELECT * FROM `basetwograde` WHERE `user_id` = 595 AND `schoolyear_id` = 6  [ RunTime:0.0001s ]
SQL: SELECT * FROM `deveonelevelgrade` WHERE `user_id` = 595 AND `schoolyear_id` = 6  [ RunTime:0.0000s ]
SQL: SHOW COLUMNS FROM `table` [ RunTime:0.0003s ]
SQL: SELECT * FROM `table` WHERE `schoolyear_id` = 6 AND `user_id` = 595 LIMIT 1   [ RunTime:0.0002s ]
SQL: SHOW COLUMNS FROM `basetwolevelindex` [ RunTime:0.0003s ]
SQL: SELECT COUNT(*) AS tp_count FROM `basetwolevelindex` LIMIT 1   [ RunTime:0.0001s ]
SQL: SHOW COLUMNS FROM `deveonelevelindex` [ RunTime:0.0003s ]
SQL: SELECT COUNT(*) AS tp_count FROM `deveonelevelindex` LIMIT 1   [ RunTime:0.0000s ]
SQL: SELECT * FROM `deveonelevelindex`  [ RunTime:0.0000s ]
SQL: SHOW COLUMNS FROM `user` [ RunTime:0.0003s ]
SQL: SELECT `pclass_id`,`grade_id` FROM `user` WHERE `user_id` = 595 LIMIT 1   [ RunTime:0.0000s ]
NOTIC: [8] Undefined variable: base /var/www/html/zhcp/Admin/BackgroundAdmin/Controller/IndexController.class.php 第 193 行.
INFO: [ view_parse ] --START--
INFO: [ template_filter ] --START--
INFO: Run Behavior\ContentReplaceBehavior [ RunTime:0.000059s ]
INFO: [ template_filter ] --END-- [ RunTime:0.000097s ]
INFO: Run Behavior\ParseTemplateBehavior [ RunTime:0.007218s ]
INFO: [ view_parse ] --END-- [ RunTime:0.007254s ]
INFO: [ view_filter ] --START--
INFO: Run Behavior\WriteHtmlCacheBehavior [ RunTime:0.000048s ]
INFO: [ view_filter ] --END-- [ RunTime:0.000077s ]
INFO: [ app_end ] --START--
INFO: Run Behavior\ShowPageTraceBehavior [ RunTime:0.000043s ]
INFO: [ app_end ] --END-- [ RunTime:0.000080s ]

[ 2017-09-27T09:42:15+08:00 ] 121.33.227.23 /zhcp/admin.php/BackgroundAdmin/Index/auditscore.html
INFO: [ app_init ] --START--
INFO: Run Behavior\BuildLiteBehavior [ RunTime:0.000011s ]
INFO: [ app_init ] --END-- [ RunTime:0.000064s ]
INFO: [ app_begin ] --START--
INFO: Run Behavior\ReadHtmlCacheBehavior [ RunTime:0.000030s ]
INFO: [ app_begin ] --END-- [ RunTime:0.000059s ]
SQL: SHOW COLUMNS FROM `user` [ RunTime:0.0005s ]
SQL: SELECT `pclass_id` FROM `user` WHERE `user_id` = 595 LIMIT 1   [ RunTime:0.0002s ]
SQL: SHOW COLUMNS FROM `pclass` [ RunTime:0.0003s ]
SQL: SELECT * FROM `pclass` WHERE `pclass_id` = 10 LIMIT 1   [ RunTime:0.0001s ]
SQL: SHOW COLUMNS FROM `schoolyear` [ RunTime:0.0004s ]
SQL: SELECT * FROM `schoolyear` WHERE `schoolyear_nowyear` = 1 LIMIT 1   [ RunTime:0.0001s ]
SQL: SHOW COLUMNS FROM `table` [ RunTime:0.0004s ]
SQL: SELECT `table_id` FROM `table` WHERE `schoolyear_id` = 6 AND `user_id` = 595 LIMIT 1   [ RunTime:0.0002s ]
SQL: SELECT `table_totalscore`,`table_average` FROM `table` WHERE `table_id` = 1148 LIMIT 1   [ RunTime:0.0001s ]
SQL: UPDATE `table` SET `table_basescore`='60',`table_devescore`='5.5',`table_totalscore`='85.254' WHERE `table_id` = 1148 [ RunTime:0.0381s ]
SQL: SHOW COLUMNS FROM `basetwograde` [ RunTime:0.0007s ]
SQL: SELECT * FROM `basetwograde` WHERE `schoolyear_id` = 6 AND `user_id` = 595 AND `baseonelevelindex_id` = 1 LIMIT 1   [ RunTime:0.0003s ]
SQL: UPDATE `basetwograde` SET `basetwograde_auditscore`='6',`basetwograde_state`='3' WHERE `basetwograde_id` = 13191 [ RunTime:0.0138s ]
SQL: SELECT * FROM `basetwograde` WHERE `schoolyear_id` = 6 AND `user_id` = 595 AND `baseonelevelindex_id` = 2 LIMIT 1   [ RunTime:0.0003s ]
SQL: UPDATE `basetwograde` SET `basetwograde_auditscore`='6',`basetwograde_state`='3' WHERE `basetwograde_id` = 13192 [ RunTime:0.0087s ]
SQL: SELECT * FROM `basetwograde` WHERE `schoolyear_id` = 6 AND `user_id` = 595 AND `baseonelevelindex_id` = 3 LIMIT 1   [ RunTime:0.0003s ]
SQL: UPDATE `basetwograde` SET `basetwograde_auditscore`='6',`basetwograde_state`='3' WHERE `basetwograde_id` = 13193 [ RunTime:0.0091s ]
SQL: SELECT * FROM `basetwograde` WHERE `schoolyear_id` = 6 AND `user_id` = 595 AND `baseonelevelindex_id` = 4 LIMIT 1   [ RunTime:0.0003s ]
SQL: UPDATE `basetwograde` SET `basetwograde_auditscore`='6',`basetwograde_state`='3' WHERE `basetwograde_id` = 13194 [ RunTime:0.0115s ]
SQL: SELECT * FROM `basetwograde` WHERE `schoolyear_id` = 6 AND `user_id` = 595 AND `baseonelevelindex_id` = 5 LIMIT 1   [ RunTime:0.0003s ]
SQL: UPDATE `basetwograde` SET `basetwograde_auditscore`='6',`basetwograde_state`='3' WHERE `basetwograde_id` = 13195 [ RunTime:0.0090s ]
SQL: SELECT * FROM `basetwograde` WHERE `schoolyear_id` = 6 AND `user_id` = 595 AND `baseonelevelindex_id` = 6 LIMIT 1   [ RunTime:0.0003s ]
SQL: UPDATE `basetwograde` SET `basetwograde_auditscore`='6',`basetwograde_state`='3' WHERE `basetwograde_id` = 13196 [ RunTime:0.0082s ]
SQL: SELECT * FROM `basetwograde` WHERE `schoolyear_id` = 6 AND `user_id` = 595 AND `baseonelevelindex_id` = 7 LIMIT 1   [ RunTime:0.0003s ]
SQL: UPDATE `basetwograde` SET `basetwograde_auditscore`='6',`basetwograde_state`='3' WHERE `basetwograde_id` = 13197 [ RunTime:0.0083s ]
SQL: SELECT * FROM `basetwograde` WHERE `schoolyear_id` = 6 AND `user_id` = 595 AND `baseonelevelindex_id` = 8 LIMIT 1   [ RunTime:0.0002s ]
SQL: UPDATE `basetwograde` SET `basetwograde_auditscore`='6',`basetwograde_state`='3' WHERE `basetwograde_id` = 13198 [ RunTime:0.0080s ]
SQL: SELECT * FROM `basetwograde` WHERE `schoolyear_id` = 6 AND `user_id` = 595 AND `baseonelevelindex_id` = 9 LIMIT 1   [ RunTime:0.0002s ]
SQL: UPDATE `basetwograde` SET `basetwograde_auditscore`='6',`basetwograde_state`='3' WHERE `basetwograde_id` = 13199 [ RunTime:0.0080s ]
SQL: SELECT * FROM `basetwograde` WHERE `schoolyear_id` = 6 AND `user_id` = 595 AND `baseonelevelindex_id` = 10 LIMIT 1   [ RunTime:0.0003s ]
SQL: UPDATE `basetwograde` SET `basetwograde_auditscore`='6',`basetwograde_state`='3' WHERE `basetwograde_id` = 13200 [ RunTime:0.0081s ]
SQL: SHOW COLUMNS FROM `deveonelevelgrade` [ RunTime:0.0005s ]
SQL: SELECT * FROM `deveonelevelgrade` WHERE `schoolyear_id` = 6 AND `user_id` = 595 AND `deveonelevelindex_id` = 1 LIMIT 1   [ RunTime:0.0003s ]
SQL: UPDATE `deveonelevelgrade` SET `deveonelevelgrade_auditscore`='1' WHERE `deveonelevelgrade_id` = 732 [ RunTime:0.0095s ]
SQL: SELECT * FROM `deveonelevelgrade` WHERE `schoolyear_id` = 6 AND `user_id` = 595 AND `deveonelevelindex_id` = 3 LIMIT 1   [ RunTime:0.0003s ]
SQL: UPDATE `deveonelevelgrade` SET `deveonelevelgrade_auditscore`='2' WHERE `deveonelevelgrade_id` = 733 [ RunTime:0.0184s ]
SQL: SELECT * FROM `deveonelevelgrade` WHERE `schoolyear_id` = 6 AND `user_id` = 595 AND `deveonelevelindex_id` = 4 LIMIT 1   [ RunTime:0.0003s ]
SQL: UPDATE `deveonelevelgrade` SET `deveonelevelgrade_auditscore`='2.5' WHERE `deveonelevelgrade_id` = 734 [ RunTime:0.0084s ]
INFO: [ view_parse ] --START--
INFO: [ template_filter ] --START--
INFO: Run Behavior\ContentReplaceBehavior [ RunTime:0.000031s ]
INFO: [ template_filter ] --END-- [ RunTime:0.000068s ]
INFO: Run Behavior\ParseTemplateBehavior [ RunTime:0.001336s ]
INFO: [ view_parse ] --END-- [ RunTime:0.001385s ]
INFO: [ view_filter ] --START--
INFO: Run Behavior\WriteHtmlCacheBehavior [ RunTime:0.000039s ]
INFO: [ view_filter ] --END-- [ RunTime:0.000059s ]
INFO: [ app_end ] --START--
INFO: Run Behavior\ShowPageTraceBehavior [ RunTime:0.000026s ]
INFO: [ app_end ] --END-- [ RunTime:0.000043s ]

[ 2017-09-27T09:42:16+08:00 ] 121.33.227.23 /zhcp/admin.php/BackgroundAdmin/Index/queryclass/pclass_id/10/grade_id/3
INFO: [ app_init ] --START--
INFO: Run Behavior\BuildLiteBehavior [ RunTime:0.000010s ]
INFO: [ app_init ] --END-- [ RunTime:0.000067s ]
INFO: [ app_begin ] --START--
INFO: Run Behavior\ReadHtmlCacheBehavior [ RunTime:0.000027s ]
INFO: [ app_begin ] --END-- [ RunTime:0.000054s ]
SQL: SHOW COLUMNS FROM `pclass` [ RunTime:0.0005s ]
SQL: SELECT `pclass_name` FROM `pclass` WHERE `pclass_id` = 10 LIMIT 1   [ RunTime:0.0001s ]
SQL: SHOW COLUMNS FROM `grade` [ RunTime:0.0003s ]
SQL: SELECT * FROM `grade` WHERE `grade_id` = 3 LIMIT 1   [ RunTime:0.0001s ]
SQL: SELECT `grade_name` FROM `grade` WHERE `grade_id` = 3 LIMIT 1   [ RunTime:0.0001s ]
SQL: SHOW COLUMNS FROM `user` [ RunTime:0.0004s ]
SQL: SELECT * FROM `user` WHERE `pclass_id` = 10 AND `grade_id` = 3  [ RunTime:0.0001s ]
SQL: SHOW COLUMNS FROM `schoolyear` [ RunTime:0.0003s ]
SQL: SELECT * FROM `schoolyear` WHERE `schoolyear_nowyear` = 1 LIMIT 1   [ RunTime:0.0001s ]
SQL: SHOW COLUMNS FROM `basetwograde` [ RunTime:0.0003s ]
SQL: SELECT * FROM `basetwograde` WHERE `schoolyear_id` = 6 AND `user_id` = 582 LIMIT 1   [ RunTime:0.0002s ]
SQL: SELECT * FROM `basetwograde` WHERE `schoolyear_id` = 6 AND `user_id` = 583 LIMIT 1   [ RunTime:0.0002s ]
SQL: SELECT * FROM `basetwograde` WHERE `schoolyear_id` = 6 AND `user_id` = 584 LIMIT 1   [ RunTime:0.0002s ]
SQL: SELECT * FROM `basetwograde` WHERE `schoolyear_id` = 6 AND `user_id` = 585 LIMIT 1   [ RunTime:0.0002s ]
SQL: SELECT * FROM `basetwograde` WHERE `schoolyear_id` = 6 AND `user_id` = 586 LIMIT 1   [ RunTime:0.0001s ]
SQL: SELECT * FROM `basetwograde` WHERE `schoolyear_id` = 6 AND `user_id` = 587 LIMIT 1   [ RunTime:0.0001s ]
SQL: SELECT * FROM `basetwograde` WHERE `schoolyear_id` = 6 AND `user_id` = 588 LIMIT 1   [ RunTime:0.0002s ]
SQL: SELECT * FROM `basetwograde` WHERE `schoolyear_id` = 6 AND `user_id` = 589 LIMIT 1   [ RunTime:0.0001s ]
SQL: SELECT * FROM `basetwograde` WHERE `schoolyear_id` = 6 AND `user_id` = 590 LIMIT 1   [ RunTime:0.0002s ]
SQL: SELECT * FROM `basetwograde` WHERE `schoolyear_id` = 6 AND `user_id` = 591 LIMIT 1   [ RunTime:0.0002s ]
SQL: SELECT * FROM `basetwograde` WHERE `schoolyear_id` = 6 AND `user_id` = 592 LIMIT 1   [ RunTime:0.0002s ]
SQL: SELECT * FROM `basetwograde` WHERE `schoolyear_id` = 6 AND `user_id` = 593 LIMIT 1   [ RunTime:0.0002s ]
SQL: SELECT * FROM `basetwograde` WHERE `schoolyear_id` = 6 AND `user_id` = 594 LIMIT 1   [ RunTime:0.0002s ]
SQL: SELECT * FROM `basetwograde` WHERE `schoolyear_id` = 6 AND `user_id` = 595 LIMIT 1   [ RunTime:0.0004s ]
SQL: SELECT * FROM `basetwograde` WHERE `schoolyear_id` = 6 AND `user_id` = 596 LIMIT 1   [ RunTime:0.0002s ]
SQL: SELECT * FROM `basetwograde` WHERE `schoolyear_id` = 6 AND `user_id` = 597 LIMIT 1   [ RunTime:0.0002s ]
SQL: SELECT * FROM `basetwograde` WHERE `schoolyear_id` = 6 AND `user_id` = 598 LIMIT 1   [ RunTime:0.0002s ]
SQL: SELECT * FROM `basetwograde` WHERE `schoolyear_id` = 6 AND `user_id` = 599 LIMIT 1   [ RunTime:0.0002s ]
SQL: SELECT * FROM `basetwograde` WHERE `schoolyear_id` = 6 AND `user_id` = 600 LIMIT 1   [ RunTime:0.0001s ]
SQL: SELECT * FROM `basetwograde` WHERE `schoolyear_id` = 6 AND `user_id` = 601 LIMIT 1   [ RunTime:0.0001s ]
SQL: SELECT * FROM `basetwograde` WHERE `schoolyear_id` = 6 AND `user_id` = 602 LIMIT 1   [ RunTime:0.0002s ]
SQL: SELECT * FROM `basetwograde` WHERE `schoolyear_id` = 6 AND `user_id` = 603 LIMIT 1   [ RunTime:0.0002s ]
SQL: SELECT * FROM `basetwograde` WHERE `schoolyear_id` = 6 AND `user_id` = 604 LIMIT 1   [ RunTime:0.0001s ]
SQL: SELECT * FROM `basetwograde` WHERE `schoolyear_id` = 6 AND `user_id` = 605 LIMIT 1   [ RunTime:0.0002s ]
SQL: SELECT * FROM `basetwograde` WHERE `schoolyear_id` = 6 AND `user_id` = 606 LIMIT 1   [ RunTime:0.0002s ]
SQL: SELECT * FROM `basetwograde` WHERE `schoolyear_id` = 6 AND `user_id` = 607 LIMIT 1   [ RunTime:0.0001s ]
SQL: SELECT * FROM `basetwograde` WHERE `schoolyear_id` = 6 AND `user_id` = 608 LIMIT 1   [ RunTime:0.0001s ]
SQL: SELECT * FROM `basetwograde` WHERE `schoolyear_id` = 6 AND `user_id` = 609 LIMIT 1   [ RunTime:0.0002s ]
SQL: SELECT * FROM `basetwograde` WHERE `schoolyear_id` = 6 AND `user_id` = 610 LIMIT 1   [ RunTime:0.0001s ]
SQL: SELECT * FROM `basetwograde` WHERE `schoolyear_id` = 6 AND `user_id` = 611 LIMIT 1   [ RunTime:0.0002s ]
SQL: SELECT * FROM `basetwograde` WHERE `schoolyear_id` = 6 AND `user_id` = 612 LIMIT 1   [ RunTime:0.0002s ]
SQL: SELECT * FROM `basetwograde` WHERE `schoolyear_id` = 6 AND `user_id` = 613 LIMIT 1   [ RunTime:0.0002s ]
SQL: SELECT * FROM `basetwograde` WHERE `schoolyear_id` = 6 AND `user_id` = 614 LIMIT 1   [ RunTime:0.0001s ]
SQL: SELECT * FROM `basetwograde` WHERE `schoolyear_id` = 6 AND `user_id` = 615 LIMIT 1   [ RunTime:0.0001s ]
SQL: SELECT * FROM `basetwograde` WHERE `schoolyear_id` = 6 AND `user_id` = 616 LIMIT 1   [ RunTime:0.0001s ]
SQL: SELECT * FROM `basetwograde` WHERE `schoolyear_id` = 6 AND `user_id` = 617 LIMIT 1   [ RunTime:0.0002s ]
SQL: SELECT * FROM `basetwograde` WHERE `schoolyear_id` = 6 AND `user_id` = 618 LIMIT 1   [ RunTime:0.0001s ]
SQL: SELECT * FROM `basetwograde` WHERE `schoolyear_id` = 6 AND `user_id` = 619 LIMIT 1   [ RunTime:0.0001s ]
SQL: SELECT * FROM `basetwograde` WHERE `schoolyear_id` = 6 AND `user_id` = 620 LIMIT 1   [ RunTime:0.0002s ]
SQL: SELECT * FROM `basetwograde` WHERE `schoolyear_id` = 6 AND `user_id` = 621 LIMIT 1   [ RunTime:0.0001s ]
SQL: SELECT * FROM `basetwograde` WHERE `schoolyear_id` = 6 AND `user_id` = 622 LIMIT 1   [ RunTime:0.0001s ]
SQL: SELECT * FROM `basetwograde` WHERE `schoolyear_id` = 6 AND `user_id` = 623 LIMIT 1   [ RunTime:0.0002s ]
SQL: SELECT * FROM `basetwograde` WHERE `schoolyear_id` = 6 AND `user_id` = 624 LIMIT 1   [ RunTime:0.0001s ]
SQL: SELECT * FROM `basetwograde` WHERE `schoolyear_id` = 6 AND `user_id` = 625 LIMIT 1   [ RunTime:0.0001s ]
SQL: SELECT * FROM `basetwograde` WHERE `schoolyear_id` = 6 AND `user_id` = 626 LIMIT 1   [ RunTime:0.0002s ]
SQL: SELECT * FROM `basetwograde` WHERE `schoolyear_id` = 6 AND `user_id` = 627 LIMIT 1   [ RunTime:0.0002s ]
SQL: SELECT * FROM `basetwograde` WHERE `schoolyear_id` = 6 AND `user_id` = 628 LIMIT 1   [ RunTime:0.0002s ]
SQL: SELECT * FROM `basetwograde` WHERE `schoolyear_id` = 6 AND `user_id` = 629 LIMIT 1   [ RunTime:0.0001s ]
SQL: SHOW COLUMNS FROM `instructor` [ RunTime:0.0004s ]
NOTIC: [8] Undefined variable: instructor_id /var/www/html/zhcp/Admin/BackgroundAdmin/Controller/IndexController.class.php 第 95 行.
SQL: SELECT `grade_id` FROM `instructor` WHERE `instructor_id` = null LIMIT 1   [ RunTime:0.0000s ]
SQL: SELECT * FROM `pclass` WHERE `grade_id` = 3  [ RunTime:0.0001s ]
INFO: [ view_parse ] --START--
INFO: [ template_filter ] --START--
INFO: Run Behavior\ContentReplaceBehavior [ RunTime:0.000033s ]
INFO: [ template_filter ] --END-- [ RunTime:0.000061s ]
INFO: Run Behavior\ParseTemplateBehavior [ RunTime:0.003432s ]
INFO: [ view_parse ] --END-- [ RunTime:0.003468s ]
INFO: [ view_filter ] --START--
INFO: Run Behavior\WriteHtmlCacheBehavior [ RunTime:0.000034s ]
INFO: [ view_filter ] --END-- [ RunTime:0.000059s ]
INFO: [ app_end ] --START--
INFO: Run Behavior\ShowPageTraceBehavior [ RunTime:0.000027s ]
INFO: [ app_end ] --END-- [ RunTime:0.000051s ]

[ 2017-09-27T12:52:11+08:00 ] 14.17.3.65 /zhcp/admin.php/BackgroundAdmin/Index/auditscore.html
INFO: [ app_init ] --START--
INFO: Run Behavior\BuildLiteBehavior [ RunTime:0.000010s ]
INFO: [ app_init ] --END-- [ RunTime:0.000073s ]
INFO: [ app_begin ] --START--
INFO: Run Behavior\ReadHtmlCacheBehavior [ RunTime:0.000033s ]
INFO: [ app_begin ] --END-- [ RunTime:0.000059s ]

[ 2017-09-27T12:52:11+08:00 ] 14.17.3.65 /zhcp/admin.php/BackgroundAdmin/Login/index.html
INFO: [ app_init ] --START--
INFO: Run Behavior\BuildLiteBehavior [ RunTime:0.000014s ]
INFO: [ app_init ] --END-- [ RunTime:0.000073s ]
INFO: [ app_begin ] --START--
INFO: Run Behavior\ReadHtmlCacheBehavior [ RunTime:0.000024s ]
INFO: [ app_begin ] --END-- [ RunTime:0.000050s ]
INFO: [ view_parse ] --START--
INFO: [ template_filter ] --START--
INFO: Run Behavior\ContentReplaceBehavior [ RunTime:0.000027s ]
INFO: [ template_filter ] --END-- [ RunTime:0.000055s ]
INFO: Run Behavior\ParseTemplateBehavior [ RunTime:0.001352s ]
INFO: [ view_parse ] --END-- [ RunTime:0.001384s ]
INFO: [ view_filter ] --START--
INFO: Run Behavior\WriteHtmlCacheBehavior [ RunTime:0.000032s ]
INFO: [ view_filter ] --END-- [ RunTime:0.000048s ]
INFO: [ app_end ] --START--
INFO: Run Behavior\ShowPageTraceBehavior [ RunTime:0.000024s ]
INFO: [ app_end ] --END-- [ RunTime:0.000042s ]

[ 2017-09-27T15:48:15+08:00 ] 101.226.68.215 /zhcp/admin.php/BackgroundAdmin/Login/index.html
INFO: [ app_init ] --START--
INFO: Run Behavior\BuildLiteBehavior [ RunTime:0.000010s ]
INFO: [ app_init ] --END-- [ RunTime:0.000065s ]
INFO: [ app_begin ] --START--
INFO: Run Behavior\ReadHtmlCacheBehavior [ RunTime:0.000027s ]
INFO: [ app_begin ] --END-- [ RunTime:0.000051s ]
INFO: [ view_parse ] --START--
INFO: [ template_filter ] --START--
INFO: Run Behavior\ContentReplaceBehavior [ RunTime:0.000027s ]
INFO: [ template_filter ] --END-- [ RunTime:0.000063s ]
INFO: Run Behavior\ParseTemplateBehavior [ RunTime:0.001235s ]
INFO: [ view_parse ] --END-- [ RunTime:0.001263s ]
INFO: [ view_filter ] --START--
INFO: Run Behavior\WriteHtmlCacheBehavior [ RunTime:0.000030s ]
INFO: [ view_filter ] --END-- [ RunTime:0.000046s ]
INFO: [ app_end ] --START--
INFO: Run Behavior\ShowPageTraceBehavior [ RunTime:0.000028s ]
INFO: [ app_end ] --END-- [ RunTime:0.000079s ]

