[ 2017-04-08T18:57:05+08:00 ] 127.0.0.1 /evaluation_system/index.php/Home/Index/index.html
INFO: [ app_init ] --START--
INFO: Run Behavior\BuildLiteBehavior [ RunTime:0.000000s ]
INFO: [ app_init ] --END-- [ RunTime:0.026002s ]
INFO: [ app_begin ] --START--
INFO: Run Behavior\ReadHtmlCacheBehavior [ RunTime:0.013001s ]
INFO: [ app_begin ] --END-- [ RunTime:0.013001s ]

[ 2017-04-08T18:57:05+08:00 ] 127.0.0.1 /evaluation_system/index.php/home/Login/index.html
INFO: [ app_init ] --START--
INFO: Run Behavior\BuildLiteBehavior [ RunTime:0.000000s ]
INFO: [ app_init ] --END-- [ RunTime:0.001000s ]
INFO: [ app_begin ] --START--
INFO: Run Behavior\ReadHtmlCacheBehavior [ RunTime:0.001000s ]
INFO: [ app_begin ] --END-- [ RunTime:0.001000s ]
INFO: [ view_parse ] --START--
INFO: [ template_filter ] --START--
INFO: Run Behavior\ContentReplaceBehavior [ RunTime:0.001000s ]
INFO: [ template_filter ] --END-- [ RunTime:0.001000s ]
INFO: Run Behavior\ParseTemplateBehavior [ RunTime:0.367021s ]
INFO: [ view_parse ] --END-- [ RunTime:0.367021s ]
INFO: [ view_filter ] --START--
INFO: Run Behavior\WriteHtmlCacheBehavior [ RunTime:0.019001s ]
INFO: [ view_filter ] --END-- [ RunTime:0.020001s ]
INFO: [ app_end ] --START--
INFO: Run Behavior\ShowPageTraceBehavior [ RunTime:0.026001s ]
INFO: [ app_end ] --END-- [ RunTime:0.027001s ]

[ 2017-04-08T18:57:42+08:00 ] 127.0.0.1 /evaluation_system/index.php/Home/Login/index.html
INFO: [ app_init ] --START--
INFO: Run Behavior\BuildLiteBehavior [ RunTime:0.000000s ]
INFO: [ app_init ] --END-- [ RunTime:0.002000s ]
INFO: [ app_begin ] --START--
INFO: Run Behavior\ReadHtmlCacheBehavior [ RunTime:0.001000s ]
INFO: [ app_begin ] --END-- [ RunTime:0.001000s ]
ERR: SQLSTATE[HY000] [2002] 由于连接方在一段时间后没有正确答复或连接的主机没有反应，连接尝试失败。


[ 2017-04-08T18:58:12+08:00 ] 127.0.0.1 /evaluation_system/index.php/Home/Login/index.html
INFO: [ app_init ] --START--
INFO: Run Behavior\BuildLiteBehavior [ RunTime:0.000000s ]
INFO: [ app_init ] --END-- [ RunTime:0.001000s ]
INFO: [ app_begin ] --START--
INFO: Run Behavior\ReadHtmlCacheBehavior [ RunTime:0.000000s ]
INFO: [ app_begin ] --END-- [ RunTime:0.000000s ]
ERR: SQLSTATE[HY000] [2002] 由于连接方在一段时间后没有正确答复或连接的主机没有反应，连接尝试失败。


[ 2017-04-08T18:58:42+08:00 ] 127.0.0.1 /evaluation_system/index.php/Home/Login/index.html
INFO: [ app_init ] --START--
INFO: Run Behavior\BuildLiteBehavior [ RunTime:0.000000s ]
INFO: [ app_init ] --END-- [ RunTime:0.000000s ]
INFO: [ app_begin ] --START--
INFO: Run Behavior\ReadHtmlCacheBehavior [ RunTime:0.001000s ]
INFO: [ app_begin ] --END-- [ RunTime:0.001000s ]
ERR: SQLSTATE[HY000] [2002] 由于连接方在一段时间后没有正确答复或连接的主机没有反应，连接尝试失败。


[ 2017-04-08T19:37:52+08:00 ] 127.0.0.1 /evaluation_system/index.php/Home/Index/index.html
INFO: [ app_init ] --START--
INFO: Run Behavior\BuildLiteBehavior [ RunTime:0.000000s ]
INFO: [ app_init ] --END-- [ RunTime:0.070004s ]
INFO: [ app_begin ] --START--
INFO: Run Behavior\ReadHtmlCacheBehavior [ RunTime:0.023001s ]
INFO: [ app_begin ] --END-- [ RunTime:0.023001s ]

[ 2017-04-08T19:37:53+08:00 ] 127.0.0.1 /evaluation_system/index.php/home/Login/index.html
INFO: [ app_init ] --START--
INFO: Run Behavior\BuildLiteBehavior [ RunTime:0.000000s ]
INFO: [ app_init ] --END-- [ RunTime:0.000000s ]
INFO: [ app_begin ] --START--
INFO: Run Behavior\ReadHtmlCacheBehavior [ RunTime:0.001000s ]
INFO: [ app_begin ] --END-- [ RunTime:0.001000s ]
INFO: [ view_parse ] --START--
INFO: [ template_filter ] --START--
INFO: Run Behavior\ContentReplaceBehavior [ RunTime:0.007000s ]
INFO: [ template_filter ] --END-- [ RunTime:0.007000s ]
INFO: Run Behavior\ParseTemplateBehavior [ RunTime:0.177010s ]
INFO: [ view_parse ] --END-- [ RunTime:0.178010s ]
INFO: [ view_filter ] --START--
INFO: Run Behavior\WriteHtmlCacheBehavior [ RunTime:0.020001s ]
INFO: [ view_filter ] --END-- [ RunTime:0.020001s ]
INFO: [ app_end ] --START--
INFO: Run Behavior\ShowPageTraceBehavior [ RunTime:0.015001s ]
INFO: [ app_end ] --END-- [ RunTime:0.016001s ]

[ 2017-04-08T19:37:58+08:00 ] 127.0.0.1 /evaluation_system/index.php/Home/Login/index.html
INFO: [ app_init ] --START--
INFO: Run Behavior\BuildLiteBehavior [ RunTime:0.000000s ]
INFO: [ app_init ] --END-- [ RunTime:0.001000s ]
INFO: [ app_begin ] --START--
INFO: Run Behavior\ReadHtmlCacheBehavior [ RunTime:0.001000s ]
INFO: [ app_begin ] --END-- [ RunTime:0.001000s ]
SQL: SHOW COLUMNS FROM `user` [ RunTime:0.0750s ]
SQL: SELECT * FROM `user` WHERE `user_number` = 152011002 AND `user_password` = '1234' LIMIT 1   [ RunTime:0.0020s ]
INFO: [ app_end ] --START--
INFO: Run Behavior\ShowPageTraceBehavior [ RunTime:0.001000s ]
INFO: [ app_end ] --END-- [ RunTime:0.001000s ]

[ 2017-04-08T19:37:58+08:00 ] 127.0.0.1 /evaluation_system/index.php/home/Index/index
INFO: [ app_init ] --START--
INFO: Run Behavior\BuildLiteBehavior [ RunTime:0.000000s ]
INFO: [ app_init ] --END-- [ RunTime:0.001001s ]
INFO: [ app_begin ] --START--
INFO: Run Behavior\ReadHtmlCacheBehavior [ RunTime:0.000000s ]
INFO: [ app_begin ] --END-- [ RunTime:0.001000s ]
SQL: SHOW COLUMNS FROM `schoolyear` [ RunTime:0.0470s ]
SQL: SELECT `schoolyear_id` FROM `schoolyear` WHERE `schoolyear_nowyear` = 1 LIMIT 1   [ RunTime:0.0000s ]
SQL: SHOW COLUMNS FROM `basetwograde` [ RunTime:0.0430s ]
SQL: SELECT * FROM `basetwograde` WHERE `user_id` = 1 AND `schoolyear_id` = 2 LIMIT 1   [ RunTime:0.0210s ]
SQL: SHOW COLUMNS FROM `basetwolevelindex` [ RunTime:0.0590s ]
SQL: SELECT COUNT(*) AS tp_count FROM `basetwolevelindex` LIMIT 1   [ RunTime:0.0210s ]
SQL: SELECT * FROM `basetwolevelindex`  [ RunTime:0.0000s ]
SQL: SHOW COLUMNS FROM `deveonelevelindex` [ RunTime:0.0250s ]
SQL: SELECT COUNT(*) AS tp_count FROM `deveonelevelindex` LIMIT 1   [ RunTime:0.0000s ]
SQL: SELECT * FROM `deveonelevelindex`  [ RunTime:0.0000s ]
INFO: [ view_parse ] --START--
INFO: [ template_filter ] --START--
INFO: Run Behavior\ContentReplaceBehavior [ RunTime:0.000000s ]
INFO: [ template_filter ] --END-- [ RunTime:0.001001s ]
INFO: Run Behavior\ParseTemplateBehavior [ RunTime:0.043003s ]
INFO: [ view_parse ] --END-- [ RunTime:0.043003s ]
INFO: [ view_filter ] --START--
INFO: Run Behavior\WriteHtmlCacheBehavior [ RunTime:0.001000s ]
INFO: [ view_filter ] --END-- [ RunTime:0.001000s ]
INFO: [ app_end ] --START--
INFO: Run Behavior\ShowPageTraceBehavior [ RunTime:0.001000s ]
INFO: [ app_end ] --END-- [ RunTime:0.001000s ]

[ 2017-04-08T19:39:37+08:00 ] 127.0.0.1 /evaluation_system/index.php/Home/Query/query.html
INFO: [ app_init ] --START--
INFO: Run Behavior\BuildLiteBehavior [ RunTime:0.000000s ]
INFO: [ app_init ] --END-- [ RunTime:0.000000s ]
INFO: [ app_begin ] --START--
INFO: Run Behavior\ReadHtmlCacheBehavior [ RunTime:0.001000s ]
INFO: [ app_begin ] --END-- [ RunTime:0.001000s ]
SQL: SHOW COLUMNS FROM `schoolyear` [ RunTime:0.0040s ]
SQL: SELECT * FROM `schoolyear` WHERE `schoolyear_nowyear` = 1 LIMIT 1   [ RunTime:0.0000s ]
SQL: SHOW COLUMNS FROM `basetwograde` [ RunTime:0.0030s ]
SQL: SELECT * FROM `basetwograde` WHERE `user_id` = 1 AND `schoolyear_id` = 2  [ RunTime:0.0000s ]
SQL: SHOW COLUMNS FROM `deveonelevelgrade` [ RunTime:0.0510s ]
SQL: SELECT * FROM `deveonelevelgrade` WHERE `user_id` = 1 AND `schoolyear_id` = 2  [ RunTime:0.0010s ]
SQL: SELECT * FROM `basetwograde` WHERE `user_id` = 1 AND `schoolyear_id` = 2  [ RunTime:0.0010s ]
SQL: SELECT * FROM `deveonelevelgrade` WHERE `user_id` = 1 AND `schoolyear_id` = 2  [ RunTime:0.0000s ]
SQL: SHOW COLUMNS FROM `basetwolevelindex` [ RunTime:0.0030s ]
SQL: SELECT COUNT(*) AS tp_count FROM `basetwolevelindex` LIMIT 1   [ RunTime:0.0000s ]
SQL: SELECT * FROM `basetwolevelindex`  [ RunTime:0.0020s ]
SQL: SHOW COLUMNS FROM `deveonelevelindex` [ RunTime:0.0040s ]
SQL: SELECT COUNT(*) AS tp_count FROM `deveonelevelindex` LIMIT 1   [ RunTime:0.0010s ]
SQL: SELECT * FROM `deveonelevelindex`  [ RunTime:0.0000s ]
INFO: [ view_parse ] --START--
INFO: [ template_filter ] --START--
INFO: Run Behavior\ContentReplaceBehavior [ RunTime:0.000000s ]
INFO: [ template_filter ] --END-- [ RunTime:0.000000s ]
INFO: Run Behavior\ParseTemplateBehavior [ RunTime:0.058003s ]
INFO: [ view_parse ] --END-- [ RunTime:0.058003s ]
INFO: [ view_filter ] --START--
INFO: Run Behavior\WriteHtmlCacheBehavior [ RunTime:0.001000s ]
INFO: [ view_filter ] --END-- [ RunTime:0.001000s ]
INFO: [ app_end ] --START--
INFO: Run Behavior\ShowPageTraceBehavior [ RunTime:0.001000s ]
INFO: [ app_end ] --END-- [ RunTime:0.001000s ]

