[ 2017-03-11T02:01:38+08:00 ] 127.0.0.1 /evaluation_system/
INFO: [ app_init ] --START--
INFO: Run Behavior\BuildLiteBehavior [ RunTime:0.000000s ]
INFO: [ app_init ] --END-- [ RunTime:0.017001s ]
INFO: [ app_begin ] --START--
INFO: Run Behavior\ReadHtmlCacheBehavior [ RunTime:0.012000s ]
INFO: [ app_begin ] --END-- [ RunTime:0.012000s ]

[ 2017-03-11T02:01:39+08:00 ] 127.0.0.1 /evaluation_system/index.php/home/Login/index.html
INFO: [ app_init ] --START--
INFO: Run Behavior\BuildLiteBehavior [ RunTime:0.000000s ]
INFO: [ app_init ] --END-- [ RunTime:0.001000s ]
INFO: [ app_begin ] --START--
INFO: Run Behavior\ReadHtmlCacheBehavior [ RunTime:0.000000s ]
INFO: [ app_begin ] --END-- [ RunTime:0.001000s ]
INFO: [ view_parse ] --START--
INFO: [ template_filter ] --START--
INFO: Run Behavior\ContentReplaceBehavior [ RunTime:0.047002s ]
INFO: [ template_filter ] --END-- [ RunTime:0.047002s ]
INFO: Run Behavior\ParseTemplateBehavior [ RunTime:0.754043s ]
INFO: [ view_parse ] --END-- [ RunTime:0.754043s ]
INFO: [ view_filter ] --START--
INFO: Run Behavior\WriteHtmlCacheBehavior [ RunTime:0.019001s ]
INFO: [ view_filter ] --END-- [ RunTime:0.019001s ]
INFO: [ app_end ] --START--
INFO: Run Behavior\ShowPageTraceBehavior [ RunTime:0.016001s ]
INFO: [ app_end ] --END-- [ RunTime:0.016001s ]

[ 2017-03-11T02:01:45+08:00 ] 127.0.0.1 /evaluation_system/index.php/Home/Login/index.html
INFO: [ app_init ] --START--
INFO: Run Behavior\BuildLiteBehavior [ RunTime:0.000000s ]
INFO: [ app_init ] --END-- [ RunTime:0.001000s ]
INFO: [ app_begin ] --START--
INFO: Run Behavior\ReadHtmlCacheBehavior [ RunTime:0.002000s ]
INFO: [ app_begin ] --END-- [ RunTime:0.002000s ]
SQL: SHOW COLUMNS FROM `user` [ RunTime:0.1760s ]
SQL: SELECT * FROM `user` WHERE `user_number` = 152011002 AND `user_password` = '123' LIMIT 1   [ RunTime:0.0580s ]
INFO: [ app_end ] --START--
INFO: Run Behavior\ShowPageTraceBehavior [ RunTime:0.001000s ]
INFO: [ app_end ] --END-- [ RunTime:0.001000s ]

[ 2017-03-11T02:01:45+08:00 ] 127.0.0.1 /evaluation_system/index.php/home/Index/index
INFO: [ app_init ] --START--
INFO: Run Behavior\BuildLiteBehavior [ RunTime:0.000000s ]
INFO: [ app_init ] --END-- [ RunTime:0.000000s ]
INFO: [ app_begin ] --START--
INFO: Run Behavior\ReadHtmlCacheBehavior [ RunTime:0.001000s ]
INFO: [ app_begin ] --END-- [ RunTime:0.001000s ]
SQL: SHOW COLUMNS FROM `basetwolevelindex` [ RunTime:0.0610s ]
SQL: SELECT COUNT(*) AS tp_count FROM `basetwolevelindex` LIMIT 1   [ RunTime:0.0000s ]
SQL: SELECT * FROM `basetwolevelindex`  [ RunTime:0.0000s ]
SQL: SHOW COLUMNS FROM `deveonelevelindex` [ RunTime:0.0330s ]
SQL: SELECT COUNT(*) AS tp_count FROM `deveonelevelindex` LIMIT 1   [ RunTime:0.0010s ]
SQL: SELECT * FROM `deveonelevelindex`  [ RunTime:0.0010s ]
INFO: [ view_parse ] --START--
INFO: [ template_filter ] --START--
INFO: Run Behavior\ContentReplaceBehavior [ RunTime:0.000000s ]
INFO: [ template_filter ] --END-- [ RunTime:0.000000s ]
INFO: Run Behavior\ParseTemplateBehavior [ RunTime:0.023002s ]
INFO: [ view_parse ] --END-- [ RunTime:0.023002s ]
INFO: [ view_filter ] --START--
INFO: Run Behavior\WriteHtmlCacheBehavior [ RunTime:0.000000s ]
INFO: [ view_filter ] --END-- [ RunTime:0.001000s ]
INFO: [ app_end ] --START--
INFO: Run Behavior\ShowPageTraceBehavior [ RunTime:0.001000s ]
INFO: [ app_end ] --END-- [ RunTime:0.001000s ]

[ 2017-03-11T02:02:21+08:00 ] 127.0.0.1 /evaluation_system/index.php/Home/Index/index.html
INFO: [ app_init ] --START--
INFO: Run Behavior\BuildLiteBehavior [ RunTime:0.000000s ]
INFO: [ app_init ] --END-- [ RunTime:0.000000s ]
INFO: [ app_begin ] --START--
INFO: Run Behavior\ReadHtmlCacheBehavior [ RunTime:0.000000s ]
INFO: [ app_begin ] --END-- [ RunTime:0.000000s ]
SQL: SHOW COLUMNS FROM `schoolyear` [ RunTime:0.0840s ]
SQL: SELECT `schoolyear_id` FROM `schoolyear` WHERE `schoolyear_nowyear` = 1 LIMIT 1   [ RunTime:0.0000s ]
SQL: SHOW COLUMNS FROM `basetwograde` [ RunTime:0.1900s ]
SQL: INSERT INTO `basetwograde` (`basetwograde_selfscorea`,`basetwograde_selfscoreb`,`basetwograde_selfscorec`,`schoolyear_id`,`basetwolevelindex_id`,`user_id`) VALUES ('1','1','1','2','1','1') [ RunTime:0.1870s ]
SQL: INSERT INTO `basetwograde` (`basetwograde_selfscorea`,`basetwograde_selfscoreb`,`basetwograde_selfscorec`,`schoolyear_id`,`basetwolevelindex_id`,`user_id`) VALUES ('1','1','1','2','1','1') [ RunTime:0.3400s ]
SQL: INSERT INTO `basetwograde` (`basetwograde_selfscorea`,`basetwograde_selfscoreb`,`basetwograde_selfscorec`,`schoolyear_id`,`basetwolevelindex_id`,`user_id`) VALUES ('1','1','1','2','1','1') [ RunTime:0.0300s ]
SQL: INSERT INTO `basetwograde` (`basetwograde_selfscorea`,`basetwograde_selfscoreb`,`basetwograde_selfscorec`,`schoolyear_id`,`basetwolevelindex_id`,`user_id`) VALUES ('1','1','1','2','2','1') [ RunTime:0.0200s ]
SQL: INSERT INTO `basetwograde` (`basetwograde_selfscorea`,`basetwograde_selfscoreb`,`basetwograde_selfscorec`,`schoolyear_id`,`basetwolevelindex_id`,`user_id`) VALUES ('1','1','1','2','2','1') [ RunTime:0.0210s ]
SQL: INSERT INTO `basetwograde` (`basetwograde_selfscorea`,`basetwograde_selfscoreb`,`basetwograde_selfscorec`,`schoolyear_id`,`basetwolevelindex_id`,`user_id`) VALUES ('1','1','1','2','2','1') [ RunTime:0.0210s ]
SQL: INSERT INTO `basetwograde` (`basetwograde_selfscorea`,`basetwograde_selfscoreb`,`basetwograde_selfscorec`,`schoolyear_id`,`basetwolevelindex_id`,`user_id`) VALUES ('1','1','1','2','3','1') [ RunTime:0.0540s ]
SQL: INSERT INTO `basetwograde` (`basetwograde_selfscorea`,`basetwograde_selfscoreb`,`basetwograde_selfscorec`,`schoolyear_id`,`basetwolevelindex_id`,`user_id`) VALUES ('1','1','1','2','4','1') [ RunTime:0.0200s ]
SQL: INSERT INTO `basetwograde` (`basetwograde_selfscorea`,`basetwograde_selfscoreb`,`basetwograde_selfscorec`,`schoolyear_id`,`basetwolevelindex_id`,`user_id`) VALUES ('1','1','1','2','5','1') [ RunTime:0.0310s ]
SQL: INSERT INTO `basetwograde` (`basetwograde_selfscorea`,`basetwograde_selfscoreb`,`basetwograde_selfscorec`,`schoolyear_id`,`basetwolevelindex_id`,`user_id`) VALUES ('1','1','1','2','5','1') [ RunTime:0.0190s ]
INFO: [ app_end ] --START--
INFO: Run Behavior\ShowPageTraceBehavior [ RunTime:0.001000s ]
INFO: [ app_end ] --END-- [ RunTime:0.001000s ]

[ 2017-03-11T02:10:01+08:00 ] 127.0.0.1 /evaluation_system/index.php/home/Index/index
INFO: [ app_init ] --START--
INFO: Run Behavior\BuildLiteBehavior [ RunTime:0.000000s ]
INFO: [ app_init ] --END-- [ RunTime:0.001000s ]
INFO: [ app_begin ] --START--
INFO: Run Behavior\ReadHtmlCacheBehavior [ RunTime:0.001000s ]
INFO: [ app_begin ] --END-- [ RunTime:0.001000s ]
SQL: SHOW COLUMNS FROM `basetwolevelindex` [ RunTime:0.0050s ]
SQL: SELECT COUNT(*) AS tp_count FROM `basetwolevelindex` LIMIT 1   [ RunTime:0.0010s ]
SQL: SELECT * FROM `basetwolevelindex`  [ RunTime:0.0000s ]
SQL: SHOW COLUMNS FROM `deveonelevelindex` [ RunTime:0.0030s ]
SQL: SELECT COUNT(*) AS tp_count FROM `deveonelevelindex` LIMIT 1   [ RunTime:0.0000s ]
SQL: SELECT * FROM `deveonelevelindex`  [ RunTime:0.0010s ]
INFO: [ view_parse ] --START--
INFO: [ template_filter ] --START--
INFO: Run Behavior\ContentReplaceBehavior [ RunTime:0.000000s ]
INFO: [ template_filter ] --END-- [ RunTime:0.000000s ]
INFO: Run Behavior\ParseTemplateBehavior [ RunTime:0.015001s ]
INFO: [ view_parse ] --END-- [ RunTime:0.015001s ]
INFO: [ view_filter ] --START--
INFO: Run Behavior\WriteHtmlCacheBehavior [ RunTime:0.001000s ]
INFO: [ view_filter ] --END-- [ RunTime:0.001000s ]
INFO: [ app_end ] --START--
INFO: Run Behavior\ShowPageTraceBehavior [ RunTime:0.000000s ]
INFO: [ app_end ] --END-- [ RunTime:0.002000s ]

[ 2017-03-11T02:13:57+08:00 ] 127.0.0.1 /evaluation_system/index.php/home/Index/index
INFO: [ app_init ] --START--
INFO: Run Behavior\BuildLiteBehavior [ RunTime:0.000000s ]
INFO: [ app_init ] --END-- [ RunTime:0.000000s ]
INFO: [ app_begin ] --START--
INFO: Run Behavior\ReadHtmlCacheBehavior [ RunTime:0.001000s ]
INFO: [ app_begin ] --END-- [ RunTime:0.001000s ]
SQL: SHOW COLUMNS FROM `basetwolevelindex` [ RunTime:0.0040s ]
SQL: SELECT COUNT(*) AS tp_count FROM `basetwolevelindex` LIMIT 1   [ RunTime:0.0000s ]
SQL: SELECT * FROM `basetwolevelindex`  [ RunTime:0.0000s ]
SQL: SHOW COLUMNS FROM `deveonelevelindex` [ RunTime:0.0060s ]
SQL: SELECT COUNT(*) AS tp_count FROM `deveonelevelindex` LIMIT 1   [ RunTime:0.0000s ]
SQL: SELECT * FROM `deveonelevelindex`  [ RunTime:0.0010s ]
INFO: [ view_parse ] --START--
INFO: [ template_filter ] --START--
INFO: Run Behavior\ContentReplaceBehavior [ RunTime:0.000000s ]
INFO: [ template_filter ] --END-- [ RunTime:0.000000s ]
INFO: Run Behavior\ParseTemplateBehavior [ RunTime:0.014001s ]
INFO: [ view_parse ] --END-- [ RunTime:0.015001s ]
INFO: [ view_filter ] --START--
INFO: Run Behavior\WriteHtmlCacheBehavior [ RunTime:0.001000s ]
INFO: [ view_filter ] --END-- [ RunTime:0.001000s ]
INFO: [ app_end ] --START--
INFO: Run Behavior\ShowPageTraceBehavior [ RunTime:0.007001s ]
INFO: [ app_end ] --END-- [ RunTime:0.007001s ]

[ 2017-03-11T02:15:17+08:00 ] 127.0.0.1 /evaluation_system/index.php/home/Index/index
INFO: [ app_init ] --START--
INFO: Run Behavior\BuildLiteBehavior [ RunTime:0.001000s ]
INFO: [ app_init ] --END-- [ RunTime:0.001000s ]
INFO: [ app_begin ] --START--
INFO: Run Behavior\ReadHtmlCacheBehavior [ RunTime:0.001000s ]
INFO: [ app_begin ] --END-- [ RunTime:0.001000s ]
SQL: SHOW COLUMNS FROM `basetwolevelindex` [ RunTime:0.0050s ]
SQL: SELECT COUNT(*) AS tp_count FROM `basetwolevelindex` LIMIT 1   [ RunTime:0.0010s ]
SQL: SELECT * FROM `basetwolevelindex`  [ RunTime:0.0000s ]
SQL: SHOW COLUMNS FROM `deveonelevelindex` [ RunTime:0.0050s ]
SQL: SELECT COUNT(*) AS tp_count FROM `deveonelevelindex` LIMIT 1   [ RunTime:0.0010s ]
SQL: SELECT * FROM `deveonelevelindex`  [ RunTime:0.0000s ]
INFO: [ view_parse ] --START--
INFO: [ template_filter ] --START--
INFO: Run Behavior\ContentReplaceBehavior [ RunTime:0.000000s ]
INFO: [ template_filter ] --END-- [ RunTime:0.001000s ]
INFO: Run Behavior\ParseTemplateBehavior [ RunTime:0.022001s ]
INFO: [ view_parse ] --END-- [ RunTime:0.023001s ]
INFO: [ view_filter ] --START--
INFO: Run Behavior\WriteHtmlCacheBehavior [ RunTime:0.000000s ]
INFO: [ view_filter ] --END-- [ RunTime:0.001000s ]
INFO: [ app_end ] --START--
INFO: Run Behavior\ShowPageTraceBehavior [ RunTime:0.001000s ]
INFO: [ app_end ] --END-- [ RunTime:0.002000s ]

[ 2017-03-11T02:16:38+08:00 ] 127.0.0.1 /evaluation_system/index.php/home/Index/index
INFO: [ app_init ] --START--
INFO: Run Behavior\BuildLiteBehavior [ RunTime:0.000000s ]
INFO: [ app_init ] --END-- [ RunTime:0.001000s ]
INFO: [ app_begin ] --START--
INFO: Run Behavior\ReadHtmlCacheBehavior [ RunTime:0.001001s ]
INFO: [ app_begin ] --END-- [ RunTime:0.001001s ]
SQL: SHOW COLUMNS FROM `basetwolevelindex` [ RunTime:0.0040s ]
SQL: SELECT COUNT(*) AS tp_count FROM `basetwolevelindex` LIMIT 1   [ RunTime:0.0010s ]
SQL: SELECT * FROM `basetwolevelindex`  [ RunTime:0.0010s ]
SQL: SHOW COLUMNS FROM `deveonelevelindex` [ RunTime:0.0040s ]
SQL: SELECT COUNT(*) AS tp_count FROM `deveonelevelindex` LIMIT 1   [ RunTime:0.0000s ]
SQL: SELECT * FROM `deveonelevelindex`  [ RunTime:0.0010s ]
INFO: [ view_parse ] --START--
INFO: [ template_filter ] --START--
INFO: Run Behavior\ContentReplaceBehavior [ RunTime:0.000000s ]
INFO: [ template_filter ] --END-- [ RunTime:0.000000s ]
INFO: Run Behavior\ParseTemplateBehavior [ RunTime:0.016001s ]
INFO: [ view_parse ] --END-- [ RunTime:0.016001s ]
INFO: [ view_filter ] --START--
INFO: Run Behavior\WriteHtmlCacheBehavior [ RunTime:0.001000s ]
INFO: [ view_filter ] --END-- [ RunTime:0.001000s ]
INFO: [ app_end ] --START--
INFO: Run Behavior\ShowPageTraceBehavior [ RunTime:0.004001s ]
INFO: [ app_end ] --END-- [ RunTime:0.004001s ]

[ 2017-03-11T02:16:49+08:00 ] 127.0.0.1 /evaluation_system/index.php/Home/Index/index.html
INFO: [ app_init ] --START--
INFO: Run Behavior\BuildLiteBehavior [ RunTime:0.000000s ]
INFO: [ app_init ] --END-- [ RunTime:0.001000s ]
INFO: [ app_begin ] --START--
INFO: Run Behavior\ReadHtmlCacheBehavior [ RunTime:0.000000s ]
INFO: [ app_begin ] --END-- [ RunTime:0.000000s ]
SQL: SHOW COLUMNS FROM `schoolyear` [ RunTime:0.0040s ]
SQL: SELECT `schoolyear_id` FROM `schoolyear` WHERE `schoolyear_nowyear` = 1 LIMIT 1   [ RunTime:0.0000s ]
SQL: SHOW COLUMNS FROM `basetwograde` [ RunTime:0.0050s ]
SQL: INSERT INTO `basetwograde` (`basetwograde_selfscorea`,`basetwograde_selfscoreb`,`basetwograde_selfscorec`,`schoolyear_id`,`basetwolevelindex_id`,`user_id`) VALUES ('1','1','1','2','1','1') [ RunTime:0.0510s ]
SQL: INSERT INTO `basetwograde` (`basetwograde_selfscorea`,`basetwograde_selfscoreb`,`basetwograde_selfscorec`,`schoolyear_id`,`basetwolevelindex_id`,`user_id`) VALUES ('1','1','1','2','1','1') [ RunTime:0.0550s ]
SQL: INSERT INTO `basetwograde` (`basetwograde_selfscorea`,`basetwograde_selfscoreb`,`basetwograde_selfscorec`,`schoolyear_id`,`basetwolevelindex_id`,`user_id`) VALUES ('1','1','1','2','1','1') [ RunTime:0.0320s ]
SQL: INSERT INTO `basetwograde` (`basetwograde_selfscorea`,`basetwograde_selfscoreb`,`basetwograde_selfscorec`,`schoolyear_id`,`basetwolevelindex_id`,`user_id`) VALUES ('1','1','1','2','2','1') [ RunTime:0.0210s ]
SQL: INSERT INTO `basetwograde` (`basetwograde_selfscorea`,`basetwograde_selfscoreb`,`basetwograde_selfscorec`,`schoolyear_id`,`basetwolevelindex_id`,`user_id`) VALUES ('1','1','1','2','2','1') [ RunTime:0.0200s ]
SQL: INSERT INTO `basetwograde` (`basetwograde_selfscorea`,`basetwograde_selfscoreb`,`basetwograde_selfscorec`,`schoolyear_id`,`basetwolevelindex_id`,`user_id`) VALUES ('1','1','1','2','2','1') [ RunTime:0.0200s ]
SQL: INSERT INTO `basetwograde` (`basetwograde_selfscorea`,`basetwograde_selfscoreb`,`basetwograde_selfscorec`,`schoolyear_id`,`basetwolevelindex_id`,`user_id`) VALUES ('1','1','1','2','3','1') [ RunTime:0.0650s ]
SQL: INSERT INTO `basetwograde` (`basetwograde_selfscorea`,`basetwograde_selfscoreb`,`basetwograde_selfscorec`,`schoolyear_id`,`basetwolevelindex_id`,`user_id`) VALUES ('1','1','1','2','4','1') [ RunTime:0.1770s ]
SQL: INSERT INTO `basetwograde` (`basetwograde_selfscorea`,`basetwograde_selfscoreb`,`basetwograde_selfscorec`,`schoolyear_id`,`basetwolevelindex_id`,`user_id`) VALUES ('1','1','1','2','5','1') [ RunTime:0.0210s ]
SQL: INSERT INTO `basetwograde` (`basetwograde_selfscorea`,`basetwograde_selfscoreb`,`basetwograde_selfscorec`,`schoolyear_id`,`basetwolevelindex_id`,`user_id`) VALUES ('1','1','1','2','5','1') [ RunTime:0.0210s ]
INFO: [ app_end ] --START--
INFO: Run Behavior\ShowPageTraceBehavior [ RunTime:0.001000s ]
INFO: [ app_end ] --END-- [ RunTime:0.001000s ]

[ 2017-03-11T02:17:37+08:00 ] 127.0.0.1 /evaluation_system/index.php/home/Index/index
INFO: [ app_init ] --START--
INFO: Run Behavior\BuildLiteBehavior [ RunTime:0.000000s ]
INFO: [ app_init ] --END-- [ RunTime:0.001000s ]
INFO: [ app_begin ] --START--
INFO: Run Behavior\ReadHtmlCacheBehavior [ RunTime:0.001000s ]
INFO: [ app_begin ] --END-- [ RunTime:0.001000s ]
SQL: SHOW COLUMNS FROM `basetwolevelindex` [ RunTime:0.0070s ]
SQL: SELECT COUNT(*) AS tp_count FROM `basetwolevelindex` LIMIT 1   [ RunTime:0.0000s ]
SQL: SELECT * FROM `basetwolevelindex`  [ RunTime:0.0000s ]
SQL: SHOW COLUMNS FROM `deveonelevelindex` [ RunTime:0.0060s ]
SQL: SELECT COUNT(*) AS tp_count FROM `deveonelevelindex` LIMIT 1   [ RunTime:0.0010s ]
SQL: SELECT * FROM `deveonelevelindex`  [ RunTime:0.0000s ]
INFO: [ view_parse ] --START--
INFO: [ template_filter ] --START--
INFO: Run Behavior\ContentReplaceBehavior [ RunTime:0.000000s ]
INFO: [ template_filter ] --END-- [ RunTime:0.001000s ]
INFO: Run Behavior\ParseTemplateBehavior [ RunTime:0.018001s ]
INFO: [ view_parse ] --END-- [ RunTime:0.018001s ]
INFO: [ view_filter ] --START--
INFO: Run Behavior\WriteHtmlCacheBehavior [ RunTime:0.001000s ]
INFO: [ view_filter ] --END-- [ RunTime:0.001000s ]
INFO: [ app_end ] --START--
INFO: Run Behavior\ShowPageTraceBehavior [ RunTime:0.001001s ]
INFO: [ app_end ] --END-- [ RunTime:0.002001s ]

[ 2017-03-11T02:18:05+08:00 ] 127.0.0.1 /evaluation_system/index.php/home/Index/index
INFO: [ app_init ] --START--
INFO: Run Behavior\BuildLiteBehavior [ RunTime:0.000000s ]
INFO: [ app_init ] --END-- [ RunTime:0.001000s ]
INFO: [ app_begin ] --START--
INFO: Run Behavior\ReadHtmlCacheBehavior [ RunTime:0.001000s ]
INFO: [ app_begin ] --END-- [ RunTime:0.001000s ]
SQL: SHOW COLUMNS FROM `basetwolevelindex` [ RunTime:0.0040s ]
SQL: SELECT COUNT(*) AS tp_count FROM `basetwolevelindex` LIMIT 1   [ RunTime:0.0000s ]
SQL: SELECT * FROM `basetwolevelindex`  [ RunTime:0.0000s ]
SQL: SHOW COLUMNS FROM `deveonelevelindex` [ RunTime:0.0050s ]
SQL: SELECT COUNT(*) AS tp_count FROM `deveonelevelindex` LIMIT 1   [ RunTime:0.0000s ]
SQL: SELECT * FROM `deveonelevelindex`  [ RunTime:0.0010s ]
INFO: [ view_parse ] --START--
INFO: [ template_filter ] --START--
INFO: Run Behavior\ContentReplaceBehavior [ RunTime:0.000000s ]
INFO: [ template_filter ] --END-- [ RunTime:0.001000s ]
INFO: Run Behavior\ParseTemplateBehavior [ RunTime:0.014001s ]
INFO: [ view_parse ] --END-- [ RunTime:0.014001s ]
INFO: [ view_filter ] --START--
INFO: Run Behavior\WriteHtmlCacheBehavior [ RunTime:0.001000s ]
INFO: [ view_filter ] --END-- [ RunTime:0.001000s ]
INFO: [ app_end ] --START--
INFO: Run Behavior\ShowPageTraceBehavior [ RunTime:0.001000s ]
INFO: [ app_end ] --END-- [ RunTime:0.001000s ]

[ 2017-03-11T02:18:55+08:00 ] 127.0.0.1 /evaluation_system/index.php/home/Index/index
INFO: [ app_init ] --START--
INFO: Run Behavior\BuildLiteBehavior [ RunTime:0.000000s ]
INFO: [ app_init ] --END-- [ RunTime:0.001001s ]
INFO: [ app_begin ] --START--
INFO: Run Behavior\ReadHtmlCacheBehavior [ RunTime:0.001000s ]
INFO: [ app_begin ] --END-- [ RunTime:0.002000s ]
SQL: SHOW COLUMNS FROM `basetwolevelindex` [ RunTime:0.0050s ]
SQL: SELECT COUNT(*) AS tp_count FROM `basetwolevelindex` LIMIT 1   [ RunTime:0.0010s ]
SQL: SELECT * FROM `basetwolevelindex`  [ RunTime:0.0000s ]
SQL: SHOW COLUMNS FROM `deveonelevelindex` [ RunTime:0.0060s ]
SQL: SELECT COUNT(*) AS tp_count FROM `deveonelevelindex` LIMIT 1   [ RunTime:0.0010s ]
SQL: SELECT * FROM `deveonelevelindex`  [ RunTime:0.0010s ]
INFO: [ view_parse ] --START--
INFO: [ template_filter ] --START--
INFO: Run Behavior\ContentReplaceBehavior [ RunTime:0.000000s ]
INFO: [ template_filter ] --END-- [ RunTime:0.000000s ]
INFO: Run Behavior\ParseTemplateBehavior [ RunTime:0.014001s ]
INFO: [ view_parse ] --END-- [ RunTime:0.014001s ]
INFO: [ view_filter ] --START--
INFO: Run Behavior\WriteHtmlCacheBehavior [ RunTime:0.001000s ]
INFO: [ view_filter ] --END-- [ RunTime:0.001000s ]
INFO: [ app_end ] --START--
INFO: Run Behavior\ShowPageTraceBehavior [ RunTime:0.000000s ]
INFO: [ app_end ] --END-- [ RunTime:0.002000s ]

[ 2017-03-11T02:19:20+08:00 ] 127.0.0.1 /evaluation_system/index.php/home/Index/index
INFO: [ app_init ] --START--
INFO: Run Behavior\BuildLiteBehavior [ RunTime:0.000000s ]
INFO: [ app_init ] --END-- [ RunTime:0.001000s ]
INFO: [ app_begin ] --START--
INFO: Run Behavior\ReadHtmlCacheBehavior [ RunTime:0.000000s ]
INFO: [ app_begin ] --END-- [ RunTime:0.001000s ]
SQL: SHOW COLUMNS FROM `basetwolevelindex` [ RunTime:0.0040s ]
SQL: SELECT COUNT(*) AS tp_count FROM `basetwolevelindex` LIMIT 1   [ RunTime:0.0020s ]
SQL: SELECT * FROM `basetwolevelindex`  [ RunTime:0.0000s ]
SQL: SHOW COLUMNS FROM `deveonelevelindex` [ RunTime:0.0040s ]
SQL: SELECT COUNT(*) AS tp_count FROM `deveonelevelindex` LIMIT 1   [ RunTime:0.0010s ]
SQL: SELECT * FROM `deveonelevelindex`  [ RunTime:0.0000s ]
INFO: [ view_parse ] --START--
INFO: [ template_filter ] --START--
INFO: Run Behavior\ContentReplaceBehavior [ RunTime:0.000000s ]
INFO: [ template_filter ] --END-- [ RunTime:0.000000s ]
INFO: Run Behavior\ParseTemplateBehavior [ RunTime:0.020001s ]
INFO: [ view_parse ] --END-- [ RunTime:0.021001s ]
INFO: [ view_filter ] --START--
INFO: Run Behavior\WriteHtmlCacheBehavior [ RunTime:0.001000s ]
INFO: [ view_filter ] --END-- [ RunTime:0.001000s ]
INFO: [ app_end ] --START--
INFO: Run Behavior\ShowPageTraceBehavior [ RunTime:0.001000s ]
INFO: [ app_end ] --END-- [ RunTime:0.001000s ]

[ 2017-03-11T02:19:46+08:00 ] 127.0.0.1 /evaluation_system/index.php/home/Index/index
INFO: [ app_init ] --START--
INFO: Run Behavior\BuildLiteBehavior [ RunTime:0.000000s ]
INFO: [ app_init ] --END-- [ RunTime:0.002000s ]
INFO: [ app_begin ] --START--
INFO: Run Behavior\ReadHtmlCacheBehavior [ RunTime:0.000000s ]
INFO: [ app_begin ] --END-- [ RunTime:0.001000s ]
SQL: SHOW COLUMNS FROM `basetwolevelindex` [ RunTime:0.0040s ]
SQL: SELECT COUNT(*) AS tp_count FROM `basetwolevelindex` LIMIT 1   [ RunTime:0.0000s ]
SQL: SELECT * FROM `basetwolevelindex`  [ RunTime:0.0000s ]
SQL: SHOW COLUMNS FROM `deveonelevelindex` [ RunTime:0.0050s ]
SQL: SELECT COUNT(*) AS tp_count FROM `deveonelevelindex` LIMIT 1   [ RunTime:0.0010s ]
SQL: SELECT * FROM `deveonelevelindex`  [ RunTime:0.0040s ]
INFO: [ view_parse ] --START--
INFO: [ template_filter ] --START--
INFO: Run Behavior\ContentReplaceBehavior [ RunTime:0.000000s ]
INFO: [ template_filter ] --END-- [ RunTime:0.001000s ]
INFO: Run Behavior\ParseTemplateBehavior [ RunTime:0.019001s ]
INFO: [ view_parse ] --END-- [ RunTime:0.020001s ]
INFO: [ view_filter ] --START--
INFO: Run Behavior\WriteHtmlCacheBehavior [ RunTime:0.000000s ]
INFO: [ view_filter ] --END-- [ RunTime:0.001000s ]
INFO: [ app_end ] --START--
INFO: Run Behavior\ShowPageTraceBehavior [ RunTime:0.000000s ]
INFO: [ app_end ] --END-- [ RunTime:0.001000s ]

[ 2017-03-11T02:20:14+08:00 ] 127.0.0.1 /evaluation_system/index.php/home/Index/index
INFO: [ app_init ] --START--
INFO: Run Behavior\BuildLiteBehavior [ RunTime:0.000000s ]
INFO: [ app_init ] --END-- [ RunTime:0.001000s ]
INFO: [ app_begin ] --START--
INFO: Run Behavior\ReadHtmlCacheBehavior [ RunTime:0.000000s ]
INFO: [ app_begin ] --END-- [ RunTime:0.002000s ]
SQL: SHOW COLUMNS FROM `basetwolevelindex` [ RunTime:0.0050s ]
SQL: SELECT COUNT(*) AS tp_count FROM `basetwolevelindex` LIMIT 1   [ RunTime:0.0010s ]
SQL: SELECT * FROM `basetwolevelindex`  [ RunTime:0.0010s ]
SQL: SHOW COLUMNS FROM `deveonelevelindex` [ RunTime:0.0040s ]
SQL: SELECT COUNT(*) AS tp_count FROM `deveonelevelindex` LIMIT 1   [ RunTime:0.0000s ]
SQL: SELECT * FROM `deveonelevelindex`  [ RunTime:0.0000s ]
INFO: [ view_parse ] --START--
INFO: [ template_filter ] --START--
INFO: Run Behavior\ContentReplaceBehavior [ RunTime:0.000000s ]
INFO: [ template_filter ] --END-- [ RunTime:0.001000s ]
INFO: Run Behavior\ParseTemplateBehavior [ RunTime:0.018001s ]
INFO: [ view_parse ] --END-- [ RunTime:0.018001s ]
INFO: [ view_filter ] --START--
INFO: Run Behavior\WriteHtmlCacheBehavior [ RunTime:0.005000s ]
INFO: [ view_filter ] --END-- [ RunTime:0.005000s ]
INFO: [ app_end ] --START--
INFO: Run Behavior\ShowPageTraceBehavior [ RunTime:0.001000s ]
INFO: [ app_end ] --END-- [ RunTime:0.002000s ]

[ 2017-03-11T02:25:24+08:00 ] 127.0.0.1 /evaluation_system/index.php/home/Index/index
INFO: [ app_init ] --START--
INFO: Run Behavior\BuildLiteBehavior [ RunTime:0.000000s ]
INFO: [ app_init ] --END-- [ RunTime:0.001000s ]
INFO: [ app_begin ] --START--
INFO: Run Behavior\ReadHtmlCacheBehavior [ RunTime:0.002001s ]
INFO: [ app_begin ] --END-- [ RunTime:0.002001s ]
SQL: SHOW COLUMNS FROM `basetwolevelindex` [ RunTime:0.0050s ]
SQL: SELECT COUNT(*) AS tp_count FROM `basetwolevelindex` LIMIT 1   [ RunTime:0.0010s ]
SQL: SELECT * FROM `basetwolevelindex`  [ RunTime:0.0010s ]
SQL: SHOW COLUMNS FROM `deveonelevelindex` [ RunTime:0.0090s ]
SQL: SELECT COUNT(*) AS tp_count FROM `deveonelevelindex` LIMIT 1   [ RunTime:0.0010s ]
SQL: SELECT * FROM `deveonelevelindex`  [ RunTime:0.0010s ]
INFO: [ view_parse ] --START--
INFO: [ template_filter ] --START--
INFO: Run Behavior\ContentReplaceBehavior [ RunTime:0.001000s ]
INFO: [ template_filter ] --END-- [ RunTime:0.001000s ]
INFO: Run Behavior\ParseTemplateBehavior [ RunTime:0.024001s ]
INFO: [ view_parse ] --END-- [ RunTime:0.024001s ]
INFO: [ view_filter ] --START--
INFO: Run Behavior\WriteHtmlCacheBehavior [ RunTime:0.001000s ]
INFO: [ view_filter ] --END-- [ RunTime:0.001000s ]
INFO: [ app_end ] --START--
INFO: Run Behavior\ShowPageTraceBehavior [ RunTime:0.001000s ]
INFO: [ app_end ] --END-- [ RunTime:0.001000s ]

[ 2017-03-11T02:25:35+08:00 ] 127.0.0.1 /evaluation_system/index.php/Home/Index/index.html
INFO: [ app_init ] --START--
INFO: Run Behavior\BuildLiteBehavior [ RunTime:0.000000s ]
INFO: [ app_init ] --END-- [ RunTime:0.001000s ]
INFO: [ app_begin ] --START--
INFO: Run Behavior\ReadHtmlCacheBehavior [ RunTime:0.001000s ]
INFO: [ app_begin ] --END-- [ RunTime:0.001000s ]
SQL: SHOW COLUMNS FROM `schoolyear` [ RunTime:0.0050s ]
SQL: SELECT `schoolyear_id` FROM `schoolyear` WHERE `schoolyear_nowyear` = 1 LIMIT 1   [ RunTime:0.0000s ]
SQL: SHOW COLUMNS FROM `basetwograde` [ RunTime:0.0050s ]
SQL: INSERT INTO `basetwograde` (`basetwograde_selfscorea`,`basetwograde_selfscoreb`,`basetwograde_selfscorec`,`schoolyear_id`,`basetwolevelindex_id`,`user_id`) VALUES ('1','1','1','2','1','1') [ RunTime:0.0680s ]
SQL: INSERT INTO `basetwograde` (`basetwograde_selfscorea`,`basetwograde_selfscoreb`,`basetwograde_selfscorec`,`schoolyear_id`,`basetwolevelindex_id`,`user_id`) VALUES ('1','1','1','2','1','1') [ RunTime:0.0300s ]
SQL: INSERT INTO `basetwograde` (`basetwograde_selfscorea`,`basetwograde_selfscoreb`,`basetwograde_selfscorec`,`schoolyear_id`,`basetwolevelindex_id`,`user_id`) VALUES ('1','1','1','2','1','1') [ RunTime:0.0210s ]
SQL: INSERT INTO `basetwograde` (`basetwograde_selfscorea`,`basetwograde_selfscoreb`,`basetwograde_selfscorec`,`schoolyear_id`,`basetwolevelindex_id`,`user_id`) VALUES ('1','1','1','2','2','1') [ RunTime:0.0210s ]
SQL: INSERT INTO `basetwograde` (`basetwograde_selfscorea`,`basetwograde_selfscoreb`,`basetwograde_selfscorec`,`schoolyear_id`,`basetwolevelindex_id`,`user_id`) VALUES ('1','1','1','2','2','1') [ RunTime:0.0210s ]
SQL: INSERT INTO `basetwograde` (`basetwograde_selfscorea`,`basetwograde_selfscoreb`,`basetwograde_selfscorec`,`schoolyear_id`,`basetwolevelindex_id`,`user_id`) VALUES ('1','1','1','2','2','1') [ RunTime:0.0450s ]
SQL: INSERT INTO `basetwograde` (`basetwograde_selfscorea`,`basetwograde_selfscoreb`,`basetwograde_selfscorec`,`schoolyear_id`,`basetwolevelindex_id`,`user_id`) VALUES ('1','1','1','2','3','1') [ RunTime:0.0190s ]
SQL: INSERT INTO `basetwograde` (`basetwograde_selfscorea`,`basetwograde_selfscoreb`,`basetwograde_selfscorec`,`schoolyear_id`,`basetwolevelindex_id`,`user_id`) VALUES ('1','1','1','2','4','1') [ RunTime:0.0310s ]
SQL: INSERT INTO `basetwograde` (`basetwograde_selfscorea`,`basetwograde_selfscoreb`,`basetwograde_selfscorec`,`schoolyear_id`,`basetwolevelindex_id`,`user_id`) VALUES ('1','1','1','2','5','1') [ RunTime:0.0210s ]
SQL: INSERT INTO `basetwograde` (`basetwograde_selfscorea`,`basetwograde_selfscoreb`,`basetwograde_selfscorec`,`schoolyear_id`,`basetwolevelindex_id`,`user_id`) VALUES ('1','1','1','2','5','1') [ RunTime:0.0210s ]
INFO: [ view_parse ] --START--
INFO: [ template_filter ] --START--
INFO: Run Behavior\ContentReplaceBehavior [ RunTime:0.000000s ]
INFO: [ template_filter ] --END-- [ RunTime:0.000000s ]
INFO: Run Behavior\ParseTemplateBehavior [ RunTime:0.033002s ]
INFO: [ view_parse ] --END-- [ RunTime:0.033002s ]
INFO: [ view_filter ] --START--
INFO: Run Behavior\WriteHtmlCacheBehavior [ RunTime:0.001000s ]
INFO: [ view_filter ] --END-- [ RunTime:0.001000s ]
NOTIC: [2] Cannot modify header information - headers already sent by (output started at E:\wamp\www\evaluation_system\ThinkPHP\Common\functions.php:850) E:\wamp\www\evaluation_system\ThinkPHP\Library\Think\View.class.php 第 91 行.
NOTIC: [2] Cannot modify header information - headers already sent by (output started at E:\wamp\www\evaluation_system\ThinkPHP\Common\functions.php:850) E:\wamp\www\evaluation_system\ThinkPHP\Library\Think\View.class.php 第 92 行.
NOTIC: [2] Cannot modify header information - headers already sent by (output started at E:\wamp\www\evaluation_system\ThinkPHP\Common\functions.php:850) E:\wamp\www\evaluation_system\ThinkPHP\Library\Think\View.class.php 第 93 行.

[ 2017-03-11T02:26:26+08:00 ] 127.0.0.1 /evaluation_system/index.php/Home/Index/index.html
INFO: [ app_init ] --START--
INFO: Run Behavior\BuildLiteBehavior [ RunTime:0.000000s ]
INFO: [ app_init ] --END-- [ RunTime:0.000000s ]
INFO: [ app_begin ] --START--
INFO: Run Behavior\ReadHtmlCacheBehavior [ RunTime:0.001000s ]
INFO: [ app_begin ] --END-- [ RunTime:0.002000s ]
SQL: SHOW COLUMNS FROM `schoolyear` [ RunTime:0.0050s ]
SQL: SELECT `schoolyear_id` FROM `schoolyear` WHERE `schoolyear_nowyear` = 1 LIMIT 1   [ RunTime:0.0000s ]
SQL: SHOW COLUMNS FROM `basetwograde` [ RunTime:0.0050s ]
SQL: INSERT INTO `basetwograde` (`basetwograde_selfscorea`,`basetwograde_selfscoreb`,`basetwograde_selfscorec`,`schoolyear_id`,`basetwolevelindex_id`,`user_id`) VALUES ('1','1','1','2','1','1') [ RunTime:0.3860s ]
SQL: INSERT INTO `basetwograde` (`basetwograde_selfscorea`,`basetwograde_selfscoreb`,`basetwograde_selfscorec`,`schoolyear_id`,`basetwolevelindex_id`,`user_id`) VALUES ('1','1','1','2','1','1') [ RunTime:0.1210s ]
SQL: INSERT INTO `basetwograde` (`basetwograde_selfscorea`,`basetwograde_selfscoreb`,`basetwograde_selfscorec`,`schoolyear_id`,`basetwolevelindex_id`,`user_id`) VALUES ('1','1','1','2','1','1') [ RunTime:0.0870s ]
SQL: INSERT INTO `basetwograde` (`basetwograde_selfscorea`,`basetwograde_selfscoreb`,`basetwograde_selfscorec`,`schoolyear_id`,`basetwolevelindex_id`,`user_id`) VALUES ('1','1','1','2','2','1') [ RunTime:0.1500s ]
SQL: INSERT INTO `basetwograde` (`basetwograde_selfscorea`,`basetwograde_selfscoreb`,`basetwograde_selfscorec`,`schoolyear_id`,`basetwolevelindex_id`,`user_id`) VALUES ('1','1','1','2','2','1') [ RunTime:0.4550s ]
SQL: INSERT INTO `basetwograde` (`basetwograde_selfscorea`,`basetwograde_selfscoreb`,`basetwograde_selfscorec`,`schoolyear_id`,`basetwolevelindex_id`,`user_id`) VALUES ('1','1','1','2','2','1') [ RunTime:0.1450s ]
SQL: INSERT INTO `basetwograde` (`basetwograde_selfscorea`,`basetwograde_selfscoreb`,`basetwograde_selfscorec`,`schoolyear_id`,`basetwolevelindex_id`,`user_id`) VALUES ('1','1','1','2','3','1') [ RunTime:0.0730s ]
SQL: INSERT INTO `basetwograde` (`basetwograde_selfscorea`,`basetwograde_selfscoreb`,`basetwograde_selfscorec`,`schoolyear_id`,`basetwolevelindex_id`,`user_id`) VALUES ('1','1','1','2','4','1') [ RunTime:0.0340s ]
SQL: INSERT INTO `basetwograde` (`basetwograde_selfscorea`,`basetwograde_selfscoreb`,`basetwograde_selfscorec`,`schoolyear_id`,`basetwolevelindex_id`,`user_id`) VALUES ('1','1','1','2','5','1') [ RunTime:0.0290s ]
SQL: INSERT INTO `basetwograde` (`basetwograde_selfscorea`,`basetwograde_selfscoreb`,`basetwograde_selfscorec`,`schoolyear_id`,`basetwolevelindex_id`,`user_id`) VALUES ('1','1','1','2','5','1') [ RunTime:0.0210s ]
NOTIC: [2] call_user_func() expects parameter 1 to be a valid callback, no array or string given E:\wamp\www\evaluation_system\ThinkPHP\Library\Think\Upload.class.php 第 170 行.
NOTIC: [2] call_user_func() expects parameter 1 to be a valid callback, no array or string given E:\wamp\www\evaluation_system\ThinkPHP\Library\Think\Upload.class.php 第 170 行.
NOTIC: [2] call_user_func() expects parameter 1 to be a valid callback, no array or string given E:\wamp\www\evaluation_system\ThinkPHP\Library\Think\Upload.class.php 第 170 行.
NOTIC: [8] Undefined index: savePath E:\wamp\www\evaluation_system\Application\Home\Controller\IndexController.class.php 第 191 行.
NOTIC: [8] Undefined index: savePath E:\wamp\www\evaluation_system\Application\Home\Controller\IndexController.class.php 第 191 行.
NOTIC: [8] Undefined index: savePath E:\wamp\www\evaluation_system\Application\Home\Controller\IndexController.class.php 第 191 行.

[ 2017-03-11T02:27:10+08:00 ] 127.0.0.1 /evaluation_system/index.php/Home/Index/index.html
INFO: [ app_init ] --START--
INFO: Run Behavior\BuildLiteBehavior [ RunTime:0.000000s ]
INFO: [ app_init ] --END-- [ RunTime:0.001000s ]
INFO: [ app_begin ] --START--
INFO: Run Behavior\ReadHtmlCacheBehavior [ RunTime:0.001000s ]
INFO: [ app_begin ] --END-- [ RunTime:0.001000s ]
SQL: SHOW COLUMNS FROM `schoolyear` [ RunTime:0.0080s ]
SQL: SELECT `schoolyear_id` FROM `schoolyear` WHERE `schoolyear_nowyear` = 1 LIMIT 1   [ RunTime:0.0010s ]
SQL: SHOW COLUMNS FROM `basetwograde` [ RunTime:0.0060s ]
SQL: INSERT INTO `basetwograde` (`basetwograde_selfscorea`,`basetwograde_selfscoreb`,`basetwograde_selfscorec`,`schoolyear_id`,`basetwolevelindex_id`,`user_id`) VALUES ('1','1','1','2','1','1') [ RunTime:0.5140s ]
SQL: INSERT INTO `basetwograde` (`basetwograde_selfscorea`,`basetwograde_selfscoreb`,`basetwograde_selfscorec`,`schoolyear_id`,`basetwolevelindex_id`,`user_id`) VALUES ('1','1','1','2','1','1') [ RunTime:0.2100s ]
SQL: INSERT INTO `basetwograde` (`basetwograde_selfscorea`,`basetwograde_selfscoreb`,`basetwograde_selfscorec`,`schoolyear_id`,`basetwolevelindex_id`,`user_id`) VALUES ('1','1','1','2','1','1') [ RunTime:0.1020s ]
SQL: INSERT INTO `basetwograde` (`basetwograde_selfscorea`,`basetwograde_selfscoreb`,`basetwograde_selfscorec`,`schoolyear_id`,`basetwolevelindex_id`,`user_id`) VALUES ('1','1','1','2','2','1') [ RunTime:0.0400s ]
SQL: INSERT INTO `basetwograde` (`basetwograde_selfscorea`,`basetwograde_selfscoreb`,`basetwograde_selfscorec`,`schoolyear_id`,`basetwolevelindex_id`,`user_id`) VALUES ('1','1','1','2','2','1') [ RunTime:0.0200s ]
SQL: INSERT INTO `basetwograde` (`basetwograde_selfscorea`,`basetwograde_selfscoreb`,`basetwograde_selfscorec`,`schoolyear_id`,`basetwolevelindex_id`,`user_id`) VALUES ('1','1','1','2','2','1') [ RunTime:0.0190s ]
SQL: INSERT INTO `basetwograde` (`basetwograde_selfscorea`,`basetwograde_selfscoreb`,`basetwograde_selfscorec`,`schoolyear_id`,`basetwolevelindex_id`,`user_id`) VALUES ('1','1','1','2','3','1') [ RunTime:0.0530s ]
SQL: INSERT INTO `basetwograde` (`basetwograde_selfscorea`,`basetwograde_selfscoreb`,`basetwograde_selfscorec`,`schoolyear_id`,`basetwolevelindex_id`,`user_id`) VALUES ('1','1','1','2','4','1') [ RunTime:0.0310s ]
SQL: INSERT INTO `basetwograde` (`basetwograde_selfscorea`,`basetwograde_selfscoreb`,`basetwograde_selfscorec`,`schoolyear_id`,`basetwolevelindex_id`,`user_id`) VALUES ('1','1','1','2','5','1') [ RunTime:0.0220s ]
SQL: INSERT INTO `basetwograde` (`basetwograde_selfscorea`,`basetwograde_selfscoreb`,`basetwograde_selfscorec`,`schoolyear_id`,`basetwolevelindex_id`,`user_id`) VALUES ('1','1','1','2','5','1') [ RunTime:0.0190s ]
NOTIC: [2] call_user_func() expects parameter 1 to be a valid callback, no array or string given E:\wamp\www\evaluation_system\ThinkPHP\Library\Think\Upload.class.php 第 170 行.
NOTIC: [2] call_user_func() expects parameter 1 to be a valid callback, no array or string given E:\wamp\www\evaluation_system\ThinkPHP\Library\Think\Upload.class.php 第 170 行.
NOTIC: [8] Undefined index: savePath E:\wamp\www\evaluation_system\Application\Home\Controller\IndexController.class.php 第 191 行.
NOTIC: [8] Undefined index: savePath E:\wamp\www\evaluation_system\Application\Home\Controller\IndexController.class.php 第 191 行.

[ 2017-03-11T02:27:58+08:00 ] 127.0.0.1 /evaluation_system/index.php/Home/Index/index.html
INFO: [ app_init ] --START--
INFO: Run Behavior\BuildLiteBehavior [ RunTime:0.000000s ]
INFO: [ app_init ] --END-- [ RunTime:0.001000s ]
INFO: [ app_begin ] --START--
INFO: Run Behavior\ReadHtmlCacheBehavior [ RunTime:0.002000s ]
INFO: [ app_begin ] --END-- [ RunTime:0.002000s ]
SQL: SHOW COLUMNS FROM `schoolyear` [ RunTime:0.0060s ]
SQL: SELECT `schoolyear_id` FROM `schoolyear` WHERE `schoolyear_nowyear` = 1 LIMIT 1   [ RunTime:0.0010s ]
SQL: SHOW COLUMNS FROM `basetwograde` [ RunTime:0.0040s ]
SQL: INSERT INTO `basetwograde` (`basetwograde_selfscorea`,`basetwograde_selfscoreb`,`basetwograde_selfscorec`,`schoolyear_id`,`basetwolevelindex_id`,`user_id`) VALUES ('1','1','1','2','1','1') [ RunTime:0.0630s ]
SQL: INSERT INTO `basetwograde` (`basetwograde_selfscorea`,`basetwograde_selfscoreb`,`basetwograde_selfscorec`,`schoolyear_id`,`basetwolevelindex_id`,`user_id`) VALUES ('1','1','1','2','1','1') [ RunTime:0.0320s ]
SQL: INSERT INTO `basetwograde` (`basetwograde_selfscorea`,`basetwograde_selfscoreb`,`basetwograde_selfscorec`,`schoolyear_id`,`basetwolevelindex_id`,`user_id`) VALUES ('1','1','1','2','1','1') [ RunTime:0.0210s ]
SQL: INSERT INTO `basetwograde` (`basetwograde_selfscorea`,`basetwograde_selfscoreb`,`basetwograde_selfscorec`,`schoolyear_id`,`basetwolevelindex_id`,`user_id`) VALUES ('1','1','1','2','2','1') [ RunTime:0.0200s ]
SQL: INSERT INTO `basetwograde` (`basetwograde_selfscorea`,`basetwograde_selfscoreb`,`basetwograde_selfscorec`,`schoolyear_id`,`basetwolevelindex_id`,`user_id`) VALUES ('1','1','1','2','2','1') [ RunTime:0.0430s ]
SQL: INSERT INTO `basetwograde` (`basetwograde_selfscorea`,`basetwograde_selfscoreb`,`basetwograde_selfscorec`,`schoolyear_id`,`basetwolevelindex_id`,`user_id`) VALUES ('1','1','1','2','2','1') [ RunTime:0.0210s ]
SQL: INSERT INTO `basetwograde` (`basetwograde_selfscorea`,`basetwograde_selfscoreb`,`basetwograde_selfscorec`,`schoolyear_id`,`basetwolevelindex_id`,`user_id`) VALUES ('1','1','1','2','3','1') [ RunTime:0.0200s ]
SQL: INSERT INTO `basetwograde` (`basetwograde_selfscorea`,`basetwograde_selfscoreb`,`basetwograde_selfscorec`,`schoolyear_id`,`basetwolevelindex_id`,`user_id`) VALUES ('1','1','1','2','4','1') [ RunTime:0.0210s ]
SQL: INSERT INTO `basetwograde` (`basetwograde_selfscorea`,`basetwograde_selfscoreb`,`basetwograde_selfscorec`,`schoolyear_id`,`basetwolevelindex_id`,`user_id`) VALUES ('1','1','1','2','5','1') [ RunTime:0.0210s ]
SQL: INSERT INTO `basetwograde` (`basetwograde_selfscorea`,`basetwograde_selfscoreb`,`basetwograde_selfscorec`,`schoolyear_id`,`basetwolevelindex_id`,`user_id`) VALUES ('1','1','1','2','5','1') [ RunTime:0.0200s ]
NOTIC: [2] call_user_func() expects parameter 1 to be a valid callback, no array or string given E:\wamp\www\evaluation_system\ThinkPHP\Library\Think\Upload.class.php 第 170 行.
NOTIC: [2] call_user_func() expects parameter 1 to be a valid callback, no array or string given E:\wamp\www\evaluation_system\ThinkPHP\Library\Think\Upload.class.php 第 170 行.
NOTIC: [2] call_user_func() expects parameter 1 to be a valid callback, no array or string given E:\wamp\www\evaluation_system\ThinkPHP\Library\Think\Upload.class.php 第 170 行.
NOTIC: [2] call_user_func() expects parameter 1 to be a valid callback, no array or string given E:\wamp\www\evaluation_system\ThinkPHP\Library\Think\Upload.class.php 第 170 行.
NOTIC: [8] Undefined index: savePath E:\wamp\www\evaluation_system\Application\Home\Controller\IndexController.class.php 第 191 行.
NOTIC: [8] Undefined index: savePath E:\wamp\www\evaluation_system\Application\Home\Controller\IndexController.class.php 第 191 行.
NOTIC: [8] Undefined index: savePath E:\wamp\www\evaluation_system\Application\Home\Controller\IndexController.class.php 第 191 行.
NOTIC: [8] Undefined index: savePath E:\wamp\www\evaluation_system\Application\Home\Controller\IndexController.class.php 第 191 行.

[ 2017-03-11T02:30:00+08:00 ] 127.0.0.1 /evaluation_system/index.php/Home/Index/index.html
INFO: [ app_init ] --START--
INFO: Run Behavior\BuildLiteBehavior [ RunTime:0.000000s ]
INFO: [ app_init ] --END-- [ RunTime:0.000000s ]
INFO: [ app_begin ] --START--
INFO: Run Behavior\ReadHtmlCacheBehavior [ RunTime:0.001000s ]
INFO: [ app_begin ] --END-- [ RunTime:0.001000s ]
SQL: SHOW COLUMNS FROM `schoolyear` [ RunTime:0.0050s ]
SQL: SELECT `schoolyear_id` FROM `schoolyear` WHERE `schoolyear_nowyear` = 1 LIMIT 1   [ RunTime:0.0010s ]
SQL: SHOW COLUMNS FROM `basetwograde` [ RunTime:0.0040s ]
SQL: INSERT INTO `basetwograde` (`basetwograde_selfscorea`,`basetwograde_selfscoreb`,`basetwograde_selfscorec`,`schoolyear_id`,`basetwolevelindex_id`,`user_id`) VALUES ('1','1','1','2','1','1') [ RunTime:0.0610s ]
SQL: INSERT INTO `basetwograde` (`basetwograde_selfscorea`,`basetwograde_selfscoreb`,`basetwograde_selfscorec`,`schoolyear_id`,`basetwolevelindex_id`,`user_id`) VALUES ('1','1','1','2','1','1') [ RunTime:0.0320s ]
SQL: INSERT INTO `basetwograde` (`basetwograde_selfscorea`,`basetwograde_selfscoreb`,`basetwograde_selfscorec`,`schoolyear_id`,`basetwolevelindex_id`,`user_id`) VALUES ('1','1','1','2','1','1') [ RunTime:0.0210s ]
SQL: INSERT INTO `basetwograde` (`basetwograde_selfscorea`,`basetwograde_selfscoreb`,`basetwograde_selfscorec`,`schoolyear_id`,`basetwolevelindex_id`,`user_id`) VALUES ('1','1','1','2','2','1') [ RunTime:0.0200s ]
SQL: INSERT INTO `basetwograde` (`basetwograde_selfscorea`,`basetwograde_selfscoreb`,`basetwograde_selfscorec`,`schoolyear_id`,`basetwolevelindex_id`,`user_id`) VALUES ('1','1','1','2','2','1') [ RunTime:0.0770s ]
SQL: INSERT INTO `basetwograde` (`basetwograde_selfscorea`,`basetwograde_selfscoreb`,`basetwograde_selfscorec`,`schoolyear_id`,`basetwolevelindex_id`,`user_id`) VALUES ('1','1','1','2','2','1') [ RunTime:0.0320s ]
SQL: INSERT INTO `basetwograde` (`basetwograde_selfscorea`,`basetwograde_selfscoreb`,`basetwograde_selfscorec`,`schoolyear_id`,`basetwolevelindex_id`,`user_id`) VALUES ('1','1','1','2','3','1') [ RunTime:0.0220s ]
SQL: INSERT INTO `basetwograde` (`basetwograde_selfscorea`,`basetwograde_selfscoreb`,`basetwograde_selfscorec`,`schoolyear_id`,`basetwolevelindex_id`,`user_id`) VALUES ('1','1','1','2','4','1') [ RunTime:0.0200s ]
SQL: INSERT INTO `basetwograde` (`basetwograde_selfscorea`,`basetwograde_selfscoreb`,`basetwograde_selfscorec`,`schoolyear_id`,`basetwolevelindex_id`,`user_id`) VALUES ('1','1','1','2','5','1') [ RunTime:0.0210s ]
SQL: INSERT INTO `basetwograde` (`basetwograde_selfscorea`,`basetwograde_selfscoreb`,`basetwograde_selfscorec`,`schoolyear_id`,`basetwolevelindex_id`,`user_id`) VALUES ('1','1','1','2','5','1') [ RunTime:0.0210s ]
NOTIC: [2] call_user_func() expects parameter 1 to be a valid callback, no array or string given E:\wamp\www\evaluation_system\ThinkPHP\Library\Think\Upload.class.php 第 170 行.
NOTIC: [2] call_user_func() expects parameter 1 to be a valid callback, no array or string given E:\wamp\www\evaluation_system\ThinkPHP\Library\Think\Upload.class.php 第 170 行.
NOTIC: [8] Undefined index: savePath E:\wamp\www\evaluation_system\Application\Home\Controller\IndexController.class.php 第 192 行.
NOTIC: [8] Undefined index: savePath E:\wamp\www\evaluation_system\Application\Home\Controller\IndexController.class.php 第 192 行.

[ 2017-03-11T02:36:59+08:00 ] 127.0.0.1 /evaluation_system/index.php/Home/Index/index.html
INFO: [ app_init ] --START--
INFO: Run Behavior\BuildLiteBehavior [ RunTime:0.000000s ]
INFO: [ app_init ] --END-- [ RunTime:0.001000s ]
INFO: [ app_begin ] --START--
INFO: Run Behavior\ReadHtmlCacheBehavior [ RunTime:0.000000s ]
INFO: [ app_begin ] --END-- [ RunTime:0.000000s ]
SQL: SHOW COLUMNS FROM `schoolyear` [ RunTime:0.0050s ]
SQL: SELECT `schoolyear_id` FROM `schoolyear` WHERE `schoolyear_nowyear` = 1 LIMIT 1   [ RunTime:0.0000s ]
SQL: SHOW COLUMNS FROM `basetwograde` [ RunTime:0.0030s ]
SQL: INSERT INTO `basetwograde` (`basetwograde_selfscorea`,`basetwograde_selfscoreb`,`basetwograde_selfscorec`,`schoolyear_id`,`basetwolevelindex_id`,`user_id`) VALUES ('1','1','1','2','1','1') [ RunTime:0.0830s ]
SQL: INSERT INTO `basetwograde` (`basetwograde_selfscorea`,`basetwograde_selfscoreb`,`basetwograde_selfscorec`,`schoolyear_id`,`basetwolevelindex_id`,`user_id`) VALUES ('1','1','1','2','1','1') [ RunTime:0.2110s ]
SQL: INSERT INTO `basetwograde` (`basetwograde_selfscorea`,`basetwograde_selfscoreb`,`basetwograde_selfscorec`,`schoolyear_id`,`basetwolevelindex_id`,`user_id`) VALUES ('1','1','1','2','1','1') [ RunTime:0.1300s ]
SQL: INSERT INTO `basetwograde` (`basetwograde_selfscorea`,`basetwograde_selfscoreb`,`basetwograde_selfscorec`,`schoolyear_id`,`basetwolevelindex_id`,`user_id`) VALUES ('1','1','1','2','2','1') [ RunTime:0.0220s ]
SQL: INSERT INTO `basetwograde` (`basetwograde_selfscorea`,`basetwograde_selfscoreb`,`basetwograde_selfscorec`,`schoolyear_id`,`basetwolevelindex_id`,`user_id`) VALUES ('1','1','1','2','2','1') [ RunTime:0.0310s ]
SQL: INSERT INTO `basetwograde` (`basetwograde_selfscorea`,`basetwograde_selfscoreb`,`basetwograde_selfscorec`,`schoolyear_id`,`basetwolevelindex_id`,`user_id`) VALUES ('1','1','1','2','2','1') [ RunTime:0.0220s ]
SQL: INSERT INTO `basetwograde` (`basetwograde_selfscorea`,`basetwograde_selfscoreb`,`basetwograde_selfscorec`,`schoolyear_id`,`basetwolevelindex_id`,`user_id`) VALUES ('1','1','1','2','3','1') [ RunTime:0.0540s ]
SQL: INSERT INTO `basetwograde` (`basetwograde_selfscorea`,`basetwograde_selfscoreb`,`basetwograde_selfscorec`,`schoolyear_id`,`basetwolevelindex_id`,`user_id`) VALUES ('1','1','1','2','4','1') [ RunTime:0.0210s ]
SQL: INSERT INTO `basetwograde` (`basetwograde_selfscorea`,`basetwograde_selfscoreb`,`basetwograde_selfscorec`,`schoolyear_id`,`basetwolevelindex_id`,`user_id`) VALUES ('1','1','1','2','5','1') [ RunTime:0.0320s ]
SQL: INSERT INTO `basetwograde` (`basetwograde_selfscorea`,`basetwograde_selfscoreb`,`basetwograde_selfscorec`,`schoolyear_id`,`basetwolevelindex_id`,`user_id`) VALUES ('1','1','1','2','5','1') [ RunTime:0.0330s ]
NOTIC: [2] call_user_func() expects parameter 1 to be a valid callback, no array or string given E:\wamp\www\evaluation_system\ThinkPHP\Library\Think\Upload.class.php 第 170 行.
NOTIC: [2] call_user_func() expects parameter 1 to be a valid callback, no array or string given E:\wamp\www\evaluation_system\ThinkPHP\Library\Think\Upload.class.php 第 170 行.
NOTIC: [2] call_user_func() expects parameter 1 to be a valid callback, no array or string given E:\wamp\www\evaluation_system\ThinkPHP\Library\Think\Upload.class.php 第 170 行.
NOTIC: [8] Undefined index: savePath E:\wamp\www\evaluation_system\Application\Home\Controller\IndexController.class.php 第 137 行.
NOTIC: [8] Undefined index: savePath E:\wamp\www\evaluation_system\Application\Home\Controller\IndexController.class.php 第 137 行.
NOTIC: [8] Undefined index: savePath E:\wamp\www\evaluation_system\Application\Home\Controller\IndexController.class.php 第 137 行.
SQL: SHOW COLUMNS FROM `deveonelevelgrade` [ RunTime:0.0060s ]
SQL: INSERT INTO `deveonelevelgrade` (`deveonelevelgrade_selfscore`,`deveonelevelgrade_reason`,`deveonelevelindex_id`,`schoolyear_id`,`user_id`) VALUES ('100','拿了一等奖','1','2','1') [ RunTime:0.0470s ]
INFO: [ app_end ] --START--
INFO: Run Behavior\ShowPageTraceBehavior [ RunTime:0.001000s ]
INFO: [ app_end ] --END-- [ RunTime:0.001000s ]

[ 2017-03-11T02:50:43+08:00 ] 127.0.0.1 /evaluation_system/index.php/Home/Index/index.html
INFO: [ app_init ] --START--
INFO: Run Behavior\BuildLiteBehavior [ RunTime:0.000000s ]
INFO: [ app_init ] --END-- [ RunTime:0.000000s ]
INFO: [ app_begin ] --START--
INFO: Run Behavior\ReadHtmlCacheBehavior [ RunTime:0.001000s ]
INFO: [ app_begin ] --END-- [ RunTime:0.001000s ]
SQL: SHOW COLUMNS FROM `schoolyear` [ RunTime:0.0080s ]
SQL: SELECT `schoolyear_id` FROM `schoolyear` WHERE `schoolyear_nowyear` = 1 LIMIT 1   [ RunTime:0.0000s ]
SQL: SHOW COLUMNS FROM `basetwograde` [ RunTime:0.0060s ]
SQL: INSERT INTO `basetwograde` (`basetwograde_selfscorea`,`basetwograde_selfscoreb`,`basetwograde_selfscorec`,`schoolyear_id`,`basetwolevelindex_id`,`user_id`) VALUES ('1','1','1','2','1','1') [ RunTime:0.0620s ]
SQL: INSERT INTO `basetwograde` (`basetwograde_selfscorea`,`basetwograde_selfscoreb`,`basetwograde_selfscorec`,`schoolyear_id`,`basetwolevelindex_id`,`user_id`) VALUES ('1','1','1','2','1','1') [ RunTime:0.3660s ]
SQL: INSERT INTO `basetwograde` (`basetwograde_selfscorea`,`basetwograde_selfscoreb`,`basetwograde_selfscorec`,`schoolyear_id`,`basetwolevelindex_id`,`user_id`) VALUES ('1','1','1','2','1','1') [ RunTime:0.0430s ]
SQL: INSERT INTO `basetwograde` (`basetwograde_selfscorea`,`basetwograde_selfscoreb`,`basetwograde_selfscorec`,`schoolyear_id`,`basetwolevelindex_id`,`user_id`) VALUES ('1','1','1','2','2','1') [ RunTime:0.0750s ]
SQL: INSERT INTO `basetwograde` (`basetwograde_selfscorea`,`basetwograde_selfscoreb`,`basetwograde_selfscorec`,`schoolyear_id`,`basetwolevelindex_id`,`user_id`) VALUES ('1','1','1','2','2','1') [ RunTime:0.0370s ]
SQL: INSERT INTO `basetwograde` (`basetwograde_selfscorea`,`basetwograde_selfscoreb`,`basetwograde_selfscorec`,`schoolyear_id`,`basetwolevelindex_id`,`user_id`) VALUES ('1','1','1','2','2','1') [ RunTime:0.0380s ]
SQL: INSERT INTO `basetwograde` (`basetwograde_selfscorea`,`basetwograde_selfscoreb`,`basetwograde_selfscorec`,`schoolyear_id`,`basetwolevelindex_id`,`user_id`) VALUES ('1','1','1','2','3','1') [ RunTime:0.0230s ]
SQL: INSERT INTO `basetwograde` (`basetwograde_selfscorea`,`basetwograde_selfscoreb`,`basetwograde_selfscorec`,`schoolyear_id`,`basetwolevelindex_id`,`user_id`) VALUES ('1','1','1','2','4','1') [ RunTime:0.0190s ]
SQL: INSERT INTO `basetwograde` (`basetwograde_selfscorea`,`basetwograde_selfscoreb`,`basetwograde_selfscorec`,`schoolyear_id`,`basetwolevelindex_id`,`user_id`) VALUES ('1','1','1','2','5','1') [ RunTime:0.0330s ]
SQL: INSERT INTO `basetwograde` (`basetwograde_selfscorea`,`basetwograde_selfscoreb`,`basetwograde_selfscorec`,`schoolyear_id`,`basetwolevelindex_id`,`user_id`) VALUES ('1','1','1','2','5','1') [ RunTime:0.0190s ]
NOTIC: [2] call_user_func() expects parameter 1 to be a valid callback, no array or string given E:\wamp\www\evaluation_system\ThinkPHP\Library\Think\Upload.class.php 第 170 行.
NOTIC: [2] call_user_func() expects parameter 1 to be a valid callback, no array or string given E:\wamp\www\evaluation_system\ThinkPHP\Library\Think\Upload.class.php 第 170 行.
NOTIC: [2] call_user_func() expects parameter 1 to be a valid callback, no array or string given E:\wamp\www\evaluation_system\ThinkPHP\Library\Think\Upload.class.php 第 170 行.
NOTIC: [8] Undefined index: savePath E:\wamp\www\evaluation_system\Application\Home\Controller\IndexController.class.php 第 138 行.
NOTIC: [8] Undefined index: savePath E:\wamp\www\evaluation_system\Application\Home\Controller\IndexController.class.php 第 138 行.
NOTIC: [8] Undefined index: savePath E:\wamp\www\evaluation_system\Application\Home\Controller\IndexController.class.php 第 138 行.
SQL: SHOW COLUMNS FROM `deveonelevelgrade` [ RunTime:0.0040s ]
SQL: INSERT INTO `deveonelevelgrade` (`deveonelevelgrade_selfscore`,`deveonelevelgrade_reason`,`deveonelevelindex_id`,`deveonelevelgrade_url`,`schoolyear_id`,`user_id`) VALUES ('100','拿了一等奖','1','58','2','1') [ RunTime:0.0610s ]
INFO: [ app_end ] --START--
INFO: Run Behavior\ShowPageTraceBehavior [ RunTime:0.001000s ]
INFO: [ app_end ] --END-- [ RunTime:0.001000s ]

[ 2017-03-11T02:51:47+08:00 ] 127.0.0.1 /evaluation_system/index.php/Home/Index/index.html
INFO: [ app_init ] --START--
INFO: Run Behavior\BuildLiteBehavior [ RunTime:0.000000s ]
INFO: [ app_init ] --END-- [ RunTime:0.000000s ]
INFO: [ app_begin ] --START--
INFO: Run Behavior\ReadHtmlCacheBehavior [ RunTime:0.001001s ]
INFO: [ app_begin ] --END-- [ RunTime:0.003001s ]
SQL: SHOW COLUMNS FROM `schoolyear` [ RunTime:0.0040s ]
SQL: SELECT `schoolyear_id` FROM `schoolyear` WHERE `schoolyear_nowyear` = 1 LIMIT 1   [ RunTime:0.0010s ]
SQL: SHOW COLUMNS FROM `basetwograde` [ RunTime:0.0050s ]
SQL: INSERT INTO `basetwograde` (`basetwograde_selfscorea`,`basetwograde_selfscoreb`,`basetwograde_selfscorec`,`schoolyear_id`,`basetwolevelindex_id`,`user_id`) VALUES ('1','1','1','2','1','1') [ RunTime:0.0640s ]
SQL: INSERT INTO `basetwograde` (`basetwograde_selfscorea`,`basetwograde_selfscoreb`,`basetwograde_selfscorec`,`schoolyear_id`,`basetwolevelindex_id`,`user_id`) VALUES ('1','1','1','2','1','1') [ RunTime:0.1940s ]
SQL: INSERT INTO `basetwograde` (`basetwograde_selfscorea`,`basetwograde_selfscoreb`,`basetwograde_selfscorec`,`schoolyear_id`,`basetwolevelindex_id`,`user_id`) VALUES ('1','1','1','2','1','1') [ RunTime:0.0350s ]
SQL: INSERT INTO `basetwograde` (`basetwograde_selfscorea`,`basetwograde_selfscoreb`,`basetwograde_selfscorec`,`schoolyear_id`,`basetwolevelindex_id`,`user_id`) VALUES ('1','1','1','2','2','1') [ RunTime:0.0360s ]
SQL: INSERT INTO `basetwograde` (`basetwograde_selfscorea`,`basetwograde_selfscoreb`,`basetwograde_selfscorec`,`schoolyear_id`,`basetwolevelindex_id`,`user_id`) VALUES ('1','1','1','2','2','1') [ RunTime:0.0810s ]
SQL: INSERT INTO `basetwograde` (`basetwograde_selfscorea`,`basetwograde_selfscoreb`,`basetwograde_selfscorec`,`schoolyear_id`,`basetwolevelindex_id`,`user_id`) VALUES ('1','1','1','2','2','1') [ RunTime:0.0330s ]
SQL: INSERT INTO `basetwograde` (`basetwograde_selfscorea`,`basetwograde_selfscoreb`,`basetwograde_selfscorec`,`schoolyear_id`,`basetwolevelindex_id`,`user_id`) VALUES ('1','1','1','2','3','1') [ RunTime:0.2290s ]
SQL: INSERT INTO `basetwograde` (`basetwograde_selfscorea`,`basetwograde_selfscoreb`,`basetwograde_selfscorec`,`schoolyear_id`,`basetwolevelindex_id`,`user_id`) VALUES ('1','1','1','2','4','1') [ RunTime:0.0550s ]
SQL: INSERT INTO `basetwograde` (`basetwograde_selfscorea`,`basetwograde_selfscoreb`,`basetwograde_selfscorec`,`schoolyear_id`,`basetwolevelindex_id`,`user_id`) VALUES ('1','1','1','2','5','1') [ RunTime:0.0180s ]
SQL: INSERT INTO `basetwograde` (`basetwograde_selfscorea`,`basetwograde_selfscoreb`,`basetwograde_selfscorec`,`schoolyear_id`,`basetwolevelindex_id`,`user_id`) VALUES ('1','1','1','2','5','1') [ RunTime:0.0350s ]
NOTIC: [2] call_user_func() expects parameter 1 to be a valid callback, no array or string given E:\wamp\www\evaluation_system\ThinkPHP\Library\Think\Upload.class.php 第 170 行.
NOTIC: [2] call_user_func() expects parameter 1 to be a valid callback, no array or string given E:\wamp\www\evaluation_system\ThinkPHP\Library\Think\Upload.class.php 第 170 行.
NOTIC: [2] call_user_func() expects parameter 1 to be a valid callback, no array or string given E:\wamp\www\evaluation_system\ThinkPHP\Library\Think\Upload.class.php 第 170 行.
NOTIC: [8] Undefined index: savePath E:\wamp\www\evaluation_system\Application\Home\Controller\IndexController.class.php 第 138 行.
NOTIC: [8] Undefined index: savePath E:\wamp\www\evaluation_system\Application\Home\Controller\IndexController.class.php 第 138 行.
NOTIC: [8] Undefined index: savePath E:\wamp\www\evaluation_system\Application\Home\Controller\IndexController.class.php 第 138 行.
SQL: SHOW COLUMNS FROM `deveonelevelgrade` [ RunTime:0.0050s ]
SQL: INSERT INTO `deveonelevelgrade` (`deveonelevelgrade_selfscore`,`deveonelevelgrade_reason`,`deveonelevelindex_id`,`deveonelevelgrade_url`,`schoolyear_id`,`user_id`) VALUES ('100','拿了一等奖','1','58','2','1') [ RunTime:0.0500s ]
INFO: [ app_end ] --START--
INFO: Run Behavior\ShowPageTraceBehavior [ RunTime:0.001000s ]
INFO: [ app_end ] --END-- [ RunTime:0.001000s ]

[ 2017-03-11T02:52:05+08:00 ] 127.0.0.1 /evaluation_system/index.php/Home/Index/index.html
INFO: [ app_init ] --START--
INFO: Run Behavior\BuildLiteBehavior [ RunTime:0.000000s ]
INFO: [ app_init ] --END-- [ RunTime:0.001000s ]
INFO: [ app_begin ] --START--
INFO: Run Behavior\ReadHtmlCacheBehavior [ RunTime:0.001000s ]
INFO: [ app_begin ] --END-- [ RunTime:0.003000s ]
SQL: SHOW COLUMNS FROM `schoolyear` [ RunTime:0.0050s ]
SQL: SELECT `schoolyear_id` FROM `schoolyear` WHERE `schoolyear_nowyear` = 1 LIMIT 1   [ RunTime:0.0000s ]
SQL: SHOW COLUMNS FROM `basetwograde` [ RunTime:0.0050s ]
SQL: INSERT INTO `basetwograde` (`basetwograde_selfscorea`,`basetwograde_selfscoreb`,`basetwograde_selfscorec`,`schoolyear_id`,`basetwolevelindex_id`,`user_id`) VALUES ('1','1','1','2','1','1') [ RunTime:0.0780s ]
SQL: INSERT INTO `basetwograde` (`basetwograde_selfscorea`,`basetwograde_selfscoreb`,`basetwograde_selfscorec`,`schoolyear_id`,`basetwolevelindex_id`,`user_id`) VALUES ('1','1','1','2','1','1') [ RunTime:0.0330s ]
SQL: INSERT INTO `basetwograde` (`basetwograde_selfscorea`,`basetwograde_selfscoreb`,`basetwograde_selfscorec`,`schoolyear_id`,`basetwolevelindex_id`,`user_id`) VALUES ('1','1','1','2','1','1') [ RunTime:0.0200s ]
SQL: INSERT INTO `basetwograde` (`basetwograde_selfscorea`,`basetwograde_selfscoreb`,`basetwograde_selfscorec`,`schoolyear_id`,`basetwolevelindex_id`,`user_id`) VALUES ('1','1','1','2','2','1') [ RunTime:0.0310s ]
SQL: INSERT INTO `basetwograde` (`basetwograde_selfscorea`,`basetwograde_selfscoreb`,`basetwograde_selfscorec`,`schoolyear_id`,`basetwolevelindex_id`,`user_id`) VALUES ('1','1','1','2','2','1') [ RunTime:0.0180s ]
SQL: INSERT INTO `basetwograde` (`basetwograde_selfscorea`,`basetwograde_selfscoreb`,`basetwograde_selfscorec`,`schoolyear_id`,`basetwolevelindex_id`,`user_id`) VALUES ('1','1','1','2','2','1') [ RunTime:0.0380s ]
SQL: INSERT INTO `basetwograde` (`basetwograde_selfscorea`,`basetwograde_selfscoreb`,`basetwograde_selfscorec`,`schoolyear_id`,`basetwolevelindex_id`,`user_id`) VALUES ('1','1','1','2','3','1') [ RunTime:0.0260s ]
SQL: INSERT INTO `basetwograde` (`basetwograde_selfscorea`,`basetwograde_selfscoreb`,`basetwograde_selfscorec`,`schoolyear_id`,`basetwolevelindex_id`,`user_id`) VALUES ('1','1','1','2','4','1') [ RunTime:0.0330s ]
SQL: INSERT INTO `basetwograde` (`basetwograde_selfscorea`,`basetwograde_selfscoreb`,`basetwograde_selfscorec`,`schoolyear_id`,`basetwolevelindex_id`,`user_id`) VALUES ('1','1','1','2','5','1') [ RunTime:0.0190s ]
SQL: INSERT INTO `basetwograde` (`basetwograde_selfscorea`,`basetwograde_selfscoreb`,`basetwograde_selfscorec`,`schoolyear_id`,`basetwolevelindex_id`,`user_id`) VALUES ('1','1','1','2','5','1') [ RunTime:0.0340s ]
NOTIC: [2] call_user_func() expects parameter 1 to be a valid callback, no array or string given E:\wamp\www\evaluation_system\ThinkPHP\Library\Think\Upload.class.php 第 170 行.
NOTIC: [2] call_user_func() expects parameter 1 to be a valid callback, no array or string given E:\wamp\www\evaluation_system\ThinkPHP\Library\Think\Upload.class.php 第 170 行.
NOTIC: [2] call_user_func() expects parameter 1 to be a valid callback, no array or string given E:\wamp\www\evaluation_system\ThinkPHP\Library\Think\Upload.class.php 第 170 行.
NOTIC: [8] Undefined index: savePath E:\wamp\www\evaluation_system\Application\Home\Controller\IndexController.class.php 第 138 行.
NOTIC: [8] Undefined index: savePath E:\wamp\www\evaluation_system\Application\Home\Controller\IndexController.class.php 第 138 行.
NOTIC: [8] Undefined index: savePath E:\wamp\www\evaluation_system\Application\Home\Controller\IndexController.class.php 第 138 行.
SQL: SHOW COLUMNS FROM `deveonelevelgrade` [ RunTime:0.0040s ]
SQL: INSERT INTO `deveonelevelgrade` (`deveonelevelgrade_selfscore`,`deveonelevelgrade_reason`,`deveonelevelindex_id`,`deveonelevelgrade_url`,`schoolyear_id`,`user_id`) VALUES ('100','拿了一等奖','1','58','2','1') [ RunTime:0.1370s ]
INFO: [ app_end ] --START--
INFO: Run Behavior\ShowPageTraceBehavior [ RunTime:0.001000s ]
INFO: [ app_end ] --END-- [ RunTime:0.001000s ]

[ 2017-03-11T02:52:29+08:00 ] 127.0.0.1 /evaluation_system/index.php/Home/Index/index.html
INFO: [ app_init ] --START--
INFO: Run Behavior\BuildLiteBehavior [ RunTime:0.000000s ]
INFO: [ app_init ] --END-- [ RunTime:0.001000s ]
INFO: [ app_begin ] --START--
INFO: Run Behavior\ReadHtmlCacheBehavior [ RunTime:0.001000s ]
INFO: [ app_begin ] --END-- [ RunTime:0.001000s ]
SQL: SHOW COLUMNS FROM `schoolyear` [ RunTime:0.0050s ]
SQL: SELECT `schoolyear_id` FROM `schoolyear` WHERE `schoolyear_nowyear` = 1 LIMIT 1   [ RunTime:0.0010s ]
SQL: SHOW COLUMNS FROM `basetwograde` [ RunTime:0.0060s ]
SQL: INSERT INTO `basetwograde` (`basetwograde_selfscorea`,`basetwograde_selfscoreb`,`basetwograde_selfscorec`,`schoolyear_id`,`basetwolevelindex_id`,`user_id`) VALUES ('1','1','1','2','1','1') [ RunTime:0.0730s ]
SQL: INSERT INTO `basetwograde` (`basetwograde_selfscorea`,`basetwograde_selfscoreb`,`basetwograde_selfscorec`,`schoolyear_id`,`basetwolevelindex_id`,`user_id`) VALUES ('1','1','1','2','1','1') [ RunTime:0.1450s ]
SQL: INSERT INTO `basetwograde` (`basetwograde_selfscorea`,`basetwograde_selfscoreb`,`basetwograde_selfscorec`,`schoolyear_id`,`basetwolevelindex_id`,`user_id`) VALUES ('1','1','1','2','1','1') [ RunTime:0.0410s ]
SQL: INSERT INTO `basetwograde` (`basetwograde_selfscorea`,`basetwograde_selfscoreb`,`basetwograde_selfscorec`,`schoolyear_id`,`basetwolevelindex_id`,`user_id`) VALUES ('1','1','1','2','2','1') [ RunTime:0.0350s ]
SQL: INSERT INTO `basetwograde` (`basetwograde_selfscorea`,`basetwograde_selfscoreb`,`basetwograde_selfscorec`,`schoolyear_id`,`basetwolevelindex_id`,`user_id`) VALUES ('1','1','1','2','2','1') [ RunTime:0.0290s ]
SQL: INSERT INTO `basetwograde` (`basetwograde_selfscorea`,`basetwograde_selfscoreb`,`basetwograde_selfscorec`,`schoolyear_id`,`basetwolevelindex_id`,`user_id`) VALUES ('1','1','1','2','2','1') [ RunTime:0.0670s ]
SQL: INSERT INTO `basetwograde` (`basetwograde_selfscorea`,`basetwograde_selfscoreb`,`basetwograde_selfscorec`,`schoolyear_id`,`basetwolevelindex_id`,`user_id`) VALUES ('1','1','1','2','3','1') [ RunTime:0.0400s ]
SQL: INSERT INTO `basetwograde` (`basetwograde_selfscorea`,`basetwograde_selfscoreb`,`basetwograde_selfscorec`,`schoolyear_id`,`basetwolevelindex_id`,`user_id`) VALUES ('1','1','1','2','4','1') [ RunTime:0.0340s ]
SQL: INSERT INTO `basetwograde` (`basetwograde_selfscorea`,`basetwograde_selfscoreb`,`basetwograde_selfscorec`,`schoolyear_id`,`basetwolevelindex_id`,`user_id`) VALUES ('1','1','1','2','5','1') [ RunTime:0.0300s ]
SQL: INSERT INTO `basetwograde` (`basetwograde_selfscorea`,`basetwograde_selfscoreb`,`basetwograde_selfscorec`,`schoolyear_id`,`basetwolevelindex_id`,`user_id`) VALUES ('1','1','1','2','5','1') [ RunTime:0.0360s ]
NOTIC: [2] call_user_func() expects parameter 1 to be a valid callback, no array or string given E:\wamp\www\evaluation_system\ThinkPHP\Library\Think\Upload.class.php 第 170 行.
NOTIC: [2] call_user_func() expects parameter 1 to be a valid callback, no array or string given E:\wamp\www\evaluation_system\ThinkPHP\Library\Think\Upload.class.php 第 170 行.
NOTIC: [2] call_user_func() expects parameter 1 to be a valid callback, no array or string given E:\wamp\www\evaluation_system\ThinkPHP\Library\Think\Upload.class.php 第 170 行.
NOTIC: [8] Undefined index: savePath E:\wamp\www\evaluation_system\Application\Home\Controller\IndexController.class.php 第 138 行.
NOTIC: [8] Undefined index: savePath E:\wamp\www\evaluation_system\Application\Home\Controller\IndexController.class.php 第 138 行.
NOTIC: [8] Undefined index: savePath E:\wamp\www\evaluation_system\Application\Home\Controller\IndexController.class.php 第 138 行.
SQL: SHOW COLUMNS FROM `deveonelevelgrade` [ RunTime:0.0050s ]
SQL: INSERT INTO `deveonelevelgrade` (`deveonelevelgrade_selfscore`,`deveonelevelgrade_reason`,`deveonelevelindex_id`,`deveonelevelgrade_url`,`schoolyear_id`,`user_id`) VALUES ('100','拿了一等奖','1','','2','1') [ RunTime:0.0540s ]
INFO: [ app_end ] --START--
INFO: Run Behavior\ShowPageTraceBehavior [ RunTime:0.000000s ]
INFO: [ app_end ] --END-- [ RunTime:0.001000s ]

[ 2017-03-11T02:53:20+08:00 ] 127.0.0.1 /evaluation_system/index.php/Home/Index/index.html
INFO: [ app_init ] --START--
INFO: Run Behavior\BuildLiteBehavior [ RunTime:0.000000s ]
INFO: [ app_init ] --END-- [ RunTime:0.001000s ]
INFO: [ app_begin ] --START--
INFO: Run Behavior\ReadHtmlCacheBehavior [ RunTime:0.001000s ]
INFO: [ app_begin ] --END-- [ RunTime:0.001000s ]
SQL: SHOW COLUMNS FROM `schoolyear` [ RunTime:0.0040s ]
SQL: SELECT `schoolyear_id` FROM `schoolyear` WHERE `schoolyear_nowyear` = 1 LIMIT 1   [ RunTime:0.0000s ]
SQL: SHOW COLUMNS FROM `basetwograde` [ RunTime:0.0040s ]
SQL: INSERT INTO `basetwograde` (`basetwograde_selfscorea`,`basetwograde_selfscoreb`,`basetwograde_selfscorec`,`schoolyear_id`,`basetwolevelindex_id`,`user_id`) VALUES ('1','1','1','2','1','1') [ RunTime:0.0700s ]
SQL: INSERT INTO `basetwograde` (`basetwograde_selfscorea`,`basetwograde_selfscoreb`,`basetwograde_selfscorec`,`schoolyear_id`,`basetwolevelindex_id`,`user_id`) VALUES ('1','1','1','2','1','1') [ RunTime:0.0350s ]
SQL: INSERT INTO `basetwograde` (`basetwograde_selfscorea`,`basetwograde_selfscoreb`,`basetwograde_selfscorec`,`schoolyear_id`,`basetwolevelindex_id`,`user_id`) VALUES ('1','1','1','2','1','1') [ RunTime:0.0270s ]
SQL: INSERT INTO `basetwograde` (`basetwograde_selfscorea`,`basetwograde_selfscoreb`,`basetwograde_selfscorec`,`schoolyear_id`,`basetwolevelindex_id`,`user_id`) VALUES ('1','1','1','2','2','1') [ RunTime:0.0540s ]
SQL: INSERT INTO `basetwograde` (`basetwograde_selfscorea`,`basetwograde_selfscoreb`,`basetwograde_selfscorec`,`schoolyear_id`,`basetwolevelindex_id`,`user_id`) VALUES ('1','1','1','2','2','1') [ RunTime:0.0320s ]
SQL: INSERT INTO `basetwograde` (`basetwograde_selfscorea`,`basetwograde_selfscoreb`,`basetwograde_selfscorec`,`schoolyear_id`,`basetwolevelindex_id`,`user_id`) VALUES ('1','1','1','2','2','1') [ RunTime:0.0360s ]
SQL: INSERT INTO `basetwograde` (`basetwograde_selfscorea`,`basetwograde_selfscoreb`,`basetwograde_selfscorec`,`schoolyear_id`,`basetwolevelindex_id`,`user_id`) VALUES ('1','1','1','2','3','1') [ RunTime:0.0180s ]
SQL: INSERT INTO `basetwograde` (`basetwograde_selfscorea`,`basetwograde_selfscoreb`,`basetwograde_selfscorec`,`schoolyear_id`,`basetwolevelindex_id`,`user_id`) VALUES ('1','1','1','2','4','1') [ RunTime:0.1570s ]
SQL: INSERT INTO `basetwograde` (`basetwograde_selfscorea`,`basetwograde_selfscoreb`,`basetwograde_selfscorec`,`schoolyear_id`,`basetwolevelindex_id`,`user_id`) VALUES ('1','1','1','2','5','1') [ RunTime:0.0390s ]
SQL: INSERT INTO `basetwograde` (`basetwograde_selfscorea`,`basetwograde_selfscoreb`,`basetwograde_selfscorec`,`schoolyear_id`,`basetwolevelindex_id`,`user_id`) VALUES ('1','1','1','2','5','1') [ RunTime:0.0360s ]
NOTIC: [2] call_user_func() expects parameter 1 to be a valid callback, no array or string given E:\wamp\www\evaluation_system\ThinkPHP\Library\Think\Upload.class.php 第 170 行.
NOTIC: [2] call_user_func() expects parameter 1 to be a valid callback, no array or string given E:\wamp\www\evaluation_system\ThinkPHP\Library\Think\Upload.class.php 第 170 行.
NOTIC: [2] call_user_func() expects parameter 1 to be a valid callback, no array or string given E:\wamp\www\evaluation_system\ThinkPHP\Library\Think\Upload.class.php 第 170 行.
NOTIC: [8] Undefined index: savePath E:\wamp\www\evaluation_system\Application\Home\Controller\IndexController.class.php 第 138 行.
NOTIC: [8] Undefined index: savePath E:\wamp\www\evaluation_system\Application\Home\Controller\IndexController.class.php 第 138 行.
NOTIC: [8] Undefined index: savePath E:\wamp\www\evaluation_system\Application\Home\Controller\IndexController.class.php 第 138 行.
SQL: SHOW COLUMNS FROM `deveonelevelgrade` [ RunTime:0.0040s ]
SQL: INSERT INTO `deveonelevelgrade` (`deveonelevelgrade_selfscore`,`deveonelevelgrade_reason`,`deveonelevelindex_id`,`deveonelevelgrade_url`,`schoolyear_id`,`user_id`) VALUES ('100','拿了一等奖','1','58','2','1') [ RunTime:0.0340s ]
INFO: [ app_end ] --START--
INFO: Run Behavior\ShowPageTraceBehavior [ RunTime:0.001000s ]
INFO: [ app_end ] --END-- [ RunTime:0.001000s ]

[ 2017-03-11T02:54:22+08:00 ] 127.0.0.1 /evaluation_system/index.php/Home/Index/index.html
INFO: [ app_init ] --START--
INFO: Run Behavior\BuildLiteBehavior [ RunTime:0.000000s ]
INFO: [ app_init ] --END-- [ RunTime:0.001000s ]
INFO: [ app_begin ] --START--
INFO: Run Behavior\ReadHtmlCacheBehavior [ RunTime:0.001000s ]
INFO: [ app_begin ] --END-- [ RunTime:0.001000s ]
SQL: SHOW COLUMNS FROM `schoolyear` [ RunTime:0.0040s ]
SQL: SELECT `schoolyear_id` FROM `schoolyear` WHERE `schoolyear_nowyear` = 1 LIMIT 1   [ RunTime:0.0000s ]
SQL: SHOW COLUMNS FROM `basetwograde` [ RunTime:0.0040s ]
SQL: INSERT INTO `basetwograde` (`basetwograde_selfscorea`,`basetwograde_selfscoreb`,`basetwograde_selfscorec`,`schoolyear_id`,`basetwolevelindex_id`,`user_id`) VALUES ('1','1','1','2','1','1') [ RunTime:0.0850s ]
SQL: INSERT INTO `basetwograde` (`basetwograde_selfscorea`,`basetwograde_selfscoreb`,`basetwograde_selfscorec`,`schoolyear_id`,`basetwolevelindex_id`,`user_id`) VALUES ('1','1','1','2','1','1') [ RunTime:0.0490s ]
SQL: INSERT INTO `basetwograde` (`basetwograde_selfscorea`,`basetwograde_selfscoreb`,`basetwograde_selfscorec`,`schoolyear_id`,`basetwolevelindex_id`,`user_id`) VALUES ('1','1','1','2','1','1') [ RunTime:0.0350s ]
SQL: INSERT INTO `basetwograde` (`basetwograde_selfscorea`,`basetwograde_selfscoreb`,`basetwograde_selfscorec`,`schoolyear_id`,`basetwolevelindex_id`,`user_id`) VALUES ('1','1','1','2','2','1') [ RunTime:0.0410s ]
SQL: INSERT INTO `basetwograde` (`basetwograde_selfscorea`,`basetwograde_selfscoreb`,`basetwograde_selfscorec`,`schoolyear_id`,`basetwolevelindex_id`,`user_id`) VALUES ('1','1','1','2','2','1') [ RunTime:0.0560s ]
SQL: INSERT INTO `basetwograde` (`basetwograde_selfscorea`,`basetwograde_selfscoreb`,`basetwograde_selfscorec`,`schoolyear_id`,`basetwolevelindex_id`,`user_id`) VALUES ('1','1','1','2','2','1') [ RunTime:0.1050s ]
SQL: INSERT INTO `basetwograde` (`basetwograde_selfscorea`,`basetwograde_selfscoreb`,`basetwograde_selfscorec`,`schoolyear_id`,`basetwolevelindex_id`,`user_id`) VALUES ('1','1','1','2','3','1') [ RunTime:0.0360s ]
SQL: INSERT INTO `basetwograde` (`basetwograde_selfscorea`,`basetwograde_selfscoreb`,`basetwograde_selfscorec`,`schoolyear_id`,`basetwolevelindex_id`,`user_id`) VALUES ('1','1','1','2','4','1') [ RunTime:0.0380s ]
SQL: INSERT INTO `basetwograde` (`basetwograde_selfscorea`,`basetwograde_selfscoreb`,`basetwograde_selfscorec`,`schoolyear_id`,`basetwolevelindex_id`,`user_id`) VALUES ('1','1','1','2','5','1') [ RunTime:0.0590s ]
SQL: INSERT INTO `basetwograde` (`basetwograde_selfscorea`,`basetwograde_selfscoreb`,`basetwograde_selfscorec`,`schoolyear_id`,`basetwolevelindex_id`,`user_id`) VALUES ('1','1','1','2','5','1') [ RunTime:0.0380s ]
NOTIC: [2] call_user_func() expects parameter 1 to be a valid callback, no array or string given E:\wamp\www\evaluation_system\ThinkPHP\Library\Think\Upload.class.php 第 170 行.
NOTIC: [2] call_user_func() expects parameter 1 to be a valid callback, no array or string given E:\wamp\www\evaluation_system\ThinkPHP\Library\Think\Upload.class.php 第 170 行.
NOTIC: [2] call_user_func() expects parameter 1 to be a valid callback, no array or string given E:\wamp\www\evaluation_system\ThinkPHP\Library\Think\Upload.class.php 第 170 行.
NOTIC: [8] Undefined index: savePath E:\wamp\www\evaluation_system\Application\Home\Controller\IndexController.class.php 第 137 行.
NOTIC: [8] Undefined variable: file1 E:\wamp\www\evaluation_system\Application\Home\Controller\IndexController.class.php 第 138 行.
NOTIC: [8] Undefined index: savePath E:\wamp\www\evaluation_system\Application\Home\Controller\IndexController.class.php 第 137 行.
NOTIC: [8] Undefined index: savePath E:\wamp\www\evaluation_system\Application\Home\Controller\IndexController.class.php 第 137 行.
SQL: SHOW COLUMNS FROM `deveonelevelgrade` [ RunTime:0.0030s ]
SQL: INSERT INTO `deveonelevelgrade` (`deveonelevelgrade_selfscore`,`deveonelevelgrade_reason`,`deveonelevelindex_id`,`deveonelevelgrade_url`,`schoolyear_id`,`user_id`) VALUES ('100','拿了一等奖','1','174','2','1') [ RunTime:0.1100s ]
INFO: [ app_end ] --START--
INFO: Run Behavior\ShowPageTraceBehavior [ RunTime:0.001000s ]
INFO: [ app_end ] --END-- [ RunTime:0.001000s ]

[ 2017-03-11T02:57:39+08:00 ] 127.0.0.1 /evaluation_system/index.php/Home/Index/index.html
INFO: [ app_init ] --START--
INFO: Run Behavior\BuildLiteBehavior [ RunTime:0.000000s ]
INFO: [ app_init ] --END-- [ RunTime:0.001000s ]
INFO: [ app_begin ] --START--
INFO: Run Behavior\ReadHtmlCacheBehavior [ RunTime:0.000000s ]
INFO: [ app_begin ] --END-- [ RunTime:0.001000s ]
SQL: SHOW COLUMNS FROM `schoolyear` [ RunTime:0.0040s ]
SQL: SELECT `schoolyear_id` FROM `schoolyear` WHERE `schoolyear_nowyear` = 1 LIMIT 1   [ RunTime:0.0000s ]
SQL: SHOW COLUMNS FROM `basetwograde` [ RunTime:0.0030s ]
SQL: INSERT INTO `basetwograde` (`basetwograde_selfscorea`,`basetwograde_selfscoreb`,`basetwograde_selfscorec`,`schoolyear_id`,`basetwolevelindex_id`,`user_id`) VALUES ('1','1','1','2','1','1') [ RunTime:0.0890s ]
SQL: INSERT INTO `basetwograde` (`basetwograde_selfscorea`,`basetwograde_selfscoreb`,`basetwograde_selfscorec`,`schoolyear_id`,`basetwolevelindex_id`,`user_id`) VALUES ('1','1','1','2','1','1') [ RunTime:0.0360s ]
SQL: INSERT INTO `basetwograde` (`basetwograde_selfscorea`,`basetwograde_selfscoreb`,`basetwograde_selfscorec`,`schoolyear_id`,`basetwolevelindex_id`,`user_id`) VALUES ('1','1','1','2','1','1') [ RunTime:0.0480s ]
SQL: INSERT INTO `basetwograde` (`basetwograde_selfscorea`,`basetwograde_selfscoreb`,`basetwograde_selfscorec`,`schoolyear_id`,`basetwolevelindex_id`,`user_id`) VALUES ('1','1','1','2','2','1') [ RunTime:0.0370s ]
SQL: INSERT INTO `basetwograde` (`basetwograde_selfscorea`,`basetwograde_selfscoreb`,`basetwograde_selfscorec`,`schoolyear_id`,`basetwolevelindex_id`,`user_id`) VALUES ('1','1','1','2','2','1') [ RunTime:0.1140s ]
SQL: INSERT INTO `basetwograde` (`basetwograde_selfscorea`,`basetwograde_selfscoreb`,`basetwograde_selfscorec`,`schoolyear_id`,`basetwolevelindex_id`,`user_id`) VALUES ('1','1','1','2','2','1') [ RunTime:0.0470s ]
SQL: INSERT INTO `basetwograde` (`basetwograde_selfscorea`,`basetwograde_selfscoreb`,`basetwograde_selfscorec`,`schoolyear_id`,`basetwolevelindex_id`,`user_id`) VALUES ('1','1','1','2','3','1') [ RunTime:0.0380s ]
SQL: INSERT INTO `basetwograde` (`basetwograde_selfscorea`,`basetwograde_selfscoreb`,`basetwograde_selfscorec`,`schoolyear_id`,`basetwolevelindex_id`,`user_id`) VALUES ('1','1','1','2','4','1') [ RunTime:0.0500s ]
SQL: INSERT INTO `basetwograde` (`basetwograde_selfscorea`,`basetwograde_selfscoreb`,`basetwograde_selfscorec`,`schoolyear_id`,`basetwolevelindex_id`,`user_id`) VALUES ('1','1','1','2','5','1') [ RunTime:0.0350s ]
SQL: INSERT INTO `basetwograde` (`basetwograde_selfscorea`,`basetwograde_selfscoreb`,`basetwograde_selfscorec`,`schoolyear_id`,`basetwolevelindex_id`,`user_id`) VALUES ('1','1','1','2','5','1') [ RunTime:0.0380s ]
NOTIC: [2] call_user_func() expects parameter 1 to be a valid callback, no array or string given E:\wamp\www\evaluation_system\ThinkPHP\Library\Think\Upload.class.php 第 170 行.
NOTIC: [2] call_user_func() expects parameter 1 to be a valid callback, no array or string given E:\wamp\www\evaluation_system\ThinkPHP\Library\Think\Upload.class.php 第 170 行.
NOTIC: [2] call_user_func() expects parameter 1 to be a valid callback, no array or string given E:\wamp\www\evaluation_system\ThinkPHP\Library\Think\Upload.class.php 第 170 行.
NOTIC: [8] Undefined index: savePath E:\wamp\www\evaluation_system\Application\Home\Controller\IndexController.class.php 第 138 行.
NOTIC: [8] Undefined index: savePath E:\wamp\www\evaluation_system\Application\Home\Controller\IndexController.class.php 第 138 行.
NOTIC: [8] Undefined index: savePath E:\wamp\www\evaluation_system\Application\Home\Controller\IndexController.class.php 第 138 行.
SQL: SHOW COLUMNS FROM `deveonelevelgrade` [ RunTime:0.0060s ]
SQL: INSERT INTO `deveonelevelgrade` (`deveonelevelgrade_selfscore`,`deveonelevelgrade_reason`,`deveonelevelindex_id`,`deveonelevelgrade_url`,`schoolyear_id`,`user_id`) VALUES ('100','拿了一等奖','1','58c2f72392559.jpg,58c2f723940b2.jpg,58c2f72395052.jpg','2','1') [ RunTime:0.0540s ]
INFO: [ app_end ] --START--
INFO: Run Behavior\ShowPageTraceBehavior [ RunTime:0.001000s ]
INFO: [ app_end ] --END-- [ RunTime:0.001000s ]

[ 2017-03-11T16:10:59+08:00 ] 127.0.0.1 /evaluation_system/index.php/Home/Index/index.html
INFO: [ app_init ] --START--
INFO: Run Behavior\BuildLiteBehavior [ RunTime:0.000000s ]
INFO: [ app_init ] --END-- [ RunTime:0.001000s ]
INFO: [ app_begin ] --START--
INFO: Run Behavior\ReadHtmlCacheBehavior [ RunTime:0.023001s ]
INFO: [ app_begin ] --END-- [ RunTime:0.023001s ]

[ 2017-03-11T16:11:01+08:00 ] 127.0.0.1 /evaluation_system/index.php/home/Login/index.html
INFO: [ app_init ] --START--
INFO: Run Behavior\BuildLiteBehavior [ RunTime:0.000000s ]
INFO: [ app_init ] --END-- [ RunTime:0.001000s ]
INFO: [ app_begin ] --START--
INFO: Run Behavior\ReadHtmlCacheBehavior [ RunTime:0.000000s ]
INFO: [ app_begin ] --END-- [ RunTime:0.001000s ]
INFO: [ view_parse ] --START--
INFO: [ template_filter ] --START--
INFO: Run Behavior\ContentReplaceBehavior [ RunTime:0.000000s ]
INFO: [ template_filter ] --END-- [ RunTime:0.000000s ]
INFO: Run Behavior\ParseTemplateBehavior [ RunTime:0.928053s ]
INFO: [ view_parse ] --END-- [ RunTime:0.928053s ]
INFO: [ view_filter ] --START--
INFO: Run Behavior\WriteHtmlCacheBehavior [ RunTime:0.011000s ]
INFO: [ view_filter ] --END-- [ RunTime:0.011000s ]
INFO: [ app_end ] --START--
INFO: Run Behavior\ShowPageTraceBehavior [ RunTime:0.026002s ]
INFO: [ app_end ] --END-- [ RunTime:0.027002s ]

[ 2017-03-11T16:11:07+08:00 ] 127.0.0.1 /evaluation_system/index.php/Home/Login/index.html
INFO: [ app_init ] --START--
INFO: Run Behavior\BuildLiteBehavior [ RunTime:0.000000s ]
INFO: [ app_init ] --END-- [ RunTime:0.000000s ]
INFO: [ app_begin ] --START--
INFO: Run Behavior\ReadHtmlCacheBehavior [ RunTime:0.001000s ]
INFO: [ app_begin ] --END-- [ RunTime:0.001000s ]
SQL: SHOW COLUMNS FROM `user` [ RunTime:0.1220s ]
SQL: SELECT * FROM `user` WHERE `user_number` = 1 AND `user_password` = '123' LIMIT 1   [ RunTime:0.0190s ]
INFO: [ app_end ] --START--
INFO: Run Behavior\ShowPageTraceBehavior [ RunTime:0.001000s ]
INFO: [ app_end ] --END-- [ RunTime:0.001000s ]

[ 2017-03-11T16:11:24+08:00 ] 127.0.0.1 /evaluation_system/index.php/Home/Login/index.html
INFO: [ app_init ] --START--
INFO: Run Behavior\BuildLiteBehavior [ RunTime:0.000000s ]
INFO: [ app_init ] --END-- [ RunTime:0.001000s ]
INFO: [ app_begin ] --START--
INFO: Run Behavior\ReadHtmlCacheBehavior [ RunTime:0.001001s ]
INFO: [ app_begin ] --END-- [ RunTime:0.001001s ]
SQL: SHOW COLUMNS FROM `user` [ RunTime:0.0030s ]
SQL: SELECT * FROM `user` WHERE `user_number` = 152011002 AND `user_password` = '123' LIMIT 1   [ RunTime:0.0000s ]
INFO: [ app_end ] --START--
INFO: Run Behavior\ShowPageTraceBehavior [ RunTime:0.002000s ]
INFO: [ app_end ] --END-- [ RunTime:0.002000s ]

[ 2017-03-11T16:11:25+08:00 ] 127.0.0.1 /evaluation_system/index.php/home/Index/index
INFO: [ app_init ] --START--
INFO: Run Behavior\BuildLiteBehavior [ RunTime:0.000000s ]
INFO: [ app_init ] --END-- [ RunTime:0.001000s ]
INFO: [ app_begin ] --START--
INFO: Run Behavior\ReadHtmlCacheBehavior [ RunTime:0.000000s ]
INFO: [ app_begin ] --END-- [ RunTime:0.001000s ]
SQL: SHOW COLUMNS FROM `basetwolevelindex` [ RunTime:0.2190s ]
SQL: SELECT COUNT(*) AS tp_count FROM `basetwolevelindex` LIMIT 1   [ RunTime:0.0200s ]
SQL: SELECT * FROM `basetwolevelindex`  [ RunTime:0.0010s ]
SQL: SHOW COLUMNS FROM `deveonelevelindex` [ RunTime:0.1080s ]
SQL: SELECT COUNT(*) AS tp_count FROM `deveonelevelindex` LIMIT 1   [ RunTime:0.0000s ]
SQL: SELECT * FROM `deveonelevelindex`  [ RunTime:0.0000s ]
INFO: [ view_parse ] --START--
INFO: [ template_filter ] --START--
INFO: Run Behavior\ContentReplaceBehavior [ RunTime:0.000000s ]
INFO: [ template_filter ] --END-- [ RunTime:0.000000s ]
INFO: Run Behavior\ParseTemplateBehavior [ RunTime:0.126007s ]
INFO: [ view_parse ] --END-- [ RunTime:0.127007s ]
INFO: [ view_filter ] --START--
INFO: Run Behavior\WriteHtmlCacheBehavior [ RunTime:0.000000s ]
INFO: [ view_filter ] --END-- [ RunTime:0.000000s ]
INFO: [ app_end ] --START--
INFO: Run Behavior\ShowPageTraceBehavior [ RunTime:0.000000s ]
INFO: [ app_end ] --END-- [ RunTime:0.000000s ]

[ 2017-03-11T20:57:08+08:00 ] 127.0.0.1 /evaluation_system/index.php
INFO: [ app_init ] --START--
INFO: Run Behavior\BuildLiteBehavior [ RunTime:0.000000s ]
INFO: [ app_init ] --END-- [ RunTime:0.001000s ]
INFO: [ app_begin ] --START--
INFO: Run Behavior\ReadHtmlCacheBehavior [ RunTime:0.001000s ]
INFO: [ app_begin ] --END-- [ RunTime:0.001000s ]

[ 2017-03-11T20:57:21+08:00 ] 127.0.0.1 /evaluation_system/index.php/Home/
INFO: [ app_init ] --START--
INFO: Run Behavior\BuildLiteBehavior [ RunTime:0.000000s ]
INFO: [ app_init ] --END-- [ RunTime:0.000000s ]
INFO: [ app_begin ] --START--
INFO: Run Behavior\ReadHtmlCacheBehavior [ RunTime:0.001000s ]
INFO: [ app_begin ] --END-- [ RunTime:0.001000s ]

[ 2017-03-11T20:57:27+08:00 ] 127.0.0.1 /evaluation_system/index.php/Home/Index/index.html
INFO: [ app_init ] --START--
INFO: Run Behavior\BuildLiteBehavior [ RunTime:0.000000s ]
INFO: [ app_init ] --END-- [ RunTime:0.000000s ]
INFO: [ app_begin ] --START--
INFO: Run Behavior\ReadHtmlCacheBehavior [ RunTime:0.001000s ]
INFO: [ app_begin ] --END-- [ RunTime:0.002000s ]

[ 2017-03-11T20:58:12+08:00 ] 127.0.0.1 /evaluation_system/index.php/Home/Index/index.html
INFO: [ app_init ] --START--
INFO: Run Behavior\BuildLiteBehavior [ RunTime:0.000000s ]
INFO: [ app_init ] --END-- [ RunTime:0.001000s ]
INFO: [ app_begin ] --START--
INFO: Run Behavior\ReadHtmlCacheBehavior [ RunTime:0.001000s ]
INFO: [ app_begin ] --END-- [ RunTime:0.001000s ]

[ 2017-03-11T20:58:12+08:00 ] 127.0.0.1 /evaluation_system/index.php/home/Login/index.html
INFO: [ app_init ] --START--
INFO: Run Behavior\BuildLiteBehavior [ RunTime:0.000000s ]
INFO: [ app_init ] --END-- [ RunTime:0.001000s ]
INFO: [ app_begin ] --START--
INFO: Run Behavior\ReadHtmlCacheBehavior [ RunTime:0.001000s ]
INFO: [ app_begin ] --END-- [ RunTime:0.001000s ]
INFO: [ view_parse ] --START--
INFO: [ template_filter ] --START--
INFO: Run Behavior\ContentReplaceBehavior [ RunTime:0.000000s ]
INFO: [ template_filter ] --END-- [ RunTime:0.000000s ]
INFO: Run Behavior\ParseTemplateBehavior [ RunTime:0.009001s ]
INFO: [ view_parse ] --END-- [ RunTime:0.009001s ]
INFO: [ view_filter ] --START--
INFO: Run Behavior\WriteHtmlCacheBehavior [ RunTime:0.000000s ]
INFO: [ view_filter ] --END-- [ RunTime:0.001000s ]
INFO: [ app_end ] --START--
INFO: Run Behavior\ShowPageTraceBehavior [ RunTime:0.001000s ]
INFO: [ app_end ] --END-- [ RunTime:0.001000s ]

[ 2017-03-11T20:58:17+08:00 ] 127.0.0.1 /evaluation_system/index.php/Home/Login/index.html
INFO: [ app_init ] --START--
INFO: Run Behavior\BuildLiteBehavior [ RunTime:0.001001s ]
INFO: [ app_init ] --END-- [ RunTime:0.001001s ]
INFO: [ app_begin ] --START--
INFO: Run Behavior\ReadHtmlCacheBehavior [ RunTime:0.001000s ]
INFO: [ app_begin ] --END-- [ RunTime:0.001000s ]
SQL: SHOW COLUMNS FROM `user` [ RunTime:0.0070s ]
SQL: SELECT * FROM `user` WHERE `user_number` = 152011002 AND `user_password` = '123' LIMIT 1   [ RunTime:0.0010s ]
INFO: [ app_end ] --START--
INFO: Run Behavior\ShowPageTraceBehavior [ RunTime:0.001000s ]
INFO: [ app_end ] --END-- [ RunTime:0.001000s ]

[ 2017-03-11T20:58:18+08:00 ] 127.0.0.1 /evaluation_system/index.php/home/Index/index
INFO: [ app_init ] --START--
INFO: Run Behavior\BuildLiteBehavior [ RunTime:0.000000s ]
INFO: [ app_init ] --END-- [ RunTime:0.001000s ]
INFO: [ app_begin ] --START--
INFO: Run Behavior\ReadHtmlCacheBehavior [ RunTime:0.001000s ]
INFO: [ app_begin ] --END-- [ RunTime:0.001000s ]
SQL: SHOW COLUMNS FROM `basetwolevelindex` [ RunTime:0.0060s ]
SQL: SELECT COUNT(*) AS tp_count FROM `basetwolevelindex` LIMIT 1   [ RunTime:0.0180s ]
SQL: SELECT * FROM `basetwolevelindex`  [ RunTime:0.0000s ]
SQL: SHOW COLUMNS FROM `deveonelevelindex` [ RunTime:0.0030s ]
SQL: SELECT COUNT(*) AS tp_count FROM `deveonelevelindex` LIMIT 1   [ RunTime:0.0000s ]
SQL: SELECT * FROM `deveonelevelindex`  [ RunTime:0.0000s ]
INFO: [ view_parse ] --START--
INFO: [ template_filter ] --START--
INFO: Run Behavior\ContentReplaceBehavior [ RunTime:0.000000s ]
INFO: [ template_filter ] --END-- [ RunTime:0.001001s ]
INFO: Run Behavior\ParseTemplateBehavior [ RunTime:0.018001s ]
INFO: [ view_parse ] --END-- [ RunTime:0.019001s ]
INFO: [ view_filter ] --START--
INFO: Run Behavior\WriteHtmlCacheBehavior [ RunTime:0.001000s ]
INFO: [ view_filter ] --END-- [ RunTime:0.001000s ]
INFO: [ app_end ] --START--
INFO: Run Behavior\ShowPageTraceBehavior [ RunTime:0.002000s ]
INFO: [ app_end ] --END-- [ RunTime:0.002000s ]

[ 2017-03-11T20:59:12+08:00 ] 127.0.0.1 /evaluation_system/index.php/home/Index/index
INFO: [ app_init ] --START--
INFO: Run Behavior\BuildLiteBehavior [ RunTime:0.000000s ]
INFO: [ app_init ] --END-- [ RunTime:0.001000s ]
INFO: [ app_begin ] --START--
INFO: Run Behavior\ReadHtmlCacheBehavior [ RunTime:0.001000s ]
INFO: [ app_begin ] --END-- [ RunTime:0.001000s ]
SQL: SHOW COLUMNS FROM `basetwolevelindex` [ RunTime:0.0040s ]
SQL: SELECT COUNT(*) AS tp_count FROM `basetwolevelindex` LIMIT 1   [ RunTime:0.0010s ]
SQL: SELECT * FROM `basetwolevelindex`  [ RunTime:0.0020s ]
SQL: SHOW COLUMNS FROM `deveonelevelindex` [ RunTime:0.0040s ]
SQL: SELECT COUNT(*) AS tp_count FROM `deveonelevelindex` LIMIT 1   [ RunTime:0.0000s ]
SQL: SELECT * FROM `deveonelevelindex`  [ RunTime:0.0000s ]
INFO: [ view_parse ] --START--
INFO: [ template_filter ] --START--
INFO: Run Behavior\ContentReplaceBehavior [ RunTime:0.001000s ]
INFO: [ template_filter ] --END-- [ RunTime:0.001000s ]
INFO: Run Behavior\ParseTemplateBehavior [ RunTime:0.014001s ]
INFO: [ view_parse ] --END-- [ RunTime:0.014001s ]
INFO: [ view_filter ] --START--
INFO: Run Behavior\WriteHtmlCacheBehavior [ RunTime:0.001000s ]
INFO: [ view_filter ] --END-- [ RunTime:0.001000s ]
INFO: [ app_end ] --START--
INFO: Run Behavior\ShowPageTraceBehavior [ RunTime:0.000000s ]
INFO: [ app_end ] --END-- [ RunTime:0.001000s ]

[ 2017-03-11T20:59:38+08:00 ] 127.0.0.1 /evaluation_system/index.php/home/Index/index
INFO: [ app_init ] --START--
INFO: Run Behavior\BuildLiteBehavior [ RunTime:0.000000s ]
INFO: [ app_init ] --END-- [ RunTime:0.001000s ]
INFO: [ app_begin ] --START--
INFO: Run Behavior\ReadHtmlCacheBehavior [ RunTime:0.001000s ]
INFO: [ app_begin ] --END-- [ RunTime:0.001000s ]
SQL: SHOW COLUMNS FROM `basetwolevelindex` [ RunTime:0.0070s ]
SQL: SELECT COUNT(*) AS tp_count FROM `basetwolevelindex` LIMIT 1   [ RunTime:0.0000s ]
SQL: SELECT * FROM `basetwolevelindex`  [ RunTime:0.0010s ]
SQL: SHOW COLUMNS FROM `deveonelevelindex` [ RunTime:0.0040s ]
SQL: SELECT COUNT(*) AS tp_count FROM `deveonelevelindex` LIMIT 1   [ RunTime:0.0000s ]
SQL: SELECT * FROM `deveonelevelindex`  [ RunTime:0.0010s ]
INFO: [ view_parse ] --START--
INFO: [ template_filter ] --START--
INFO: Run Behavior\ContentReplaceBehavior [ RunTime:0.000000s ]
INFO: [ template_filter ] --END-- [ RunTime:0.001000s ]
INFO: Run Behavior\ParseTemplateBehavior [ RunTime:0.015001s ]
INFO: [ view_parse ] --END-- [ RunTime:0.015001s ]
INFO: [ view_filter ] --START--
INFO: Run Behavior\WriteHtmlCacheBehavior [ RunTime:0.001000s ]
INFO: [ view_filter ] --END-- [ RunTime:0.001000s ]
INFO: [ app_end ] --START--
INFO: Run Behavior\ShowPageTraceBehavior [ RunTime:0.001000s ]
INFO: [ app_end ] --END-- [ RunTime:0.001000s ]

[ 2017-03-11T20:59:58+08:00 ] 127.0.0.1 /evaluation_system/index.php/home/Index/index
INFO: [ app_init ] --START--
INFO: Run Behavior\BuildLiteBehavior [ RunTime:0.000000s ]
INFO: [ app_init ] --END-- [ RunTime:0.001000s ]
INFO: [ app_begin ] --START--
INFO: Run Behavior\ReadHtmlCacheBehavior [ RunTime:0.001000s ]
INFO: [ app_begin ] --END-- [ RunTime:0.001000s ]
SQL: SHOW COLUMNS FROM `basetwolevelindex` [ RunTime:0.0040s ]
SQL: SELECT COUNT(*) AS tp_count FROM `basetwolevelindex` LIMIT 1   [ RunTime:0.0010s ]
SQL: SELECT * FROM `basetwolevelindex`  [ RunTime:0.0010s ]
SQL: SHOW COLUMNS FROM `deveonelevelindex` [ RunTime:0.0040s ]
SQL: SELECT COUNT(*) AS tp_count FROM `deveonelevelindex` LIMIT 1   [ RunTime:0.0010s ]
SQL: SELECT * FROM `deveonelevelindex`  [ RunTime:0.0000s ]
INFO: [ view_parse ] --START--
INFO: [ template_filter ] --START--
INFO: Run Behavior\ContentReplaceBehavior [ RunTime:0.000000s ]
INFO: [ template_filter ] --END-- [ RunTime:0.001000s ]
INFO: Run Behavior\ParseTemplateBehavior [ RunTime:0.022001s ]
INFO: [ view_parse ] --END-- [ RunTime:0.022001s ]
INFO: [ view_filter ] --START--
INFO: Run Behavior\WriteHtmlCacheBehavior [ RunTime:0.000000s ]
INFO: [ view_filter ] --END-- [ RunTime:0.001000s ]
INFO: [ app_end ] --START--
INFO: Run Behavior\ShowPageTraceBehavior [ RunTime:0.001000s ]
INFO: [ app_end ] --END-- [ RunTime:0.002000s ]

[ 2017-03-11T21:00:18+08:00 ] 127.0.0.1 /evaluation_system/index.php/home/Index/index
INFO: [ app_init ] --START--
INFO: Run Behavior\BuildLiteBehavior [ RunTime:0.000000s ]
INFO: [ app_init ] --END-- [ RunTime:0.000000s ]
INFO: [ app_begin ] --START--
INFO: Run Behavior\ReadHtmlCacheBehavior [ RunTime:0.001000s ]
INFO: [ app_begin ] --END-- [ RunTime:0.001000s ]
SQL: SHOW COLUMNS FROM `basetwolevelindex` [ RunTime:0.0030s ]
SQL: SELECT COUNT(*) AS tp_count FROM `basetwolevelindex` LIMIT 1   [ RunTime:0.0000s ]
SQL: SELECT * FROM `basetwolevelindex`  [ RunTime:0.0000s ]
SQL: SHOW COLUMNS FROM `deveonelevelindex` [ RunTime:0.0070s ]
SQL: SELECT COUNT(*) AS tp_count FROM `deveonelevelindex` LIMIT 1   [ RunTime:0.0010s ]
SQL: SELECT * FROM `deveonelevelindex`  [ RunTime:0.0000s ]
INFO: [ view_parse ] --START--
INFO: [ template_filter ] --START--
INFO: Run Behavior\ContentReplaceBehavior [ RunTime:0.000000s ]
INFO: [ template_filter ] --END-- [ RunTime:0.000000s ]
INFO: Run Behavior\ParseTemplateBehavior [ RunTime:0.015000s ]
INFO: [ view_parse ] --END-- [ RunTime:0.015000s ]
INFO: [ view_filter ] --START--
INFO: Run Behavior\WriteHtmlCacheBehavior [ RunTime:0.001000s ]
INFO: [ view_filter ] --END-- [ RunTime:0.001000s ]
INFO: [ app_end ] --START--
INFO: Run Behavior\ShowPageTraceBehavior [ RunTime:0.001000s ]
INFO: [ app_end ] --END-- [ RunTime:0.002001s ]

[ 2017-03-11T21:00:39+08:00 ] 127.0.0.1 /evaluation_system/index.php/home/Index/index
INFO: [ app_init ] --START--
INFO: Run Behavior\BuildLiteBehavior [ RunTime:0.000000s ]
INFO: [ app_init ] --END-- [ RunTime:0.000000s ]
INFO: [ app_begin ] --START--
INFO: Run Behavior\ReadHtmlCacheBehavior [ RunTime:0.002000s ]
INFO: [ app_begin ] --END-- [ RunTime:0.002000s ]
SQL: SHOW COLUMNS FROM `basetwolevelindex` [ RunTime:0.0040s ]
SQL: SELECT COUNT(*) AS tp_count FROM `basetwolevelindex` LIMIT 1   [ RunTime:0.0000s ]
SQL: SELECT * FROM `basetwolevelindex`  [ RunTime:0.0000s ]
SQL: SHOW COLUMNS FROM `deveonelevelindex` [ RunTime:0.0040s ]
SQL: SELECT COUNT(*) AS tp_count FROM `deveonelevelindex` LIMIT 1   [ RunTime:0.0000s ]
SQL: SELECT * FROM `deveonelevelindex`  [ RunTime:0.0000s ]
INFO: [ view_parse ] --START--
INFO: [ template_filter ] --START--
INFO: Run Behavior\ContentReplaceBehavior [ RunTime:0.001000s ]
INFO: [ template_filter ] --END-- [ RunTime:0.001000s ]
INFO: Run Behavior\ParseTemplateBehavior [ RunTime:0.015001s ]
INFO: [ view_parse ] --END-- [ RunTime:0.015001s ]
INFO: [ view_filter ] --START--
INFO: Run Behavior\WriteHtmlCacheBehavior [ RunTime:0.001000s ]
INFO: [ view_filter ] --END-- [ RunTime:0.002000s ]
INFO: [ app_end ] --START--
INFO: Run Behavior\ShowPageTraceBehavior [ RunTime:0.003001s ]
INFO: [ app_end ] --END-- [ RunTime:0.003001s ]

[ 2017-03-11T21:06:01+08:00 ] 127.0.0.1 /evaluation_system/index.php/home/Index/index
INFO: [ app_init ] --START--
INFO: Run Behavior\BuildLiteBehavior [ RunTime:0.001000s ]
INFO: [ app_init ] --END-- [ RunTime:0.002001s ]
INFO: [ app_begin ] --START--
INFO: Run Behavior\ReadHtmlCacheBehavior [ RunTime:0.003000s ]
INFO: [ app_begin ] --END-- [ RunTime:0.003000s ]
SQL: SHOW COLUMNS FROM `basetwolevelindex` [ RunTime:0.0040s ]
SQL: SELECT COUNT(*) AS tp_count FROM `basetwolevelindex` LIMIT 1   [ RunTime:0.0000s ]
SQL: SELECT * FROM `basetwolevelindex`  [ RunTime:0.0000s ]
SQL: SHOW COLUMNS FROM `deveonelevelindex` [ RunTime:0.0050s ]
SQL: SELECT COUNT(*) AS tp_count FROM `deveonelevelindex` LIMIT 1   [ RunTime:0.0010s ]
SQL: SELECT * FROM `deveonelevelindex`  [ RunTime:0.0000s ]
INFO: [ view_parse ] --START--
INFO: [ template_filter ] --START--
INFO: Run Behavior\ContentReplaceBehavior [ RunTime:0.000000s ]
INFO: [ template_filter ] --END-- [ RunTime:0.000000s ]
INFO: Run Behavior\ParseTemplateBehavior [ RunTime:0.020001s ]
INFO: [ view_parse ] --END-- [ RunTime:0.020001s ]
INFO: [ view_filter ] --START--
INFO: Run Behavior\WriteHtmlCacheBehavior [ RunTime:0.000000s ]
INFO: [ view_filter ] --END-- [ RunTime:0.001000s ]
INFO: [ app_end ] --START--
INFO: Run Behavior\ShowPageTraceBehavior [ RunTime:0.005000s ]
INFO: [ app_end ] --END-- [ RunTime:0.005000s ]

[ 2017-03-11T21:06:02+08:00 ] 127.0.0.1 /evaluation_system/index.php/home/Index/index
INFO: [ app_init ] --START--
INFO: Run Behavior\BuildLiteBehavior [ RunTime:0.000000s ]
INFO: [ app_init ] --END-- [ RunTime:0.001000s ]
INFO: [ app_begin ] --START--
INFO: Run Behavior\ReadHtmlCacheBehavior [ RunTime:0.001000s ]
INFO: [ app_begin ] --END-- [ RunTime:0.001000s ]
SQL: SHOW COLUMNS FROM `basetwolevelindex` [ RunTime:0.0030s ]
SQL: SELECT COUNT(*) AS tp_count FROM `basetwolevelindex` LIMIT 1   [ RunTime:0.0010s ]
SQL: SELECT * FROM `basetwolevelindex`  [ RunTime:0.0010s ]
SQL: SHOW COLUMNS FROM `deveonelevelindex` [ RunTime:0.0040s ]
SQL: SELECT COUNT(*) AS tp_count FROM `deveonelevelindex` LIMIT 1   [ RunTime:0.0010s ]
SQL: SELECT * FROM `deveonelevelindex`  [ RunTime:0.0000s ]
INFO: [ view_parse ] --START--
INFO: [ template_filter ] --START--
INFO: Run Behavior\ContentReplaceBehavior [ RunTime:0.001000s ]
INFO: [ template_filter ] --END-- [ RunTime:0.001000s ]
INFO: Run Behavior\ParseTemplateBehavior [ RunTime:0.017001s ]
INFO: [ view_parse ] --END-- [ RunTime:0.018001s ]
INFO: [ view_filter ] --START--
INFO: Run Behavior\WriteHtmlCacheBehavior [ RunTime:0.001001s ]
INFO: [ view_filter ] --END-- [ RunTime:0.001001s ]
INFO: [ app_end ] --START--
INFO: Run Behavior\ShowPageTraceBehavior [ RunTime:0.002000s ]
INFO: [ app_end ] --END-- [ RunTime:0.002000s ]

[ 2017-03-11T21:19:23+08:00 ] 127.0.0.1 /evaluation_system/index.php/home/Index/index
INFO: [ app_init ] --START--
INFO: Run Behavior\BuildLiteBehavior [ RunTime:0.000000s ]
INFO: [ app_init ] --END-- [ RunTime:0.001000s ]
INFO: [ app_begin ] --START--
INFO: Run Behavior\ReadHtmlCacheBehavior [ RunTime:0.001000s ]
INFO: [ app_begin ] --END-- [ RunTime:0.002001s ]
SQL: SHOW COLUMNS FROM `basetwolevelindex` [ RunTime:0.0050s ]
SQL: SELECT COUNT(*) AS tp_count FROM `basetwolevelindex` LIMIT 1   [ RunTime:0.0000s ]
SQL: SELECT * FROM `basetwolevelindex`  [ RunTime:0.0000s ]
SQL: SHOW COLUMNS FROM `deveonelevelindex` [ RunTime:0.0050s ]
SQL: SELECT COUNT(*) AS tp_count FROM `deveonelevelindex` LIMIT 1   [ RunTime:0.0000s ]
SQL: SELECT * FROM `deveonelevelindex`  [ RunTime:0.0010s ]
INFO: [ view_parse ] --START--
INFO: [ template_filter ] --START--
INFO: Run Behavior\ContentReplaceBehavior [ RunTime:0.001000s ]
INFO: [ template_filter ] --END-- [ RunTime:0.001000s ]
INFO: Run Behavior\ParseTemplateBehavior [ RunTime:0.019001s ]
INFO: [ view_parse ] --END-- [ RunTime:0.021001s ]
INFO: [ view_filter ] --START--
INFO: Run Behavior\WriteHtmlCacheBehavior [ RunTime:0.000000s ]
INFO: [ view_filter ] --END-- [ RunTime:0.001000s ]
INFO: [ app_end ] --START--
INFO: Run Behavior\ShowPageTraceBehavior [ RunTime:0.001000s ]
INFO: [ app_end ] --END-- [ RunTime:0.002000s ]

