[ 2017-04-12T17:42:03+08:00 ] 127.0.0.1 /evaluation_system/index.php/Home/Index/index.html
INFO: [ app_init ] --START--
INFO: Run Behavior\BuildLiteBehavior [ RunTime:0.000000s ]
INFO: [ app_init ] --END-- [ RunTime:0.001000s ]
INFO: [ app_begin ] --START--
INFO: Run Behavior\ReadHtmlCacheBehavior [ RunTime:0.024001s ]
INFO: [ app_begin ] --END-- [ RunTime:0.024001s ]

[ 2017-04-12T17:42:04+08:00 ] 127.0.0.1 /evaluation_system/index.php/home/Login/index.html
INFO: [ app_init ] --START--
INFO: Run Behavior\BuildLiteBehavior [ RunTime:0.000000s ]
INFO: [ app_init ] --END-- [ RunTime:0.001000s ]
INFO: [ app_begin ] --START--
INFO: Run Behavior\ReadHtmlCacheBehavior [ RunTime:0.001000s ]
INFO: [ app_begin ] --END-- [ RunTime:0.001000s ]
INFO: [ view_parse ] --START--
INFO: [ template_filter ] --START--
INFO: Run Behavior\ContentReplaceBehavior [ RunTime:0.001000s ]
INFO: [ template_filter ] --END-- [ RunTime:0.001000s ]
INFO: Run Behavior\ParseTemplateBehavior [ RunTime:0.230013s ]
INFO: [ view_parse ] --END-- [ RunTime:0.230013s ]
INFO: [ view_filter ] --START--
INFO: Run Behavior\WriteHtmlCacheBehavior [ RunTime:0.013001s ]
INFO: [ view_filter ] --END-- [ RunTime:0.013001s ]
INFO: [ app_end ] --START--
INFO: Run Behavior\ShowPageTraceBehavior [ RunTime:0.027001s ]
INFO: [ app_end ] --END-- [ RunTime:0.027001s ]

[ 2017-04-12T17:42:10+08:00 ] 127.0.0.1 /evaluation_system/index.php/Home/Login/index.html
INFO: [ app_init ] --START--
INFO: Run Behavior\BuildLiteBehavior [ RunTime:0.000000s ]
INFO: [ app_init ] --END-- [ RunTime:0.001000s ]
INFO: [ app_begin ] --START--
INFO: Run Behavior\ReadHtmlCacheBehavior [ RunTime:0.001000s ]
INFO: [ app_begin ] --END-- [ RunTime:0.001000s ]
SQL: SHOW COLUMNS FROM `user` [ RunTime:0.0780s ]
SQL: SELECT * FROM `user` WHERE `user_number` = 152011000 AND `user_password` = '123' LIMIT 1   [ RunTime:0.0010s ]
INFO: [ app_end ] --START--
INFO: Run Behavior\ShowPageTraceBehavior [ RunTime:0.001000s ]
INFO: [ app_end ] --END-- [ RunTime:0.001000s ]

[ 2017-04-12T17:42:13+08:00 ] 127.0.0.1 /evaluation_system/index.php/Home/Login/index.html
INFO: [ app_init ] --START--
INFO: Run Behavior\BuildLiteBehavior [ RunTime:0.000000s ]
INFO: [ app_init ] --END-- [ RunTime:0.001000s ]
INFO: [ app_begin ] --START--
INFO: Run Behavior\ReadHtmlCacheBehavior [ RunTime:0.000000s ]
INFO: [ app_begin ] --END-- [ RunTime:0.001000s ]
SQL: SHOW COLUMNS FROM `user` [ RunTime:0.0030s ]
SQL: SELECT * FROM `user` WHERE `user_number` = 152011000 AND `user_password` = '1234' LIMIT 1   [ RunTime:0.0000s ]
INFO: [ app_end ] --START--
INFO: Run Behavior\ShowPageTraceBehavior [ RunTime:0.001000s ]
INFO: [ app_end ] --END-- [ RunTime:0.001000s ]

[ 2017-04-12T17:42:14+08:00 ] 127.0.0.1 /evaluation_system/index.php/home/Index/index
INFO: [ app_init ] --START--
INFO: Run Behavior\BuildLiteBehavior [ RunTime:0.000000s ]
INFO: [ app_init ] --END-- [ RunTime:0.004000s ]
INFO: [ app_begin ] --START--
INFO: Run Behavior\ReadHtmlCacheBehavior [ RunTime:0.001000s ]
INFO: [ app_begin ] --END-- [ RunTime:0.001000s ]
SQL: SHOW COLUMNS FROM `schoolyear` [ RunTime:0.0780s ]
SQL: SELECT `schoolyear_id` FROM `schoolyear` WHERE `schoolyear_nowyear` = 1 LIMIT 1   [ RunTime:0.0010s ]
SQL: SHOW COLUMNS FROM `basetwograde` [ RunTime:0.0870s ]
SQL: SELECT * FROM `basetwograde` WHERE `user_id` = 2 AND `schoolyear_id` = 2 LIMIT 1   [ RunTime:0.0410s ]
SQL: SHOW COLUMNS FROM `basetwolevelindex` [ RunTime:0.0500s ]
SQL: SELECT COUNT(*) AS tp_count FROM `basetwolevelindex` LIMIT 1   [ RunTime:0.0000s ]
SQL: SELECT * FROM `basetwolevelindex`  [ RunTime:0.0000s ]
SQL: SHOW COLUMNS FROM `deveonelevelindex` [ RunTime:0.0260s ]
SQL: SELECT COUNT(*) AS tp_count FROM `deveonelevelindex` LIMIT 1   [ RunTime:0.0000s ]
SQL: SELECT * FROM `deveonelevelindex`  [ RunTime:0.0010s ]
INFO: [ view_parse ] --START--
INFO: [ template_filter ] --START--
INFO: Run Behavior\ContentReplaceBehavior [ RunTime:0.000000s ]
INFO: [ template_filter ] --END-- [ RunTime:0.001000s ]
INFO: Run Behavior\ParseTemplateBehavior [ RunTime:0.164009s ]
INFO: [ view_parse ] --END-- [ RunTime:0.165009s ]
INFO: [ view_filter ] --START--
INFO: Run Behavior\WriteHtmlCacheBehavior [ RunTime:0.000000s ]
INFO: [ view_filter ] --END-- [ RunTime:0.001001s ]
INFO: [ app_end ] --START--
INFO: Run Behavior\ShowPageTraceBehavior [ RunTime:0.001000s ]
INFO: [ app_end ] --END-- [ RunTime:0.001000s ]

[ 2017-04-12T17:43:47+08:00 ] 127.0.0.1 /evaluation_system/index.php/home/Index/index
INFO: [ app_init ] --START--
INFO: Run Behavior\BuildLiteBehavior [ RunTime:0.000000s ]
INFO: [ app_init ] --END-- [ RunTime:0.001000s ]
INFO: [ app_begin ] --START--
INFO: Run Behavior\ReadHtmlCacheBehavior [ RunTime:0.001000s ]
INFO: [ app_begin ] --END-- [ RunTime:0.001000s ]
SQL: SHOW COLUMNS FROM `schoolyear` [ RunTime:0.0030s ]
SQL: SELECT `schoolyear_id` FROM `schoolyear` WHERE `schoolyear_nowyear` = 1 LIMIT 1   [ RunTime:0.0000s ]
SQL: SHOW COLUMNS FROM `basetwograde` [ RunTime:0.0030s ]
SQL: SELECT * FROM `basetwograde` WHERE `user_id` = 2 AND `schoolyear_id` = 2 LIMIT 1   [ RunTime:0.0000s ]
SQL: SHOW COLUMNS FROM `basetwolevelindex` [ RunTime:0.0020s ]
SQL: SELECT COUNT(*) AS tp_count FROM `basetwolevelindex` LIMIT 1   [ RunTime:0.0000s ]
SQL: SELECT * FROM `basetwolevelindex`  [ RunTime:0.0010s ]
SQL: SHOW COLUMNS FROM `deveonelevelindex` [ RunTime:0.0030s ]
SQL: SELECT COUNT(*) AS tp_count FROM `deveonelevelindex` LIMIT 1   [ RunTime:0.0000s ]
SQL: SELECT * FROM `deveonelevelindex`  [ RunTime:0.0000s ]
INFO: [ view_parse ] --START--
INFO: [ template_filter ] --START--
INFO: Run Behavior\ContentReplaceBehavior [ RunTime:0.001000s ]
INFO: [ template_filter ] --END-- [ RunTime:0.001000s ]
INFO: Run Behavior\ParseTemplateBehavior [ RunTime:0.017001s ]
INFO: [ view_parse ] --END-- [ RunTime:0.017001s ]
INFO: [ view_filter ] --START--
INFO: Run Behavior\WriteHtmlCacheBehavior [ RunTime:0.001000s ]
INFO: [ view_filter ] --END-- [ RunTime:0.001000s ]
INFO: [ app_end ] --START--
INFO: Run Behavior\ShowPageTraceBehavior [ RunTime:0.001000s ]
INFO: [ app_end ] --END-- [ RunTime:0.001000s ]

[ 2017-04-12T17:44:47+08:00 ] 127.0.0.1 /evaluation_system/index.php/Home/Index/index.html
INFO: [ app_init ] --START--
INFO: Run Behavior\BuildLiteBehavior [ RunTime:0.000000s ]
INFO: [ app_init ] --END-- [ RunTime:0.001000s ]
INFO: [ app_begin ] --START--
INFO: Run Behavior\ReadHtmlCacheBehavior [ RunTime:0.001000s ]
INFO: [ app_begin ] --END-- [ RunTime:0.002000s ]
SQL: SHOW COLUMNS FROM `schoolyear` [ RunTime:0.0020s ]
SQL: SELECT `schoolyear_id` FROM `schoolyear` WHERE `schoolyear_nowyear` = 1 LIMIT 1   [ RunTime:0.0000s ]
SQL: SHOW COLUMNS FROM `basetwograde` [ RunTime:0.0030s ]
SQL: SELECT * FROM `basetwograde` WHERE `user_id` = 2 AND `schoolyear_id` = 2 LIMIT 1   [ RunTime:0.0010s ]
NOTIC: [2] call_user_func() expects parameter 1 to be a valid callback, no array or string given E:\wamp\www\evaluation_system\ThinkPHP\Library\Think\Upload.class.php 第 170 行.
NOTIC: [8] Undefined index: savePath E:\wamp\www\evaluation_system\Application\Home\Controller\IndexController.class.php 第 344 行.
NOTIC: [8] Undefined index: savePath E:\wamp\www\evaluation_system\Application\Home\Controller\IndexController.class.php 第 346 行.
NOTIC: [8] Undefined variable: content2 E:\wamp\www\evaluation_system\Application\Home\Controller\IndexController.class.php 第 371 行.
NOTIC: [2] implode(): Invalid arguments passed E:\wamp\www\evaluation_system\Application\Home\Controller\IndexController.class.php 第 371 行.
NOTIC: [8] Undefined variable: content3 E:\wamp\www\evaluation_system\Application\Home\Controller\IndexController.class.php 第 372 行.
NOTIC: [2] implode(): Invalid arguments passed E:\wamp\www\evaluation_system\Application\Home\Controller\IndexController.class.php 第 372 行.
NOTIC: [8] Undefined variable: content4 E:\wamp\www\evaluation_system\Application\Home\Controller\IndexController.class.php 第 373 行.
NOTIC: [2] implode(): Invalid arguments passed E:\wamp\www\evaluation_system\Application\Home\Controller\IndexController.class.php 第 373 行.
NOTIC: [8] Undefined variable: content5 E:\wamp\www\evaluation_system\Application\Home\Controller\IndexController.class.php 第 374 行.
NOTIC: [2] implode(): Invalid arguments passed E:\wamp\www\evaluation_system\Application\Home\Controller\IndexController.class.php 第 374 行.
SQL: UPDATE `basetwograde` SET `basetwograde_selfscorea`='2',`basetwograde_selfscoreb`='2',`basetwograde_selfscorec`='2' WHERE `schoolyear_id` = 2 AND `basetwolevelindex_id` = 1 AND `baseonelevelindex_id` = 1 AND `user_id` = 2 [ RunTime:0.1070s ]
SQL: UPDATE `basetwograde` SET `basetwograde_selfscorea`='2',`basetwograde_selfscoreb`='2',`basetwograde_selfscorec`='2' WHERE `schoolyear_id` = 2 AND `basetwolevelindex_id` = 1 AND `baseonelevelindex_id` = 2 AND `user_id` = 2 [ RunTime:0.0860s ]
SQL: UPDATE `basetwograde` SET `basetwograde_selfscorea`='2',`basetwograde_selfscoreb`='2',`basetwograde_selfscorec`='2' WHERE `schoolyear_id` = 2 AND `basetwolevelindex_id` = 1 AND `baseonelevelindex_id` = 3 AND `user_id` = 2 [ RunTime:0.1500s ]
SQL: UPDATE `basetwograde` SET `basetwograde_selfscorea`='2',`basetwograde_selfscoreb`='2',`basetwograde_selfscorec`='2' WHERE `schoolyear_id` = 2 AND `basetwolevelindex_id` = 2 AND `baseonelevelindex_id` = 4 AND `user_id` = 2 [ RunTime:0.1470s ]
SQL: UPDATE `basetwograde` SET `basetwograde_selfscorea`='2',`basetwograde_selfscoreb`='2',`basetwograde_selfscorec`='2' WHERE `schoolyear_id` = 2 AND `basetwolevelindex_id` = 2 AND `baseonelevelindex_id` = 5 AND `user_id` = 2 [ RunTime:0.1760s ]
SQL: UPDATE `basetwograde` SET `basetwograde_selfscorea`='2',`basetwograde_selfscoreb`='2',`basetwograde_selfscorec`='2' WHERE `schoolyear_id` = 2 AND `basetwolevelindex_id` = 2 AND `baseonelevelindex_id` = 6 AND `user_id` = 2 [ RunTime:0.4180s ]
SQL: UPDATE `basetwograde` SET `basetwograde_selfscorea`='2',`basetwograde_selfscoreb`='2',`basetwograde_selfscorec`='2' WHERE `schoolyear_id` = 2 AND `basetwolevelindex_id` = 3 AND `baseonelevelindex_id` = 7 AND `user_id` = 2 [ RunTime:0.0290s ]
SQL: UPDATE `basetwograde` SET `basetwograde_selfscorea`='2',`basetwograde_selfscoreb`='2',`basetwograde_selfscorec`='2' WHERE `schoolyear_id` = 2 AND `basetwolevelindex_id` = 4 AND `baseonelevelindex_id` = 8 AND `user_id` = 2 [ RunTime:0.0540s ]
SQL: UPDATE `basetwograde` SET `basetwograde_selfscorea`='2',`basetwograde_selfscoreb`='2',`basetwograde_selfscorec`='2' WHERE `schoolyear_id` = 2 AND `basetwolevelindex_id` = 5 AND `baseonelevelindex_id` = 9 AND `user_id` = 2 [ RunTime:0.0310s ]
SQL: UPDATE `basetwograde` SET `basetwograde_selfscorea`='2',`basetwograde_selfscoreb`='2',`basetwograde_selfscorec`='2' WHERE `schoolyear_id` = 2 AND `basetwolevelindex_id` = 5 AND `baseonelevelindex_id` = 10 AND `user_id` = 2 [ RunTime:0.0280s ]
SQL: SHOW COLUMNS FROM `deveonelevelgrade` [ RunTime:0.0390s ]
SQL: SELECT `deveonelevelgrade_id` FROM `deveonelevelgrade` WHERE `deveonelevelindex_id` = 1 AND `schoolyear_id` = 2 AND `user_id` = 2 LIMIT 1   [ RunTime:0.0010s ]
SQL: UPDATE `deveonelevelgrade` SET `deveonelevelgrade_selfscore`='2',`deveonelevelgrade_reason`='q31',`deveonelevelgrade_url`='58edf70dc9a68.png,' WHERE `deveonelevelgrade_id` = 18 [ RunTime:0.0480s ]
INFO: [ view_parse ] --START--
INFO: [ template_filter ] --START--
INFO: Run Behavior\ContentReplaceBehavior [ RunTime:0.000000s ]
INFO: [ template_filter ] --END-- [ RunTime:0.000000s ]
INFO: Run Behavior\ParseTemplateBehavior [ RunTime:0.034002s ]
INFO: [ view_parse ] --END-- [ RunTime:0.034002s ]
INFO: [ view_filter ] --START--
INFO: Run Behavior\WriteHtmlCacheBehavior [ RunTime:0.001000s ]
INFO: [ view_filter ] --END-- [ RunTime:0.001000s ]
INFO: [ app_end ] --START--
INFO: Run Behavior\ShowPageTraceBehavior [ RunTime:0.001000s ]
INFO: [ app_end ] --END-- [ RunTime:0.001000s ]

[ 2017-04-12T17:44:48+08:00 ] 127.0.0.1 /evaluation_system/index.php/home/Index/index
INFO: [ app_init ] --START--
INFO: Run Behavior\BuildLiteBehavior [ RunTime:0.000000s ]
INFO: [ app_init ] --END-- [ RunTime:0.001000s ]
INFO: [ app_begin ] --START--
INFO: Run Behavior\ReadHtmlCacheBehavior [ RunTime:0.001000s ]
INFO: [ app_begin ] --END-- [ RunTime:0.001000s ]
SQL: SHOW COLUMNS FROM `schoolyear` [ RunTime:0.0030s ]
SQL: SELECT `schoolyear_id` FROM `schoolyear` WHERE `schoolyear_nowyear` = 1 LIMIT 1   [ RunTime:0.0000s ]
SQL: SHOW COLUMNS FROM `basetwograde` [ RunTime:0.0030s ]
SQL: SELECT * FROM `basetwograde` WHERE `user_id` = 2 AND `schoolyear_id` = 2 LIMIT 1   [ RunTime:0.0010s ]
SQL: SHOW COLUMNS FROM `basetwolevelindex` [ RunTime:0.0030s ]
SQL: SELECT COUNT(*) AS tp_count FROM `basetwolevelindex` LIMIT 1   [ RunTime:0.0010s ]
SQL: SELECT * FROM `basetwolevelindex`  [ RunTime:0.0000s ]
SQL: SHOW COLUMNS FROM `deveonelevelindex` [ RunTime:0.0030s ]
SQL: SELECT COUNT(*) AS tp_count FROM `deveonelevelindex` LIMIT 1   [ RunTime:0.0010s ]
SQL: SELECT * FROM `deveonelevelindex`  [ RunTime:0.0000s ]
INFO: [ view_parse ] --START--
INFO: [ template_filter ] --START--
INFO: Run Behavior\ContentReplaceBehavior [ RunTime:0.000000s ]
INFO: [ template_filter ] --END-- [ RunTime:0.000000s ]
INFO: Run Behavior\ParseTemplateBehavior [ RunTime:0.016001s ]
INFO: [ view_parse ] --END-- [ RunTime:0.016001s ]
INFO: [ view_filter ] --START--
INFO: Run Behavior\WriteHtmlCacheBehavior [ RunTime:0.001000s ]
INFO: [ view_filter ] --END-- [ RunTime:0.001000s ]
INFO: [ app_end ] --START--
INFO: Run Behavior\ShowPageTraceBehavior [ RunTime:0.001000s ]
INFO: [ app_end ] --END-- [ RunTime:0.001000s ]

[ 2017-04-12T17:45:01+08:00 ] 127.0.0.1 /evaluation_system/index.php/home/Index/index
INFO: [ app_init ] --START--
INFO: Run Behavior\BuildLiteBehavior [ RunTime:0.000000s ]
INFO: [ app_init ] --END-- [ RunTime:0.000000s ]
INFO: [ app_begin ] --START--
INFO: Run Behavior\ReadHtmlCacheBehavior [ RunTime:0.001000s ]
INFO: [ app_begin ] --END-- [ RunTime:0.001000s ]
SQL: SHOW COLUMNS FROM `schoolyear` [ RunTime:0.0030s ]
SQL: SELECT `schoolyear_id` FROM `schoolyear` WHERE `schoolyear_nowyear` = 1 LIMIT 1   [ RunTime:0.0000s ]
SQL: SHOW COLUMNS FROM `basetwograde` [ RunTime:0.0060s ]
SQL: SELECT * FROM `basetwograde` WHERE `user_id` = 2 AND `schoolyear_id` = 2 LIMIT 1   [ RunTime:0.0000s ]
SQL: SHOW COLUMNS FROM `basetwolevelindex` [ RunTime:0.0030s ]
SQL: SELECT COUNT(*) AS tp_count FROM `basetwolevelindex` LIMIT 1   [ RunTime:0.0010s ]
SQL: SELECT * FROM `basetwolevelindex`  [ RunTime:0.0010s ]
SQL: SHOW COLUMNS FROM `deveonelevelindex` [ RunTime:0.0040s ]
SQL: SELECT COUNT(*) AS tp_count FROM `deveonelevelindex` LIMIT 1   [ RunTime:0.0010s ]
SQL: SELECT * FROM `deveonelevelindex`  [ RunTime:0.0000s ]
INFO: [ view_parse ] --START--
INFO: [ template_filter ] --START--
INFO: Run Behavior\ContentReplaceBehavior [ RunTime:0.000000s ]
INFO: [ template_filter ] --END-- [ RunTime:0.001001s ]
INFO: Run Behavior\ParseTemplateBehavior [ RunTime:0.021001s ]
INFO: [ view_parse ] --END-- [ RunTime:0.021001s ]
INFO: [ view_filter ] --START--
INFO: Run Behavior\WriteHtmlCacheBehavior [ RunTime:0.000000s ]
INFO: [ view_filter ] --END-- [ RunTime:0.000000s ]
INFO: [ app_end ] --START--
INFO: Run Behavior\ShowPageTraceBehavior [ RunTime:0.001000s ]
INFO: [ app_end ] --END-- [ RunTime:0.001000s ]

