[ 2017-03-29T00:39:22+08:00 ] 127.0.0.1 /evaluation_system/index.php/Home/Login/loginout.html
INFO: [ app_init ] --START--
INFO: Run Behavior\BuildLiteBehavior [ RunTime:0.000000s ]
INFO: [ app_init ] --END-- [ RunTime:0.001000s ]
INFO: [ app_begin ] --START--
INFO: Run Behavior\ReadHtmlCacheBehavior [ RunTime:0.001000s ]
INFO: [ app_begin ] --END-- [ RunTime:0.001000s ]
INFO: [ view_parse ] --START--
INFO: [ template_filter ] --START--
INFO: Run Behavior\ContentReplaceBehavior [ RunTime:0.000000s ]
INFO: [ template_filter ] --END-- [ RunTime:0.000000s ]
INFO: Run Behavior\ParseTemplateBehavior [ RunTime:0.010001s ]
INFO: [ view_parse ] --END-- [ RunTime:0.011001s ]
INFO: [ view_filter ] --START--
INFO: Run Behavior\WriteHtmlCacheBehavior [ RunTime:0.000000s ]
INFO: [ view_filter ] --END-- [ RunTime:0.001000s ]
INFO: [ app_end ] --START--
INFO: Run Behavior\ShowPageTraceBehavior [ RunTime:0.001000s ]
INFO: [ app_end ] --END-- [ RunTime:0.001000s ]

[ 2017-03-29T00:39:23+08:00 ] 127.0.0.1 /evaluation_system/index.php/Home/Index/index.html
INFO: [ app_init ] --START--
INFO: Run Behavior\BuildLiteBehavior [ RunTime:0.000000s ]
INFO: [ app_init ] --END-- [ RunTime:0.001000s ]
INFO: [ app_begin ] --START--
INFO: Run Behavior\ReadHtmlCacheBehavior [ RunTime:0.001000s ]
INFO: [ app_begin ] --END-- [ RunTime:0.001000s ]

[ 2017-03-29T00:39:23+08:00 ] 127.0.0.1 /evaluation_system/index.php/home/Login/index.html
INFO: [ app_init ] --START--
INFO: Run Behavior\BuildLiteBehavior [ RunTime:0.000000s ]
INFO: [ app_init ] --END-- [ RunTime:0.001000s ]
INFO: [ app_begin ] --START--
INFO: Run Behavior\ReadHtmlCacheBehavior [ RunTime:0.002000s ]
INFO: [ app_begin ] --END-- [ RunTime:0.002000s ]
INFO: [ view_parse ] --START--
INFO: [ template_filter ] --START--
INFO: Run Behavior\ContentReplaceBehavior [ RunTime:0.000000s ]
INFO: [ template_filter ] --END-- [ RunTime:0.000000s ]
INFO: Run Behavior\ParseTemplateBehavior [ RunTime:0.012000s ]
INFO: [ view_parse ] --END-- [ RunTime:0.012000s ]
INFO: [ view_filter ] --START--
INFO: Run Behavior\WriteHtmlCacheBehavior [ RunTime:0.000000s ]
INFO: [ view_filter ] --END-- [ RunTime:0.001000s ]
INFO: [ app_end ] --START--
INFO: Run Behavior\ShowPageTraceBehavior [ RunTime:0.001000s ]
INFO: [ app_end ] --END-- [ RunTime:0.001000s ]

[ 2017-03-29T00:39:30+08:00 ] 127.0.0.1 /evaluation_system/index.php/Home/Login/index.html
INFO: [ app_init ] --START--
INFO: Run Behavior\BuildLiteBehavior [ RunTime:0.000000s ]
INFO: [ app_init ] --END-- [ RunTime:0.000000s ]
INFO: [ app_begin ] --START--
INFO: Run Behavior\ReadHtmlCacheBehavior [ RunTime:0.003000s ]
INFO: [ app_begin ] --END-- [ RunTime:0.003000s ]
SQL: SHOW COLUMNS FROM `user` [ RunTime:0.0050s ]
SQL: SELECT * FROM `user` WHERE `user_number` = 162011000 AND `user_password` = '123' LIMIT 1   [ RunTime:0.0010s ]
INFO: [ app_end ] --START--
INFO: Run Behavior\ShowPageTraceBehavior [ RunTime:0.001000s ]
INFO: [ app_end ] --END-- [ RunTime:0.001000s ]

[ 2017-03-29T00:39:30+08:00 ] 127.0.0.1 /evaluation_system/index.php/home/Index/index
INFO: [ app_init ] --START--
INFO: Run Behavior\BuildLiteBehavior [ RunTime:0.000000s ]
INFO: [ app_init ] --END-- [ RunTime:0.001000s ]
INFO: [ app_begin ] --START--
INFO: Run Behavior\ReadHtmlCacheBehavior [ RunTime:0.002000s ]
INFO: [ app_begin ] --END-- [ RunTime:0.002000s ]
SQL: SHOW COLUMNS FROM `schoolyear` [ RunTime:0.0030s ]
SQL: SELECT `schoolyear_id` FROM `schoolyear` WHERE `schoolyear_nowyear` = 1 LIMIT 1   [ RunTime:0.0010s ]
SQL: SHOW COLUMNS FROM `basetwograde` [ RunTime:0.0020s ]
SQL: SELECT * FROM `basetwograde` WHERE `user_id` = 3 AND `schoolyear_id` = 2 LIMIT 1   [ RunTime:0.0020s ]
SQL: SHOW COLUMNS FROM `basetwolevelindex` [ RunTime:0.0040s ]
SQL: SELECT COUNT(*) AS tp_count FROM `basetwolevelindex` LIMIT 1   [ RunTime:0.0000s ]
SQL: SELECT * FROM `basetwolevelindex`  [ RunTime:0.0000s ]
SQL: SHOW COLUMNS FROM `deveonelevelindex` [ RunTime:0.0040s ]
SQL: SELECT COUNT(*) AS tp_count FROM `deveonelevelindex` LIMIT 1   [ RunTime:0.0000s ]
SQL: SELECT * FROM `deveonelevelindex`  [ RunTime:0.0000s ]
INFO: [ view_parse ] --START--
INFO: [ template_filter ] --START--
INFO: Run Behavior\ContentReplaceBehavior [ RunTime:0.000000s ]
INFO: [ template_filter ] --END-- [ RunTime:0.000000s ]
INFO: Run Behavior\ParseTemplateBehavior [ RunTime:0.022001s ]
INFO: [ view_parse ] --END-- [ RunTime:0.023001s ]
INFO: [ view_filter ] --START--
INFO: Run Behavior\WriteHtmlCacheBehavior [ RunTime:0.001000s ]
INFO: [ view_filter ] --END-- [ RunTime:0.001000s ]
INFO: [ app_end ] --START--
INFO: Run Behavior\ShowPageTraceBehavior [ RunTime:0.001000s ]
INFO: [ app_end ] --END-- [ RunTime:0.001000s ]

[ 2017-03-29T00:39:33+08:00 ] 127.0.0.1 /evaluation_system/index.php/Home/Query/query.html
INFO: [ app_init ] --START--
INFO: Run Behavior\BuildLiteBehavior [ RunTime:0.000000s ]
INFO: [ app_init ] --END-- [ RunTime:0.001000s ]
INFO: [ app_begin ] --START--
INFO: Run Behavior\ReadHtmlCacheBehavior [ RunTime:0.001000s ]
INFO: [ app_begin ] --END-- [ RunTime:0.001000s ]
SQL: SHOW COLUMNS FROM `schoolyear` [ RunTime:0.0040s ]
SQL: SELECT * FROM `schoolyear` WHERE `schoolyear_nowyear` = 1 LIMIT 1   [ RunTime:0.0000s ]
SQL: SHOW COLUMNS FROM `basetwograde` [ RunTime:0.0030s ]
SQL: SELECT * FROM `basetwograde` WHERE `user_id` = 3 AND `schoolyear_id` = 2  [ RunTime:0.0000s ]
SQL: SHOW COLUMNS FROM `deveonelevelgrade` [ RunTime:0.0040s ]
SQL: SELECT * FROM `deveonelevelgrade` WHERE `user_id` = 3 AND `schoolyear_id` = 2  [ RunTime:0.0010s ]
SQL: SELECT * FROM `basetwograde` WHERE `user_id` = 3 AND `schoolyear_id` = 2  [ RunTime:0.0000s ]
SQL: SELECT * FROM `deveonelevelgrade` WHERE `user_id` = 3 AND `schoolyear_id` = 2  [ RunTime:0.0010s ]
SQL: SHOW COLUMNS FROM `basetwolevelindex` [ RunTime:0.0030s ]
SQL: SELECT COUNT(*) AS tp_count FROM `basetwolevelindex` LIMIT 1   [ RunTime:0.0000s ]
SQL: SELECT * FROM `basetwolevelindex`  [ RunTime:0.0010s ]
SQL: SHOW COLUMNS FROM `deveonelevelindex` [ RunTime:0.0050s ]
SQL: SELECT COUNT(*) AS tp_count FROM `deveonelevelindex` LIMIT 1   [ RunTime:0.0000s ]
SQL: SELECT * FROM `deveonelevelindex`  [ RunTime:0.0000s ]
INFO: [ view_parse ] --START--
INFO: [ template_filter ] --START--
INFO: Run Behavior\ContentReplaceBehavior [ RunTime:0.000000s ]
INFO: [ template_filter ] --END-- [ RunTime:0.000000s ]
NOTIC: [8] Undefined offset: 0 E:\wamp\www\evaluation_system\Application\Runtime\Cache\Home\0cdc6898f5ff6c6dead16054eae390c4.php 第 151 行.
NOTIC: [8] Undefined offset: 0 E:\wamp\www\evaluation_system\Application\Runtime\Cache\Home\0cdc6898f5ff6c6dead16054eae390c4.php 第 153 行.
NOTIC: [8] Undefined offset: 0 E:\wamp\www\evaluation_system\Application\Runtime\Cache\Home\0cdc6898f5ff6c6dead16054eae390c4.php 第 155 行.
NOTIC: [8] Undefined offset: 0 E:\wamp\www\evaluation_system\Application\Runtime\Cache\Home\0cdc6898f5ff6c6dead16054eae390c4.php 第 156 行.
NOTIC: [8] Undefined offset: 1 E:\wamp\www\evaluation_system\Application\Runtime\Cache\Home\0cdc6898f5ff6c6dead16054eae390c4.php 第 161 行.
NOTIC: [8] Undefined offset: 1 E:\wamp\www\evaluation_system\Application\Runtime\Cache\Home\0cdc6898f5ff6c6dead16054eae390c4.php 第 163 行.
NOTIC: [8] Undefined offset: 1 E:\wamp\www\evaluation_system\Application\Runtime\Cache\Home\0cdc6898f5ff6c6dead16054eae390c4.php 第 165 行.
NOTIC: [8] Undefined offset: 1 E:\wamp\www\evaluation_system\Application\Runtime\Cache\Home\0cdc6898f5ff6c6dead16054eae390c4.php 第 166 行.
NOTIC: [8] Undefined offset: 2 E:\wamp\www\evaluation_system\Application\Runtime\Cache\Home\0cdc6898f5ff6c6dead16054eae390c4.php 第 173 行.
NOTIC: [8] Undefined offset: 2 E:\wamp\www\evaluation_system\Application\Runtime\Cache\Home\0cdc6898f5ff6c6dead16054eae390c4.php 第 175 行.
NOTIC: [8] Undefined offset: 2 E:\wamp\www\evaluation_system\Application\Runtime\Cache\Home\0cdc6898f5ff6c6dead16054eae390c4.php 第 177 行.
NOTIC: [8] Undefined offset: 2 E:\wamp\www\evaluation_system\Application\Runtime\Cache\Home\0cdc6898f5ff6c6dead16054eae390c4.php 第 178 行.
NOTIC: [8] Undefined offset: 3 E:\wamp\www\evaluation_system\Application\Runtime\Cache\Home\0cdc6898f5ff6c6dead16054eae390c4.php 第 187 行.
NOTIC: [8] Undefined offset: 3 E:\wamp\www\evaluation_system\Application\Runtime\Cache\Home\0cdc6898f5ff6c6dead16054eae390c4.php 第 189 行.
NOTIC: [8] Undefined offset: 3 E:\wamp\www\evaluation_system\Application\Runtime\Cache\Home\0cdc6898f5ff6c6dead16054eae390c4.php 第 191 行.
NOTIC: [8] Undefined offset: 3 E:\wamp\www\evaluation_system\Application\Runtime\Cache\Home\0cdc6898f5ff6c6dead16054eae390c4.php 第 192 行.
NOTIC: [8] Undefined offset: 4 E:\wamp\www\evaluation_system\Application\Runtime\Cache\Home\0cdc6898f5ff6c6dead16054eae390c4.php 第 199 行.
NOTIC: [8] Undefined offset: 4 E:\wamp\www\evaluation_system\Application\Runtime\Cache\Home\0cdc6898f5ff6c6dead16054eae390c4.php 第 201 行.
NOTIC: [8] Undefined offset: 4 E:\wamp\www\evaluation_system\Application\Runtime\Cache\Home\0cdc6898f5ff6c6dead16054eae390c4.php 第 203 行.
NOTIC: [8] Undefined offset: 4 E:\wamp\www\evaluation_system\Application\Runtime\Cache\Home\0cdc6898f5ff6c6dead16054eae390c4.php 第 204 行.
NOTIC: [8] Undefined offset: 5 E:\wamp\www\evaluation_system\Application\Runtime\Cache\Home\0cdc6898f5ff6c6dead16054eae390c4.php 第 212 行.
NOTIC: [8] Undefined offset: 5 E:\wamp\www\evaluation_system\Application\Runtime\Cache\Home\0cdc6898f5ff6c6dead16054eae390c4.php 第 214 行.
NOTIC: [8] Undefined offset: 5 E:\wamp\www\evaluation_system\Application\Runtime\Cache\Home\0cdc6898f5ff6c6dead16054eae390c4.php 第 216 行.
NOTIC: [8] Undefined offset: 5 E:\wamp\www\evaluation_system\Application\Runtime\Cache\Home\0cdc6898f5ff6c6dead16054eae390c4.php 第 217 行.
NOTIC: [8] Undefined offset: 6 E:\wamp\www\evaluation_system\Application\Runtime\Cache\Home\0cdc6898f5ff6c6dead16054eae390c4.php 第 224 行.
NOTIC: [8] Undefined offset: 6 E:\wamp\www\evaluation_system\Application\Runtime\Cache\Home\0cdc6898f5ff6c6dead16054eae390c4.php 第 226 行.
NOTIC: [8] Undefined offset: 6 E:\wamp\www\evaluation_system\Application\Runtime\Cache\Home\0cdc6898f5ff6c6dead16054eae390c4.php 第 228 行.
NOTIC: [8] Undefined offset: 6 E:\wamp\www\evaluation_system\Application\Runtime\Cache\Home\0cdc6898f5ff6c6dead16054eae390c4.php 第 229 行.
NOTIC: [8] Undefined offset: 7 E:\wamp\www\evaluation_system\Application\Runtime\Cache\Home\0cdc6898f5ff6c6dead16054eae390c4.php 第 237 行.
NOTIC: [8] Undefined offset: 7 E:\wamp\www\evaluation_system\Application\Runtime\Cache\Home\0cdc6898f5ff6c6dead16054eae390c4.php 第 239 行.
NOTIC: [8] Undefined offset: 7 E:\wamp\www\evaluation_system\Application\Runtime\Cache\Home\0cdc6898f5ff6c6dead16054eae390c4.php 第 241 行.
NOTIC: [8] Undefined offset: 7 E:\wamp\www\evaluation_system\Application\Runtime\Cache\Home\0cdc6898f5ff6c6dead16054eae390c4.php 第 242 行.
NOTIC: [8] Undefined offset: 8 E:\wamp\www\evaluation_system\Application\Runtime\Cache\Home\0cdc6898f5ff6c6dead16054eae390c4.php 第 250 行.
NOTIC: [8] Undefined offset: 8 E:\wamp\www\evaluation_system\Application\Runtime\Cache\Home\0cdc6898f5ff6c6dead16054eae390c4.php 第 252 行.
NOTIC: [8] Undefined offset: 8 E:\wamp\www\evaluation_system\Application\Runtime\Cache\Home\0cdc6898f5ff6c6dead16054eae390c4.php 第 254 行.
NOTIC: [8] Undefined offset: 8 E:\wamp\www\evaluation_system\Application\Runtime\Cache\Home\0cdc6898f5ff6c6dead16054eae390c4.php 第 255 行.
NOTIC: [8] Undefined offset: 9 E:\wamp\www\evaluation_system\Application\Runtime\Cache\Home\0cdc6898f5ff6c6dead16054eae390c4.php 第 262 行.
NOTIC: [8] Undefined offset: 9 E:\wamp\www\evaluation_system\Application\Runtime\Cache\Home\0cdc6898f5ff6c6dead16054eae390c4.php 第 264 行.
NOTIC: [8] Undefined offset: 9 E:\wamp\www\evaluation_system\Application\Runtime\Cache\Home\0cdc6898f5ff6c6dead16054eae390c4.php 第 266 行.
NOTIC: [8] Undefined offset: 9 E:\wamp\www\evaluation_system\Application\Runtime\Cache\Home\0cdc6898f5ff6c6dead16054eae390c4.php 第 267 行.
INFO: Run Behavior\ParseTemplateBehavior [ RunTime:0.042002s ]
INFO: [ view_parse ] --END-- [ RunTime:0.043002s ]
INFO: [ view_filter ] --START--
INFO: Run Behavior\WriteHtmlCacheBehavior [ RunTime:0.000000s ]
INFO: [ view_filter ] --END-- [ RunTime:0.001000s ]
INFO: [ app_end ] --START--
INFO: Run Behavior\ShowPageTraceBehavior [ RunTime:0.002000s ]
INFO: [ app_end ] --END-- [ RunTime:0.002000s ]

[ 2017-03-29T00:39:37+08:00 ] 127.0.0.1 /evaluation_system/index.php/Home/Index/index.html
INFO: [ app_init ] --START--
INFO: Run Behavior\BuildLiteBehavior [ RunTime:0.000000s ]
INFO: [ app_init ] --END-- [ RunTime:0.001000s ]
INFO: [ app_begin ] --START--
INFO: Run Behavior\ReadHtmlCacheBehavior [ RunTime:0.000000s ]
INFO: [ app_begin ] --END-- [ RunTime:0.001000s ]
SQL: SHOW COLUMNS FROM `schoolyear` [ RunTime:0.0030s ]
SQL: SELECT `schoolyear_id` FROM `schoolyear` WHERE `schoolyear_nowyear` = 1 LIMIT 1   [ RunTime:0.0010s ]
SQL: SHOW COLUMNS FROM `basetwograde` [ RunTime:0.0030s ]
SQL: SELECT * FROM `basetwograde` WHERE `user_id` = 3 AND `schoolyear_id` = 2 LIMIT 1   [ RunTime:0.0010s ]
SQL: SHOW COLUMNS FROM `basetwolevelindex` [ RunTime:0.0040s ]
SQL: SELECT COUNT(*) AS tp_count FROM `basetwolevelindex` LIMIT 1   [ RunTime:0.0000s ]
SQL: SELECT * FROM `basetwolevelindex`  [ RunTime:0.0000s ]
SQL: SHOW COLUMNS FROM `deveonelevelindex` [ RunTime:0.0040s ]
SQL: SELECT COUNT(*) AS tp_count FROM `deveonelevelindex` LIMIT 1   [ RunTime:0.0000s ]
SQL: SELECT * FROM `deveonelevelindex`  [ RunTime:0.0000s ]
INFO: [ view_parse ] --START--
INFO: [ template_filter ] --START--
INFO: Run Behavior\ContentReplaceBehavior [ RunTime:0.000000s ]
INFO: [ template_filter ] --END-- [ RunTime:0.000000s ]
INFO: Run Behavior\ParseTemplateBehavior [ RunTime:0.024002s ]
INFO: [ view_parse ] --END-- [ RunTime:0.024002s ]
INFO: [ view_filter ] --START--
INFO: Run Behavior\WriteHtmlCacheBehavior [ RunTime:0.001000s ]
INFO: [ view_filter ] --END-- [ RunTime:0.001000s ]
INFO: [ app_end ] --START--
INFO: Run Behavior\ShowPageTraceBehavior [ RunTime:0.002000s ]
INFO: [ app_end ] --END-- [ RunTime:0.002000s ]

[ 2017-03-29T00:40:27+08:00 ] 127.0.0.1 /evaluation_system/index.php/Home/Index/index.html
INFO: [ app_init ] --START--
INFO: Run Behavior\BuildLiteBehavior [ RunTime:0.000000s ]
INFO: [ app_init ] --END-- [ RunTime:0.001000s ]
INFO: [ app_begin ] --START--
INFO: Run Behavior\ReadHtmlCacheBehavior [ RunTime:0.001000s ]
INFO: [ app_begin ] --END-- [ RunTime:0.001000s ]
SQL: SHOW COLUMNS FROM `schoolyear` [ RunTime:0.0770s ]
SQL: SELECT `schoolyear_id` FROM `schoolyear` WHERE `schoolyear_nowyear` = 1 LIMIT 1   [ RunTime:0.0000s ]
SQL: SHOW COLUMNS FROM `basetwograde` [ RunTime:0.0020s ]
SQL: SELECT * FROM `basetwograde` WHERE `user_id` = 3 AND `schoolyear_id` = 2 LIMIT 1   [ RunTime:0.0010s ]
NOTIC: [2] call_user_func() expects parameter 1 to be a valid callback, no array or string given E:\wamp\www\evaluation_system\ThinkPHP\Library\Think\Upload.class.php 第 170 行.
NOTIC: [2] call_user_func() expects parameter 1 to be a valid callback, no array or string given E:\wamp\www\evaluation_system\ThinkPHP\Library\Think\Upload.class.php 第 170 行.
NOTIC: [8] Undefined index: savePath E:\wamp\www\evaluation_system\Application\Home\Controller\IndexController.class.php 第 87 行.
NOTIC: [8] Undefined index: savePath E:\wamp\www\evaluation_system\Application\Home\Controller\IndexController.class.php 第 89 行.
NOTIC: [8] Undefined index: savePath E:\wamp\www\evaluation_system\Application\Home\Controller\IndexController.class.php 第 87 行.
NOTIC: [8] Undefined index: savePath E:\wamp\www\evaluation_system\Application\Home\Controller\IndexController.class.php 第 93 行.
NOTIC: [8] Undefined variable: content3 E:\wamp\www\evaluation_system\Application\Home\Controller\IndexController.class.php 第 115 行.
NOTIC: [2] implode(): Invalid arguments passed E:\wamp\www\evaluation_system\Application\Home\Controller\IndexController.class.php 第 115 行.
NOTIC: [8] Undefined variable: content4 E:\wamp\www\evaluation_system\Application\Home\Controller\IndexController.class.php 第 116 行.
NOTIC: [2] implode(): Invalid arguments passed E:\wamp\www\evaluation_system\Application\Home\Controller\IndexController.class.php 第 116 行.
NOTIC: [8] Undefined variable: content5 E:\wamp\www\evaluation_system\Application\Home\Controller\IndexController.class.php 第 117 行.
NOTIC: [2] implode(): Invalid arguments passed E:\wamp\www\evaluation_system\Application\Home\Controller\IndexController.class.php 第 117 行.
SQL: INSERT INTO `basetwograde` (`basetwograde_selfscorea`,`basetwograde_selfscoreb`,`basetwograde_selfscorec`,`schoolyear_id`,`basetwolevelindex_id`,`baseonelevelindex_id`,`user_id`) VALUES ('2','2','2','2','1','1','3') [ RunTime:0.3820s ]
SQL: INSERT INTO `basetwograde` (`basetwograde_selfscorea`,`basetwograde_selfscoreb`,`basetwograde_selfscorec`,`schoolyear_id`,`basetwolevelindex_id`,`baseonelevelindex_id`,`user_id`) VALUES ('2','2','2','2','1','2','3') [ RunTime:0.0580s ]
SQL: INSERT INTO `basetwograde` (`basetwograde_selfscorea`,`basetwograde_selfscoreb`,`basetwograde_selfscorec`,`schoolyear_id`,`basetwolevelindex_id`,`baseonelevelindex_id`,`user_id`) VALUES ('2','2','2','2','1','3','3') [ RunTime:0.0180s ]
SQL: INSERT INTO `basetwograde` (`basetwograde_selfscorea`,`basetwograde_selfscoreb`,`basetwograde_selfscorec`,`schoolyear_id`,`basetwolevelindex_id`,`baseonelevelindex_id`,`user_id`) VALUES ('2','2','2','2','2','4','3') [ RunTime:0.0650s ]
SQL: INSERT INTO `basetwograde` (`basetwograde_selfscorea`,`basetwograde_selfscoreb`,`basetwograde_selfscorec`,`schoolyear_id`,`basetwolevelindex_id`,`baseonelevelindex_id`,`user_id`) VALUES ('2','2','2','2','2','5','3') [ RunTime:0.4090s ]
SQL: INSERT INTO `basetwograde` (`basetwograde_selfscorea`,`basetwograde_selfscoreb`,`basetwograde_selfscorec`,`schoolyear_id`,`basetwolevelindex_id`,`baseonelevelindex_id`,`user_id`) VALUES ('2','2','2','2','2','6','3') [ RunTime:0.1850s ]
SQL: INSERT INTO `basetwograde` (`basetwograde_selfscorea`,`basetwograde_selfscoreb`,`basetwograde_selfscorec`,`schoolyear_id`,`basetwolevelindex_id`,`baseonelevelindex_id`,`user_id`) VALUES ('2','2','2','2','3','7','3') [ RunTime:0.1090s ]
SQL: INSERT INTO `basetwograde` (`basetwograde_selfscorea`,`basetwograde_selfscoreb`,`basetwograde_selfscorec`,`schoolyear_id`,`basetwolevelindex_id`,`baseonelevelindex_id`,`user_id`) VALUES ('2','2','2','2','4','8','3') [ RunTime:0.0290s ]
SQL: INSERT INTO `basetwograde` (`basetwograde_selfscorea`,`basetwograde_selfscoreb`,`basetwograde_selfscorec`,`schoolyear_id`,`basetwolevelindex_id`,`baseonelevelindex_id`,`user_id`) VALUES ('2','2','2','2','5','9','3') [ RunTime:0.0470s ]
SQL: INSERT INTO `basetwograde` (`basetwograde_selfscorea`,`basetwograde_selfscoreb`,`basetwograde_selfscorec`,`schoolyear_id`,`basetwolevelindex_id`,`baseonelevelindex_id`,`user_id`) VALUES ('2','2','2','2','5','10','3') [ RunTime:0.0380s ]
SQL: SHOW COLUMNS FROM `deveonelevelgrade` [ RunTime:0.0040s ]
SQL: INSERT INTO `deveonelevelgrade` (`deveonelevelgrade_selfscore`,`deveonelevelgrade_reason`,`deveonelevelindex_id`,`deveonelevelgrade_url`,`schoolyear_id`,`user_id`) VALUES ('2','中共优秀党员','1','58da91f9cd4b2.jpg,','2','3') [ RunTime:0.0380s ]
SQL: INSERT INTO `deveonelevelgrade` (`deveonelevelgrade_selfscore`,`deveonelevelgrade_reason`,`deveonelevelindex_id`,`deveonelevelgrade_url`,`schoolyear_id`,`user_id`) VALUES ('2','中南优秀团员','2','58da91f9d171b.jpg,','2','3') [ RunTime:0.0190s ]
INFO: [ view_parse ] --START--
INFO: [ template_filter ] --START--
INFO: Run Behavior\ContentReplaceBehavior [ RunTime:0.000000s ]
INFO: [ template_filter ] --END-- [ RunTime:0.000000s ]
INFO: Run Behavior\ParseTemplateBehavior [ RunTime:0.009000s ]
INFO: [ view_parse ] --END-- [ RunTime:0.009000s ]
INFO: [ view_filter ] --START--
INFO: Run Behavior\WriteHtmlCacheBehavior [ RunTime:0.001000s ]
INFO: [ view_filter ] --END-- [ RunTime:0.001000s ]
INFO: [ app_end ] --START--
INFO: Run Behavior\ShowPageTraceBehavior [ RunTime:0.001000s ]
INFO: [ app_end ] --END-- [ RunTime:0.001000s ]

[ 2017-03-29T00:40:28+08:00 ] 127.0.0.1 /evaluation_system/index.php/Home/Index/index.html
INFO: [ app_init ] --START--
INFO: Run Behavior\BuildLiteBehavior [ RunTime:0.000000s ]
INFO: [ app_init ] --END-- [ RunTime:0.001000s ]
INFO: [ app_begin ] --START--
INFO: Run Behavior\ReadHtmlCacheBehavior [ RunTime:0.001000s ]
INFO: [ app_begin ] --END-- [ RunTime:0.001000s ]
SQL: SHOW COLUMNS FROM `schoolyear` [ RunTime:0.0030s ]
SQL: SELECT `schoolyear_id` FROM `schoolyear` WHERE `schoolyear_nowyear` = 1 LIMIT 1   [ RunTime:0.0010s ]
SQL: SHOW COLUMNS FROM `basetwograde` [ RunTime:0.0040s ]
SQL: SELECT * FROM `basetwograde` WHERE `user_id` = 3 AND `schoolyear_id` = 2 LIMIT 1   [ RunTime:0.0020s ]
SQL: SHOW COLUMNS FROM `basetwolevelindex` [ RunTime:0.0040s ]
SQL: SELECT COUNT(*) AS tp_count FROM `basetwolevelindex` LIMIT 1   [ RunTime:0.0010s ]
SQL: SELECT * FROM `basetwolevelindex`  [ RunTime:0.0010s ]
SQL: SHOW COLUMNS FROM `deveonelevelindex` [ RunTime:0.0030s ]
SQL: SELECT COUNT(*) AS tp_count FROM `deveonelevelindex` LIMIT 1   [ RunTime:0.0010s ]
SQL: SELECT * FROM `deveonelevelindex`  [ RunTime:0.0010s ]
INFO: [ view_parse ] --START--
INFO: [ template_filter ] --START--
INFO: Run Behavior\ContentReplaceBehavior [ RunTime:0.000000s ]
INFO: [ template_filter ] --END-- [ RunTime:0.000000s ]
INFO: Run Behavior\ParseTemplateBehavior [ RunTime:0.023001s ]
INFO: [ view_parse ] --END-- [ RunTime:0.023001s ]
INFO: [ view_filter ] --START--
INFO: Run Behavior\WriteHtmlCacheBehavior [ RunTime:0.001000s ]
INFO: [ view_filter ] --END-- [ RunTime:0.002001s ]
INFO: [ app_end ] --START--
INFO: Run Behavior\ShowPageTraceBehavior [ RunTime:0.001000s ]
INFO: [ app_end ] --END-- [ RunTime:0.001000s ]

[ 2017-03-29T00:40:30+08:00 ] 127.0.0.1 /evaluation_system/index.php/Home/Query/query.html
INFO: [ app_init ] --START--
INFO: Run Behavior\BuildLiteBehavior [ RunTime:0.000000s ]
INFO: [ app_init ] --END-- [ RunTime:0.001000s ]
INFO: [ app_begin ] --START--
INFO: Run Behavior\ReadHtmlCacheBehavior [ RunTime:0.001000s ]
INFO: [ app_begin ] --END-- [ RunTime:0.002000s ]
SQL: SHOW COLUMNS FROM `schoolyear` [ RunTime:0.0040s ]
SQL: SELECT * FROM `schoolyear` WHERE `schoolyear_nowyear` = 1 LIMIT 1   [ RunTime:0.0000s ]
SQL: SHOW COLUMNS FROM `basetwograde` [ RunTime:0.0070s ]
SQL: SELECT * FROM `basetwograde` WHERE `user_id` = 3 AND `schoolyear_id` = 2  [ RunTime:0.0000s ]
SQL: SHOW COLUMNS FROM `deveonelevelgrade` [ RunTime:0.0030s ]
SQL: SELECT * FROM `deveonelevelgrade` WHERE `user_id` = 3 AND `schoolyear_id` = 2  [ RunTime:0.0000s ]
SQL: SELECT * FROM `basetwograde` WHERE `user_id` = 3 AND `schoolyear_id` = 2  [ RunTime:0.0000s ]
SQL: SELECT * FROM `deveonelevelgrade` WHERE `user_id` = 3 AND `schoolyear_id` = 2  [ RunTime:0.0020s ]
SQL: SHOW COLUMNS FROM `basetwolevelindex` [ RunTime:0.0040s ]
SQL: SELECT COUNT(*) AS tp_count FROM `basetwolevelindex` LIMIT 1   [ RunTime:0.0000s ]
SQL: SELECT * FROM `basetwolevelindex`  [ RunTime:0.0010s ]
SQL: SHOW COLUMNS FROM `deveonelevelindex` [ RunTime:0.0040s ]
SQL: SELECT COUNT(*) AS tp_count FROM `deveonelevelindex` LIMIT 1   [ RunTime:0.0000s ]
SQL: SELECT * FROM `deveonelevelindex`  [ RunTime:0.0000s ]
INFO: [ view_parse ] --START--
INFO: [ template_filter ] --START--
INFO: Run Behavior\ContentReplaceBehavior [ RunTime:0.000000s ]
INFO: [ template_filter ] --END-- [ RunTime:0.000000s ]
INFO: Run Behavior\ParseTemplateBehavior [ RunTime:0.042002s ]
INFO: [ view_parse ] --END-- [ RunTime:0.042002s ]
INFO: [ view_filter ] --START--
INFO: Run Behavior\WriteHtmlCacheBehavior [ RunTime:0.001000s ]
INFO: [ view_filter ] --END-- [ RunTime:0.001000s ]
INFO: [ app_end ] --START--
INFO: Run Behavior\ShowPageTraceBehavior [ RunTime:0.001000s ]
INFO: [ app_end ] --END-- [ RunTime:0.002000s ]

[ 2017-03-29T00:40:44+08:00 ] 127.0.0.1 /evaluation_system/index.php/Home/Query/images/lightbox-btn-close.gif
INFO: [ app_init ] --START--
INFO: Run Behavior\BuildLiteBehavior [ RunTime:0.000000s ]
INFO: [ app_init ] --END-- [ RunTime:0.001000s ]

[ 2017-03-29T00:40:44+08:00 ] 127.0.0.1 /evaluation_system/index.php/Home/Query/images/lightbox-ico-loading.gif
INFO: [ app_init ] --START--
INFO: Run Behavior\BuildLiteBehavior [ RunTime:0.000000s ]
INFO: [ app_init ] --END-- [ RunTime:0.001000s ]

[ 2017-03-29T00:40:45+08:00 ] 127.0.0.1 /evaluation_system/index.php/Home/Query/images/lightbox-blank.gif
INFO: [ app_init ] --START--
INFO: Run Behavior\BuildLiteBehavior [ RunTime:0.001000s ]
INFO: [ app_init ] --END-- [ RunTime:0.001000s ]

[ 2017-03-29T00:40:45+08:00 ] 127.0.0.1 /evaluation_system/index.php/Home/Query/images/lightbox-btn-next.gif
INFO: [ app_init ] --START--
INFO: Run Behavior\BuildLiteBehavior [ RunTime:0.000000s ]
INFO: [ app_init ] --END-- [ RunTime:0.002000s ]

[ 2017-03-29T00:40:47+08:00 ] 127.0.0.1 /evaluation_system/index.php/Home/Query/images/lightbox-blank.gif
INFO: [ app_init ] --START--
INFO: Run Behavior\BuildLiteBehavior [ RunTime:0.000000s ]
INFO: [ app_init ] --END-- [ RunTime:0.001000s ]

[ 2017-03-29T00:42:15+08:00 ] 127.0.0.1 /evaluation_system/index.php/Home/Query/query.html
INFO: [ app_init ] --START--
INFO: Run Behavior\BuildLiteBehavior [ RunTime:0.000000s ]
INFO: [ app_init ] --END-- [ RunTime:0.001000s ]
INFO: [ app_begin ] --START--
INFO: Run Behavior\ReadHtmlCacheBehavior [ RunTime:0.002000s ]
INFO: [ app_begin ] --END-- [ RunTime:0.002000s ]
SQL: SHOW COLUMNS FROM `schoolyear` [ RunTime:0.0050s ]
SQL: SELECT * FROM `schoolyear` WHERE `schoolyear_nowyear` = 1 LIMIT 1   [ RunTime:0.0010s ]
SQL: SHOW COLUMNS FROM `basetwograde` [ RunTime:0.0040s ]
SQL: SELECT * FROM `basetwograde` WHERE `user_id` = 3 AND `schoolyear_id` = 2  [ RunTime:0.0010s ]
SQL: SHOW COLUMNS FROM `deveonelevelgrade` [ RunTime:0.0050s ]
SQL: SELECT * FROM `deveonelevelgrade` WHERE `user_id` = 3 AND `schoolyear_id` = 2  [ RunTime:0.0010s ]
SQL: SELECT * FROM `basetwograde` WHERE `user_id` = 3 AND `schoolyear_id` = 2  [ RunTime:0.0010s ]
SQL: SELECT * FROM `deveonelevelgrade` WHERE `user_id` = 3 AND `schoolyear_id` = 2  [ RunTime:0.0000s ]
SQL: SHOW COLUMNS FROM `basetwolevelindex` [ RunTime:0.0030s ]
SQL: SELECT COUNT(*) AS tp_count FROM `basetwolevelindex` LIMIT 1   [ RunTime:0.0000s ]
SQL: SELECT * FROM `basetwolevelindex`  [ RunTime:0.0000s ]
SQL: SHOW COLUMNS FROM `deveonelevelindex` [ RunTime:0.0030s ]
SQL: SELECT COUNT(*) AS tp_count FROM `deveonelevelindex` LIMIT 1   [ RunTime:0.0000s ]
SQL: SELECT * FROM `deveonelevelindex`  [ RunTime:0.0000s ]
INFO: [ view_parse ] --START--
INFO: [ template_filter ] --START--
INFO: Run Behavior\ContentReplaceBehavior [ RunTime:0.000000s ]
INFO: [ template_filter ] --END-- [ RunTime:0.000000s ]
INFO: Run Behavior\ParseTemplateBehavior [ RunTime:0.030002s ]
INFO: [ view_parse ] --END-- [ RunTime:0.030002s ]
INFO: [ view_filter ] --START--
INFO: Run Behavior\WriteHtmlCacheBehavior [ RunTime:0.000000s ]
INFO: [ view_filter ] --END-- [ RunTime:0.001000s ]
INFO: [ app_end ] --START--
INFO: Run Behavior\ShowPageTraceBehavior [ RunTime:0.001000s ]
INFO: [ app_end ] --END-- [ RunTime:0.002000s ]

[ 2017-03-29T00:42:22+08:00 ] 127.0.0.1 /evaluation_system/index.php/Home/Index/index.html
INFO: [ app_init ] --START--
INFO: Run Behavior\BuildLiteBehavior [ RunTime:0.000000s ]
INFO: [ app_init ] --END-- [ RunTime:0.002000s ]
INFO: [ app_begin ] --START--
INFO: Run Behavior\ReadHtmlCacheBehavior [ RunTime:0.001000s ]
INFO: [ app_begin ] --END-- [ RunTime:0.001000s ]
SQL: SHOW COLUMNS FROM `schoolyear` [ RunTime:0.0040s ]
SQL: SELECT `schoolyear_id` FROM `schoolyear` WHERE `schoolyear_nowyear` = 1 LIMIT 1   [ RunTime:0.0010s ]
SQL: SHOW COLUMNS FROM `basetwograde` [ RunTime:0.0030s ]
SQL: SELECT * FROM `basetwograde` WHERE `user_id` = 3 AND `schoolyear_id` = 2 LIMIT 1   [ RunTime:0.0000s ]
SQL: SHOW COLUMNS FROM `basetwolevelindex` [ RunTime:0.0030s ]
SQL: SELECT COUNT(*) AS tp_count FROM `basetwolevelindex` LIMIT 1   [ RunTime:0.0000s ]
SQL: SELECT * FROM `basetwolevelindex`  [ RunTime:0.0010s ]
SQL: SHOW COLUMNS FROM `deveonelevelindex` [ RunTime:0.0030s ]
SQL: SELECT COUNT(*) AS tp_count FROM `deveonelevelindex` LIMIT 1   [ RunTime:0.0000s ]
SQL: SELECT * FROM `deveonelevelindex`  [ RunTime:0.0010s ]
INFO: [ view_parse ] --START--
INFO: [ template_filter ] --START--
INFO: Run Behavior\ContentReplaceBehavior [ RunTime:0.000000s ]
INFO: [ template_filter ] --END-- [ RunTime:0.000000s ]
INFO: Run Behavior\ParseTemplateBehavior [ RunTime:0.022001s ]
INFO: [ view_parse ] --END-- [ RunTime:0.023001s ]
INFO: [ view_filter ] --START--
INFO: Run Behavior\WriteHtmlCacheBehavior [ RunTime:0.001000s ]
INFO: [ view_filter ] --END-- [ RunTime:0.002000s ]
INFO: [ app_end ] --START--
INFO: Run Behavior\ShowPageTraceBehavior [ RunTime:0.001000s ]
INFO: [ app_end ] --END-- [ RunTime:0.001000s ]

[ 2017-03-29T00:42:25+08:00 ] 127.0.0.1 /evaluation_system/index.php/Home/Query/query.html
INFO: [ app_init ] --START--
INFO: Run Behavior\BuildLiteBehavior [ RunTime:0.000000s ]
INFO: [ app_init ] --END-- [ RunTime:0.000000s ]
INFO: [ app_begin ] --START--
INFO: Run Behavior\ReadHtmlCacheBehavior [ RunTime:0.000000s ]
INFO: [ app_begin ] --END-- [ RunTime:0.001000s ]
SQL: SHOW COLUMNS FROM `schoolyear` [ RunTime:0.0030s ]
SQL: SELECT * FROM `schoolyear` WHERE `schoolyear_nowyear` = 1 LIMIT 1   [ RunTime:0.0010s ]
SQL: SHOW COLUMNS FROM `basetwograde` [ RunTime:0.0040s ]
SQL: SELECT * FROM `basetwograde` WHERE `user_id` = 3 AND `schoolyear_id` = 2  [ RunTime:0.0010s ]
SQL: SHOW COLUMNS FROM `deveonelevelgrade` [ RunTime:0.0050s ]
SQL: SELECT * FROM `deveonelevelgrade` WHERE `user_id` = 3 AND `schoolyear_id` = 2  [ RunTime:0.0010s ]
SQL: SELECT * FROM `basetwograde` WHERE `user_id` = 3 AND `schoolyear_id` = 2  [ RunTime:0.0000s ]
SQL: SELECT * FROM `deveonelevelgrade` WHERE `user_id` = 3 AND `schoolyear_id` = 2  [ RunTime:0.0000s ]
SQL: SHOW COLUMNS FROM `basetwolevelindex` [ RunTime:0.0030s ]
SQL: SELECT COUNT(*) AS tp_count FROM `basetwolevelindex` LIMIT 1   [ RunTime:0.0010s ]
SQL: SELECT * FROM `basetwolevelindex`  [ RunTime:0.0000s ]
SQL: SHOW COLUMNS FROM `deveonelevelindex` [ RunTime:0.0030s ]
SQL: SELECT COUNT(*) AS tp_count FROM `deveonelevelindex` LIMIT 1   [ RunTime:0.0000s ]
SQL: SELECT * FROM `deveonelevelindex`  [ RunTime:0.0000s ]
INFO: [ view_parse ] --START--
INFO: [ template_filter ] --START--
INFO: Run Behavior\ContentReplaceBehavior [ RunTime:0.001000s ]
INFO: [ template_filter ] --END-- [ RunTime:0.001000s ]
INFO: Run Behavior\ParseTemplateBehavior [ RunTime:0.044002s ]
INFO: [ view_parse ] --END-- [ RunTime:0.044002s ]
INFO: [ view_filter ] --START--
INFO: Run Behavior\WriteHtmlCacheBehavior [ RunTime:0.000000s ]
INFO: [ view_filter ] --END-- [ RunTime:0.002001s ]
INFO: [ app_end ] --START--
INFO: Run Behavior\ShowPageTraceBehavior [ RunTime:0.001000s ]
INFO: [ app_end ] --END-- [ RunTime:0.002000s ]

[ 2017-03-29T00:44:15+08:00 ] 127.0.0.1 /evaluation_system/index.php/Home/Query/query.html
INFO: [ app_init ] --START--
INFO: Run Behavior\BuildLiteBehavior [ RunTime:0.000000s ]
INFO: [ app_init ] --END-- [ RunTime:0.001000s ]
INFO: [ app_begin ] --START--
INFO: Run Behavior\ReadHtmlCacheBehavior [ RunTime:0.001000s ]
INFO: [ app_begin ] --END-- [ RunTime:0.001000s ]
SQL: SHOW COLUMNS FROM `schoolyear` [ RunTime:0.0040s ]
SQL: SELECT * FROM `schoolyear` WHERE `schoolyear_nowyear` = 1 LIMIT 1   [ RunTime:0.0010s ]
SQL: SHOW COLUMNS FROM `basetwograde` [ RunTime:0.0050s ]
SQL: SELECT * FROM `basetwograde` WHERE `user_id` = 3 AND `schoolyear_id` = 3  [ RunTime:0.0010s ]
SQL: SHOW COLUMNS FROM `deveonelevelgrade` [ RunTime:0.0030s ]
SQL: SELECT * FROM `deveonelevelgrade` WHERE `user_id` = 3 AND `schoolyear_id` = 3  [ RunTime:0.0010s ]
SQL: SELECT * FROM `basetwograde` WHERE `user_id` = 3 AND `schoolyear_id` = 3  [ RunTime:0.0000s ]
SQL: SELECT * FROM `deveonelevelgrade` WHERE `user_id` = 3 AND `schoolyear_id` = 3  [ RunTime:0.0000s ]
SQL: SHOW COLUMNS FROM `basetwolevelindex` [ RunTime:0.0040s ]
SQL: SELECT COUNT(*) AS tp_count FROM `basetwolevelindex` LIMIT 1   [ RunTime:0.0000s ]
SQL: SELECT * FROM `basetwolevelindex`  [ RunTime:0.0010s ]
SQL: SHOW COLUMNS FROM `deveonelevelindex` [ RunTime:0.0030s ]
SQL: SELECT COUNT(*) AS tp_count FROM `deveonelevelindex` LIMIT 1   [ RunTime:0.0010s ]
SQL: SELECT * FROM `deveonelevelindex`  [ RunTime:0.0010s ]
INFO: [ view_parse ] --START--
INFO: [ template_filter ] --START--
INFO: Run Behavior\ContentReplaceBehavior [ RunTime:0.000000s ]
INFO: [ template_filter ] --END-- [ RunTime:0.000000s ]
NOTIC: [8] Undefined offset: 0 E:\wamp\www\evaluation_system\Application\Runtime\Cache\Home\0cdc6898f5ff6c6dead16054eae390c4.php 第 151 行.
NOTIC: [8] Undefined offset: 0 E:\wamp\www\evaluation_system\Application\Runtime\Cache\Home\0cdc6898f5ff6c6dead16054eae390c4.php 第 153 行.
NOTIC: [8] Undefined offset: 0 E:\wamp\www\evaluation_system\Application\Runtime\Cache\Home\0cdc6898f5ff6c6dead16054eae390c4.php 第 155 行.
NOTIC: [8] Undefined offset: 0 E:\wamp\www\evaluation_system\Application\Runtime\Cache\Home\0cdc6898f5ff6c6dead16054eae390c4.php 第 156 行.
NOTIC: [8] Undefined offset: 1 E:\wamp\www\evaluation_system\Application\Runtime\Cache\Home\0cdc6898f5ff6c6dead16054eae390c4.php 第 161 行.
NOTIC: [8] Undefined offset: 1 E:\wamp\www\evaluation_system\Application\Runtime\Cache\Home\0cdc6898f5ff6c6dead16054eae390c4.php 第 163 行.
NOTIC: [8] Undefined offset: 1 E:\wamp\www\evaluation_system\Application\Runtime\Cache\Home\0cdc6898f5ff6c6dead16054eae390c4.php 第 165 行.
NOTIC: [8] Undefined offset: 1 E:\wamp\www\evaluation_system\Application\Runtime\Cache\Home\0cdc6898f5ff6c6dead16054eae390c4.php 第 166 行.
NOTIC: [8] Undefined offset: 2 E:\wamp\www\evaluation_system\Application\Runtime\Cache\Home\0cdc6898f5ff6c6dead16054eae390c4.php 第 173 行.
NOTIC: [8] Undefined offset: 2 E:\wamp\www\evaluation_system\Application\Runtime\Cache\Home\0cdc6898f5ff6c6dead16054eae390c4.php 第 175 行.
NOTIC: [8] Undefined offset: 2 E:\wamp\www\evaluation_system\Application\Runtime\Cache\Home\0cdc6898f5ff6c6dead16054eae390c4.php 第 177 行.
NOTIC: [8] Undefined offset: 2 E:\wamp\www\evaluation_system\Application\Runtime\Cache\Home\0cdc6898f5ff6c6dead16054eae390c4.php 第 178 行.
NOTIC: [8] Undefined offset: 3 E:\wamp\www\evaluation_system\Application\Runtime\Cache\Home\0cdc6898f5ff6c6dead16054eae390c4.php 第 187 行.
NOTIC: [8] Undefined offset: 3 E:\wamp\www\evaluation_system\Application\Runtime\Cache\Home\0cdc6898f5ff6c6dead16054eae390c4.php 第 189 行.
NOTIC: [8] Undefined offset: 3 E:\wamp\www\evaluation_system\Application\Runtime\Cache\Home\0cdc6898f5ff6c6dead16054eae390c4.php 第 191 行.
NOTIC: [8] Undefined offset: 3 E:\wamp\www\evaluation_system\Application\Runtime\Cache\Home\0cdc6898f5ff6c6dead16054eae390c4.php 第 192 行.
NOTIC: [8] Undefined offset: 4 E:\wamp\www\evaluation_system\Application\Runtime\Cache\Home\0cdc6898f5ff6c6dead16054eae390c4.php 第 199 行.
NOTIC: [8] Undefined offset: 4 E:\wamp\www\evaluation_system\Application\Runtime\Cache\Home\0cdc6898f5ff6c6dead16054eae390c4.php 第 201 行.
NOTIC: [8] Undefined offset: 4 E:\wamp\www\evaluation_system\Application\Runtime\Cache\Home\0cdc6898f5ff6c6dead16054eae390c4.php 第 203 行.
NOTIC: [8] Undefined offset: 4 E:\wamp\www\evaluation_system\Application\Runtime\Cache\Home\0cdc6898f5ff6c6dead16054eae390c4.php 第 204 行.
NOTIC: [8] Undefined offset: 5 E:\wamp\www\evaluation_system\Application\Runtime\Cache\Home\0cdc6898f5ff6c6dead16054eae390c4.php 第 212 行.
NOTIC: [8] Undefined offset: 5 E:\wamp\www\evaluation_system\Application\Runtime\Cache\Home\0cdc6898f5ff6c6dead16054eae390c4.php 第 214 行.
NOTIC: [8] Undefined offset: 5 E:\wamp\www\evaluation_system\Application\Runtime\Cache\Home\0cdc6898f5ff6c6dead16054eae390c4.php 第 216 行.
NOTIC: [8] Undefined offset: 5 E:\wamp\www\evaluation_system\Application\Runtime\Cache\Home\0cdc6898f5ff6c6dead16054eae390c4.php 第 217 行.
NOTIC: [8] Undefined offset: 6 E:\wamp\www\evaluation_system\Application\Runtime\Cache\Home\0cdc6898f5ff6c6dead16054eae390c4.php 第 224 行.
NOTIC: [8] Undefined offset: 6 E:\wamp\www\evaluation_system\Application\Runtime\Cache\Home\0cdc6898f5ff6c6dead16054eae390c4.php 第 226 行.
NOTIC: [8] Undefined offset: 6 E:\wamp\www\evaluation_system\Application\Runtime\Cache\Home\0cdc6898f5ff6c6dead16054eae390c4.php 第 228 行.
NOTIC: [8] Undefined offset: 6 E:\wamp\www\evaluation_system\Application\Runtime\Cache\Home\0cdc6898f5ff6c6dead16054eae390c4.php 第 229 行.
NOTIC: [8] Undefined offset: 7 E:\wamp\www\evaluation_system\Application\Runtime\Cache\Home\0cdc6898f5ff6c6dead16054eae390c4.php 第 237 行.
NOTIC: [8] Undefined offset: 7 E:\wamp\www\evaluation_system\Application\Runtime\Cache\Home\0cdc6898f5ff6c6dead16054eae390c4.php 第 239 行.
NOTIC: [8] Undefined offset: 7 E:\wamp\www\evaluation_system\Application\Runtime\Cache\Home\0cdc6898f5ff6c6dead16054eae390c4.php 第 241 行.
NOTIC: [8] Undefined offset: 7 E:\wamp\www\evaluation_system\Application\Runtime\Cache\Home\0cdc6898f5ff6c6dead16054eae390c4.php 第 242 行.
NOTIC: [8] Undefined offset: 8 E:\wamp\www\evaluation_system\Application\Runtime\Cache\Home\0cdc6898f5ff6c6dead16054eae390c4.php 第 250 行.
NOTIC: [8] Undefined offset: 8 E:\wamp\www\evaluation_system\Application\Runtime\Cache\Home\0cdc6898f5ff6c6dead16054eae390c4.php 第 252 行.
NOTIC: [8] Undefined offset: 8 E:\wamp\www\evaluation_system\Application\Runtime\Cache\Home\0cdc6898f5ff6c6dead16054eae390c4.php 第 254 行.
NOTIC: [8] Undefined offset: 8 E:\wamp\www\evaluation_system\Application\Runtime\Cache\Home\0cdc6898f5ff6c6dead16054eae390c4.php 第 255 行.
NOTIC: [8] Undefined offset: 9 E:\wamp\www\evaluation_system\Application\Runtime\Cache\Home\0cdc6898f5ff6c6dead16054eae390c4.php 第 262 行.
NOTIC: [8] Undefined offset: 9 E:\wamp\www\evaluation_system\Application\Runtime\Cache\Home\0cdc6898f5ff6c6dead16054eae390c4.php 第 264 行.
NOTIC: [8] Undefined offset: 9 E:\wamp\www\evaluation_system\Application\Runtime\Cache\Home\0cdc6898f5ff6c6dead16054eae390c4.php 第 266 行.
NOTIC: [8] Undefined offset: 9 E:\wamp\www\evaluation_system\Application\Runtime\Cache\Home\0cdc6898f5ff6c6dead16054eae390c4.php 第 267 行.
INFO: Run Behavior\ParseTemplateBehavior [ RunTime:0.054003s ]
INFO: [ view_parse ] --END-- [ RunTime:0.056003s ]
INFO: [ view_filter ] --START--
INFO: Run Behavior\WriteHtmlCacheBehavior [ RunTime:0.001000s ]
INFO: [ view_filter ] --END-- [ RunTime:0.002001s ]
INFO: [ app_end ] --START--
INFO: Run Behavior\ShowPageTraceBehavior [ RunTime:0.002000s ]
INFO: [ app_end ] --END-- [ RunTime:0.002000s ]

[ 2017-03-29T00:44:19+08:00 ] 127.0.0.1 /evaluation_system/index.php/Home/Index/index.html
INFO: [ app_init ] --START--
INFO: Run Behavior\BuildLiteBehavior [ RunTime:0.000000s ]
INFO: [ app_init ] --END-- [ RunTime:0.001000s ]
INFO: [ app_begin ] --START--
INFO: Run Behavior\ReadHtmlCacheBehavior [ RunTime:0.002000s ]
INFO: [ app_begin ] --END-- [ RunTime:0.002000s ]
SQL: SHOW COLUMNS FROM `schoolyear` [ RunTime:0.0060s ]
SQL: SELECT `schoolyear_id` FROM `schoolyear` WHERE `schoolyear_nowyear` = 1 LIMIT 1   [ RunTime:0.0000s ]
SQL: SHOW COLUMNS FROM `basetwograde` [ RunTime:0.0030s ]
SQL: SELECT * FROM `basetwograde` WHERE `user_id` = 3 AND `schoolyear_id` = 3 LIMIT 1   [ RunTime:0.0000s ]
SQL: SHOW COLUMNS FROM `basetwolevelindex` [ RunTime:0.0050s ]
SQL: SELECT COUNT(*) AS tp_count FROM `basetwolevelindex` LIMIT 1   [ RunTime:0.0010s ]
SQL: SELECT * FROM `basetwolevelindex`  [ RunTime:0.0000s ]
SQL: SHOW COLUMNS FROM `deveonelevelindex` [ RunTime:0.0030s ]
SQL: SELECT COUNT(*) AS tp_count FROM `deveonelevelindex` LIMIT 1   [ RunTime:0.0000s ]
SQL: SELECT * FROM `deveonelevelindex`  [ RunTime:0.0000s ]
INFO: [ view_parse ] --START--
INFO: [ template_filter ] --START--
INFO: Run Behavior\ContentReplaceBehavior [ RunTime:0.000000s ]
INFO: [ template_filter ] --END-- [ RunTime:0.000000s ]
INFO: Run Behavior\ParseTemplateBehavior [ RunTime:0.020002s ]
INFO: [ view_parse ] --END-- [ RunTime:0.020002s ]
INFO: [ view_filter ] --START--
INFO: Run Behavior\WriteHtmlCacheBehavior [ RunTime:0.002000s ]
INFO: [ view_filter ] --END-- [ RunTime:0.002000s ]
INFO: [ app_end ] --START--
INFO: Run Behavior\ShowPageTraceBehavior [ RunTime:0.002000s ]
INFO: [ app_end ] --END-- [ RunTime:0.003000s ]

[ 2017-03-29T20:21:57+08:00 ] 127.0.0.1 /evaluation_system/index.php/Home/Index/index.html
INFO: [ app_init ] --START--
INFO: Run Behavior\BuildLiteBehavior [ RunTime:0.000000s ]
INFO: [ app_init ] --END-- [ RunTime:0.001000s ]
INFO: [ app_begin ] --START--
INFO: Run Behavior\ReadHtmlCacheBehavior [ RunTime:0.001000s ]
INFO: [ app_begin ] --END-- [ RunTime:0.001000s ]

[ 2017-03-29T20:21:57+08:00 ] 127.0.0.1 /evaluation_system/index.php/home/Login/index.html
INFO: [ app_init ] --START--
INFO: Run Behavior\BuildLiteBehavior [ RunTime:0.000000s ]
INFO: [ app_init ] --END-- [ RunTime:0.000000s ]
INFO: [ app_begin ] --START--
INFO: Run Behavior\ReadHtmlCacheBehavior [ RunTime:0.002000s ]
INFO: [ app_begin ] --END-- [ RunTime:0.002000s ]
INFO: [ view_parse ] --START--
INFO: [ template_filter ] --START--
INFO: Run Behavior\ContentReplaceBehavior [ RunTime:0.000000s ]
INFO: [ template_filter ] --END-- [ RunTime:0.000000s ]
INFO: Run Behavior\ParseTemplateBehavior [ RunTime:0.008000s ]
INFO: [ view_parse ] --END-- [ RunTime:0.008000s ]
INFO: [ view_filter ] --START--
INFO: Run Behavior\WriteHtmlCacheBehavior [ RunTime:0.000000s ]
INFO: [ view_filter ] --END-- [ RunTime:0.001000s ]
INFO: [ app_end ] --START--
INFO: Run Behavior\ShowPageTraceBehavior [ RunTime:0.001000s ]
INFO: [ app_end ] --END-- [ RunTime:0.001000s ]

