[ 2017-04-28T23:03:46+08:00 ] ::1 /evaluation_system/index.php/Home/Index/text.html
INFO: [ app_init ] --START--
INFO: Run Behavior\BuildLiteBehavior [ RunTime:0.000000s ]
INFO: [ app_init ] --END-- [ RunTime:0.017001s ]
INFO: [ app_begin ] --START--
INFO: Run Behavior\ReadHtmlCacheBehavior [ RunTime:0.012001s ]
INFO: [ app_begin ] --END-- [ RunTime:0.013001s ]

[ 2017-04-28T23:03:46+08:00 ] ::1 /evaluation_system/index.php/home/Login/index.html
INFO: [ app_init ] --START--
INFO: Run Behavior\BuildLiteBehavior [ RunTime:0.000000s ]
INFO: [ app_init ] --END-- [ RunTime:0.001000s ]
INFO: [ app_begin ] --START--
INFO: Run Behavior\ReadHtmlCacheBehavior [ RunTime:0.000000s ]
INFO: [ app_begin ] --END-- [ RunTime:0.001000s ]
INFO: [ view_parse ] --START--
INFO: [ template_filter ] --START--
INFO: Run Behavior\ContentReplaceBehavior [ RunTime:0.020001s ]
INFO: [ template_filter ] --END-- [ RunTime:0.020001s ]
INFO: Run Behavior\ParseTemplateBehavior [ RunTime:0.082004s ]
INFO: [ view_parse ] --END-- [ RunTime:0.083004s ]
INFO: [ view_filter ] --START--
INFO: Run Behavior\WriteHtmlCacheBehavior [ RunTime:0.025002s ]
INFO: [ view_filter ] --END-- [ RunTime:0.025002s ]
INFO: [ app_end ] --START--
INFO: Run Behavior\ShowPageTraceBehavior [ RunTime:0.015001s ]
INFO: [ app_end ] --END-- [ RunTime:0.015001s ]

[ 2017-04-28T23:03:54+08:00 ] ::1 /evaluation_system/index.php/Home/Login/index.html
INFO: [ app_init ] --START--
INFO: Run Behavior\BuildLiteBehavior [ RunTime:0.000000s ]
INFO: [ app_init ] --END-- [ RunTime:0.001001s ]
INFO: [ app_begin ] --START--
INFO: Run Behavior\ReadHtmlCacheBehavior [ RunTime:0.001000s ]
INFO: [ app_begin ] --END-- [ RunTime:0.001000s ]
SQL: SHOW COLUMNS FROM `user` [ RunTime:0.1320s ]
SQL: SELECT * FROM `user` WHERE `user_number` = 152011002 AND `user_password` = '123' LIMIT 1   [ RunTime:0.0370s ]
INFO: [ app_end ] --START--
INFO: Run Behavior\ShowPageTraceBehavior [ RunTime:0.001000s ]
INFO: [ app_end ] --END-- [ RunTime:0.001000s ]

[ 2017-04-28T23:05:20+08:00 ] ::1 /evaluation_system/index.php/Home/Login/index.html
INFO: [ app_init ] --START--
INFO: Run Behavior\BuildLiteBehavior [ RunTime:0.000000s ]
INFO: [ app_init ] --END-- [ RunTime:0.001000s ]
INFO: [ app_begin ] --START--
INFO: Run Behavior\ReadHtmlCacheBehavior [ RunTime:0.001000s ]
INFO: [ app_begin ] --END-- [ RunTime:0.001000s ]
SQL: SHOW COLUMNS FROM `user` [ RunTime:0.0030s ]
SQL: SELECT * FROM `user` WHERE `user_number` = 152011002 AND `user_password` = '1234' LIMIT 1   [ RunTime:0.0000s ]
INFO: [ app_end ] --START--
INFO: Run Behavior\ShowPageTraceBehavior [ RunTime:0.001000s ]
INFO: [ app_end ] --END-- [ RunTime:0.001000s ]

[ 2017-04-28T23:05:20+08:00 ] ::1 /evaluation_system/index.php/home/Index/index
INFO: [ app_init ] --START--
INFO: Run Behavior\BuildLiteBehavior [ RunTime:0.000000s ]
INFO: [ app_init ] --END-- [ RunTime:0.001001s ]
INFO: [ app_begin ] --START--
INFO: Run Behavior\ReadHtmlCacheBehavior [ RunTime:0.001000s ]
INFO: [ app_begin ] --END-- [ RunTime:0.001000s ]
SQL: SHOW COLUMNS FROM `schoolyear` [ RunTime:0.0030s ]
SQL: SELECT `schoolyear_id` FROM `schoolyear` WHERE `schoolyear_nowyear` = 1 LIMIT 1   [ RunTime:0.0000s ]
SQL: SHOW COLUMNS FROM `basetwograde` [ RunTime:0.0030s ]
SQL: SELECT * FROM `basetwograde` WHERE `user_id` = 1 AND `schoolyear_id` = 2 LIMIT 1   [ RunTime:0.0740s ]
SQL: SHOW COLUMNS FROM `basetwolevelindex` [ RunTime:0.0030s ]
SQL: SELECT COUNT(*) AS tp_count FROM `basetwolevelindex` LIMIT 1   [ RunTime:0.0110s ]
SQL: SELECT * FROM `basetwolevelindex`  [ RunTime:0.0010s ]
SQL: SHOW COLUMNS FROM `deveonelevelindex` [ RunTime:0.0040s ]
SQL: SELECT COUNT(*) AS tp_count FROM `deveonelevelindex` LIMIT 1   [ RunTime:0.0000s ]
SQL: SELECT * FROM `deveonelevelindex`  [ RunTime:0.0000s ]
INFO: [ view_parse ] --START--
INFO: [ template_filter ] --START--
INFO: Run Behavior\ContentReplaceBehavior [ RunTime:0.000000s ]
INFO: [ template_filter ] --END-- [ RunTime:0.001000s ]
INFO: Run Behavior\ParseTemplateBehavior [ RunTime:0.041002s ]
INFO: [ view_parse ] --END-- [ RunTime:0.042003s ]
INFO: [ view_filter ] --START--
INFO: Run Behavior\WriteHtmlCacheBehavior [ RunTime:0.001000s ]
INFO: [ view_filter ] --END-- [ RunTime:0.001000s ]
INFO: [ app_end ] --START--
INFO: Run Behavior\ShowPageTraceBehavior [ RunTime:0.001000s ]
INFO: [ app_end ] --END-- [ RunTime:0.002000s ]

[ 2017-04-28T23:05:40+08:00 ] ::1 /evaluation_system/index.php/Home/Query/query.html
INFO: [ app_init ] --START--
INFO: Run Behavior\BuildLiteBehavior [ RunTime:0.001000s ]
INFO: [ app_init ] --END-- [ RunTime:0.001000s ]
INFO: [ app_begin ] --START--
INFO: Run Behavior\ReadHtmlCacheBehavior [ RunTime:0.001000s ]
INFO: [ app_begin ] --END-- [ RunTime:0.001000s ]
SQL: SHOW COLUMNS FROM `schoolyear` [ RunTime:0.0040s ]
SQL: SELECT * FROM `schoolyear` WHERE `schoolyear_nowyear` = 1 LIMIT 1   [ RunTime:0.0000s ]
SQL: SHOW COLUMNS FROM `basetwograde` [ RunTime:0.0030s ]
SQL: SELECT * FROM `basetwograde` WHERE `user_id` = 1 AND `schoolyear_id` = 2  [ RunTime:0.0010s ]
SQL: SHOW COLUMNS FROM `deveonelevelgrade` [ RunTime:0.0030s ]
SQL: SELECT * FROM `deveonelevelgrade` WHERE `user_id` = 1 AND `schoolyear_id` = 2  [ RunTime:0.0850s ]
SQL: SELECT * FROM `basetwograde` WHERE `user_id` = 1 AND `schoolyear_id` = 2  [ RunTime:0.0010s ]
SQL: SELECT * FROM `deveonelevelgrade` WHERE `user_id` = 1 AND `schoolyear_id` = 2  [ RunTime:0.0010s ]
SQL: SHOW COLUMNS FROM `basetwolevelindex` [ RunTime:0.0040s ]
SQL: SELECT COUNT(*) AS tp_count FROM `basetwolevelindex` LIMIT 1   [ RunTime:0.0010s ]
SQL: SELECT * FROM `basetwolevelindex`  [ RunTime:0.0000s ]
SQL: SHOW COLUMNS FROM `deveonelevelindex` [ RunTime:0.0020s ]
SQL: SELECT COUNT(*) AS tp_count FROM `deveonelevelindex` LIMIT 1   [ RunTime:0.0000s ]
SQL: SELECT * FROM `deveonelevelindex`  [ RunTime:0.0000s ]
INFO: [ view_parse ] --START--
INFO: [ template_filter ] --START--
INFO: Run Behavior\ContentReplaceBehavior [ RunTime:0.001000s ]
INFO: [ template_filter ] --END-- [ RunTime:0.001000s ]
INFO: Run Behavior\ParseTemplateBehavior [ RunTime:0.160009s ]
INFO: [ view_parse ] --END-- [ RunTime:0.161009s ]
INFO: [ view_filter ] --START--
INFO: Run Behavior\WriteHtmlCacheBehavior [ RunTime:0.001000s ]
INFO: [ view_filter ] --END-- [ RunTime:0.001000s ]
INFO: [ app_end ] --START--
INFO: Run Behavior\ShowPageTraceBehavior [ RunTime:0.002000s ]
INFO: [ app_end ] --END-- [ RunTime:0.002000s ]

[ 2017-04-28T23:05:45+08:00 ] ::1 /evaluation_system/index.php/Home/Index/changepw.html
INFO: [ app_init ] --START--
INFO: Run Behavior\BuildLiteBehavior [ RunTime:0.000000s ]
INFO: [ app_init ] --END-- [ RunTime:0.001000s ]
INFO: [ app_begin ] --START--
INFO: Run Behavior\ReadHtmlCacheBehavior [ RunTime:0.001000s ]
INFO: [ app_begin ] --END-- [ RunTime:0.001000s ]
INFO: [ view_parse ] --START--
INFO: [ template_filter ] --START--
INFO: Run Behavior\ContentReplaceBehavior [ RunTime:0.000000s ]
INFO: [ template_filter ] --END-- [ RunTime:0.001000s ]
INFO: Run Behavior\ParseTemplateBehavior [ RunTime:0.022001s ]
INFO: [ view_parse ] --END-- [ RunTime:0.022001s ]
INFO: [ view_filter ] --START--
INFO: Run Behavior\WriteHtmlCacheBehavior [ RunTime:0.000000s ]
INFO: [ view_filter ] --END-- [ RunTime:0.002000s ]
INFO: [ app_end ] --START--
INFO: Run Behavior\ShowPageTraceBehavior [ RunTime:0.001000s ]
INFO: [ app_end ] --END-- [ RunTime:0.001000s ]

[ 2017-04-28T23:05:47+08:00 ] ::1 /evaluation_system/index.php/Home/Login/loginout.html
INFO: [ app_init ] --START--
INFO: Run Behavior\BuildLiteBehavior [ RunTime:0.000000s ]
INFO: [ app_init ] --END-- [ RunTime:0.001000s ]
INFO: [ app_begin ] --START--
INFO: Run Behavior\ReadHtmlCacheBehavior [ RunTime:0.001000s ]
INFO: [ app_begin ] --END-- [ RunTime:0.001000s ]
INFO: [ view_parse ] --START--
INFO: [ template_filter ] --START--
INFO: Run Behavior\ContentReplaceBehavior [ RunTime:0.001000s ]
INFO: [ template_filter ] --END-- [ RunTime:0.001000s ]
INFO: Run Behavior\ParseTemplateBehavior [ RunTime:0.029001s ]
INFO: [ view_parse ] --END-- [ RunTime:0.029001s ]
INFO: [ view_filter ] --START--
INFO: Run Behavior\WriteHtmlCacheBehavior [ RunTime:0.001000s ]
INFO: [ view_filter ] --END-- [ RunTime:0.001000s ]
INFO: [ app_end ] --START--
INFO: Run Behavior\ShowPageTraceBehavior [ RunTime:0.001000s ]
INFO: [ app_end ] --END-- [ RunTime:0.002000s ]

[ 2017-04-28T23:05:48+08:00 ] ::1 /evaluation_system/index.php/Home/Index/changepw.html
INFO: [ app_init ] --START--
INFO: Run Behavior\BuildLiteBehavior [ RunTime:0.000000s ]
INFO: [ app_init ] --END-- [ RunTime:0.001000s ]
INFO: [ app_begin ] --START--
INFO: Run Behavior\ReadHtmlCacheBehavior [ RunTime:0.001000s ]
INFO: [ app_begin ] --END-- [ RunTime:0.002000s ]

[ 2017-04-28T23:05:48+08:00 ] ::1 /evaluation_system/index.php/home/Login/index.html
INFO: [ app_init ] --START--
INFO: Run Behavior\BuildLiteBehavior [ RunTime:0.000000s ]
INFO: [ app_init ] --END-- [ RunTime:0.001000s ]
INFO: [ app_begin ] --START--
INFO: Run Behavior\ReadHtmlCacheBehavior [ RunTime:0.001000s ]
INFO: [ app_begin ] --END-- [ RunTime:0.001000s ]
INFO: [ view_parse ] --START--
INFO: [ template_filter ] --START--
INFO: Run Behavior\ContentReplaceBehavior [ RunTime:0.000000s ]
INFO: [ template_filter ] --END-- [ RunTime:0.001000s ]
INFO: Run Behavior\ParseTemplateBehavior [ RunTime:0.009001s ]
INFO: [ view_parse ] --END-- [ RunTime:0.009001s ]
INFO: [ view_filter ] --START--
INFO: Run Behavior\WriteHtmlCacheBehavior [ RunTime:0.000000s ]
INFO: [ view_filter ] --END-- [ RunTime:0.002000s ]
INFO: [ app_end ] --START--
INFO: Run Behavior\ShowPageTraceBehavior [ RunTime:0.001000s ]
INFO: [ app_end ] --END-- [ RunTime:0.001000s ]

[ 2017-04-28T23:06:06+08:00 ] ::1 /evaluation_system/index.php/Home/Login/index.html
INFO: [ app_init ] --START--
INFO: Run Behavior\BuildLiteBehavior [ RunTime:0.002500s ]
INFO: [ app_init ] --END-- [ RunTime:0.002500s ]
INFO: [ app_begin ] --START--
INFO: Run Behavior\ReadHtmlCacheBehavior [ RunTime:0.000000s ]
INFO: [ app_begin ] --END-- [ RunTime:0.000000s ]
SQL: SHOW COLUMNS FROM `user` [ RunTime:0.0050s ]
SQL: SELECT * FROM `user` WHERE `user_number` = 1520110023 AND `user_password` = '152011000090816' LIMIT 1   [ RunTime:0.0000s ]
INFO: [ app_end ] --START--
INFO: Run Behavior\ShowPageTraceBehavior [ RunTime:0.002500s ]
INFO: [ app_end ] --END-- [ RunTime:0.002500s ]

[ 2017-04-28T23:06:40+08:00 ] ::1 /evaluation_system/index.php/Home/Login/index.html
INFO: [ app_init ] --START--
INFO: Run Behavior\BuildLiteBehavior [ RunTime:0.000000s ]
INFO: [ app_init ] --END-- [ RunTime:0.000000s ]
INFO: [ app_begin ] --START--
INFO: Run Behavior\ReadHtmlCacheBehavior [ RunTime:0.000000s ]
INFO: [ app_begin ] --END-- [ RunTime:0.000000s ]
SQL: SHOW COLUMNS FROM `user` [ RunTime:0.0030s ]
SQL: SELECT * FROM `user` WHERE `user_number` = 152011003 AND `user_password` = '152011000090816' LIMIT 1   [ RunTime:0.0010s ]
INFO: [ app_end ] --START--
INFO: Run Behavior\ShowPageTraceBehavior [ RunTime:0.001000s ]
INFO: [ app_end ] --END-- [ RunTime:0.001000s ]

[ 2017-04-28T23:06:40+08:00 ] ::1 /evaluation_system/index.php/home/Index/index
INFO: [ app_init ] --START--
INFO: Run Behavior\BuildLiteBehavior [ RunTime:0.000000s ]
INFO: [ app_init ] --END-- [ RunTime:0.001000s ]
INFO: [ app_begin ] --START--
INFO: Run Behavior\ReadHtmlCacheBehavior [ RunTime:0.001000s ]
INFO: [ app_begin ] --END-- [ RunTime:0.001000s ]
SQL: SHOW COLUMNS FROM `schoolyear` [ RunTime:0.0030s ]
SQL: SELECT `schoolyear_id` FROM `schoolyear` WHERE `schoolyear_nowyear` = 1 LIMIT 1   [ RunTime:0.0000s ]
SQL: SHOW COLUMNS FROM `basetwograde` [ RunTime:0.0030s ]
SQL: SELECT * FROM `basetwograde` WHERE `user_id` = 6 AND `schoolyear_id` = 2 LIMIT 1   [ RunTime:0.0010s ]
SQL: SHOW COLUMNS FROM `basetwolevelindex` [ RunTime:0.0030s ]
SQL: SELECT COUNT(*) AS tp_count FROM `basetwolevelindex` LIMIT 1   [ RunTime:0.0010s ]
SQL: SELECT * FROM `basetwolevelindex`  [ RunTime:0.0000s ]
SQL: SHOW COLUMNS FROM `deveonelevelindex` [ RunTime:0.0020s ]
SQL: SELECT COUNT(*) AS tp_count FROM `deveonelevelindex` LIMIT 1   [ RunTime:0.0000s ]
SQL: SELECT * FROM `deveonelevelindex`  [ RunTime:0.0000s ]
INFO: [ view_parse ] --START--
INFO: [ template_filter ] --START--
INFO: Run Behavior\ContentReplaceBehavior [ RunTime:0.000000s ]
INFO: [ template_filter ] --END-- [ RunTime:0.000000s ]
INFO: Run Behavior\ParseTemplateBehavior [ RunTime:0.018001s ]
INFO: [ view_parse ] --END-- [ RunTime:0.018001s ]
INFO: [ view_filter ] --START--
INFO: Run Behavior\WriteHtmlCacheBehavior [ RunTime:0.001000s ]
INFO: [ view_filter ] --END-- [ RunTime:0.001000s ]
INFO: [ app_end ] --START--
INFO: Run Behavior\ShowPageTraceBehavior [ RunTime:0.001000s ]
INFO: [ app_end ] --END-- [ RunTime:0.002000s ]

[ 2017-04-28T23:06:42+08:00 ] ::1 /evaluation_system/index.php/Home/Query/query.html
INFO: [ app_init ] --START--
INFO: Run Behavior\BuildLiteBehavior [ RunTime:0.000000s ]
INFO: [ app_init ] --END-- [ RunTime:0.000000s ]
INFO: [ app_begin ] --START--
INFO: Run Behavior\ReadHtmlCacheBehavior [ RunTime:0.000000s ]
INFO: [ app_begin ] --END-- [ RunTime:0.000000s ]
SQL: SHOW COLUMNS FROM `schoolyear` [ RunTime:0.0025s ]
SQL: SELECT * FROM `schoolyear` WHERE `schoolyear_nowyear` = 1 LIMIT 1   [ RunTime:0.0025s ]
SQL: SHOW COLUMNS FROM `basetwograde` [ RunTime:0.0025s ]
SQL: SELECT * FROM `basetwograde` WHERE `user_id` = 6 AND `schoolyear_id` = 2  [ RunTime:0.0025s ]
SQL: SHOW COLUMNS FROM `deveonelevelgrade` [ RunTime:0.0025s ]
SQL: SELECT * FROM `deveonelevelgrade` WHERE `user_id` = 6 AND `schoolyear_id` = 2  [ RunTime:0.0000s ]
SQL: SELECT * FROM `basetwograde` WHERE `user_id` = 6 AND `schoolyear_id` = 2  [ RunTime:0.0000s ]
SQL: SELECT * FROM `deveonelevelgrade` WHERE `user_id` = 6 AND `schoolyear_id` = 2  [ RunTime:0.0000s ]
SQL: SHOW COLUMNS FROM `basetwolevelindex` [ RunTime:0.0025s ]
SQL: SELECT COUNT(*) AS tp_count FROM `basetwolevelindex` LIMIT 1   [ RunTime:0.0000s ]
SQL: SELECT * FROM `basetwolevelindex`  [ RunTime:0.0000s ]
SQL: SHOW COLUMNS FROM `deveonelevelindex` [ RunTime:0.0050s ]
SQL: SELECT COUNT(*) AS tp_count FROM `deveonelevelindex` LIMIT 1   [ RunTime:0.0000s ]
SQL: SELECT * FROM `deveonelevelindex`  [ RunTime:0.0000s ]
INFO: [ view_parse ] --START--
INFO: [ template_filter ] --START--
INFO: Run Behavior\ContentReplaceBehavior [ RunTime:0.000000s ]
INFO: [ template_filter ] --END-- [ RunTime:0.000000s ]
INFO: Run Behavior\ParseTemplateBehavior [ RunTime:0.027501s ]
INFO: [ view_parse ] --END-- [ RunTime:0.027501s ]
INFO: [ view_filter ] --START--
INFO: Run Behavior\WriteHtmlCacheBehavior [ RunTime:0.000000s ]
INFO: [ view_filter ] --END-- [ RunTime:0.000000s ]
INFO: [ app_end ] --START--
INFO: Run Behavior\ShowPageTraceBehavior [ RunTime:0.000000s ]
INFO: [ app_end ] --END-- [ RunTime:0.002500s ]

[ 2017-04-28T23:06:45+08:00 ] ::1 /evaluation_system/index.php/Home/Index/changepw.html
INFO: [ app_init ] --START--
INFO: Run Behavior\BuildLiteBehavior [ RunTime:0.000000s ]
INFO: [ app_init ] --END-- [ RunTime:0.001000s ]
INFO: [ app_begin ] --START--
INFO: Run Behavior\ReadHtmlCacheBehavior [ RunTime:0.001000s ]
INFO: [ app_begin ] --END-- [ RunTime:0.001000s ]
INFO: [ view_parse ] --START--
INFO: [ template_filter ] --START--
INFO: Run Behavior\ContentReplaceBehavior [ RunTime:0.000000s ]
INFO: [ template_filter ] --END-- [ RunTime:0.000000s ]
INFO: Run Behavior\ParseTemplateBehavior [ RunTime:0.012001s ]
INFO: [ view_parse ] --END-- [ RunTime:0.013001s ]
INFO: [ view_filter ] --START--
INFO: Run Behavior\WriteHtmlCacheBehavior [ RunTime:0.001000s ]
INFO: [ view_filter ] --END-- [ RunTime:0.001000s ]
INFO: [ app_end ] --START--
INFO: Run Behavior\ShowPageTraceBehavior [ RunTime:0.001000s ]
INFO: [ app_end ] --END-- [ RunTime:0.001000s ]

[ 2017-04-28T23:06:46+08:00 ] ::1 /evaluation_system/index.php/Home/Query/query.html
INFO: [ app_init ] --START--
INFO: Run Behavior\BuildLiteBehavior [ RunTime:0.000000s ]
INFO: [ app_init ] --END-- [ RunTime:0.001000s ]
INFO: [ app_begin ] --START--
INFO: Run Behavior\ReadHtmlCacheBehavior [ RunTime:0.000000s ]
INFO: [ app_begin ] --END-- [ RunTime:0.001000s ]
SQL: SHOW COLUMNS FROM `schoolyear` [ RunTime:0.0030s ]
SQL: SELECT * FROM `schoolyear` WHERE `schoolyear_nowyear` = 1 LIMIT 1   [ RunTime:0.0010s ]
SQL: SHOW COLUMNS FROM `basetwograde` [ RunTime:0.0030s ]
SQL: SELECT * FROM `basetwograde` WHERE `user_id` = 6 AND `schoolyear_id` = 2  [ RunTime:0.0000s ]
SQL: SHOW COLUMNS FROM `deveonelevelgrade` [ RunTime:0.0020s ]
SQL: SELECT * FROM `deveonelevelgrade` WHERE `user_id` = 6 AND `schoolyear_id` = 2  [ RunTime:0.0010s ]
SQL: SELECT * FROM `basetwograde` WHERE `user_id` = 6 AND `schoolyear_id` = 2  [ RunTime:0.0000s ]
SQL: SELECT * FROM `deveonelevelgrade` WHERE `user_id` = 6 AND `schoolyear_id` = 2  [ RunTime:0.0000s ]
SQL: SHOW COLUMNS FROM `basetwolevelindex` [ RunTime:0.0020s ]
SQL: SELECT COUNT(*) AS tp_count FROM `basetwolevelindex` LIMIT 1   [ RunTime:0.0000s ]
SQL: SELECT * FROM `basetwolevelindex`  [ RunTime:0.0000s ]
SQL: SHOW COLUMNS FROM `deveonelevelindex` [ RunTime:0.0020s ]
SQL: SELECT COUNT(*) AS tp_count FROM `deveonelevelindex` LIMIT 1   [ RunTime:0.0000s ]
SQL: SELECT * FROM `deveonelevelindex`  [ RunTime:0.0010s ]
INFO: [ view_parse ] --START--
INFO: [ template_filter ] --START--
INFO: Run Behavior\ContentReplaceBehavior [ RunTime:0.001000s ]
INFO: [ template_filter ] --END-- [ RunTime:0.001000s ]
INFO: Run Behavior\ParseTemplateBehavior [ RunTime:0.029002s ]
INFO: [ view_parse ] --END-- [ RunTime:0.030002s ]
INFO: [ view_filter ] --START--
INFO: Run Behavior\WriteHtmlCacheBehavior [ RunTime:0.000000s ]
INFO: [ view_filter ] --END-- [ RunTime:0.000000s ]
INFO: [ app_end ] --START--
INFO: Run Behavior\ShowPageTraceBehavior [ RunTime:0.002000s ]
INFO: [ app_end ] --END-- [ RunTime:0.002000s ]

[ 2017-04-28T23:06:49+08:00 ] ::1 /evaluation_system/index.php/Home/Query/images/lightbox-ico-loading.gif
INFO: [ app_init ] --START--
INFO: Run Behavior\BuildLiteBehavior [ RunTime:0.000000s ]
INFO: [ app_init ] --END-- [ RunTime:0.000000s ]

[ 2017-04-28T23:06:49+08:00 ] ::1 /evaluation_system/index.php/Home/Query/images/lightbox-btn-close.gif
INFO: [ app_init ] --START--
INFO: Run Behavior\BuildLiteBehavior [ RunTime:0.001000s ]
INFO: [ app_init ] --END-- [ RunTime:0.001000s ]

[ 2017-04-28T23:06:50+08:00 ] ::1 /evaluation_system/index.php/Home/Query/images/lightbox-blank.gif
INFO: [ app_init ] --START--
INFO: Run Behavior\BuildLiteBehavior [ RunTime:0.000000s ]
INFO: [ app_init ] --END-- [ RunTime:0.001000s ]

[ 2017-04-28T23:06:50+08:00 ] ::1 /evaluation_system/index.php/Home/Query/images/lightbox-btn-next.gif
INFO: [ app_init ] --START--
INFO: Run Behavior\BuildLiteBehavior [ RunTime:0.000000s ]
INFO: [ app_init ] --END-- [ RunTime:0.002000s ]

[ 2017-04-28T23:06:51+08:00 ] ::1 /evaluation_system/index.php/Home/Query/images/lightbox-blank.gif
INFO: [ app_init ] --START--
INFO: Run Behavior\BuildLiteBehavior [ RunTime:0.000000s ]
INFO: [ app_init ] --END-- [ RunTime:0.000000s ]

[ 2017-04-28T23:06:51+08:00 ] ::1 /evaluation_system/index.php/Home/Query/images/lightbox-btn-next.gif
INFO: [ app_init ] --START--
INFO: Run Behavior\BuildLiteBehavior [ RunTime:0.000000s ]
INFO: [ app_init ] --END-- [ RunTime:0.001000s ]

[ 2017-04-28T23:06:52+08:00 ] ::1 /evaluation_system/index.php/Home/Query/images/lightbox-blank.gif
INFO: [ app_init ] --START--
INFO: Run Behavior\BuildLiteBehavior [ RunTime:0.000000s ]
INFO: [ app_init ] --END-- [ RunTime:0.001000s ]

[ 2017-04-28T23:06:52+08:00 ] ::1 /evaluation_system/index.php/Home/Query/images/lightbox-btn-next.gif
INFO: [ app_init ] --START--
INFO: Run Behavior\BuildLiteBehavior [ RunTime:0.000000s ]
INFO: [ app_init ] --END-- [ RunTime:0.001000s ]

[ 2017-04-28T23:06:56+08:00 ] ::1 /evaluation_system/index.php/Home/Query/images/lightbox-blank.gif
INFO: [ app_init ] --START--
INFO: Run Behavior\BuildLiteBehavior [ RunTime:0.000000s ]
INFO: [ app_init ] --END-- [ RunTime:0.001000s ]

[ 2017-04-28T23:07:04+08:00 ] ::1 /evaluation_system/index.php/Home/Query/images/lightbox-ico-loading.gif
INFO: [ app_init ] --START--
INFO: Run Behavior\BuildLiteBehavior [ RunTime:0.001000s ]
INFO: [ app_init ] --END-- [ RunTime:0.001000s ]

[ 2017-04-28T23:07:04+08:00 ] ::1 /evaluation_system/index.php/Home/Query/images/lightbox-btn-close.gif
INFO: [ app_init ] --START--
INFO: Run Behavior\BuildLiteBehavior [ RunTime:0.000000s ]
INFO: [ app_init ] --END-- [ RunTime:0.002000s ]

[ 2017-04-28T23:07:05+08:00 ] ::1 /evaluation_system/index.php/Home/Query/images/lightbox-blank.gif
INFO: [ app_init ] --START--
INFO: Run Behavior\BuildLiteBehavior [ RunTime:0.000000s ]
INFO: [ app_init ] --END-- [ RunTime:0.001000s ]

[ 2017-04-28T23:07:07+08:00 ] ::1 /evaluation_system/index.php/Home/Login/loginout.html
INFO: [ app_init ] --START--
INFO: Run Behavior\BuildLiteBehavior [ RunTime:0.000000s ]
INFO: [ app_init ] --END-- [ RunTime:0.000000s ]
INFO: [ app_begin ] --START--
INFO: Run Behavior\ReadHtmlCacheBehavior [ RunTime:0.001000s ]
INFO: [ app_begin ] --END-- [ RunTime:0.001000s ]
INFO: [ view_parse ] --START--
INFO: [ template_filter ] --START--
INFO: Run Behavior\ContentReplaceBehavior [ RunTime:0.000000s ]
INFO: [ template_filter ] --END-- [ RunTime:0.000000s ]
INFO: Run Behavior\ParseTemplateBehavior [ RunTime:0.009000s ]
INFO: [ view_parse ] --END-- [ RunTime:0.009000s ]
INFO: [ view_filter ] --START--
INFO: Run Behavior\WriteHtmlCacheBehavior [ RunTime:0.000000s ]
INFO: [ view_filter ] --END-- [ RunTime:0.000000s ]
INFO: [ app_end ] --START--
INFO: Run Behavior\ShowPageTraceBehavior [ RunTime:0.001000s ]
INFO: [ app_end ] --END-- [ RunTime:0.001000s ]

[ 2017-04-28T23:07:09+08:00 ] ::1 /evaluation_system/index.php/Home/Query/query.html
INFO: [ app_init ] --START--
INFO: Run Behavior\BuildLiteBehavior [ RunTime:0.000000s ]
INFO: [ app_init ] --END-- [ RunTime:0.000000s ]
INFO: [ app_begin ] --START--
INFO: Run Behavior\ReadHtmlCacheBehavior [ RunTime:0.000000s ]
INFO: [ app_begin ] --END-- [ RunTime:0.002000s ]

[ 2017-04-28T23:07:09+08:00 ] ::1 /evaluation_system/index.php/home/Login/index.html
INFO: [ app_init ] --START--
INFO: Run Behavior\BuildLiteBehavior [ RunTime:0.000000s ]
INFO: [ app_init ] --END-- [ RunTime:0.000000s ]
INFO: [ app_begin ] --START--
INFO: Run Behavior\ReadHtmlCacheBehavior [ RunTime:0.002000s ]
INFO: [ app_begin ] --END-- [ RunTime:0.003000s ]
INFO: [ view_parse ] --START--
INFO: [ template_filter ] --START--
INFO: Run Behavior\ContentReplaceBehavior [ RunTime:0.000000s ]
INFO: [ template_filter ] --END-- [ RunTime:0.000000s ]
INFO: Run Behavior\ParseTemplateBehavior [ RunTime:0.009001s ]
INFO: [ view_parse ] --END-- [ RunTime:0.009001s ]
INFO: [ view_filter ] --START--
INFO: Run Behavior\WriteHtmlCacheBehavior [ RunTime:0.000000s ]
INFO: [ view_filter ] --END-- [ RunTime:0.001000s ]
INFO: [ app_end ] --START--
INFO: Run Behavior\ShowPageTraceBehavior [ RunTime:0.000000s ]
INFO: [ app_end ] --END-- [ RunTime:0.001000s ]

[ 2017-04-28T23:07:44+08:00 ] ::1 /evaluation_system/index.php/Home/Login/index.html
INFO: [ app_init ] --START--
INFO: Run Behavior\BuildLiteBehavior [ RunTime:0.000000s ]
INFO: [ app_init ] --END-- [ RunTime:0.000000s ]
INFO: [ app_begin ] --START--
INFO: Run Behavior\ReadHtmlCacheBehavior [ RunTime:0.000000s ]
INFO: [ app_begin ] --END-- [ RunTime:0.000000s ]
SQL: SHOW COLUMNS FROM `user` [ RunTime:0.0025s ]
SQL: SELECT * FROM `user` WHERE `user_number` = 152011010 AND `user_password` = '123' LIMIT 1   [ RunTime:0.0000s ]
INFO: [ app_end ] --START--
INFO: Run Behavior\ShowPageTraceBehavior [ RunTime:0.002500s ]
INFO: [ app_end ] --END-- [ RunTime:0.002500s ]

[ 2017-04-28T23:07:44+08:00 ] ::1 /evaluation_system/index.php/home/Index/index
INFO: [ app_init ] --START--
INFO: Run Behavior\BuildLiteBehavior [ RunTime:0.000000s ]
INFO: [ app_init ] --END-- [ RunTime:0.002500s ]
INFO: [ app_begin ] --START--
INFO: Run Behavior\ReadHtmlCacheBehavior [ RunTime:0.000000s ]
INFO: [ app_begin ] --END-- [ RunTime:0.000000s ]
SQL: SHOW COLUMNS FROM `schoolyear` [ RunTime:0.0025s ]
SQL: SELECT `schoolyear_id` FROM `schoolyear` WHERE `schoolyear_nowyear` = 1 LIMIT 1   [ RunTime:0.0000s ]
SQL: SHOW COLUMNS FROM `basetwograde` [ RunTime:0.0050s ]
SQL: SELECT * FROM `basetwograde` WHERE `user_id` = 9 AND `schoolyear_id` = 2 LIMIT 1   [ RunTime:0.0025s ]
SQL: SHOW COLUMNS FROM `basetwolevelindex` [ RunTime:0.0025s ]
SQL: SELECT COUNT(*) AS tp_count FROM `basetwolevelindex` LIMIT 1   [ RunTime:0.0000s ]
SQL: SELECT * FROM `basetwolevelindex`  [ RunTime:0.0000s ]
SQL: SHOW COLUMNS FROM `deveonelevelindex` [ RunTime:0.0025s ]
SQL: SELECT COUNT(*) AS tp_count FROM `deveonelevelindex` LIMIT 1   [ RunTime:0.0000s ]
SQL: SELECT * FROM `deveonelevelindex`  [ RunTime:0.0000s ]
INFO: [ view_parse ] --START--
INFO: [ template_filter ] --START--
INFO: Run Behavior\ContentReplaceBehavior [ RunTime:0.000000s ]
INFO: [ template_filter ] --END-- [ RunTime:0.000000s ]
INFO: Run Behavior\ParseTemplateBehavior [ RunTime:0.022500s ]
INFO: [ view_parse ] --END-- [ RunTime:0.022500s ]
INFO: [ view_filter ] --START--
INFO: Run Behavior\WriteHtmlCacheBehavior [ RunTime:0.002500s ]
INFO: [ view_filter ] --END-- [ RunTime:0.002500s ]
INFO: [ app_end ] --START--
INFO: Run Behavior\ShowPageTraceBehavior [ RunTime:0.000000s ]
INFO: [ app_end ] --END-- [ RunTime:0.000000s ]

[ 2017-04-28T23:07:47+08:00 ] ::1 /evaluation_system/index.php/Home/Query/query.html
INFO: [ app_init ] --START--
INFO: Run Behavior\BuildLiteBehavior [ RunTime:0.000000s ]
INFO: [ app_init ] --END-- [ RunTime:0.002500s ]
INFO: [ app_begin ] --START--
INFO: Run Behavior\ReadHtmlCacheBehavior [ RunTime:0.000000s ]
INFO: [ app_begin ] --END-- [ RunTime:0.000000s ]
SQL: SHOW COLUMNS FROM `schoolyear` [ RunTime:0.0025s ]
SQL: SELECT * FROM `schoolyear` WHERE `schoolyear_nowyear` = 1 LIMIT 1   [ RunTime:0.0000s ]
SQL: SHOW COLUMNS FROM `basetwograde` [ RunTime:0.0025s ]
SQL: SELECT * FROM `basetwograde` WHERE `user_id` = 9 AND `schoolyear_id` = 2  [ RunTime:0.0000s ]
SQL: SHOW COLUMNS FROM `deveonelevelgrade` [ RunTime:0.0025s ]
SQL: SELECT * FROM `deveonelevelgrade` WHERE `user_id` = 9 AND `schoolyear_id` = 2  [ RunTime:0.0000s ]
SQL: SELECT * FROM `basetwograde` WHERE `user_id` = 9 AND `schoolyear_id` = 2  [ RunTime:0.0025s ]
SQL: SELECT * FROM `deveonelevelgrade` WHERE `user_id` = 9 AND `schoolyear_id` = 2  [ RunTime:0.0000s ]
SQL: SHOW COLUMNS FROM `basetwolevelindex` [ RunTime:0.0025s ]
SQL: SELECT COUNT(*) AS tp_count FROM `basetwolevelindex` LIMIT 1   [ RunTime:0.0000s ]
SQL: SELECT * FROM `basetwolevelindex`  [ RunTime:0.0000s ]
SQL: SHOW COLUMNS FROM `deveonelevelindex` [ RunTime:0.0025s ]
SQL: SELECT COUNT(*) AS tp_count FROM `deveonelevelindex` LIMIT 1   [ RunTime:0.0000s ]
SQL: SELECT * FROM `deveonelevelindex`  [ RunTime:0.0000s ]
INFO: [ view_parse ] --START--
INFO: [ template_filter ] --START--
INFO: Run Behavior\ContentReplaceBehavior [ RunTime:0.000000s ]
INFO: [ template_filter ] --END-- [ RunTime:0.000000s ]
NOTIC: [8] Undefined offset: 0 E:\wamp\www\evaluation_system\Application\Runtime\Cache\Home\0cdc6898f5ff6c6dead16054eae390c4.php 第 151 行.
NOTIC: [8] Undefined offset: 0 E:\wamp\www\evaluation_system\Application\Runtime\Cache\Home\0cdc6898f5ff6c6dead16054eae390c4.php 第 153 行.
NOTIC: [8] Undefined offset: 0 E:\wamp\www\evaluation_system\Application\Runtime\Cache\Home\0cdc6898f5ff6c6dead16054eae390c4.php 第 155 行.
NOTIC: [8] Undefined offset: 0 E:\wamp\www\evaluation_system\Application\Runtime\Cache\Home\0cdc6898f5ff6c6dead16054eae390c4.php 第 156 行.
NOTIC: [8] Undefined offset: 1 E:\wamp\www\evaluation_system\Application\Runtime\Cache\Home\0cdc6898f5ff6c6dead16054eae390c4.php 第 161 行.
NOTIC: [8] Undefined offset: 1 E:\wamp\www\evaluation_system\Application\Runtime\Cache\Home\0cdc6898f5ff6c6dead16054eae390c4.php 第 163 行.
NOTIC: [8] Undefined offset: 1 E:\wamp\www\evaluation_system\Application\Runtime\Cache\Home\0cdc6898f5ff6c6dead16054eae390c4.php 第 165 行.
NOTIC: [8] Undefined offset: 1 E:\wamp\www\evaluation_system\Application\Runtime\Cache\Home\0cdc6898f5ff6c6dead16054eae390c4.php 第 166 行.
NOTIC: [8] Undefined offset: 2 E:\wamp\www\evaluation_system\Application\Runtime\Cache\Home\0cdc6898f5ff6c6dead16054eae390c4.php 第 173 行.
NOTIC: [8] Undefined offset: 2 E:\wamp\www\evaluation_system\Application\Runtime\Cache\Home\0cdc6898f5ff6c6dead16054eae390c4.php 第 175 行.
NOTIC: [8] Undefined offset: 2 E:\wamp\www\evaluation_system\Application\Runtime\Cache\Home\0cdc6898f5ff6c6dead16054eae390c4.php 第 177 行.
NOTIC: [8] Undefined offset: 2 E:\wamp\www\evaluation_system\Application\Runtime\Cache\Home\0cdc6898f5ff6c6dead16054eae390c4.php 第 178 行.
NOTIC: [8] Undefined offset: 3 E:\wamp\www\evaluation_system\Application\Runtime\Cache\Home\0cdc6898f5ff6c6dead16054eae390c4.php 第 187 行.
NOTIC: [8] Undefined offset: 3 E:\wamp\www\evaluation_system\Application\Runtime\Cache\Home\0cdc6898f5ff6c6dead16054eae390c4.php 第 189 行.
NOTIC: [8] Undefined offset: 3 E:\wamp\www\evaluation_system\Application\Runtime\Cache\Home\0cdc6898f5ff6c6dead16054eae390c4.php 第 191 行.
NOTIC: [8] Undefined offset: 3 E:\wamp\www\evaluation_system\Application\Runtime\Cache\Home\0cdc6898f5ff6c6dead16054eae390c4.php 第 192 行.
NOTIC: [8] Undefined offset: 4 E:\wamp\www\evaluation_system\Application\Runtime\Cache\Home\0cdc6898f5ff6c6dead16054eae390c4.php 第 199 行.
NOTIC: [8] Undefined offset: 4 E:\wamp\www\evaluation_system\Application\Runtime\Cache\Home\0cdc6898f5ff6c6dead16054eae390c4.php 第 201 行.
NOTIC: [8] Undefined offset: 4 E:\wamp\www\evaluation_system\Application\Runtime\Cache\Home\0cdc6898f5ff6c6dead16054eae390c4.php 第 203 行.
NOTIC: [8] Undefined offset: 4 E:\wamp\www\evaluation_system\Application\Runtime\Cache\Home\0cdc6898f5ff6c6dead16054eae390c4.php 第 204 行.
NOTIC: [8] Undefined offset: 5 E:\wamp\www\evaluation_system\Application\Runtime\Cache\Home\0cdc6898f5ff6c6dead16054eae390c4.php 第 212 行.
NOTIC: [8] Undefined offset: 5 E:\wamp\www\evaluation_system\Application\Runtime\Cache\Home\0cdc6898f5ff6c6dead16054eae390c4.php 第 214 行.
NOTIC: [8] Undefined offset: 5 E:\wamp\www\evaluation_system\Application\Runtime\Cache\Home\0cdc6898f5ff6c6dead16054eae390c4.php 第 216 行.
NOTIC: [8] Undefined offset: 5 E:\wamp\www\evaluation_system\Application\Runtime\Cache\Home\0cdc6898f5ff6c6dead16054eae390c4.php 第 217 行.
NOTIC: [8] Undefined offset: 6 E:\wamp\www\evaluation_system\Application\Runtime\Cache\Home\0cdc6898f5ff6c6dead16054eae390c4.php 第 224 行.
NOTIC: [8] Undefined offset: 6 E:\wamp\www\evaluation_system\Application\Runtime\Cache\Home\0cdc6898f5ff6c6dead16054eae390c4.php 第 226 行.
NOTIC: [8] Undefined offset: 6 E:\wamp\www\evaluation_system\Application\Runtime\Cache\Home\0cdc6898f5ff6c6dead16054eae390c4.php 第 228 行.
NOTIC: [8] Undefined offset: 6 E:\wamp\www\evaluation_system\Application\Runtime\Cache\Home\0cdc6898f5ff6c6dead16054eae390c4.php 第 229 行.
NOTIC: [8] Undefined offset: 7 E:\wamp\www\evaluation_system\Application\Runtime\Cache\Home\0cdc6898f5ff6c6dead16054eae390c4.php 第 237 行.
NOTIC: [8] Undefined offset: 7 E:\wamp\www\evaluation_system\Application\Runtime\Cache\Home\0cdc6898f5ff6c6dead16054eae390c4.php 第 239 行.
NOTIC: [8] Undefined offset: 7 E:\wamp\www\evaluation_system\Application\Runtime\Cache\Home\0cdc6898f5ff6c6dead16054eae390c4.php 第 241 行.
NOTIC: [8] Undefined offset: 7 E:\wamp\www\evaluation_system\Application\Runtime\Cache\Home\0cdc6898f5ff6c6dead16054eae390c4.php 第 242 行.
NOTIC: [8] Undefined offset: 8 E:\wamp\www\evaluation_system\Application\Runtime\Cache\Home\0cdc6898f5ff6c6dead16054eae390c4.php 第 250 行.
NOTIC: [8] Undefined offset: 8 E:\wamp\www\evaluation_system\Application\Runtime\Cache\Home\0cdc6898f5ff6c6dead16054eae390c4.php 第 252 行.
NOTIC: [8] Undefined offset: 8 E:\wamp\www\evaluation_system\Application\Runtime\Cache\Home\0cdc6898f5ff6c6dead16054eae390c4.php 第 254 行.
NOTIC: [8] Undefined offset: 8 E:\wamp\www\evaluation_system\Application\Runtime\Cache\Home\0cdc6898f5ff6c6dead16054eae390c4.php 第 255 行.
NOTIC: [8] Undefined offset: 9 E:\wamp\www\evaluation_system\Application\Runtime\Cache\Home\0cdc6898f5ff6c6dead16054eae390c4.php 第 262 行.
NOTIC: [8] Undefined offset: 9 E:\wamp\www\evaluation_system\Application\Runtime\Cache\Home\0cdc6898f5ff6c6dead16054eae390c4.php 第 264 行.
NOTIC: [8] Undefined offset: 9 E:\wamp\www\evaluation_system\Application\Runtime\Cache\Home\0cdc6898f5ff6c6dead16054eae390c4.php 第 266 行.
NOTIC: [8] Undefined offset: 9 E:\wamp\www\evaluation_system\Application\Runtime\Cache\Home\0cdc6898f5ff6c6dead16054eae390c4.php 第 267 行.
INFO: Run Behavior\ParseTemplateBehavior [ RunTime:0.032500s ]
INFO: [ view_parse ] --END-- [ RunTime:0.032500s ]
INFO: [ view_filter ] --START--
INFO: Run Behavior\WriteHtmlCacheBehavior [ RunTime:0.000000s ]
INFO: [ view_filter ] --END-- [ RunTime:0.000000s ]
INFO: [ app_end ] --START--
INFO: Run Behavior\ShowPageTraceBehavior [ RunTime:0.000000s ]
INFO: [ app_end ] --END-- [ RunTime:0.000000s ]

[ 2017-04-28T23:07:50+08:00 ] ::1 /evaluation_system/index.php/Home/Index/index.html
INFO: [ app_init ] --START--
INFO: Run Behavior\BuildLiteBehavior [ RunTime:0.000000s ]
INFO: [ app_init ] --END-- [ RunTime:0.000000s ]
INFO: [ app_begin ] --START--
INFO: Run Behavior\ReadHtmlCacheBehavior [ RunTime:0.000000s ]
INFO: [ app_begin ] --END-- [ RunTime:0.000000s ]
SQL: SHOW COLUMNS FROM `schoolyear` [ RunTime:0.0030s ]
SQL: SELECT `schoolyear_id` FROM `schoolyear` WHERE `schoolyear_nowyear` = 1 LIMIT 1   [ RunTime:0.0000s ]
SQL: SHOW COLUMNS FROM `basetwograde` [ RunTime:0.0020s ]
SQL: SELECT * FROM `basetwograde` WHERE `user_id` = 9 AND `schoolyear_id` = 2 LIMIT 1   [ RunTime:0.0010s ]
SQL: SHOW COLUMNS FROM `basetwolevelindex` [ RunTime:0.0030s ]
SQL: SELECT COUNT(*) AS tp_count FROM `basetwolevelindex` LIMIT 1   [ RunTime:0.0010s ]
SQL: SELECT * FROM `basetwolevelindex`  [ RunTime:0.0000s ]
SQL: SHOW COLUMNS FROM `deveonelevelindex` [ RunTime:0.0030s ]
SQL: SELECT COUNT(*) AS tp_count FROM `deveonelevelindex` LIMIT 1   [ RunTime:0.0000s ]
SQL: SELECT * FROM `deveonelevelindex`  [ RunTime:0.0000s ]
INFO: [ view_parse ] --START--
INFO: [ template_filter ] --START--
INFO: Run Behavior\ContentReplaceBehavior [ RunTime:0.000000s ]
INFO: [ template_filter ] --END-- [ RunTime:0.000000s ]
INFO: Run Behavior\ParseTemplateBehavior [ RunTime:0.019001s ]
INFO: [ view_parse ] --END-- [ RunTime:0.019001s ]
INFO: [ view_filter ] --START--
INFO: Run Behavior\WriteHtmlCacheBehavior [ RunTime:0.000000s ]
INFO: [ view_filter ] --END-- [ RunTime:0.001000s ]
INFO: [ app_end ] --START--
INFO: Run Behavior\ShowPageTraceBehavior [ RunTime:0.001000s ]
INFO: [ app_end ] --END-- [ RunTime:0.001000s ]

