[ 2017-09-13T15:31:43+08:00 ] 127.0.0.1 /evaluation_system/
INFO: [ app_init ] --START--
INFO: Run Behavior\BuildLiteBehavior [ RunTime:0.000012s ]
INFO: [ app_init ] --END-- [ RunTime:0.000241s ]
INFO: [ app_begin ] --START--
INFO: Run Behavior\ReadHtmlCacheBehavior [ RunTime:0.000307s ]
INFO: [ app_begin ] --END-- [ RunTime:0.000371s ]

[ 2017-09-13T15:31:43+08:00 ] 127.0.0.1 /evaluation_system/index.php/home/Login/index.html
INFO: [ app_init ] --START--
INFO: Run Behavior\BuildLiteBehavior [ RunTime:0.000012s ]
INFO: [ app_init ] --END-- [ RunTime:0.000220s ]
INFO: [ app_begin ] --START--
INFO: Run Behavior\ReadHtmlCacheBehavior [ RunTime:0.000260s ]
INFO: [ app_begin ] --END-- [ RunTime:0.000306s ]
INFO: [ view_parse ] --START--
INFO: [ template_filter ] --START--
INFO: Run Behavior\ContentReplaceBehavior [ RunTime:0.000035s ]
INFO: [ template_filter ] --END-- [ RunTime:0.000083s ]
INFO: Run Behavior\ParseTemplateBehavior [ RunTime:0.003523s ]
INFO: [ view_parse ] --END-- [ RunTime:0.003566s ]
INFO: [ view_filter ] --START--
INFO: Run Behavior\WriteHtmlCacheBehavior [ RunTime:0.000084s ]
INFO: [ view_filter ] --END-- [ RunTime:0.000115s ]
INFO: [ app_end ] --START--
INFO: Run Behavior\ShowPageTraceBehavior [ RunTime:0.000289s ]
INFO: [ app_end ] --END-- [ RunTime:0.000323s ]

[ 2017-09-13T16:05:37+08:00 ] 127.0.0.1 /evaluation_system/
INFO: [ app_init ] --START--
INFO: Run Behavior\BuildLiteBehavior [ RunTime:0.000012s ]
INFO: [ app_init ] --END-- [ RunTime:0.000208s ]
INFO: [ app_begin ] --START--
INFO: Run Behavior\ReadHtmlCacheBehavior [ RunTime:0.000256s ]
INFO: [ app_begin ] --END-- [ RunTime:0.000300s ]

[ 2017-09-13T16:05:37+08:00 ] 127.0.0.1 /evaluation_system/index.php/home/Login/index.html
INFO: [ app_init ] --START--
INFO: Run Behavior\BuildLiteBehavior [ RunTime:0.000013s ]
INFO: [ app_init ] --END-- [ RunTime:0.000218s ]
INFO: [ app_begin ] --START--
INFO: Run Behavior\ReadHtmlCacheBehavior [ RunTime:0.000260s ]
INFO: [ app_begin ] --END-- [ RunTime:0.000305s ]
INFO: [ view_parse ] --START--
INFO: [ template_filter ] --START--
INFO: Run Behavior\ContentReplaceBehavior [ RunTime:0.000039s ]
INFO: [ template_filter ] --END-- [ RunTime:0.000097s ]
INFO: Run Behavior\ParseTemplateBehavior [ RunTime:0.004037s ]
INFO: [ view_parse ] --END-- [ RunTime:0.004085s ]
INFO: [ view_filter ] --START--
INFO: Run Behavior\WriteHtmlCacheBehavior [ RunTime:0.000104s ]
INFO: [ view_filter ] --END-- [ RunTime:0.000137s ]
INFO: [ app_end ] --START--
INFO: Run Behavior\ShowPageTraceBehavior [ RunTime:0.000269s ]
INFO: [ app_end ] --END-- [ RunTime:0.000306s ]

[ 2017-09-13T16:06:07+08:00 ] 127.0.0.1 /evaluation_system/index.php/Home/Login/index.html
INFO: [ app_init ] --START--
INFO: Run Behavior\BuildLiteBehavior [ RunTime:0.000010s ]
INFO: [ app_init ] --END-- [ RunTime:0.000206s ]
INFO: [ app_begin ] --START--
INFO: Run Behavior\ReadHtmlCacheBehavior [ RunTime:0.000239s ]
INFO: [ app_begin ] --END-- [ RunTime:0.000278s ]
SQL: SHOW COLUMNS FROM `user` [ RunTime:0.0004s ]
SQL: SELECT * FROM `user` WHERE `user_number` = 152011002 AND `user_password` = '123' LIMIT 1   [ RunTime:0.0002s ]
INFO: [ app_end ] --START--
INFO: Run Behavior\ShowPageTraceBehavior [ RunTime:0.000303s ]
INFO: [ app_end ] --END-- [ RunTime:0.000344s ]

[ 2017-09-13T16:06:38+08:00 ] 127.0.0.1 /evaluation_system/index.php/Home/Login/index.html
INFO: [ app_init ] --START--
INFO: Run Behavior\BuildLiteBehavior [ RunTime:0.000012s ]
INFO: [ app_init ] --END-- [ RunTime:0.000207s ]
INFO: [ app_begin ] --START--
INFO: Run Behavior\ReadHtmlCacheBehavior [ RunTime:0.000242s ]
INFO: [ app_begin ] --END-- [ RunTime:0.000281s ]
SQL: SHOW COLUMNS FROM `user` [ RunTime:0.0004s ]
SQL: SELECT * FROM `user` WHERE `user_number` = 152011002 AND `user_password` = '1234' LIMIT 1   [ RunTime:0.0003s ]
INFO: [ app_end ] --START--
INFO: Run Behavior\ShowPageTraceBehavior [ RunTime:0.000349s ]
INFO: [ app_end ] --END-- [ RunTime:0.000401s ]

[ 2017-09-13T16:06:39+08:00 ] 127.0.0.1 /evaluation_system/index.php/home/Index/index
INFO: [ app_init ] --START--
INFO: Run Behavior\BuildLiteBehavior [ RunTime:0.000011s ]
INFO: [ app_init ] --END-- [ RunTime:0.000204s ]
INFO: [ app_begin ] --START--
INFO: Run Behavior\ReadHtmlCacheBehavior [ RunTime:0.000244s ]
INFO: [ app_begin ] --END-- [ RunTime:0.000285s ]
SQL: SHOW COLUMNS FROM `schoolyear` [ RunTime:0.0003s ]
SQL: SELECT `schoolyear_id` FROM `schoolyear` WHERE `schoolyear_nowyear` = 1 LIMIT 1   [ RunTime:0.0002s ]
SQL: SHOW COLUMNS FROM `basetwograde` [ RunTime:0.0004s ]
SQL: SELECT * FROM `basetwograde` WHERE `user_id` = 1 AND `schoolyear_id` = 6 LIMIT 1   [ RunTime:0.0002s ]
SQL: SHOW COLUMNS FROM `basetwolevelindex` [ RunTime:0.0004s ]
SQL: SELECT COUNT(*) AS tp_count FROM `basetwolevelindex` LIMIT 1   [ RunTime:0.0002s ]
SQL: SELECT * FROM `basetwolevelindex`  [ RunTime:0.0001s ]
SQL: SHOW COLUMNS FROM `deveonelevelindex` [ RunTime:0.0003s ]
SQL: SELECT COUNT(*) AS tp_count FROM `deveonelevelindex` LIMIT 1   [ RunTime:0.0002s ]
SQL: SELECT * FROM `deveonelevelindex`  [ RunTime:0.0001s ]
INFO: [ view_parse ] --START--
INFO: [ template_filter ] --START--
INFO: Run Behavior\ContentReplaceBehavior [ RunTime:0.000056s ]
INFO: [ template_filter ] --END-- [ RunTime:0.000110s ]
INFO: Run Behavior\ParseTemplateBehavior [ RunTime:0.022059s ]
INFO: [ view_parse ] --END-- [ RunTime:0.022104s ]
INFO: [ view_filter ] --START--
INFO: Run Behavior\WriteHtmlCacheBehavior [ RunTime:0.000096s ]
INFO: [ view_filter ] --END-- [ RunTime:0.000130s ]
INFO: [ app_end ] --START--
INFO: Run Behavior\ShowPageTraceBehavior [ RunTime:0.000269s ]
INFO: [ app_end ] --END-- [ RunTime:0.000308s ]

[ 2017-09-13T21:58:07+08:00 ] 14.30.85.173 /evaluation_system/
INFO: [ app_init ] --START--
INFO: Run Behavior\BuildLiteBehavior [ RunTime:0.000013s ]
INFO: [ app_init ] --END-- [ RunTime:0.000455s ]
INFO: [ app_begin ] --START--
INFO: Run Behavior\ReadHtmlCacheBehavior [ RunTime:0.000643s ]
INFO: [ app_begin ] --END-- [ RunTime:0.000696s ]

[ 2017-09-13T21:58:08+08:00 ] 14.30.85.173 /evaluation_system/index.php/home/Login/index.html
INFO: [ app_init ] --START--
INFO: Run Behavior\BuildLiteBehavior [ RunTime:0.000012s ]
INFO: [ app_init ] --END-- [ RunTime:0.000074s ]
INFO: [ app_begin ] --START--
INFO: Run Behavior\ReadHtmlCacheBehavior [ RunTime:0.000030s ]
INFO: [ app_begin ] --END-- [ RunTime:0.000059s ]
INFO: [ view_parse ] --START--
INFO: [ template_filter ] --START--
INFO: Run Behavior\ContentReplaceBehavior [ RunTime:0.000048s ]
INFO: [ template_filter ] --END-- [ RunTime:0.000114s ]
INFO: Run Behavior\ParseTemplateBehavior [ RunTime:0.047930s ]
INFO: [ view_parse ] --END-- [ RunTime:0.047999s ]
INFO: [ view_filter ] --START--
INFO: Run Behavior\WriteHtmlCacheBehavior [ RunTime:0.000349s ]
INFO: [ view_filter ] --END-- [ RunTime:0.000389s ]
INFO: [ app_end ] --START--
INFO: Run Behavior\ShowPageTraceBehavior [ RunTime:0.000663s ]
INFO: [ app_end ] --END-- [ RunTime:0.000695s ]

[ 2017-09-13T21:58:17+08:00 ] 14.30.85.173 /evaluation_system/index.php/Home/Login/index.html
INFO: [ app_init ] --START--
INFO: Run Behavior\BuildLiteBehavior [ RunTime:0.000023s ]
INFO: [ app_init ] --END-- [ RunTime:0.000132s ]
INFO: [ app_begin ] --START--
INFO: Run Behavior\ReadHtmlCacheBehavior [ RunTime:0.000068s ]
INFO: [ app_begin ] --END-- [ RunTime:0.000098s ]
SQL: SHOW COLUMNS FROM `user` [ RunTime:0.0010s ]
SQL: SELECT * FROM `user` WHERE `user_number` = 152011002 AND `user_password` = '1234' LIMIT 1   [ RunTime:0.0003s ]
INFO: [ app_end ] --START--
INFO: Run Behavior\ShowPageTraceBehavior [ RunTime:0.000068s ]
INFO: [ app_end ] --END-- [ RunTime:0.000098s ]

[ 2017-09-13T21:58:17+08:00 ] 14.30.85.173 /evaluation_system/index.php/home/Index/index
INFO: [ app_init ] --START--
INFO: Run Behavior\BuildLiteBehavior [ RunTime:0.000016s ]
INFO: [ app_init ] --END-- [ RunTime:0.000105s ]
INFO: [ app_begin ] --START--
INFO: Run Behavior\ReadHtmlCacheBehavior [ RunTime:0.000049s ]
INFO: [ app_begin ] --END-- [ RunTime:0.000097s ]
SQL: SHOW COLUMNS FROM `schoolyear` [ RunTime:0.0008s ]
SQL: SELECT `schoolyear_id` FROM `schoolyear` WHERE `schoolyear_nowyear` = 1 LIMIT 1   [ RunTime:0.0003s ]
SQL: SHOW COLUMNS FROM `basetwograde` [ RunTime:0.0005s ]
SQL: SELECT * FROM `basetwograde` WHERE `user_id` = 1 AND `schoolyear_id` = 6 LIMIT 1   [ RunTime:0.0003s ]
SQL: SHOW COLUMNS FROM `basetwolevelindex` [ RunTime:0.0004s ]
SQL: SELECT COUNT(*) AS tp_count FROM `basetwolevelindex` LIMIT 1   [ RunTime:0.0001s ]
SQL: SELECT * FROM `basetwolevelindex`  [ RunTime:0.0001s ]
SQL: SHOW COLUMNS FROM `deveonelevelindex` [ RunTime:0.0003s ]
SQL: SELECT COUNT(*) AS tp_count FROM `deveonelevelindex` LIMIT 1   [ RunTime:0.0001s ]
SQL: SELECT * FROM `deveonelevelindex`  [ RunTime:0.0001s ]
INFO: [ view_parse ] --START--
INFO: [ template_filter ] --START--
INFO: Run Behavior\ContentReplaceBehavior [ RunTime:0.000065s ]
INFO: [ template_filter ] --END-- [ RunTime:0.000112s ]
INFO: Run Behavior\ParseTemplateBehavior [ RunTime:0.006119s ]
INFO: [ view_parse ] --END-- [ RunTime:0.006162s ]
INFO: [ view_filter ] --START--
INFO: Run Behavior\WriteHtmlCacheBehavior [ RunTime:0.000040s ]
INFO: [ view_filter ] --END-- [ RunTime:0.000064s ]
INFO: [ app_end ] --START--
INFO: Run Behavior\ShowPageTraceBehavior [ RunTime:0.000034s ]
INFO: [ app_end ] --END-- [ RunTime:0.000064s ]

[ 2017-09-13T21:58:19+08:00 ] 14.30.85.173 /evaluation_system/index.php/Home/Index/index.html
INFO: [ app_init ] --START--
INFO: Run Behavior\BuildLiteBehavior [ RunTime:0.000012s ]
INFO: [ app_init ] --END-- [ RunTime:0.000079s ]
INFO: [ app_begin ] --START--
INFO: Run Behavior\ReadHtmlCacheBehavior [ RunTime:0.000031s ]
INFO: [ app_begin ] --END-- [ RunTime:0.000061s ]
SQL: SHOW COLUMNS FROM `schoolyear` [ RunTime:0.0006s ]
SQL: SELECT `schoolyear_id` FROM `schoolyear` WHERE `schoolyear_nowyear` = 1 LIMIT 1   [ RunTime:0.0001s ]
SQL: SHOW COLUMNS FROM `basetwograde` [ RunTime:0.0004s ]
SQL: SELECT * FROM `basetwograde` WHERE `user_id` = 1 AND `schoolyear_id` = 6 LIMIT 1   [ RunTime:0.0001s ]
SQL: SHOW COLUMNS FROM `basetwolevelindex` [ RunTime:0.0004s ]
SQL: SELECT COUNT(*) AS tp_count FROM `basetwolevelindex` LIMIT 1   [ RunTime:0.0001s ]
SQL: SELECT * FROM `basetwolevelindex`  [ RunTime:0.0001s ]
SQL: SHOW COLUMNS FROM `deveonelevelindex` [ RunTime:0.0004s ]
SQL: SELECT COUNT(*) AS tp_count FROM `deveonelevelindex` LIMIT 1   [ RunTime:0.0001s ]
SQL: SELECT * FROM `deveonelevelindex`  [ RunTime:0.0000s ]
INFO: [ view_parse ] --START--
INFO: [ template_filter ] --START--
INFO: Run Behavior\ContentReplaceBehavior [ RunTime:0.000051s ]
INFO: [ template_filter ] --END-- [ RunTime:0.000085s ]
INFO: Run Behavior\ParseTemplateBehavior [ RunTime:0.005299s ]
INFO: [ view_parse ] --END-- [ RunTime:0.005332s ]
INFO: [ view_filter ] --START--
INFO: Run Behavior\WriteHtmlCacheBehavior [ RunTime:0.000032s ]
INFO: [ view_filter ] --END-- [ RunTime:0.000056s ]
INFO: [ app_end ] --START--
INFO: Run Behavior\ShowPageTraceBehavior [ RunTime:0.000034s ]
INFO: [ app_end ] --END-- [ RunTime:0.000064s ]

[ 2017-09-13T21:58:21+08:00 ] 14.30.85.173 /evaluation_system/index.php/Home/Query/query.html
INFO: [ app_init ] --START--
INFO: Run Behavior\BuildLiteBehavior [ RunTime:0.000012s ]
INFO: [ app_init ] --END-- [ RunTime:0.000079s ]
INFO: [ app_begin ] --START--
INFO: Run Behavior\ReadHtmlCacheBehavior [ RunTime:0.000038s ]
INFO: [ app_begin ] --END-- [ RunTime:0.000069s ]
SQL: SHOW COLUMNS FROM `schoolyear` [ RunTime:0.0006s ]
SQL: SELECT * FROM `schoolyear` WHERE `schoolyear_nowyear` = 1 LIMIT 1   [ RunTime:0.0002s ]
SQL: SHOW COLUMNS FROM `basetwograde` [ RunTime:0.0004s ]
SQL: SELECT * FROM `basetwograde` WHERE `user_id` = 1 AND `schoolyear_id` = 6  [ RunTime:0.0002s ]
SQL: SHOW COLUMNS FROM `deveonelevelgrade` [ RunTime:0.0004s ]
SQL: SELECT * FROM `deveonelevelgrade` WHERE `user_id` = 1 AND `schoolyear_id` = 6  [ RunTime:0.0002s ]
SQL: SELECT * FROM `basetwograde` WHERE `user_id` = 1 AND `schoolyear_id` = 6  [ RunTime:0.0001s ]
SQL: SELECT * FROM `deveonelevelgrade` WHERE `user_id` = 1 AND `schoolyear_id` = 6  [ RunTime:0.0000s ]
SQL: SHOW COLUMNS FROM `basetwolevelindex` [ RunTime:0.0003s ]
SQL: SELECT COUNT(*) AS tp_count FROM `basetwolevelindex` LIMIT 1   [ RunTime:0.0001s ]
SQL: SELECT * FROM `basetwolevelindex`  [ RunTime:0.0000s ]
SQL: SHOW COLUMNS FROM `deveonelevelindex` [ RunTime:0.0003s ]
SQL: SELECT COUNT(*) AS tp_count FROM `deveonelevelindex` LIMIT 1   [ RunTime:0.0000s ]
SQL: SELECT * FROM `deveonelevelindex`  [ RunTime:0.0000s ]
INFO: [ view_parse ] --START--
INFO: [ template_filter ] --START--
INFO: Run Behavior\ContentReplaceBehavior [ RunTime:0.000064s ]
INFO: [ template_filter ] --END-- [ RunTime:0.000127s ]
NOTIC: [8] Undefined offset: 0 /var/www/html/evaluation_system/Application/Runtime/Cache/Home/0cdc6898f5ff6c6dead16054eae390c4.php 第 151 行.
NOTIC: [8] Undefined offset: 0 /var/www/html/evaluation_system/Application/Runtime/Cache/Home/0cdc6898f5ff6c6dead16054eae390c4.php 第 153 行.
NOTIC: [8] Undefined offset: 0 /var/www/html/evaluation_system/Application/Runtime/Cache/Home/0cdc6898f5ff6c6dead16054eae390c4.php 第 155 行.
NOTIC: [8] Undefined offset: 0 /var/www/html/evaluation_system/Application/Runtime/Cache/Home/0cdc6898f5ff6c6dead16054eae390c4.php 第 156 行.
NOTIC: [8] Undefined offset: 1 /var/www/html/evaluation_system/Application/Runtime/Cache/Home/0cdc6898f5ff6c6dead16054eae390c4.php 第 161 行.
NOTIC: [8] Undefined offset: 1 /var/www/html/evaluation_system/Application/Runtime/Cache/Home/0cdc6898f5ff6c6dead16054eae390c4.php 第 163 行.
NOTIC: [8] Undefined offset: 1 /var/www/html/evaluation_system/Application/Runtime/Cache/Home/0cdc6898f5ff6c6dead16054eae390c4.php 第 165 行.
NOTIC: [8] Undefined offset: 1 /var/www/html/evaluation_system/Application/Runtime/Cache/Home/0cdc6898f5ff6c6dead16054eae390c4.php 第 166 行.
NOTIC: [8] Undefined offset: 2 /var/www/html/evaluation_system/Application/Runtime/Cache/Home/0cdc6898f5ff6c6dead16054eae390c4.php 第 173 行.
NOTIC: [8] Undefined offset: 2 /var/www/html/evaluation_system/Application/Runtime/Cache/Home/0cdc6898f5ff6c6dead16054eae390c4.php 第 175 行.
NOTIC: [8] Undefined offset: 2 /var/www/html/evaluation_system/Application/Runtime/Cache/Home/0cdc6898f5ff6c6dead16054eae390c4.php 第 177 行.
NOTIC: [8] Undefined offset: 2 /var/www/html/evaluation_system/Application/Runtime/Cache/Home/0cdc6898f5ff6c6dead16054eae390c4.php 第 178 行.
NOTIC: [8] Undefined offset: 3 /var/www/html/evaluation_system/Application/Runtime/Cache/Home/0cdc6898f5ff6c6dead16054eae390c4.php 第 187 行.
NOTIC: [8] Undefined offset: 3 /var/www/html/evaluation_system/Application/Runtime/Cache/Home/0cdc6898f5ff6c6dead16054eae390c4.php 第 189 行.
NOTIC: [8] Undefined offset: 3 /var/www/html/evaluation_system/Application/Runtime/Cache/Home/0cdc6898f5ff6c6dead16054eae390c4.php 第 191 行.
NOTIC: [8] Undefined offset: 3 /var/www/html/evaluation_system/Application/Runtime/Cache/Home/0cdc6898f5ff6c6dead16054eae390c4.php 第 192 行.
NOTIC: [8] Undefined offset: 4 /var/www/html/evaluation_system/Application/Runtime/Cache/Home/0cdc6898f5ff6c6dead16054eae390c4.php 第 199 行.
NOTIC: [8] Undefined offset: 4 /var/www/html/evaluation_system/Application/Runtime/Cache/Home/0cdc6898f5ff6c6dead16054eae390c4.php 第 201 行.
NOTIC: [8] Undefined offset: 4 /var/www/html/evaluation_system/Application/Runtime/Cache/Home/0cdc6898f5ff6c6dead16054eae390c4.php 第 203 行.
NOTIC: [8] Undefined offset: 4 /var/www/html/evaluation_system/Application/Runtime/Cache/Home/0cdc6898f5ff6c6dead16054eae390c4.php 第 204 行.
NOTIC: [8] Undefined offset: 5 /var/www/html/evaluation_system/Application/Runtime/Cache/Home/0cdc6898f5ff6c6dead16054eae390c4.php 第 212 行.
NOTIC: [8] Undefined offset: 5 /var/www/html/evaluation_system/Application/Runtime/Cache/Home/0cdc6898f5ff6c6dead16054eae390c4.php 第 214 行.
NOTIC: [8] Undefined offset: 5 /var/www/html/evaluation_system/Application/Runtime/Cache/Home/0cdc6898f5ff6c6dead16054eae390c4.php 第 216 行.
NOTIC: [8] Undefined offset: 5 /var/www/html/evaluation_system/Application/Runtime/Cache/Home/0cdc6898f5ff6c6dead16054eae390c4.php 第 217 行.
NOTIC: [8] Undefined offset: 6 /var/www/html/evaluation_system/Application/Runtime/Cache/Home/0cdc6898f5ff6c6dead16054eae390c4.php 第 224 行.
NOTIC: [8] Undefined offset: 6 /var/www/html/evaluation_system/Application/Runtime/Cache/Home/0cdc6898f5ff6c6dead16054eae390c4.php 第 226 行.
NOTIC: [8] Undefined offset: 6 /var/www/html/evaluation_system/Application/Runtime/Cache/Home/0cdc6898f5ff6c6dead16054eae390c4.php 第 228 行.
NOTIC: [8] Undefined offset: 6 /var/www/html/evaluation_system/Application/Runtime/Cache/Home/0cdc6898f5ff6c6dead16054eae390c4.php 第 229 行.
NOTIC: [8] Undefined offset: 7 /var/www/html/evaluation_system/Application/Runtime/Cache/Home/0cdc6898f5ff6c6dead16054eae390c4.php 第 237 行.
NOTIC: [8] Undefined offset: 7 /var/www/html/evaluation_system/Application/Runtime/Cache/Home/0cdc6898f5ff6c6dead16054eae390c4.php 第 239 行.
NOTIC: [8] Undefined offset: 7 /var/www/html/evaluation_system/Application/Runtime/Cache/Home/0cdc6898f5ff6c6dead16054eae390c4.php 第 241 行.
NOTIC: [8] Undefined offset: 7 /var/www/html/evaluation_system/Application/Runtime/Cache/Home/0cdc6898f5ff6c6dead16054eae390c4.php 第 242 行.
NOTIC: [8] Undefined offset: 8 /var/www/html/evaluation_system/Application/Runtime/Cache/Home/0cdc6898f5ff6c6dead16054eae390c4.php 第 250 行.
NOTIC: [8] Undefined offset: 8 /var/www/html/evaluation_system/Application/Runtime/Cache/Home/0cdc6898f5ff6c6dead16054eae390c4.php 第 252 行.
NOTIC: [8] Undefined offset: 8 /var/www/html/evaluation_system/Application/Runtime/Cache/Home/0cdc6898f5ff6c6dead16054eae390c4.php 第 254 行.
NOTIC: [8] Undefined offset: 8 /var/www/html/evaluation_system/Application/Runtime/Cache/Home/0cdc6898f5ff6c6dead16054eae390c4.php 第 255 行.
NOTIC: [8] Undefined offset: 9 /var/www/html/evaluation_system/Application/Runtime/Cache/Home/0cdc6898f5ff6c6dead16054eae390c4.php 第 262 行.
NOTIC: [8] Undefined offset: 9 /var/www/html/evaluation_system/Application/Runtime/Cache/Home/0cdc6898f5ff6c6dead16054eae390c4.php 第 264 行.
NOTIC: [8] Undefined offset: 9 /var/www/html/evaluation_system/Application/Runtime/Cache/Home/0cdc6898f5ff6c6dead16054eae390c4.php 第 266 行.
NOTIC: [8] Undefined offset: 9 /var/www/html/evaluation_system/Application/Runtime/Cache/Home/0cdc6898f5ff6c6dead16054eae390c4.php 第 267 行.
INFO: Run Behavior\ParseTemplateBehavior [ RunTime:0.008086s ]
INFO: [ view_parse ] --END-- [ RunTime:0.008122s ]
INFO: [ view_filter ] --START--
INFO: Run Behavior\WriteHtmlCacheBehavior [ RunTime:0.000037s ]
INFO: [ view_filter ] --END-- [ RunTime:0.000061s ]
INFO: [ app_end ] --START--
INFO: Run Behavior\ShowPageTraceBehavior [ RunTime:0.000035s ]
INFO: [ app_end ] --END-- [ RunTime:0.000062s ]

[ 2017-09-13T21:58:23+08:00 ] 14.30.85.173 /evaluation_system/index.php/Home/Index/changepw.html
INFO: [ app_init ] --START--
INFO: Run Behavior\BuildLiteBehavior [ RunTime:0.000014s ]
INFO: [ app_init ] --END-- [ RunTime:0.000097s ]
INFO: [ app_begin ] --START--
INFO: Run Behavior\ReadHtmlCacheBehavior [ RunTime:0.000039s ]
INFO: [ app_begin ] --END-- [ RunTime:0.000069s ]
INFO: [ view_parse ] --START--
INFO: [ template_filter ] --START--
INFO: Run Behavior\ContentReplaceBehavior [ RunTime:0.000033s ]
INFO: [ template_filter ] --END-- [ RunTime:0.000075s ]
INFO: Run Behavior\ParseTemplateBehavior [ RunTime:0.002380s ]
INFO: [ view_parse ] --END-- [ RunTime:0.002419s ]
INFO: [ view_filter ] --START--
INFO: Run Behavior\WriteHtmlCacheBehavior [ RunTime:0.000034s ]
INFO: [ view_filter ] --END-- [ RunTime:0.000057s ]
INFO: [ app_end ] --START--
INFO: Run Behavior\ShowPageTraceBehavior [ RunTime:0.000044s ]
INFO: [ app_end ] --END-- [ RunTime:0.000068s ]

[ 2017-09-13T21:58:24+08:00 ] 14.30.85.173 /evaluation_system/index.php/Home/Index/index.html
INFO: [ app_init ] --START--
INFO: Run Behavior\BuildLiteBehavior [ RunTime:0.000012s ]
INFO: [ app_init ] --END-- [ RunTime:0.000080s ]
INFO: [ app_begin ] --START--
INFO: Run Behavior\ReadHtmlCacheBehavior [ RunTime:0.000036s ]
INFO: [ app_begin ] --END-- [ RunTime:0.000065s ]
SQL: SHOW COLUMNS FROM `schoolyear` [ RunTime:0.0009s ]
SQL: SELECT `schoolyear_id` FROM `schoolyear` WHERE `schoolyear_nowyear` = 1 LIMIT 1   [ RunTime:0.0001s ]
SQL: SHOW COLUMNS FROM `basetwograde` [ RunTime:0.0004s ]
SQL: SELECT * FROM `basetwograde` WHERE `user_id` = 1 AND `schoolyear_id` = 6 LIMIT 1   [ RunTime:0.0001s ]
SQL: SHOW COLUMNS FROM `basetwolevelindex` [ RunTime:0.0003s ]
SQL: SELECT COUNT(*) AS tp_count FROM `basetwolevelindex` LIMIT 1   [ RunTime:0.0001s ]
SQL: SELECT * FROM `basetwolevelindex`  [ RunTime:0.0001s ]
SQL: SHOW COLUMNS FROM `deveonelevelindex` [ RunTime:0.0003s ]
SQL: SELECT COUNT(*) AS tp_count FROM `deveonelevelindex` LIMIT 1   [ RunTime:0.0000s ]
SQL: SELECT * FROM `deveonelevelindex`  [ RunTime:0.0000s ]
INFO: [ view_parse ] --START--
INFO: [ template_filter ] --START--
INFO: Run Behavior\ContentReplaceBehavior [ RunTime:0.000050s ]
INFO: [ template_filter ] --END-- [ RunTime:0.000082s ]
INFO: Run Behavior\ParseTemplateBehavior [ RunTime:0.005275s ]
INFO: [ view_parse ] --END-- [ RunTime:0.005315s ]
INFO: [ view_filter ] --START--
INFO: Run Behavior\WriteHtmlCacheBehavior [ RunTime:0.000036s ]
INFO: [ view_filter ] --END-- [ RunTime:0.000058s ]
INFO: [ app_end ] --START--
INFO: Run Behavior\ShowPageTraceBehavior [ RunTime:0.000046s ]
INFO: [ app_end ] --END-- [ RunTime:0.000084s ]

[ 2017-09-13T21:58:26+08:00 ] 14.30.85.173 /evaluation_system/index.php/Home/Query/query.html
INFO: [ app_init ] --START--
INFO: Run Behavior\BuildLiteBehavior [ RunTime:0.000012s ]
INFO: [ app_init ] --END-- [ RunTime:0.000073s ]
INFO: [ app_begin ] --START--
INFO: Run Behavior\ReadHtmlCacheBehavior [ RunTime:0.000033s ]
INFO: [ app_begin ] --END-- [ RunTime:0.000063s ]
SQL: SHOW COLUMNS FROM `schoolyear` [ RunTime:0.0008s ]
SQL: SELECT * FROM `schoolyear` WHERE `schoolyear_nowyear` = 1 LIMIT 1   [ RunTime:0.0001s ]
SQL: SHOW COLUMNS FROM `basetwograde` [ RunTime:0.0007s ]
SQL: SELECT * FROM `basetwograde` WHERE `user_id` = 1 AND `schoolyear_id` = 6  [ RunTime:0.0001s ]
SQL: SHOW COLUMNS FROM `deveonelevelgrade` [ RunTime:0.0005s ]
SQL: SELECT * FROM `deveonelevelgrade` WHERE `user_id` = 1 AND `schoolyear_id` = 6  [ RunTime:0.0001s ]
SQL: SELECT * FROM `basetwograde` WHERE `user_id` = 1 AND `schoolyear_id` = 6  [ RunTime:0.0001s ]
SQL: SELECT * FROM `deveonelevelgrade` WHERE `user_id` = 1 AND `schoolyear_id` = 6  [ RunTime:0.0001s ]
SQL: SHOW COLUMNS FROM `basetwolevelindex` [ RunTime:0.0004s ]
SQL: SELECT COUNT(*) AS tp_count FROM `basetwolevelindex` LIMIT 1   [ RunTime:0.0001s ]
SQL: SELECT * FROM `basetwolevelindex`  [ RunTime:0.0001s ]
SQL: SHOW COLUMNS FROM `deveonelevelindex` [ RunTime:0.0004s ]
SQL: SELECT COUNT(*) AS tp_count FROM `deveonelevelindex` LIMIT 1   [ RunTime:0.0001s ]
SQL: SELECT * FROM `deveonelevelindex`  [ RunTime:0.0001s ]
INFO: [ view_parse ] --START--
INFO: [ template_filter ] --START--
INFO: Run Behavior\ContentReplaceBehavior [ RunTime:0.000060s ]
INFO: [ template_filter ] --END-- [ RunTime:0.000095s ]
NOTIC: [8] Undefined offset: 0 /var/www/html/evaluation_system/Application/Runtime/Cache/Home/0cdc6898f5ff6c6dead16054eae390c4.php 第 151 行.
NOTIC: [8] Undefined offset: 0 /var/www/html/evaluation_system/Application/Runtime/Cache/Home/0cdc6898f5ff6c6dead16054eae390c4.php 第 153 行.
NOTIC: [8] Undefined offset: 0 /var/www/html/evaluation_system/Application/Runtime/Cache/Home/0cdc6898f5ff6c6dead16054eae390c4.php 第 155 行.
NOTIC: [8] Undefined offset: 0 /var/www/html/evaluation_system/Application/Runtime/Cache/Home/0cdc6898f5ff6c6dead16054eae390c4.php 第 156 行.
NOTIC: [8] Undefined offset: 1 /var/www/html/evaluation_system/Application/Runtime/Cache/Home/0cdc6898f5ff6c6dead16054eae390c4.php 第 161 行.
NOTIC: [8] Undefined offset: 1 /var/www/html/evaluation_system/Application/Runtime/Cache/Home/0cdc6898f5ff6c6dead16054eae390c4.php 第 163 行.
NOTIC: [8] Undefined offset: 1 /var/www/html/evaluation_system/Application/Runtime/Cache/Home/0cdc6898f5ff6c6dead16054eae390c4.php 第 165 行.
NOTIC: [8] Undefined offset: 1 /var/www/html/evaluation_system/Application/Runtime/Cache/Home/0cdc6898f5ff6c6dead16054eae390c4.php 第 166 行.
NOTIC: [8] Undefined offset: 2 /var/www/html/evaluation_system/Application/Runtime/Cache/Home/0cdc6898f5ff6c6dead16054eae390c4.php 第 173 行.
NOTIC: [8] Undefined offset: 2 /var/www/html/evaluation_system/Application/Runtime/Cache/Home/0cdc6898f5ff6c6dead16054eae390c4.php 第 175 行.
NOTIC: [8] Undefined offset: 2 /var/www/html/evaluation_system/Application/Runtime/Cache/Home/0cdc6898f5ff6c6dead16054eae390c4.php 第 177 行.
NOTIC: [8] Undefined offset: 2 /var/www/html/evaluation_system/Application/Runtime/Cache/Home/0cdc6898f5ff6c6dead16054eae390c4.php 第 178 行.
NOTIC: [8] Undefined offset: 3 /var/www/html/evaluation_system/Application/Runtime/Cache/Home/0cdc6898f5ff6c6dead16054eae390c4.php 第 187 行.
NOTIC: [8] Undefined offset: 3 /var/www/html/evaluation_system/Application/Runtime/Cache/Home/0cdc6898f5ff6c6dead16054eae390c4.php 第 189 行.
NOTIC: [8] Undefined offset: 3 /var/www/html/evaluation_system/Application/Runtime/Cache/Home/0cdc6898f5ff6c6dead16054eae390c4.php 第 191 行.
NOTIC: [8] Undefined offset: 3 /var/www/html/evaluation_system/Application/Runtime/Cache/Home/0cdc6898f5ff6c6dead16054eae390c4.php 第 192 行.
NOTIC: [8] Undefined offset: 4 /var/www/html/evaluation_system/Application/Runtime/Cache/Home/0cdc6898f5ff6c6dead16054eae390c4.php 第 199 行.
NOTIC: [8] Undefined offset: 4 /var/www/html/evaluation_system/Application/Runtime/Cache/Home/0cdc6898f5ff6c6dead16054eae390c4.php 第 201 行.
NOTIC: [8] Undefined offset: 4 /var/www/html/evaluation_system/Application/Runtime/Cache/Home/0cdc6898f5ff6c6dead16054eae390c4.php 第 203 行.
NOTIC: [8] Undefined offset: 4 /var/www/html/evaluation_system/Application/Runtime/Cache/Home/0cdc6898f5ff6c6dead16054eae390c4.php 第 204 行.
NOTIC: [8] Undefined offset: 5 /var/www/html/evaluation_system/Application/Runtime/Cache/Home/0cdc6898f5ff6c6dead16054eae390c4.php 第 212 行.
NOTIC: [8] Undefined offset: 5 /var/www/html/evaluation_system/Application/Runtime/Cache/Home/0cdc6898f5ff6c6dead16054eae390c4.php 第 214 行.
NOTIC: [8] Undefined offset: 5 /var/www/html/evaluation_system/Application/Runtime/Cache/Home/0cdc6898f5ff6c6dead16054eae390c4.php 第 216 行.
NOTIC: [8] Undefined offset: 5 /var/www/html/evaluation_system/Application/Runtime/Cache/Home/0cdc6898f5ff6c6dead16054eae390c4.php 第 217 行.
NOTIC: [8] Undefined offset: 6 /var/www/html/evaluation_system/Application/Runtime/Cache/Home/0cdc6898f5ff6c6dead16054eae390c4.php 第 224 行.
NOTIC: [8] Undefined offset: 6 /var/www/html/evaluation_system/Application/Runtime/Cache/Home/0cdc6898f5ff6c6dead16054eae390c4.php 第 226 行.
NOTIC: [8] Undefined offset: 6 /var/www/html/evaluation_system/Application/Runtime/Cache/Home/0cdc6898f5ff6c6dead16054eae390c4.php 第 228 行.
NOTIC: [8] Undefined offset: 6 /var/www/html/evaluation_system/Application/Runtime/Cache/Home/0cdc6898f5ff6c6dead16054eae390c4.php 第 229 行.
NOTIC: [8] Undefined offset: 7 /var/www/html/evaluation_system/Application/Runtime/Cache/Home/0cdc6898f5ff6c6dead16054eae390c4.php 第 237 行.
NOTIC: [8] Undefined offset: 7 /var/www/html/evaluation_system/Application/Runtime/Cache/Home/0cdc6898f5ff6c6dead16054eae390c4.php 第 239 行.
NOTIC: [8] Undefined offset: 7 /var/www/html/evaluation_system/Application/Runtime/Cache/Home/0cdc6898f5ff6c6dead16054eae390c4.php 第 241 行.
NOTIC: [8] Undefined offset: 7 /var/www/html/evaluation_system/Application/Runtime/Cache/Home/0cdc6898f5ff6c6dead16054eae390c4.php 第 242 行.
NOTIC: [8] Undefined offset: 8 /var/www/html/evaluation_system/Application/Runtime/Cache/Home/0cdc6898f5ff6c6dead16054eae390c4.php 第 250 行.
NOTIC: [8] Undefined offset: 8 /var/www/html/evaluation_system/Application/Runtime/Cache/Home/0cdc6898f5ff6c6dead16054eae390c4.php 第 252 行.
NOTIC: [8] Undefined offset: 8 /var/www/html/evaluation_system/Application/Runtime/Cache/Home/0cdc6898f5ff6c6dead16054eae390c4.php 第 254 行.
NOTIC: [8] Undefined offset: 8 /var/www/html/evaluation_system/Application/Runtime/Cache/Home/0cdc6898f5ff6c6dead16054eae390c4.php 第 255 行.
NOTIC: [8] Undefined offset: 9 /var/www/html/evaluation_system/Application/Runtime/Cache/Home/0cdc6898f5ff6c6dead16054eae390c4.php 第 262 行.
NOTIC: [8] Undefined offset: 9 /var/www/html/evaluation_system/Application/Runtime/Cache/Home/0cdc6898f5ff6c6dead16054eae390c4.php 第 264 行.
NOTIC: [8] Undefined offset: 9 /var/www/html/evaluation_system/Application/Runtime/Cache/Home/0cdc6898f5ff6c6dead16054eae390c4.php 第 266 行.
NOTIC: [8] Undefined offset: 9 /var/www/html/evaluation_system/Application/Runtime/Cache/Home/0cdc6898f5ff6c6dead16054eae390c4.php 第 267 行.
INFO: Run Behavior\ParseTemplateBehavior [ RunTime:0.008440s ]
INFO: [ view_parse ] --END-- [ RunTime:0.008481s ]
INFO: [ view_filter ] --START--
INFO: Run Behavior\WriteHtmlCacheBehavior [ RunTime:0.000031s ]
INFO: [ view_filter ] --END-- [ RunTime:0.000055s ]
INFO: [ app_end ] --START--
INFO: Run Behavior\ShowPageTraceBehavior [ RunTime:0.000034s ]
INFO: [ app_end ] --END-- [ RunTime:0.000063s ]

[ 2017-09-13T21:58:27+08:00 ] 14.30.85.173 /evaluation_system/index.php/Home/Index/index.html
INFO: [ app_init ] --START--
INFO: Run Behavior\BuildLiteBehavior [ RunTime:0.000012s ]
INFO: [ app_init ] --END-- [ RunTime:0.000103s ]
INFO: [ app_begin ] --START--
INFO: Run Behavior\ReadHtmlCacheBehavior [ RunTime:0.000039s ]
INFO: [ app_begin ] --END-- [ RunTime:0.000072s ]
SQL: SHOW COLUMNS FROM `schoolyear` [ RunTime:0.0008s ]
SQL: SELECT `schoolyear_id` FROM `schoolyear` WHERE `schoolyear_nowyear` = 1 LIMIT 1   [ RunTime:0.0001s ]
SQL: SHOW COLUMNS FROM `basetwograde` [ RunTime:0.0004s ]
SQL: SELECT * FROM `basetwograde` WHERE `user_id` = 1 AND `schoolyear_id` = 6 LIMIT 1   [ RunTime:0.0001s ]
SQL: SHOW COLUMNS FROM `basetwolevelindex` [ RunTime:0.0004s ]
SQL: SELECT COUNT(*) AS tp_count FROM `basetwolevelindex` LIMIT 1   [ RunTime:0.0001s ]
SQL: SELECT * FROM `basetwolevelindex`  [ RunTime:0.0001s ]
SQL: SHOW COLUMNS FROM `deveonelevelindex` [ RunTime:0.0005s ]
SQL: SELECT COUNT(*) AS tp_count FROM `deveonelevelindex` LIMIT 1   [ RunTime:0.0001s ]
SQL: SELECT * FROM `deveonelevelindex`  [ RunTime:0.0001s ]
INFO: [ view_parse ] --START--
INFO: [ template_filter ] --START--
INFO: Run Behavior\ContentReplaceBehavior [ RunTime:0.000060s ]
INFO: [ template_filter ] --END-- [ RunTime:0.000102s ]
INFO: Run Behavior\ParseTemplateBehavior [ RunTime:0.006491s ]
INFO: [ view_parse ] --END-- [ RunTime:0.006533s ]
INFO: [ view_filter ] --START--
INFO: Run Behavior\WriteHtmlCacheBehavior [ RunTime:0.000045s ]
INFO: [ view_filter ] --END-- [ RunTime:0.000075s ]
INFO: [ app_end ] --START--
INFO: Run Behavior\ShowPageTraceBehavior [ RunTime:0.000038s ]
INFO: [ app_end ] --END-- [ RunTime:0.000066s ]

[ 2017-09-13T21:59:04+08:00 ] 14.30.85.173 /evaluation_system/index.php/Home/Index/index.html
INFO: [ app_init ] --START--
INFO: Run Behavior\BuildLiteBehavior [ RunTime:0.000016s ]
INFO: [ app_init ] --END-- [ RunTime:0.000119s ]
INFO: [ app_begin ] --START--
INFO: Run Behavior\ReadHtmlCacheBehavior [ RunTime:0.000056s ]
INFO: [ app_begin ] --END-- [ RunTime:0.000095s ]
SQL: SHOW COLUMNS FROM `schoolyear` [ RunTime:0.0007s ]
SQL: SELECT `schoolyear_id` FROM `schoolyear` WHERE `schoolyear_nowyear` = 1 LIMIT 1   [ RunTime:0.0001s ]
SQL: SHOW COLUMNS FROM `basetwograde` [ RunTime:0.0004s ]
SQL: SELECT * FROM `basetwograde` WHERE `user_id` = 1 AND `schoolyear_id` = 6 LIMIT 1   [ RunTime:0.0001s ]
NOTIC: [2] call_user_func() expects parameter 1 to be a valid callback, no array or string given /var/www/html/evaluation_system/ThinkPHP/Library/Think/Upload.class.php 第 170 行.
NOTIC: [8] Undefined index: savePath /var/www/html/evaluation_system/Application/Home/Controller/IndexController.class.php 第 87 行.
NOTIC: [8] Undefined index: savePath /var/www/html/evaluation_system/Application/Home/Controller/IndexController.class.php 第 89 行.
NOTIC: [8] Undefined variable: content2 /var/www/html/evaluation_system/Application/Home/Controller/IndexController.class.php 第 114 行.
NOTIC: [2] implode(): Invalid arguments passed /var/www/html/evaluation_system/Application/Home/Controller/IndexController.class.php 第 114 行.
NOTIC: [8] Undefined variable: content3 /var/www/html/evaluation_system/Application/Home/Controller/IndexController.class.php 第 115 行.
NOTIC: [2] implode(): Invalid arguments passed /var/www/html/evaluation_system/Application/Home/Controller/IndexController.class.php 第 115 行.
NOTIC: [8] Undefined variable: content4 /var/www/html/evaluation_system/Application/Home/Controller/IndexController.class.php 第 116 行.
NOTIC: [2] implode(): Invalid arguments passed /var/www/html/evaluation_system/Application/Home/Controller/IndexController.class.php 第 116 行.
NOTIC: [8] Undefined variable: content5 /var/www/html/evaluation_system/Application/Home/Controller/IndexController.class.php 第 117 行.
NOTIC: [2] implode(): Invalid arguments passed /var/www/html/evaluation_system/Application/Home/Controller/IndexController.class.php 第 117 行.
SQL: INSERT INTO `basetwograde` (`basetwograde_selfscorea`,`basetwograde_selfscoreb`,`basetwograde_selfscorec`,`schoolyear_id`,`basetwolevelindex_id`,`baseonelevelindex_id`,`user_id`) VALUES ('2','2','2','6','1','1','1') [ RunTime:0.0487s ]
SQL: INSERT INTO `basetwograde` (`basetwograde_selfscorea`,`basetwograde_selfscoreb`,`basetwograde_selfscorec`,`schoolyear_id`,`basetwolevelindex_id`,`baseonelevelindex_id`,`user_id`) VALUES ('2','2','2','6','1','2','1') [ RunTime:0.0106s ]
SQL: INSERT INTO `basetwograde` (`basetwograde_selfscorea`,`basetwograde_selfscoreb`,`basetwograde_selfscorec`,`schoolyear_id`,`basetwolevelindex_id`,`baseonelevelindex_id`,`user_id`) VALUES ('2','2','2','6','1','3','1') [ RunTime:0.0095s ]
SQL: INSERT INTO `basetwograde` (`basetwograde_selfscorea`,`basetwograde_selfscoreb`,`basetwograde_selfscorec`,`schoolyear_id`,`basetwolevelindex_id`,`baseonelevelindex_id`,`user_id`) VALUES ('2','2','2','6','2','4','1') [ RunTime:0.0102s ]
SQL: INSERT INTO `basetwograde` (`basetwograde_selfscorea`,`basetwograde_selfscoreb`,`basetwograde_selfscorec`,`schoolyear_id`,`basetwolevelindex_id`,`baseonelevelindex_id`,`user_id`) VALUES ('2','2','2','6','2','5','1') [ RunTime:0.0092s ]
SQL: INSERT INTO `basetwograde` (`basetwograde_selfscorea`,`basetwograde_selfscoreb`,`basetwograde_selfscorec`,`schoolyear_id`,`basetwolevelindex_id`,`baseonelevelindex_id`,`user_id`) VALUES ('2','2','2','6','2','6','1') [ RunTime:0.0090s ]
SQL: INSERT INTO `basetwograde` (`basetwograde_selfscorea`,`basetwograde_selfscoreb`,`basetwograde_selfscorec`,`schoolyear_id`,`basetwolevelindex_id`,`baseonelevelindex_id`,`user_id`) VALUES ('2','2','2','6','3','7','1') [ RunTime:0.0156s ]
SQL: INSERT INTO `basetwograde` (`basetwograde_selfscorea`,`basetwograde_selfscoreb`,`basetwograde_selfscorec`,`schoolyear_id`,`basetwolevelindex_id`,`baseonelevelindex_id`,`user_id`) VALUES ('2','2','2','6','4','8','1') [ RunTime:0.0183s ]
SQL: INSERT INTO `basetwograde` (`basetwograde_selfscorea`,`basetwograde_selfscoreb`,`basetwograde_selfscorec`,`schoolyear_id`,`basetwolevelindex_id`,`baseonelevelindex_id`,`user_id`) VALUES ('2','2','2','6','5','9','1') [ RunTime:0.0103s ]
SQL: INSERT INTO `basetwograde` (`basetwograde_selfscorea`,`basetwograde_selfscoreb`,`basetwograde_selfscorec`,`schoolyear_id`,`basetwolevelindex_id`,`baseonelevelindex_id`,`user_id`) VALUES ('2','2','2','6','5','10','1') [ RunTime:0.0089s ]
SQL: SHOW COLUMNS FROM `deveonelevelgrade` [ RunTime:0.0006s ]
SQL: INSERT INTO `deveonelevelgrade` (`deveonelevelgrade_selfscore`,`deveonelevelgrade_reason`,`deveonelevelindex_id`,`deveonelevelgrade_url`,`schoolyear_id`,`user_id`) VALUES ('2','我要加分','1','59b939a80e440.jpg,','6','1') [ RunTime:0.0106s ]
INFO: [ view_parse ] --START--
INFO: [ template_filter ] --START--
INFO: Run Behavior\ContentReplaceBehavior [ RunTime:0.000048s ]
INFO: [ template_filter ] --END-- [ RunTime:0.000081s ]
INFO: Run Behavior\ParseTemplateBehavior [ RunTime:0.001842s ]
INFO: [ view_parse ] --END-- [ RunTime:0.001877s ]
INFO: [ view_filter ] --START--
INFO: Run Behavior\WriteHtmlCacheBehavior [ RunTime:0.000043s ]
INFO: [ view_filter ] --END-- [ RunTime:0.000066s ]
INFO: [ app_end ] --START--
INFO: Run Behavior\ShowPageTraceBehavior [ RunTime:0.000053s ]
INFO: [ app_end ] --END-- [ RunTime:0.000090s ]

[ 2017-09-13T21:59:05+08:00 ] 14.30.85.173 /evaluation_system/index.php/Home/Index/index.html
INFO: [ app_init ] --START--
INFO: Run Behavior\BuildLiteBehavior [ RunTime:0.000011s ]
INFO: [ app_init ] --END-- [ RunTime:0.000071s ]
INFO: [ app_begin ] --START--
INFO: Run Behavior\ReadHtmlCacheBehavior [ RunTime:0.000042s ]
INFO: [ app_begin ] --END-- [ RunTime:0.000072s ]
SQL: SHOW COLUMNS FROM `schoolyear` [ RunTime:0.0007s ]
SQL: SELECT `schoolyear_id` FROM `schoolyear` WHERE `schoolyear_nowyear` = 1 LIMIT 1   [ RunTime:0.0001s ]
SQL: SHOW COLUMNS FROM `basetwograde` [ RunTime:0.0004s ]
SQL: SELECT * FROM `basetwograde` WHERE `user_id` = 1 AND `schoolyear_id` = 6 LIMIT 1   [ RunTime:0.0003s ]
SQL: SHOW COLUMNS FROM `basetwolevelindex` [ RunTime:0.0004s ]
SQL: SELECT COUNT(*) AS tp_count FROM `basetwolevelindex` LIMIT 1   [ RunTime:0.0001s ]
SQL: SELECT * FROM `basetwolevelindex`  [ RunTime:0.0001s ]
SQL: SHOW COLUMNS FROM `deveonelevelindex` [ RunTime:0.0003s ]
SQL: SELECT COUNT(*) AS tp_count FROM `deveonelevelindex` LIMIT 1   [ RunTime:0.0001s ]
SQL: SELECT * FROM `deveonelevelindex`  [ RunTime:0.0000s ]
INFO: [ view_parse ] --START--
INFO: [ template_filter ] --START--
INFO: Run Behavior\ContentReplaceBehavior [ RunTime:0.000050s ]
INFO: [ template_filter ] --END-- [ RunTime:0.000084s ]
INFO: Run Behavior\ParseTemplateBehavior [ RunTime:0.005451s ]
INFO: [ view_parse ] --END-- [ RunTime:0.005484s ]
INFO: [ view_filter ] --START--
INFO: Run Behavior\WriteHtmlCacheBehavior [ RunTime:0.000032s ]
INFO: [ view_filter ] --END-- [ RunTime:0.000054s ]
INFO: [ app_end ] --START--
INFO: Run Behavior\ShowPageTraceBehavior [ RunTime:0.000034s ]
INFO: [ app_end ] --END-- [ RunTime:0.000064s ]

[ 2017-09-13T21:59:07+08:00 ] 14.30.85.173 /evaluation_system/index.php/Home/Query/query.html
INFO: [ app_init ] --START--
INFO: Run Behavior\BuildLiteBehavior [ RunTime:0.000013s ]
INFO: [ app_init ] --END-- [ RunTime:0.000109s ]
INFO: [ app_begin ] --START--
INFO: Run Behavior\ReadHtmlCacheBehavior [ RunTime:0.000037s ]
INFO: [ app_begin ] --END-- [ RunTime:0.000079s ]
SQL: SHOW COLUMNS FROM `schoolyear` [ RunTime:0.0006s ]
SQL: SELECT * FROM `schoolyear` WHERE `schoolyear_nowyear` = 1 LIMIT 1   [ RunTime:0.0001s ]
SQL: SHOW COLUMNS FROM `basetwograde` [ RunTime:0.0004s ]
SQL: SELECT * FROM `basetwograde` WHERE `user_id` = 1 AND `schoolyear_id` = 6  [ RunTime:0.0003s ]
SQL: SHOW COLUMNS FROM `deveonelevelgrade` [ RunTime:0.0004s ]
SQL: SELECT * FROM `deveonelevelgrade` WHERE `user_id` = 1 AND `schoolyear_id` = 6  [ RunTime:0.0002s ]
SQL: SELECT * FROM `basetwograde` WHERE `user_id` = 1 AND `schoolyear_id` = 6  [ RunTime:0.0001s ]
SQL: SELECT * FROM `deveonelevelgrade` WHERE `user_id` = 1 AND `schoolyear_id` = 6  [ RunTime:0.0001s ]
SQL: SHOW COLUMNS FROM `basetwolevelindex` [ RunTime:0.0003s ]
SQL: SELECT COUNT(*) AS tp_count FROM `basetwolevelindex` LIMIT 1   [ RunTime:0.0000s ]
SQL: SELECT * FROM `basetwolevelindex`  [ RunTime:0.0001s ]
SQL: SHOW COLUMNS FROM `deveonelevelindex` [ RunTime:0.0003s ]
SQL: SELECT COUNT(*) AS tp_count FROM `deveonelevelindex` LIMIT 1   [ RunTime:0.0000s ]
SQL: SELECT * FROM `deveonelevelindex`  [ RunTime:0.0000s ]
INFO: [ view_parse ] --START--
INFO: [ template_filter ] --START--
INFO: Run Behavior\ContentReplaceBehavior [ RunTime:0.000057s ]
INFO: [ template_filter ] --END-- [ RunTime:0.000092s ]
INFO: Run Behavior\ParseTemplateBehavior [ RunTime:0.007451s ]
INFO: [ view_parse ] --END-- [ RunTime:0.007493s ]
INFO: [ view_filter ] --START--
INFO: Run Behavior\WriteHtmlCacheBehavior [ RunTime:0.000037s ]
INFO: [ view_filter ] --END-- [ RunTime:0.000061s ]
INFO: [ app_end ] --START--
INFO: Run Behavior\ShowPageTraceBehavior [ RunTime:0.000036s ]
INFO: [ app_end ] --END-- [ RunTime:0.000063s ]

[ 2017-09-13T21:59:10+08:00 ] 14.30.85.173 /evaluation_system/index.php/Home/Query/images/lightbox-ico-loading.gif
INFO: [ app_init ] --START--
INFO: Run Behavior\BuildLiteBehavior [ RunTime:0.000016s ]
INFO: [ app_init ] --END-- [ RunTime:0.000125s ]

[ 2017-09-13T21:59:10+08:00 ] 14.30.85.173 /evaluation_system/index.php/Home/Query/images/lightbox-btn-close.gif
INFO: [ app_init ] --START--
INFO: Run Behavior\BuildLiteBehavior [ RunTime:0.000015s ]
INFO: [ app_init ] --END-- [ RunTime:0.000075s ]

[ 2017-09-13T21:59:14+08:00 ] 14.30.85.173 /evaluation_system/index.php/Home/Query/images/lightbox-ico-loading.gif
INFO: [ app_init ] --START--
INFO: Run Behavior\BuildLiteBehavior [ RunTime:0.000011s ]
INFO: [ app_init ] --END-- [ RunTime:0.000079s ]

[ 2017-09-13T21:59:14+08:00 ] 14.30.85.173 /evaluation_system/index.php/Home/Query/images/lightbox-btn-close.gif
INFO: [ app_init ] --START--
INFO: Run Behavior\BuildLiteBehavior [ RunTime:0.000011s ]
INFO: [ app_init ] --END-- [ RunTime:0.000071s ]

[ 2017-09-13T21:59:23+08:00 ] 14.30.85.173 /evaluation_system/index.php/Home/Index/changepw.html
INFO: [ app_init ] --START--
INFO: Run Behavior\BuildLiteBehavior [ RunTime:0.000011s ]
INFO: [ app_init ] --END-- [ RunTime:0.000083s ]
INFO: [ app_begin ] --START--
INFO: Run Behavior\ReadHtmlCacheBehavior [ RunTime:0.000058s ]
INFO: [ app_begin ] --END-- [ RunTime:0.000100s ]
INFO: [ view_parse ] --START--
INFO: [ template_filter ] --START--
INFO: Run Behavior\ContentReplaceBehavior [ RunTime:0.000031s ]
INFO: [ template_filter ] --END-- [ RunTime:0.000066s ]
INFO: Run Behavior\ParseTemplateBehavior [ RunTime:0.002323s ]
INFO: [ view_parse ] --END-- [ RunTime:0.002369s ]
INFO: [ view_filter ] --START--
INFO: Run Behavior\WriteHtmlCacheBehavior [ RunTime:0.000058s ]
INFO: [ view_filter ] --END-- [ RunTime:0.000106s ]
INFO: [ app_end ] --START--
INFO: Run Behavior\ShowPageTraceBehavior [ RunTime:0.000054s ]
INFO: [ app_end ] --END-- [ RunTime:0.000090s ]

