[ 2017-04-25T00:40:38+08:00 ] 127.0.0.1 /evaluation_system/index.php/
INFO: [ app_init ] --START--
INFO: Run Behavior\BuildLiteBehavior [ RunTime:0.000000s ]
INFO: [ app_init ] --END-- [ RunTime:0.001000s ]
INFO: [ app_begin ] --START--
INFO: Run Behavior\ReadHtmlCacheBehavior [ RunTime:0.001000s ]
INFO: [ app_begin ] --END-- [ RunTime:0.001000s ]

[ 2017-04-25T00:40:39+08:00 ] 127.0.0.1 /evaluation_system/index.php/home/Login/index.html
INFO: [ app_init ] --START--
INFO: Run Behavior\BuildLiteBehavior [ RunTime:0.001000s ]
INFO: [ app_init ] --END-- [ RunTime:0.001000s ]
INFO: [ app_begin ] --START--
INFO: Run Behavior\ReadHtmlCacheBehavior [ RunTime:0.001000s ]
INFO: [ app_begin ] --END-- [ RunTime:0.001000s ]
INFO: [ view_parse ] --START--
INFO: [ template_filter ] --START--
INFO: Run Behavior\ContentReplaceBehavior [ RunTime:0.001000s ]
INFO: [ template_filter ] --END-- [ RunTime:0.001000s ]
INFO: Run Behavior\ParseTemplateBehavior [ RunTime:0.162009s ]
INFO: [ view_parse ] --END-- [ RunTime:0.162009s ]
INFO: [ view_filter ] --START--
INFO: Run Behavior\WriteHtmlCacheBehavior [ RunTime:0.000000s ]
INFO: [ view_filter ] --END-- [ RunTime:0.001000s ]
INFO: [ app_end ] --START--
INFO: Run Behavior\ShowPageTraceBehavior [ RunTime:0.001000s ]
INFO: [ app_end ] --END-- [ RunTime:0.001000s ]

[ 2017-04-25T00:40:59+08:00 ] 127.0.0.1 /evaluation_system/index.php/Home/Login/index.html
INFO: [ app_init ] --START--
INFO: Run Behavior\BuildLiteBehavior [ RunTime:0.000000s ]
INFO: [ app_init ] --END-- [ RunTime:0.000000s ]
INFO: [ app_begin ] --START--
INFO: Run Behavior\ReadHtmlCacheBehavior [ RunTime:0.001000s ]
INFO: [ app_begin ] --END-- [ RunTime:0.001000s ]
SQL: SHOW COLUMNS FROM `user` [ RunTime:0.0040s ]
SQL: SELECT * FROM `user` WHERE `user_number` = 1520110004 AND `user_password` = '152011000090816' LIMIT 1   [ RunTime:0.0010s ]
INFO: [ app_end ] --START--
INFO: Run Behavior\ShowPageTraceBehavior [ RunTime:0.001000s ]
INFO: [ app_end ] --END-- [ RunTime:0.002000s ]

[ 2017-04-25T00:41:03+08:00 ] 127.0.0.1 /evaluation_system/index.php/Home/Login/index.html
INFO: [ app_init ] --START--
INFO: Run Behavior\BuildLiteBehavior [ RunTime:0.000000s ]
INFO: [ app_init ] --END-- [ RunTime:0.001000s ]
INFO: [ app_begin ] --START--
INFO: Run Behavior\ReadHtmlCacheBehavior [ RunTime:0.001000s ]
INFO: [ app_begin ] --END-- [ RunTime:0.001000s ]
SQL: SHOW COLUMNS FROM `user` [ RunTime:0.0040s ]
SQL: SELECT * FROM `user` WHERE `user_number` = 1520110004 AND `user_password` = '152011000090816' LIMIT 1   [ RunTime:0.0010s ]
INFO: [ app_end ] --START--
INFO: Run Behavior\ShowPageTraceBehavior [ RunTime:0.001000s ]
INFO: [ app_end ] --END-- [ RunTime:0.001000s ]

[ 2017-04-25T00:41:20+08:00 ] 127.0.0.1 /evaluation_system/index.php/Home/Login/index.html
INFO: [ app_init ] --START--
INFO: Run Behavior\BuildLiteBehavior [ RunTime:0.000000s ]
INFO: [ app_init ] --END-- [ RunTime:0.000000s ]
INFO: [ app_begin ] --START--
INFO: Run Behavior\ReadHtmlCacheBehavior [ RunTime:0.001000s ]
INFO: [ app_begin ] --END-- [ RunTime:0.001000s ]
SQL: SHOW COLUMNS FROM `user` [ RunTime:0.0040s ]
SQL: SELECT * FROM `user` WHERE `user_number` = 1520110004 AND `user_password` = '152011000090816' LIMIT 1   [ RunTime:0.0010s ]
INFO: [ app_end ] --START--
INFO: Run Behavior\ShowPageTraceBehavior [ RunTime:0.001000s ]
INFO: [ app_end ] --END-- [ RunTime:0.001000s ]

[ 2017-04-25T00:41:37+08:00 ] 127.0.0.1 /evaluation_system/index.php/Home/Login/index.html
INFO: [ app_init ] --START--
INFO: Run Behavior\BuildLiteBehavior [ RunTime:0.000000s ]
INFO: [ app_init ] --END-- [ RunTime:0.001000s ]
INFO: [ app_begin ] --START--
INFO: Run Behavior\ReadHtmlCacheBehavior [ RunTime:0.001000s ]
INFO: [ app_begin ] --END-- [ RunTime:0.001000s ]
SQL: SHOW COLUMNS FROM `user` [ RunTime:0.0030s ]
SQL: SELECT * FROM `user` WHERE `user_number` = 152011004 AND `user_password` = '152011000090816' LIMIT 1   [ RunTime:0.0010s ]
INFO: [ app_end ] --START--
INFO: Run Behavior\ShowPageTraceBehavior [ RunTime:0.001000s ]
INFO: [ app_end ] --END-- [ RunTime:0.001000s ]

[ 2017-04-25T00:41:37+08:00 ] 127.0.0.1 /evaluation_system/index.php/home/Index/index
INFO: [ app_init ] --START--
INFO: Run Behavior\BuildLiteBehavior [ RunTime:0.000000s ]
INFO: [ app_init ] --END-- [ RunTime:0.001000s ]
INFO: [ app_begin ] --START--
INFO: Run Behavior\ReadHtmlCacheBehavior [ RunTime:0.002001s ]
INFO: [ app_begin ] --END-- [ RunTime:0.002001s ]
SQL: SHOW COLUMNS FROM `schoolyear` [ RunTime:0.0040s ]
SQL: SELECT `schoolyear_id` FROM `schoolyear` WHERE `schoolyear_nowyear` = 1 LIMIT 1   [ RunTime:0.0000s ]
SQL: SHOW COLUMNS FROM `basetwograde` [ RunTime:0.0040s ]
SQL: SELECT * FROM `basetwograde` WHERE `user_id` = 8 AND `schoolyear_id` = 2 LIMIT 1   [ RunTime:0.0010s ]
SQL: SHOW COLUMNS FROM `basetwolevelindex` [ RunTime:0.0070s ]
SQL: SELECT COUNT(*) AS tp_count FROM `basetwolevelindex` LIMIT 1   [ RunTime:0.0000s ]
SQL: SELECT * FROM `basetwolevelindex`  [ RunTime:0.0000s ]
SQL: SHOW COLUMNS FROM `deveonelevelindex` [ RunTime:0.0030s ]
SQL: SELECT COUNT(*) AS tp_count FROM `deveonelevelindex` LIMIT 1   [ RunTime:0.0000s ]
SQL: SELECT * FROM `deveonelevelindex`  [ RunTime:0.0000s ]
INFO: [ view_parse ] --START--
INFO: [ template_filter ] --START--
INFO: Run Behavior\ContentReplaceBehavior [ RunTime:0.001000s ]
INFO: [ template_filter ] --END-- [ RunTime:0.001000s ]
INFO: Run Behavior\ParseTemplateBehavior [ RunTime:0.022001s ]
INFO: [ view_parse ] --END-- [ RunTime:0.022001s ]
INFO: [ view_filter ] --START--
INFO: Run Behavior\WriteHtmlCacheBehavior [ RunTime:0.002001s ]
INFO: [ view_filter ] --END-- [ RunTime:0.002001s ]
INFO: [ app_end ] --START--
INFO: Run Behavior\ShowPageTraceBehavior [ RunTime:0.000000s ]
INFO: [ app_end ] --END-- [ RunTime:0.002000s ]

[ 2017-04-25T00:42:14+08:00 ] 127.0.0.1 /evaluation_system/index.php/Home/Index/index.html
INFO: [ app_init ] --START--
INFO: Run Behavior\BuildLiteBehavior [ RunTime:0.000000s ]
INFO: [ app_init ] --END-- [ RunTime:0.001000s ]
INFO: [ app_begin ] --START--
INFO: Run Behavior\ReadHtmlCacheBehavior [ RunTime:0.001000s ]
INFO: [ app_begin ] --END-- [ RunTime:0.001000s ]
SQL: SHOW COLUMNS FROM `schoolyear` [ RunTime:0.0040s ]
SQL: SELECT `schoolyear_id` FROM `schoolyear` WHERE `schoolyear_nowyear` = 1 LIMIT 1   [ RunTime:0.0000s ]
SQL: SHOW COLUMNS FROM `basetwograde` [ RunTime:0.0060s ]
SQL: SELECT * FROM `basetwograde` WHERE `user_id` = 8 AND `schoolyear_id` = 2 LIMIT 1   [ RunTime:0.0000s ]
NOTIC: [2] call_user_func() expects parameter 1 to be a valid callback, no array or string given E:\wamp\www\evaluation_system\ThinkPHP\Library\Think\Upload.class.php 第 170 行.
NOTIC: [8] Undefined index: savePath E:\wamp\www\evaluation_system\Application\Home\Controller\IndexController.class.php 第 87 行.
NOTIC: [8] Undefined index: savePath E:\wamp\www\evaluation_system\Application\Home\Controller\IndexController.class.php 第 89 行.
NOTIC: [8] Undefined variable: content2 E:\wamp\www\evaluation_system\Application\Home\Controller\IndexController.class.php 第 114 行.
NOTIC: [2] implode(): Invalid arguments passed E:\wamp\www\evaluation_system\Application\Home\Controller\IndexController.class.php 第 114 行.
NOTIC: [8] Undefined variable: content3 E:\wamp\www\evaluation_system\Application\Home\Controller\IndexController.class.php 第 115 行.
NOTIC: [2] implode(): Invalid arguments passed E:\wamp\www\evaluation_system\Application\Home\Controller\IndexController.class.php 第 115 行.
NOTIC: [8] Undefined variable: content4 E:\wamp\www\evaluation_system\Application\Home\Controller\IndexController.class.php 第 116 行.
NOTIC: [2] implode(): Invalid arguments passed E:\wamp\www\evaluation_system\Application\Home\Controller\IndexController.class.php 第 116 行.
NOTIC: [8] Undefined variable: content5 E:\wamp\www\evaluation_system\Application\Home\Controller\IndexController.class.php 第 117 行.
NOTIC: [2] implode(): Invalid arguments passed E:\wamp\www\evaluation_system\Application\Home\Controller\IndexController.class.php 第 117 行.
SQL: INSERT INTO `basetwograde` (`basetwograde_selfscorea`,`basetwograde_selfscoreb`,`basetwograde_selfscorec`,`schoolyear_id`,`basetwolevelindex_id`,`baseonelevelindex_id`,`user_id`) VALUES ('2','2','2','2','1','1','8') [ RunTime:0.0780s ]
SQL: INSERT INTO `basetwograde` (`basetwograde_selfscorea`,`basetwograde_selfscoreb`,`basetwograde_selfscorec`,`schoolyear_id`,`basetwolevelindex_id`,`baseonelevelindex_id`,`user_id`) VALUES ('2','2','2','2','1','2','8') [ RunTime:0.0430s ]
SQL: INSERT INTO `basetwograde` (`basetwograde_selfscorea`,`basetwograde_selfscoreb`,`basetwograde_selfscorec`,`schoolyear_id`,`basetwolevelindex_id`,`baseonelevelindex_id`,`user_id`) VALUES ('2','2','2','2','1','3','8') [ RunTime:0.0320s ]
SQL: INSERT INTO `basetwograde` (`basetwograde_selfscorea`,`basetwograde_selfscoreb`,`basetwograde_selfscorec`,`schoolyear_id`,`basetwolevelindex_id`,`baseonelevelindex_id`,`user_id`) VALUES ('2','2','2','2','2','4','8') [ RunTime:0.0230s ]
SQL: INSERT INTO `basetwograde` (`basetwograde_selfscorea`,`basetwograde_selfscoreb`,`basetwograde_selfscorec`,`schoolyear_id`,`basetwolevelindex_id`,`baseonelevelindex_id`,`user_id`) VALUES ('2','2','2','2','2','5','8') [ RunTime:0.0290s ]
SQL: INSERT INTO `basetwograde` (`basetwograde_selfscorea`,`basetwograde_selfscoreb`,`basetwograde_selfscorec`,`schoolyear_id`,`basetwolevelindex_id`,`baseonelevelindex_id`,`user_id`) VALUES ('2','2','2','2','2','6','8') [ RunTime:0.0540s ]
SQL: INSERT INTO `basetwograde` (`basetwograde_selfscorea`,`basetwograde_selfscoreb`,`basetwograde_selfscorec`,`schoolyear_id`,`basetwolevelindex_id`,`baseonelevelindex_id`,`user_id`) VALUES ('2','2','2','2','3','7','8') [ RunTime:0.1360s ]
SQL: INSERT INTO `basetwograde` (`basetwograde_selfscorea`,`basetwograde_selfscoreb`,`basetwograde_selfscorec`,`schoolyear_id`,`basetwolevelindex_id`,`baseonelevelindex_id`,`user_id`) VALUES ('2','2','2','2','4','8','8') [ RunTime:0.0160s ]
SQL: INSERT INTO `basetwograde` (`basetwograde_selfscorea`,`basetwograde_selfscoreb`,`basetwograde_selfscorec`,`schoolyear_id`,`basetwolevelindex_id`,`baseonelevelindex_id`,`user_id`) VALUES ('2','2','2','2','5','9','8') [ RunTime:0.0240s ]
SQL: INSERT INTO `basetwograde` (`basetwograde_selfscorea`,`basetwograde_selfscoreb`,`basetwograde_selfscorec`,`schoolyear_id`,`basetwolevelindex_id`,`baseonelevelindex_id`,`user_id`) VALUES ('2','2','2','2','5','10','8') [ RunTime:0.0180s ]
SQL: SHOW COLUMNS FROM `deveonelevelgrade` [ RunTime:0.0040s ]
SQL: INSERT INTO `deveonelevelgrade` (`deveonelevelgrade_selfscore`,`deveonelevelgrade_reason`,`deveonelevelindex_id`,`deveonelevelgrade_url`,`schoolyear_id`,`user_id`) VALUES ('2','创新大赛一等奖','1','58fe2ae66b06d.png,','2','8') [ RunTime:0.0190s ]
INFO: [ view_parse ] --START--
INFO: [ template_filter ] --START--
INFO: Run Behavior\ContentReplaceBehavior [ RunTime:0.000000s ]
INFO: [ template_filter ] --END-- [ RunTime:0.001001s ]
INFO: Run Behavior\ParseTemplateBehavior [ RunTime:0.009001s ]
INFO: [ view_parse ] --END-- [ RunTime:0.010001s ]
INFO: [ view_filter ] --START--
INFO: Run Behavior\WriteHtmlCacheBehavior [ RunTime:0.001000s ]
INFO: [ view_filter ] --END-- [ RunTime:0.001000s ]
INFO: [ app_end ] --START--
INFO: Run Behavior\ShowPageTraceBehavior [ RunTime:0.001000s ]
INFO: [ app_end ] --END-- [ RunTime:0.001000s ]

[ 2017-04-25T00:42:16+08:00 ] 127.0.0.1 /evaluation_system/index.php/home/Index/index
INFO: [ app_init ] --START--
INFO: Run Behavior\BuildLiteBehavior [ RunTime:0.000000s ]
INFO: [ app_init ] --END-- [ RunTime:0.001000s ]
INFO: [ app_begin ] --START--
INFO: Run Behavior\ReadHtmlCacheBehavior [ RunTime:0.001000s ]
INFO: [ app_begin ] --END-- [ RunTime:0.002000s ]
SQL: SHOW COLUMNS FROM `schoolyear` [ RunTime:0.0050s ]
SQL: SELECT `schoolyear_id` FROM `schoolyear` WHERE `schoolyear_nowyear` = 1 LIMIT 1   [ RunTime:0.0010s ]
SQL: SHOW COLUMNS FROM `basetwograde` [ RunTime:0.0060s ]
SQL: SELECT * FROM `basetwograde` WHERE `user_id` = 8 AND `schoolyear_id` = 2 LIMIT 1   [ RunTime:0.0010s ]
SQL: SHOW COLUMNS FROM `basetwolevelindex` [ RunTime:0.0040s ]
SQL: SELECT COUNT(*) AS tp_count FROM `basetwolevelindex` LIMIT 1   [ RunTime:0.0010s ]
SQL: SELECT * FROM `basetwolevelindex`  [ RunTime:0.0010s ]
SQL: SHOW COLUMNS FROM `deveonelevelindex` [ RunTime:0.0030s ]
SQL: SELECT COUNT(*) AS tp_count FROM `deveonelevelindex` LIMIT 1   [ RunTime:0.0000s ]
SQL: SELECT * FROM `deveonelevelindex`  [ RunTime:0.0000s ]
INFO: [ view_parse ] --START--
INFO: [ template_filter ] --START--
INFO: Run Behavior\ContentReplaceBehavior [ RunTime:0.000000s ]
INFO: [ template_filter ] --END-- [ RunTime:0.000000s ]
INFO: Run Behavior\ParseTemplateBehavior [ RunTime:0.019001s ]
INFO: [ view_parse ] --END-- [ RunTime:0.019001s ]
INFO: [ view_filter ] --START--
INFO: Run Behavior\WriteHtmlCacheBehavior [ RunTime:0.000000s ]
INFO: [ view_filter ] --END-- [ RunTime:0.001000s ]
INFO: [ app_end ] --START--
INFO: Run Behavior\ShowPageTraceBehavior [ RunTime:0.001000s ]
INFO: [ app_end ] --END-- [ RunTime:0.001000s ]

[ 2017-04-25T00:42:17+08:00 ] 127.0.0.1 /evaluation_system/index.php/Home/Query/query.html
INFO: [ app_init ] --START--
INFO: Run Behavior\BuildLiteBehavior [ RunTime:0.000000s ]
INFO: [ app_init ] --END-- [ RunTime:0.000000s ]
INFO: [ app_begin ] --START--
INFO: Run Behavior\ReadHtmlCacheBehavior [ RunTime:0.000000s ]
INFO: [ app_begin ] --END-- [ RunTime:0.001000s ]
SQL: SHOW COLUMNS FROM `schoolyear` [ RunTime:0.0040s ]
SQL: SELECT * FROM `schoolyear` WHERE `schoolyear_nowyear` = 1 LIMIT 1   [ RunTime:0.0010s ]
SQL: SHOW COLUMNS FROM `basetwograde` [ RunTime:0.0040s ]
SQL: SELECT * FROM `basetwograde` WHERE `user_id` = 8 AND `schoolyear_id` = 2  [ RunTime:0.0000s ]
SQL: SHOW COLUMNS FROM `deveonelevelgrade` [ RunTime:0.0040s ]
SQL: SELECT * FROM `deveonelevelgrade` WHERE `user_id` = 8 AND `schoolyear_id` = 2  [ RunTime:0.0310s ]
SQL: SELECT * FROM `basetwograde` WHERE `user_id` = 8 AND `schoolyear_id` = 2  [ RunTime:0.0000s ]
SQL: SELECT * FROM `deveonelevelgrade` WHERE `user_id` = 8 AND `schoolyear_id` = 2  [ RunTime:0.0000s ]
SQL: SHOW COLUMNS FROM `basetwolevelindex` [ RunTime:0.0060s ]
SQL: SELECT COUNT(*) AS tp_count FROM `basetwolevelindex` LIMIT 1   [ RunTime:0.0010s ]
SQL: SELECT * FROM `basetwolevelindex`  [ RunTime:0.0000s ]
SQL: SHOW COLUMNS FROM `deveonelevelindex` [ RunTime:0.0050s ]
SQL: SELECT COUNT(*) AS tp_count FROM `deveonelevelindex` LIMIT 1   [ RunTime:0.0010s ]
SQL: SELECT * FROM `deveonelevelindex`  [ RunTime:0.0000s ]
INFO: [ view_parse ] --START--
INFO: [ template_filter ] --START--
INFO: Run Behavior\ContentReplaceBehavior [ RunTime:0.000000s ]
INFO: [ template_filter ] --END-- [ RunTime:0.001000s ]
INFO: Run Behavior\ParseTemplateBehavior [ RunTime:0.049003s ]
INFO: [ view_parse ] --END-- [ RunTime:0.050003s ]
INFO: [ view_filter ] --START--
INFO: Run Behavior\WriteHtmlCacheBehavior [ RunTime:0.000000s ]
INFO: [ view_filter ] --END-- [ RunTime:0.000000s ]
INFO: [ app_end ] --START--
INFO: Run Behavior\ShowPageTraceBehavior [ RunTime:0.002000s ]
INFO: [ app_end ] --END-- [ RunTime:0.002000s ]

[ 2017-04-25T00:42:23+08:00 ] 127.0.0.1 /evaluation_system/index.php/Home/Query/images/lightbox-btn-close.gif
INFO: [ app_init ] --START--
INFO: Run Behavior\BuildLiteBehavior [ RunTime:0.000000s ]
INFO: [ app_init ] --END-- [ RunTime:0.001000s ]

[ 2017-04-25T00:42:23+08:00 ] 127.0.0.1 /evaluation_system/index.php/Home/Query/images/lightbox-ico-loading.gif
INFO: [ app_init ] --START--
INFO: Run Behavior\BuildLiteBehavior [ RunTime:0.000000s ]
INFO: [ app_init ] --END-- [ RunTime:0.002000s ]

