[ 2017-09-20T02:42:40+08:00 ] 101.226.64.174 /zhcp/index.php/BackGroundAdmin
INFO: [ app_init ] --START--
INFO: Run Behavior\BuildLiteBehavior [ RunTime:0.000013s ]
INFO: [ app_init ] --END-- [ RunTime:0.000081s ]
ERR: 无法加载模块:BackGroundAdmin

[ 2017-09-20T13:25:38+08:00 ] 14.152.68.215 /zhcp/index.php/BbackgroundAadmin
INFO: [ app_init ] --START--
INFO: Run Behavior\BuildLiteBehavior [ RunTime:0.000011s ]
INFO: [ app_init ] --END-- [ RunTime:0.000079s ]
ERR: 无法加载模块:BbackgroundAadmin

[ 2017-09-20T13:25:56+08:00 ] 183.6.109.173 /zhcp/index.php/BackgroundAadmin
INFO: [ app_init ] --START--
INFO: Run Behavior\BuildLiteBehavior [ RunTime:0.000012s ]
INFO: [ app_init ] --END-- [ RunTime:0.000078s ]
ERR: 无法加载模块:BackgroundAadmin

[ 2017-09-20T13:26:10+08:00 ] 183.6.109.173 /zhcp/index.php/BbackgroundAadmin
INFO: [ app_init ] --START--
INFO: Run Behavior\BuildLiteBehavior [ RunTime:0.000012s ]
INFO: [ app_init ] --END-- [ RunTime:0.000078s ]
ERR: 无法加载模块:BbackgroundAadmin

[ 2017-09-20T13:26:20+08:00 ] 183.6.109.173 /zhcp/index.php/BackgroundAadmin
INFO: [ app_init ] --START--
INFO: Run Behavior\BuildLiteBehavior [ RunTime:0.000012s ]
INFO: [ app_init ] --END-- [ RunTime:0.000091s ]
ERR: 无法加载模块:BackgroundAadmin

[ 2017-09-20T18:34:36+08:00 ] 125.216.183.41 /zhcp/index.php/BackgroudAdmin
INFO: [ app_init ] --START--
INFO: Run Behavior\BuildLiteBehavior [ RunTime:0.000024s ]
INFO: [ app_init ] --END-- [ RunTime:0.000171s ]
ERR: 无法加载模块:BackgroudAdmin

[ 2017-09-20T18:34:53+08:00 ] 125.216.183.41 /zhcp/index.php/BackgroudAdmin
INFO: [ app_init ] --START--
INFO: Run Behavior\BuildLiteBehavior [ RunTime:0.000019s ]
INFO: [ app_init ] --END-- [ RunTime:0.000120s ]
ERR: 无法加载模块:BackgroudAdmin

