[ 2017-09-17T00:23:35+08:00 ] 183.6.109.137 /zhcp/index.php/checkVerify.html
INFO: [ app_init ] --START--
INFO: Run Behavior\BuildLiteBehavior [ RunTime:0.000012s ]
INFO: [ app_init ] --END-- [ RunTime:0.000076s ]
ERR: 无法加载模块:CheckVerify

[ 2017-09-17T00:36:54+08:00 ] 183.6.109.137 /zhcp/index.php/admin/Login/index.html
INFO: [ app_init ] --START--
INFO: Run Behavior\BuildLiteBehavior [ RunTime:0.000016s ]
INFO: [ app_init ] --END-- [ RunTime:0.000096s ]
ERR: 无法加载模块:Admin

[ 2017-09-17T00:37:21+08:00 ] 183.6.109.137 /zhcp/index.php/Admin/Login/index.html
INFO: [ app_init ] --START--
INFO: Run Behavior\BuildLiteBehavior [ RunTime:0.000017s ]
INFO: [ app_init ] --END-- [ RunTime:0.000114s ]
ERR: 无法加载模块:Admin

[ 2017-09-17T00:39:21+08:00 ] 183.6.109.137 /zhcp/index.php/admin/Login/index.html
INFO: [ app_init ] --START--
INFO: Run Behavior\BuildLiteBehavior [ RunTime:0.000012s ]
INFO: [ app_init ] --END-- [ RunTime:0.000102s ]
ERR: 无法加载模块:Admin

[ 2017-09-17T03:33:07+08:00 ] 101.226.64.174 /zhcp/index.php/Admin/Login/index.html
INFO: [ app_init ] --START--
INFO: Run Behavior\BuildLiteBehavior [ RunTime:0.000012s ]
INFO: [ app_init ] --END-- [ RunTime:0.000082s ]
ERR: 无法加载模块:Admin

[ 2017-09-17T03:50:20+08:00 ] 113.108.10.5 /zhcp/index.php/checkVerify.html
INFO: [ app_init ] --START--
INFO: Run Behavior\BuildLiteBehavior [ RunTime:0.000011s ]
INFO: [ app_init ] --END-- [ RunTime:0.000079s ]
ERR: 无法加载模块:CheckVerify

[ 2017-09-17T06:11:16+08:00 ] 163.177.90.152 /zhcp/index.php/admin/Login/index.html
INFO: [ app_init ] --START--
INFO: Run Behavior\BuildLiteBehavior [ RunTime:0.000011s ]
INFO: [ app_init ] --END-- [ RunTime:0.000081s ]
ERR: 无法加载模块:Admin

[ 2017-09-17T07:34:50+08:00 ] 183.57.53.177 /zhcp/index.php/Admin/Login/index.html
INFO: [ app_init ] --START--
INFO: Run Behavior\BuildLiteBehavior [ RunTime:0.000022s ]
INFO: [ app_init ] --END-- [ RunTime:0.002304s ]
ERR: 无法加载模块:Admin

[ 2017-09-17T21:56:36+08:00 ] 183.6.109.248 /zhcp/index.php/BackgroundAdminMM%EF%BC%9A16jsj5
INFO: [ app_init ] --START--
INFO: Run Behavior\BuildLiteBehavior [ RunTime:0.000012s ]
INFO: [ app_init ] --END-- [ RunTime:0.000081s ]
ERR: 无法加载模块:BackgroundAdminMM：16jsj5

[ 2017-09-17T21:56:45+08:00 ] 183.6.109.248 /zhcp/index.php/BackgroundAdminMM%EF%BC%9A16jsj5
INFO: [ app_init ] --START--
INFO: Run Behavior\BuildLiteBehavior [ RunTime:0.000012s ]
INFO: [ app_init ] --END-- [ RunTime:0.000079s ]
ERR: 无法加载模块:BackgroundAdminMM：16jsj5

[ 2017-09-17T21:56:45+08:00 ] 183.6.109.248 /zhcp/index.php/BackgroundAdminMM%EF%BC%9A16jsj5
INFO: [ app_init ] --START--
INFO: Run Behavior\BuildLiteBehavior [ RunTime:0.000008s ]
INFO: [ app_init ] --END-- [ RunTime:0.000052s ]
ERR: 无法加载模块:BackgroundAdminMM：16jsj5

[ 2017-09-17T21:56:46+08:00 ] 101.226.66.177 /zhcp/index.php/BackgroundAdminMM：16jsj5
INFO: [ app_init ] --START--
INFO: Run Behavior\BuildLiteBehavior [ RunTime:0.000011s ]
INFO: [ app_init ] --END-- [ RunTime:0.000070s ]
ERR: 无法加载模块:BackgroundAdminMM：16jsj5

[ 2017-09-17T21:56:46+08:00 ] 183.6.109.248 /zhcp/index.php/BackgroundAdminMM%EF%BC%9A16jsj5
INFO: [ app_init ] --START--
INFO: Run Behavior\BuildLiteBehavior [ RunTime:0.000017s ]
INFO: [ app_init ] --END-- [ RunTime:0.000112s ]
ERR: 无法加载模块:BackgroundAdminMM：16jsj5

[ 2017-09-17T21:56:51+08:00 ] 101.226.33.239 /zhcp/index.php/backgroundadminmm%ef%bc%9a16jsj5
INFO: [ app_init ] --START--
INFO: Run Behavior\BuildLiteBehavior [ RunTime:0.000012s ]
INFO: [ app_init ] --END-- [ RunTime:0.000072s ]
ERR: 无法加载模块:Backgroundadminmm：16jsj5

[ 2017-09-17T21:58:27+08:00 ] 183.6.109.248 /zhcp/index.php/BackgroundAdminMM%EF%BC%9A16jsj5
INFO: [ app_init ] --START--
INFO: Run Behavior\BuildLiteBehavior [ RunTime:0.000012s ]
INFO: [ app_init ] --END-- [ RunTime:0.000072s ]
ERR: 无法加载模块:BackgroundAdminMM：16jsj5

[ 2017-09-17T21:58:27+08:00 ] 183.6.109.248 /zhcp/index.php/BackgroundAdminMM%EF%BC%9A16jsj5
INFO: [ app_init ] --START--
INFO: Run Behavior\BuildLiteBehavior [ RunTime:0.000017s ]
INFO: [ app_init ] --END-- [ RunTime:0.000107s ]
ERR: 无法加载模块:BackgroundAdminMM：16jsj5

[ 2017-09-17T22:40:42+08:00 ] 101.226.89.122 /zhcp/index.php/backgroundadmin
INFO: [ app_init ] --START--
INFO: Run Behavior\BuildLiteBehavior [ RunTime:0.000011s ]
INFO: [ app_init ] --END-- [ RunTime:0.000073s ]
ERR: 无法加载模块:Backgroundadmin

