[ 2017-09-18T00:51:22+08:00 ] 119.147.207.152 /zhcp/index.php/BackgroundAdminMM%25EF%25BC%259A16jsj5
INFO: [ app_init ] --START--
INFO: Run Behavior\BuildLiteBehavior [ RunTime:0.000020s ]
INFO: [ app_init ] --END-- [ RunTime:0.000119s ]
ERR: 无法加载模块:BackgroundAdminMM%EF%BC%9A16jsj5

[ 2017-09-18T01:46:40+08:00 ] 14.17.21.58 /zhcp/index.php/backgroundadminmm%25ef%25bc%259a16jsj5
INFO: [ app_init ] --START--
INFO: Run Behavior\BuildLiteBehavior [ RunTime:0.000012s ]
INFO: [ app_init ] --END-- [ RunTime:0.000072s ]
ERR: 无法加载模块:Backgroundadminmm%ef%bc%9a16jsj5

[ 2017-09-18T04:02:00+08:00 ] 183.57.53.197 /zhcp/index.php/BackgroundAdminMM%2525EF%2525BC%25259A16jsj5
INFO: [ app_init ] --START--
INFO: Run Behavior\BuildLiteBehavior [ RunTime:0.000011s ]
INFO: [ app_init ] --END-- [ RunTime:0.000080s ]
ERR: 无法加载模块:BackgroundAdminMM%25EF%25BC%259A16jsj5

[ 2017-09-18T21:50:38+08:00 ] 183.6.109.50 /zhcp/index.php/BackgroundAdmin%EF%BC%88%E5%B8%90%E5%8F%B7%E5%AF%86%E7%A0%81%E8%AF%B7%E5%90%91%E8%BE%85%E5%AF%BC%E5%91%98%E5%92%A8%E8%AF%A2%EF%BC%89%E3%80%82
INFO: [ app_init ] --START--
INFO: Run Behavior\BuildLiteBehavior [ RunTime:0.000012s ]
INFO: [ app_init ] --END-- [ RunTime:0.000088s ]
ERR: 无法加载模块:BackgroundAdmin（帐号密码请向辅导员咨询）。

[ 2017-09-18T21:50:44+08:00 ] 183.6.109.50 /zhcp/index.php/BackgroundAdmin%EF%BC%88%E5%B8%90%E5%8F%B7%E5%AF%86%E7%A0%81%E8%AF%B7%E5%90%91%E8%BE%85%E5%AF%BC%E5%91%98%E5%92%A8%E8%AF%A2%EF%BC%89%E3%80%82
INFO: [ app_init ] --START--
INFO: Run Behavior\BuildLiteBehavior [ RunTime:0.000012s ]
INFO: [ app_init ] --END-- [ RunTime:0.000080s ]
ERR: 无法加载模块:BackgroundAdmin（帐号密码请向辅导员咨询）。

[ 2017-09-18T22:38:10+08:00 ] 117.185.27.115 /zhcp/index.php/backgroundadmin/login/index.html
INFO: [ app_init ] --START--
INFO: Run Behavior\BuildLiteBehavior [ RunTime:0.000012s ]
INFO: [ app_init ] --END-- [ RunTime:0.000070s ]
ERR: 无法加载模块:Backgroundadmin

[ 2017-09-18T23:10:37+08:00 ] 180.153.160.24 /zhcp/index.php/backgroundadmin/index/index
INFO: [ app_init ] --START--
INFO: Run Behavior\BuildLiteBehavior [ RunTime:0.000012s ]
INFO: [ app_init ] --END-- [ RunTime:0.000077s ]
ERR: 无法加载模块:Backgroundadmin

[ 2017-09-18T23:52:20+08:00 ] 101.226.99.197 /zhcp/index.php/backgroundadmin/login/index.html
INFO: [ app_init ] --START--
INFO: Run Behavior\BuildLiteBehavior [ RunTime:0.000012s ]
INFO: [ app_init ] --END-- [ RunTime:0.000083s ]
ERR: 无法加载模块:Backgroundadmin

