[ 2018-09-21T08:55:42+08:00 ] 183.54.42.144 /zhcp/index.php/Homr
INFO: [ app_init ] --START--
INFO: Run Behavior\BuildLiteBehavior [ RunTime:0.000008s ]
INFO: [ app_init ] --END-- [ RunTime:0.000052s ]
ERR: 无法加载模块:Homr

[ 2018-09-21T11:44:00+08:00 ] 120.85.153.191 /zhcp/index.php/Hom
INFO: [ app_init ] --START--
INFO: Run Behavior\BuildLiteBehavior [ RunTime:0.000008s ]
INFO: [ app_init ] --END-- [ RunTime:0.000054s ]
ERR: 无法加载模块:Hom

[ 2018-09-21T11:44:05+08:00 ] 120.85.153.191 /zhcp/index.php/Hom
INFO: [ app_init ] --START--
INFO: Run Behavior\BuildLiteBehavior [ RunTime:0.000010s ]
INFO: [ app_init ] --END-- [ RunTime:0.000061s ]
ERR: 无法加载模块:Hom

[ 2018-09-21T11:44:31+08:00 ] 120.85.153.191 /zhcp/index.php/Hom
INFO: [ app_init ] --START--
INFO: Run Behavior\BuildLiteBehavior [ RunTime:0.000009s ]
INFO: [ app_init ] --END-- [ RunTime:0.000083s ]
ERR: 无法加载模块:Hom

[ 2018-09-21T11:44:49+08:00 ] 223.104.1.248 /zhcp/index.php/Hom
INFO: [ app_init ] --START--
INFO: Run Behavior\BuildLiteBehavior [ RunTime:0.000015s ]
INFO: [ app_init ] --END-- [ RunTime:0.000109s ]
ERR: 无法加载模块:Hom

[ 2018-09-21T11:44:59+08:00 ] 120.85.153.191 /zhcp/index.php/Hom
INFO: [ app_init ] --START--
INFO: Run Behavior\BuildLiteBehavior [ RunTime:0.000014s ]
INFO: [ app_init ] --END-- [ RunTime:0.000092s ]
ERR: 无法加载模块:Hom

[ 2018-09-21T12:31:31+08:00 ] 14.17.22.34 /zhcp/index.php/Hom
INFO: [ app_init ] --START--
INFO: Run Behavior\BuildLiteBehavior [ RunTime:0.000013s ]
INFO: [ app_init ] --END-- [ RunTime:0.000081s ]
ERR: 无法加载模块:Hom

[ 2018-09-21T14:29:37+08:00 ] 58.248.195.157 /zhcp/index.php/Background
INFO: [ app_init ] --START--
INFO: Run Behavior\BuildLiteBehavior [ RunTime:0.000009s ]
INFO: [ app_init ] --END-- [ RunTime:0.000062s ]
ERR: 无法加载模块:Background

[ 2018-09-21T16:52:42+08:00 ] 42.236.10.124 /zhcp/index.php/backgroundadmin/index/copy.html
INFO: [ app_init ] --START--
INFO: Run Behavior\BuildLiteBehavior [ RunTime:0.000017s ]
INFO: [ app_init ] --END-- [ RunTime:0.000081s ]
ERR: 无法加载模块:Backgroundadmin

[ 2018-09-21T16:52:45+08:00 ] 42.236.10.124 /zhcp/index.php/backgroundadmin/index/audit/user_id/3019.html
INFO: [ app_init ] --START--
INFO: Run Behavior\BuildLiteBehavior [ RunTime:0.000012s ]
INFO: [ app_init ] --END-- [ RunTime:0.000083s ]
ERR: 无法加载模块:Backgroundadmin

[ 2018-09-21T16:52:57+08:00 ] 113.10.158.144 /zhcp/index.php/backgroundadmin/index/audit/user_id/3019.html
INFO: [ app_init ] --START--
INFO: Run Behavior\BuildLiteBehavior [ RunTime:0.000009s ]
INFO: [ app_init ] --END-- [ RunTime:0.000060s ]
ERR: 无法加载模块:Backgroundadmin

[ 2018-09-21T17:03:03+08:00 ] 42.236.10.92 /zhcp/index.php/backgroundadmin/index/auditscore.html
INFO: [ app_init ] --START--
INFO: Run Behavior\BuildLiteBehavior [ RunTime:0.000008s ]
INFO: [ app_init ] --END-- [ RunTime:0.000048s ]
ERR: 无法加载模块:Backgroundadmin

