[ 2018-09-20T08:48:11+08:00 ] 43.242.140.116 /zhcp/index.php/Home%E3%80%81
INFO: [ app_init ] --START--
INFO: Run Behavior\BuildLiteBehavior [ RunTime:0.000012s ]
INFO: [ app_init ] --END-- [ RunTime:0.000077s ]
ERR: æ— æ³•åŠ è½½æ¨¡å—:Homeã€

[ 2018-09-20T11:37:35+08:00 ] 120.236.170.82 /zhcp/index.php/Homemaven%E7%9B%AE%E5%BD%95%E4%B8%8B%E7%9A%84profile%E6%96%87%E4%BB%B6
INFO: [ app_init ] --START--
INFO: Run Behavior\BuildLiteBehavior [ RunTime:0.000013s ]
INFO: [ app_init ] --END-- [ RunTime:0.000076s ]
ERR: æ— æ³•åŠ è½½æ¨¡å—:Homemavenç›®å½•ä¸‹çš„profileæ–‡ä»¶

[ 2018-09-20T11:44:04+08:00 ] 121.33.227.29 /zhcp/index.php/HOME
INFO: [ app_init ] --START--
INFO: Run Behavior\BuildLiteBehavior [ RunTime:0.000008s ]
INFO: [ app_init ] --END-- [ RunTime:0.000056s ]
ERR: æ— æ³•åŠ è½½æ¨¡å—:HOME

[ 2018-09-20T12:31:54+08:00 ] 202.105.46.243 /zhcp/index.php/Home%20%E8%BF%99%E4%B8%AA%E6%98%AF%E6%89%80%E6%9C%89%E5%90%8C%E5%AD%A6%E8%A6%81%E5%A1%AB%E7%9A%84%E7%BB%BC%E5%90%88%E6%B5%8B%E8%AF%84%E7%B3%BB%E7%BB%9F%EF%BC%8C%E5%A4%A7%E5%AE%B6%E5%A1%AB%E4%B8%80%E4%B8%8B
INFO: [ app_init ] --START--
INFO: Run Behavior\BuildLiteBehavior [ RunTime:0.000009s ]
INFO: [ app_init ] --END-- [ RunTime:0.000054s ]
ERR: æ— æ³•åŠ è½½æ¨¡å—:Home è¿™ä¸ªæ˜¯æ‰€æœ‰åŒå­¦è¦å¡«çš„ç»¼åˆæµ‹è¯„ç³»ç»Ÿï¼Œå¤§å®¶å¡«ä¸€ä¸‹

[ 2018-09-20T12:31:56+08:00 ] 202.105.46.243 /zhcp/index.php/Home%20%E8%BF%99%E4%B8%AA%E6%98%AF%E6%89%80%E6%9C%89%E5%90%8C%E5%AD%A6%E8%A6%81%E5%A1%AB%E7%9A%84%E7%BB%BC%E5%90%88%E6%B5%8B%E8%AF%84%E7%B3%BB%E7%BB%9F%EF%BC%8C%E5%A4%A7%E5%AE%B6%E5%A1%AB%E4%B8%80%E4%B8%8B
INFO: [ app_init ] --START--
INFO: Run Behavior\BuildLiteBehavior [ RunTime:0.000008s ]
INFO: [ app_init ] --END-- [ RunTime:0.000053s ]
ERR: æ— æ³•åŠ è½½æ¨¡å—:Home è¿™ä¸ªæ˜¯æ‰€æœ‰åŒå­¦è¦å¡«çš„ç»¼åˆæµ‹è¯„ç³»ç»Ÿï¼Œå¤§å®¶å¡«ä¸€ä¸‹

[ 2018-09-20T12:39:33+08:00 ] 223.104.1.245 /zhcp/index.php/Home%20%EF%BC%88%E7%B3%BB%20%EF%BC%88%E7%B3%BB%E7%BB%9F%E5%88%9D%E5%A7%8B%E7%99%BB%E5%BD%95%E5%B8%90%E5%8F%B7%E4%B8%BA%E5%AD%A6%E5%8F%B7%EF%BC%8C%E5%AF%86%E7%A0%81
INFO: [ app_init ] --START--
INFO: Run Behavior\BuildLiteBehavior [ RunTime:0.000009s ]
INFO: [ app_init ] --END-- [ RunTime:0.000052s ]
ERR: æ— æ³•åŠ è½½æ¨¡å—:Home ï¼ˆç³» ï¼ˆç³»ç»Ÿåˆå§‹ç™»å½•å¸å·ä¸ºå­¦å·ï¼Œå¯†ç 

[ 2018-09-20T12:39:37+08:00 ] 223.104.1.245 /zhcp/index.php/Home%20%EF%BC%88%E7%B3%BB%20%EF%BC%88%E7%B3%BB%E7%BB%9F%E5%88%9D%E5%A7%8B%E7%99%BB%E5%BD%95%E5%B8%90%E5%8F%B7%E4%B8%BA%E5%AD%A6%E5%8F%B7%EF%BC%8C%E5%AF%86%E7%A0%81
INFO: [ app_init ] --START--
INFO: Run Behavior\BuildLiteBehavior [ RunTime:0.000010s ]
INFO: [ app_init ] --END-- [ RunTime:0.000058s ]
ERR: æ— æ³•åŠ è½½æ¨¡å—:Home ï¼ˆç³» ï¼ˆç³»ç»Ÿåˆå§‹ç™»å½•å¸å·ä¸ºå­¦å·ï¼Œå¯†ç 

[ 2018-09-20T14:51:08+08:00 ] 58.248.195.54 /zhcp/index.php/Home%20%EF%BC%88%E7%B3%BB
INFO: [ app_init ] --START--
INFO: Run Behavior\BuildLiteBehavior [ RunTime:0.000009s ]
INFO: [ app_init ] --END-- [ RunTime:0.000055s ]
ERR: æ— æ³•åŠ è½½æ¨¡å—:Home ï¼ˆç³»

[ 2018-09-20T18:48:51+08:00 ] 58.251.121.186 /zhcp/index.php/Home¡õ
INFO: [ app_init ] --START--
INFO: Run Behavior\BuildLiteBehavior [ RunTime:0.000009s ]
INFO: [ app_init ] --END-- [ RunTime:0.000053s ]
ERR: æ— æ³•åŠ è½½æ¨¡å—:Home¡õ

[ 2018-09-20T18:48:52+08:00 ] 101.89.239.120 /zhcp/index.php/Home%EF%BF%BD%EF%BF%BD
INFO: [ app_init ] --START--
INFO: Run Behavior\BuildLiteBehavior [ RunTime:0.000012s ]
INFO: [ app_init ] --END-- [ RunTime:0.000075s ]
ERR: æ— æ³•åŠ è½½æ¨¡å—:Homeï¿½ï¿½

[ 2018-09-20T18:49:54+08:00 ] 61.151.178.236 /zhcp/index.php/Home%EF%BF%BD%EF%BF%BD
INFO: [ app_init ] --START--
INFO: Run Behavior\BuildLiteBehavior [ RunTime:0.000012s ]
INFO: [ app_init ] --END-- [ RunTime:0.000081s ]
ERR: æ— æ³•åŠ è½½æ¨¡å—:Homeï¿½ï¿½

[ 2018-09-20T19:13:31+08:00 ] 120.85.153.27 /zhcp/index.php/Home+
INFO: [ app_init ] --START--
INFO: Run Behavior\BuildLiteBehavior [ RunTime:0.000009s ]
INFO: [ app_init ] --END-- [ RunTime:0.000056s ]
ERR: æ— æ³•åŠ è½½æ¨¡å—:Home+

