[ 2018-09-19T11:18:17+08:00 ] 101.89.239.216 /zhcp/index.php/backgroundadmin/login/index.html
INFO: [ app_init ] --START--
INFO: Run Behavior\BuildLiteBehavior [ RunTime:0.000009s ]
INFO: [ app_init ] --END-- [ RunTime:0.000056s ]
ERR: 无法加载模块:Backgroundadmin

[ 2018-09-19T11:18:41+08:00 ] 101.89.239.120 /zhcp/index.php/backgroundadmin/index/index
INFO: [ app_init ] --START--
INFO: Run Behavior\BuildLiteBehavior [ RunTime:0.000009s ]
INFO: [ app_init ] --END-- [ RunTime:0.000051s ]
ERR: 无法加载模块:Backgroundadmin

[ 2018-09-19T21:06:04+08:00 ] 58.248.195.182 /zhcp/index.php/Home%E8%BF%99%E6%98%AF%E7%BB%BC%E5%90%88%E6%B5%8B%E8%AF%84%E7%9A%84%E7%BD%91%E7%AB%99%EF%BC%8C%E8%B4%A6%E5%8F%B7%E5%AF%86%E7%A0%81%E9%83%BD%E6%98%AF%E5%AD%A6%E5%8F%B7%E6%89%80%E6%9C%89%E4%BA%BA%E9%83%BD%E8%A6%81%E5%A1%AB%EF%BC%8C%E5%AF%B9%E5%A5%96%E5%AD%A6%E9%87%91%E6%B2%A1%E6%83%B3%E6%B3%95%E7%9A%84%E9%9A%8F%E4%BE%BF%E7%82%B9%E4%B8%8D%E6%87%82%E6%80%8E%E4%B9%88%E5%A1%AB%E7%9A%84%E7%9C%8B%E5%AD%A6%E7%94%9F%E6%89%8B%E5%86%8C16-30%E9%A1%B5
INFO: [ app_init ] --START--
INFO: Run Behavior\BuildLiteBehavior [ RunTime:0.000012s ]
INFO: [ app_init ] --END-- [ RunTime:0.000080s ]
ERR: 无法加载模块:Home这是综合测评的网站，账号密码都是学号所有人都要填，对奖学金没想法的随便点不懂怎么填的看学生手册16-30页

[ 2018-09-19T21:32:35+08:00 ] 112.97.49.230 /zhcp/index.php/indexurl
INFO: [ app_init ] --START--
INFO: Run Behavior\BuildLiteBehavior [ RunTime:0.000011s ]
INFO: [ app_init ] --END-- [ RunTime:0.000080s ]
ERR: 无法加载模块:Indexurl

