[ 2017-09-17T13:22:18+08:00 ] 163.177.69.107 /zhcp/admin.php?nsukey=YpY32NUkD8j2%2FRTIZ64GSg3p4eOUHSTmy%2B1Jb%2FqS3X9FkfWP%2BsJrkBdemG94U1XrQ%2B16UNMaTD2jQCxsOy7Hi6MzaaIfpjKNZvJtyt4BVOhuWW%2BnE7H%2B6vpE7xJSBXxYrPQSojbr%2FsYEl6xyOl3atBO4Cl7hcEdZavLI9QiKJF2xVFgL0r8%2FQ0hyL7zAf10y
INFO: [ app_init ] --START--
INFO: Run Behavior\BuildLiteBehavior [ RunTime:0.000012s ]
INFO: [ app_init ] --END-- [ RunTime:0.000091s ]
INFO: [ app_begin ] --START--
INFO: Run Behavior\ReadHtmlCacheBehavior [ RunTime:0.000043s ]
INFO: [ app_begin ] --END-- [ RunTime:0.000081s ]

[ 2017-09-17T13:22:19+08:00 ] 163.177.69.107 /zhcp/admin.php/Home/Login/index.html
INFO: [ app_init ] --START--
INFO: Run Behavior\BuildLiteBehavior [ RunTime:0.000019s ]
INFO: [ app_init ] --END-- [ RunTime:0.000116s ]
INFO: [ app_begin ] --START--
INFO: Run Behavior\ReadHtmlCacheBehavior [ RunTime:0.000067s ]
INFO: [ app_begin ] --END-- [ RunTime:0.000122s ]
INFO: [ view_parse ] --START--
INFO: [ template_filter ] --START--
INFO: Run Behavior\ContentReplaceBehavior [ RunTime:0.000039s ]
INFO: [ template_filter ] --END-- [ RunTime:0.000076s ]
INFO: Run Behavior\ParseTemplateBehavior [ RunTime:0.067834s ]
INFO: [ view_parse ] --END-- [ RunTime:0.067885s ]
INFO: [ view_filter ] --START--
INFO: Run Behavior\WriteHtmlCacheBehavior [ RunTime:0.000071s ]
INFO: [ view_filter ] --END-- [ RunTime:0.000097s ]
INFO: [ app_end ] --START--
INFO: Run Behavior\ShowPageTraceBehavior [ RunTime:0.000037s ]
INFO: [ app_end ] --END-- [ RunTime:0.000061s ]

[ 2017-09-17T13:22:19+08:00 ] 163.177.93.244 /zhcp/admin.php?nsukey=YpY32NUkD8j2%2FRTIZ64GSg3p4eOUHSTmy%2B1Jb%2FqS3X9FkfWP%2BsJrkBdemG94U1XrQ%2B16UNMaTD2jQCxsOy7Hi6MzaaIfpjKNZvJtyt4BVOhuWW%2BnE7H%2B6vpE7xJSBXxYrPQSojbr%2FsYEl6xyOl3atBO4Cl7hcEdZavLI9QiKJF2xVFgL0r8%2FQ0hyL7zAf10y
INFO: [ app_init ] --START--
INFO: Run Behavior\BuildLiteBehavior [ RunTime:0.000011s ]
INFO: [ app_init ] --END-- [ RunTime:0.000070s ]
INFO: [ app_begin ] --START--
INFO: Run Behavior\ReadHtmlCacheBehavior [ RunTime:0.000040s ]
INFO: [ app_begin ] --END-- [ RunTime:0.000079s ]

[ 2017-09-17T13:22:19+08:00 ] 163.177.69.59 /zhcp/admin.php/Home/Login/index.html
INFO: [ app_init ] --START--
INFO: Run Behavior\BuildLiteBehavior [ RunTime:0.000011s ]
INFO: [ app_init ] --END-- [ RunTime:0.000070s ]
INFO: [ app_begin ] --START--
INFO: Run Behavior\ReadHtmlCacheBehavior [ RunTime:0.000032s ]
INFO: [ app_begin ] --END-- [ RunTime:0.000060s ]
INFO: [ view_parse ] --START--
INFO: [ template_filter ] --START--
INFO: Run Behavior\ContentReplaceBehavior [ RunTime:0.000028s ]
INFO: [ template_filter ] --END-- [ RunTime:0.000063s ]
INFO: Run Behavior\ParseTemplateBehavior [ RunTime:0.001437s ]
INFO: [ view_parse ] --END-- [ RunTime:0.001467s ]
INFO: [ view_filter ] --START--
INFO: Run Behavior\WriteHtmlCacheBehavior [ RunTime:0.000030s ]
INFO: [ view_filter ] --END-- [ RunTime:0.000086s ]
INFO: [ app_end ] --START--
INFO: Run Behavior\ShowPageTraceBehavior [ RunTime:0.000031s ]
INFO: [ app_end ] --END-- [ RunTime:0.000055s ]

[ 2017-09-17T13:22:19+08:00 ] 163.177.94.120 /zhcp/admin.php/Home/Login/css/style.css
INFO: [ app_init ] --START--
INFO: Run Behavior\BuildLiteBehavior [ RunTime:0.000012s ]
INFO: [ app_init ] --END-- [ RunTime:0.000071s ]
INFO: [ app_begin ] --START--
INFO: Run Behavior\ReadHtmlCacheBehavior [ RunTime:0.000046s ]
INFO: [ app_begin ] --END-- [ RunTime:0.000092s ]
ERR: 非法操作:css

[ 2017-09-17T13:22:19+08:00 ] 121.33.227.25 /zhcp/admin.php?nsukey=YpY32NUkD8j2%2FRTIZ64GSg3p4eOUHSTmy%2B1Jb%2FqS3X9FkfWP%2BsJrkBdemG94U1XrQ%2B16UNMaTD2jQCxsOy7Hi6MzaaIfpjKNZvJtyt4BVOhuWW%2BnE7H%2B6vpE7xJSBXxYrPQSojbr%2FsYEl6xyOl3atBO4Cl7hcEdZavLI9QiKJF2xVFgL0r8%2FQ0hyL7zAf10y
INFO: [ app_init ] --START--
INFO: Run Behavior\BuildLiteBehavior [ RunTime:0.000012s ]
INFO: [ app_init ] --END-- [ RunTime:0.000070s ]
INFO: [ app_begin ] --START--
INFO: Run Behavior\ReadHtmlCacheBehavior [ RunTime:0.000034s ]
INFO: [ app_begin ] --END-- [ RunTime:0.000064s ]

[ 2017-09-17T13:22:19+08:00 ] 121.33.227.25 /zhcp/admin.php/Home/Login/index.html
INFO: [ app_init ] --START--
INFO: Run Behavior\BuildLiteBehavior [ RunTime:0.000018s ]
INFO: [ app_init ] --END-- [ RunTime:0.000114s ]
INFO: [ app_begin ] --START--
INFO: Run Behavior\ReadHtmlCacheBehavior [ RunTime:0.000037s ]
INFO: [ app_begin ] --END-- [ RunTime:0.000078s ]
INFO: [ view_parse ] --START--
INFO: [ template_filter ] --START--
INFO: Run Behavior\ContentReplaceBehavior [ RunTime:0.000047s ]
INFO: [ template_filter ] --END-- [ RunTime:0.000104s ]
INFO: Run Behavior\ParseTemplateBehavior [ RunTime:0.002183s ]
INFO: [ view_parse ] --END-- [ RunTime:0.002229s ]
INFO: [ view_filter ] --START--
INFO: Run Behavior\WriteHtmlCacheBehavior [ RunTime:0.000052s ]
INFO: [ view_filter ] --END-- [ RunTime:0.000098s ]
INFO: [ app_end ] --START--
INFO: Run Behavior\ShowPageTraceBehavior [ RunTime:0.000063s ]
INFO: [ app_end ] --END-- [ RunTime:0.000116s ]

[ 2017-09-17T13:22:19+08:00 ] 121.33.227.25 /zhcp/admin.php/Home/Login/css/style.css
INFO: [ app_init ] --START--
INFO: Run Behavior\BuildLiteBehavior [ RunTime:0.000011s ]
INFO: [ app_init ] --END-- [ RunTime:0.000074s ]
INFO: [ app_begin ] --START--
INFO: Run Behavior\ReadHtmlCacheBehavior [ RunTime:0.000051s ]
INFO: [ app_begin ] --END-- [ RunTime:0.000099s ]
ERR: 非法操作:css

[ 2017-09-17T13:22:19+08:00 ] 121.33.227.25 /zhcp/admin.php/Home/Login/images/head-img.png
INFO: [ app_init ] --START--
INFO: Run Behavior\BuildLiteBehavior [ RunTime:0.000017s ]
INFO: [ app_init ] --END-- [ RunTime:0.000108s ]

[ 2017-09-17T13:22:20+08:00 ] 121.33.227.25 /zhcp/admin.php/Home/Login/images/head-img.png
INFO: [ app_init ] --START--
INFO: Run Behavior\BuildLiteBehavior [ RunTime:0.000015s ]
INFO: [ app_init ] --END-- [ RunTime:0.000117s ]

[ 2017-09-17T13:22:22+08:00 ] 163.177.69.106 /zhcp/admin.php/Home/Login/index.html?nsukey=9MKcR6qlf16r40RAO%2F9lMENLbcX8ANT9Jn3QJ%2Fb9BfRfg3ml1cMtJ4%2B98zzGAKZBVeiK7UO18JM2FDdkb3i3cYP2u91ERRcyx36Yaw5KcfgVEIhvVShESOmCVMbs5Va9cIdLsrPQe7exw0XoAGMY4tI1hva5tjjQATvmcAg%2BEt%2BqYPWhfyvdHwG8z09wMHyk
INFO: [ app_init ] --START--
INFO: Run Behavior\BuildLiteBehavior [ RunTime:0.000016s ]
INFO: [ app_init ] --END-- [ RunTime:0.000117s ]
INFO: [ app_begin ] --START--
INFO: Run Behavior\ReadHtmlCacheBehavior [ RunTime:0.000065s ]
INFO: [ app_begin ] --END-- [ RunTime:0.000101s ]
INFO: [ view_parse ] --START--
INFO: [ template_filter ] --START--
INFO: Run Behavior\ContentReplaceBehavior [ RunTime:0.000038s ]
INFO: [ template_filter ] --END-- [ RunTime:0.000078s ]
INFO: Run Behavior\ParseTemplateBehavior [ RunTime:0.001877s ]
INFO: [ view_parse ] --END-- [ RunTime:0.001911s ]
INFO: [ view_filter ] --START--
INFO: Run Behavior\WriteHtmlCacheBehavior [ RunTime:0.000035s ]
INFO: [ view_filter ] --END-- [ RunTime:0.000057s ]
INFO: [ app_end ] --START--
INFO: Run Behavior\ShowPageTraceBehavior [ RunTime:0.000039s ]
INFO: [ app_end ] --END-- [ RunTime:0.000065s ]

[ 2017-09-17T13:22:23+08:00 ] 163.177.69.59 /zhcp/admin.php/Home/Login/index.html?nsukey=9MKcR6qlf16r40RAO%2F9lMENLbcX8ANT9Jn3QJ%2Fb9BfRfg3ml1cMtJ4%2B98zzGAKZBVeiK7UO18JM2FDdkb3i3cYP2u91ERRcyx36Yaw5KcfgVEIhvVShESOmCVMbs5Va9cIdLsrPQe7exw0XoAGMY4tI1hva5tjjQATvmcAg%2BEt%2BqYPWhfyvdHwG8z09wMHyk
INFO: [ app_init ] --START--
INFO: Run Behavior\BuildLiteBehavior [ RunTime:0.000017s ]
INFO: [ app_init ] --END-- [ RunTime:0.000087s ]
INFO: [ app_begin ] --START--
INFO: Run Behavior\ReadHtmlCacheBehavior [ RunTime:0.000032s ]
INFO: [ app_begin ] --END-- [ RunTime:0.000060s ]
INFO: [ view_parse ] --START--
INFO: [ template_filter ] --START--
INFO: Run Behavior\ContentReplaceBehavior [ RunTime:0.000034s ]
INFO: [ template_filter ] --END-- [ RunTime:0.000104s ]
INFO: Run Behavior\ParseTemplateBehavior [ RunTime:0.001663s ]
INFO: [ view_parse ] --END-- [ RunTime:0.001693s ]
INFO: [ view_filter ] --START--
INFO: Run Behavior\WriteHtmlCacheBehavior [ RunTime:0.000030s ]
INFO: [ view_filter ] --END-- [ RunTime:0.000052s ]
INFO: [ app_end ] --START--
INFO: Run Behavior\ShowPageTraceBehavior [ RunTime:0.000028s ]
INFO: [ app_end ] --END-- [ RunTime:0.000054s ]

[ 2017-09-17T13:22:23+08:00 ] 163.177.93.244 /zhcp/admin.php/Home/Login/css/style.css
INFO: [ app_init ] --START--
INFO: Run Behavior\BuildLiteBehavior [ RunTime:0.000018s ]
INFO: [ app_init ] --END-- [ RunTime:0.000163s ]
INFO: [ app_begin ] --START--
INFO: Run Behavior\ReadHtmlCacheBehavior [ RunTime:0.000057s ]
INFO: [ app_begin ] --END-- [ RunTime:0.000096s ]
ERR: 非法操作:css

[ 2017-09-17T13:22:23+08:00 ] 121.33.227.25 /zhcp/admin.php/Home/Login/index.html?nsukey=9MKcR6qlf16r40RAO%2F9lMENLbcX8ANT9Jn3QJ%2Fb9BfRfg3ml1cMtJ4%2B98zzGAKZBVeiK7UO18JM2FDdkb3i3cYP2u91ERRcyx36Yaw5KcfgVEIhvVShESOmCVMbs5Va9cIdLsrPQe7exw0XoAGMY4tI1hva5tjjQATvmcAg%2BEt%2BqYPWhfyvdHwG8z09wMHyk
INFO: [ app_init ] --START--
INFO: Run Behavior\BuildLiteBehavior [ RunTime:0.000012s ]
INFO: [ app_init ] --END-- [ RunTime:0.000071s ]
INFO: [ app_begin ] --START--
INFO: Run Behavior\ReadHtmlCacheBehavior [ RunTime:0.000032s ]
INFO: [ app_begin ] --END-- [ RunTime:0.000060s ]
INFO: [ view_parse ] --START--
INFO: [ template_filter ] --START--
INFO: Run Behavior\ContentReplaceBehavior [ RunTime:0.000030s ]
INFO: [ template_filter ] --END-- [ RunTime:0.000062s ]
INFO: Run Behavior\ParseTemplateBehavior [ RunTime:0.001510s ]
INFO: [ view_parse ] --END-- [ RunTime:0.001541s ]
INFO: [ view_filter ] --START--
INFO: Run Behavior\WriteHtmlCacheBehavior [ RunTime:0.000031s ]
INFO: [ view_filter ] --END-- [ RunTime:0.000053s ]
INFO: [ app_end ] --START--
INFO: Run Behavior\ShowPageTraceBehavior [ RunTime:0.000028s ]
INFO: [ app_end ] --END-- [ RunTime:0.000050s ]

[ 2017-09-17T13:22:23+08:00 ] 121.33.227.25 /zhcp/admin.php/Home/Login/css/style.css
INFO: [ app_init ] --START--
INFO: Run Behavior\BuildLiteBehavior [ RunTime:0.000020s ]
INFO: [ app_init ] --END-- [ RunTime:0.000119s ]
INFO: [ app_begin ] --START--
INFO: Run Behavior\ReadHtmlCacheBehavior [ RunTime:0.000057s ]
INFO: [ app_begin ] --END-- [ RunTime:0.000112s ]
ERR: 非法操作:css

[ 2017-09-17T13:22:23+08:00 ] 121.33.227.25 /zhcp/admin.php/Home/Login/images/head-img.png
INFO: [ app_init ] --START--
INFO: Run Behavior\BuildLiteBehavior [ RunTime:0.000009s ]
INFO: [ app_init ] --END-- [ RunTime:0.000058s ]

[ 2017-09-17T13:22:37+08:00 ] 121.33.227.25 /zhcp/admin.php/Home/Login/index.html
INFO: [ app_init ] --START--
INFO: Run Behavior\BuildLiteBehavior [ RunTime:0.000026s ]
INFO: [ app_init ] --END-- [ RunTime:0.000133s ]
INFO: [ app_begin ] --START--
INFO: Run Behavior\ReadHtmlCacheBehavior [ RunTime:0.000074s ]
INFO: [ app_begin ] --END-- [ RunTime:0.000121s ]
SQL: SHOW COLUMNS FROM `instructor` [ RunTime:0.0007s ]
SQL: SELECT * FROM `instructor` WHERE `instructor_account` = 'wy' AND `instructor_password` = 'wy' LIMIT 1   [ RunTime:0.0001s ]
INFO: [ app_end ] --START--
INFO: Run Behavior\ShowPageTraceBehavior [ RunTime:0.000068s ]
INFO: [ app_end ] --END-- [ RunTime:0.000110s ]

[ 2017-09-17T13:22:37+08:00 ] 121.33.227.25 /zhcp/admin.php/Home/Index/index
INFO: [ app_init ] --START--
INFO: Run Behavior\BuildLiteBehavior [ RunTime:0.000010s ]
INFO: [ app_init ] --END-- [ RunTime:0.000069s ]
INFO: [ app_begin ] --START--
INFO: Run Behavior\ReadHtmlCacheBehavior [ RunTime:0.000041s ]
INFO: [ app_begin ] --END-- [ RunTime:0.000069s ]
INFO: [ view_parse ] --START--
INFO: [ template_filter ] --START--
INFO: Run Behavior\ContentReplaceBehavior [ RunTime:0.000046s ]
INFO: [ template_filter ] --END-- [ RunTime:0.000088s ]
INFO: Run Behavior\ParseTemplateBehavior [ RunTime:0.012949s ]
INFO: [ view_parse ] --END-- [ RunTime:0.012988s ]
INFO: [ view_filter ] --START--
INFO: Run Behavior\WriteHtmlCacheBehavior [ RunTime:0.000041s ]
INFO: [ view_filter ] --END-- [ RunTime:0.000064s ]
INFO: [ app_end ] --START--
INFO: Run Behavior\ShowPageTraceBehavior [ RunTime:0.000028s ]
INFO: [ app_end ] --END-- [ RunTime:0.000051s ]

[ 2017-09-17T13:22:37+08:00 ] 121.33.227.25 /zhcp/admin.php/Home/Index/copy.html
INFO: [ app_init ] --START--
INFO: Run Behavior\BuildLiteBehavior [ RunTime:0.000012s ]
INFO: [ app_init ] --END-- [ RunTime:0.000071s ]
INFO: [ app_begin ] --START--
INFO: Run Behavior\ReadHtmlCacheBehavior [ RunTime:0.000031s ]
INFO: [ app_begin ] --END-- [ RunTime:0.000059s ]
INFO: [ view_parse ] --START--
INFO: [ template_filter ] --START--
INFO: Run Behavior\ContentReplaceBehavior [ RunTime:0.000043s ]
INFO: [ template_filter ] --END-- [ RunTime:0.000081s ]
INFO: Run Behavior\ParseTemplateBehavior [ RunTime:0.016667s ]
INFO: [ view_parse ] --END-- [ RunTime:0.016700s ]
INFO: [ view_filter ] --START--
INFO: Run Behavior\WriteHtmlCacheBehavior [ RunTime:0.000031s ]
INFO: [ view_filter ] --END-- [ RunTime:0.000053s ]
INFO: [ app_end ] --START--
INFO: Run Behavior\ShowPageTraceBehavior [ RunTime:0.000027s ]
INFO: [ app_end ] --END-- [ RunTime:0.000050s ]

[ 2017-09-17T13:22:39+08:00 ] 163.177.69.106 /zhcp/admin.php/Home/Index/index?nsukey=a%2Bw4sMnzpQ6BzAQbFO8m6yEm4aQHSrjlb5lh0xiPF4ypsxei84yaclHNW7948EdQFQk%2F1JENs%2FtvcUFQmQ7memm0rTsHfw3IVYLbWdC2eETjJ7RUjeQTIBa4dnFmzzy4FPnG8cB0uc5MHa9E7O7xRsP%2FVxe77Rvaj0ZzgOoG0q8O%2FZVtpxC1vvIRA6GJMSg7
INFO: [ app_init ] --START--
INFO: Run Behavior\BuildLiteBehavior [ RunTime:0.000011s ]
INFO: [ app_init ] --END-- [ RunTime:0.000084s ]
INFO: [ app_begin ] --START--
INFO: Run Behavior\ReadHtmlCacheBehavior [ RunTime:0.000062s ]
INFO: [ app_begin ] --END-- [ RunTime:0.000117s ]

[ 2017-09-17T13:22:39+08:00 ] 163.177.69.106 /zhcp/admin.php/Home/Login/index.html
INFO: [ app_init ] --START--
INFO: Run Behavior\BuildLiteBehavior [ RunTime:0.000016s ]
INFO: [ app_init ] --END-- [ RunTime:0.000131s ]
INFO: [ app_begin ] --START--
INFO: Run Behavior\ReadHtmlCacheBehavior [ RunTime:0.000058s ]
INFO: [ app_begin ] --END-- [ RunTime:0.000093s ]
INFO: [ view_parse ] --START--
INFO: [ template_filter ] --START--
INFO: Run Behavior\ContentReplaceBehavior [ RunTime:0.000047s ]
INFO: [ template_filter ] --END-- [ RunTime:0.000089s ]
INFO: Run Behavior\ParseTemplateBehavior [ RunTime:0.002066s ]
INFO: [ view_parse ] --END-- [ RunTime:0.002108s ]
INFO: [ view_filter ] --START--
INFO: Run Behavior\WriteHtmlCacheBehavior [ RunTime:0.000045s ]
INFO: [ view_filter ] --END-- [ RunTime:0.000068s ]
INFO: [ app_end ] --START--
INFO: Run Behavior\ShowPageTraceBehavior [ RunTime:0.000048s ]
INFO: [ app_end ] --END-- [ RunTime:0.000075s ]

[ 2017-09-17T13:22:39+08:00 ] 163.177.93.224 /zhcp/admin.php/Home/Index/index?nsukey=a%2Bw4sMnzpQ6BzAQbFO8m6yEm4aQHSrjlb5lh0xiPF4ypsxei84yaclHNW7948EdQFQk%2F1JENs%2FtvcUFQmQ7memm0rTsHfw3IVYLbWdC2eETjJ7RUjeQTIBa4dnFmzzy4FPnG8cB0uc5MHa9E7O7xRsP%2FVxe77Rvaj0ZzgOoG0q8O%2FZVtpxC1vvIRA6GJMSg7
INFO: [ app_init ] --START--
INFO: Run Behavior\BuildLiteBehavior [ RunTime:0.000012s ]
INFO: [ app_init ] --END-- [ RunTime:0.000076s ]
INFO: [ app_begin ] --START--
INFO: Run Behavior\ReadHtmlCacheBehavior [ RunTime:0.000043s ]
INFO: [ app_begin ] --END-- [ RunTime:0.000081s ]

[ 2017-09-17T13:22:39+08:00 ] 163.177.69.13 /zhcp/admin.php/Home/Login/index.html
INFO: [ app_init ] --START--
INFO: Run Behavior\BuildLiteBehavior [ RunTime:0.000029s ]
INFO: [ app_init ] --END-- [ RunTime:0.000199s ]
INFO: [ app_begin ] --START--
INFO: Run Behavior\ReadHtmlCacheBehavior [ RunTime:0.000092s ]
INFO: [ app_begin ] --END-- [ RunTime:0.000155s ]
INFO: [ view_parse ] --START--
INFO: [ template_filter ] --START--
INFO: Run Behavior\ContentReplaceBehavior [ RunTime:0.000036s ]
INFO: [ template_filter ] --END-- [ RunTime:0.000078s ]
INFO: Run Behavior\ParseTemplateBehavior [ RunTime:0.002361s ]
INFO: [ view_parse ] --END-- [ RunTime:0.002414s ]
INFO: [ view_filter ] --START--
INFO: Run Behavior\WriteHtmlCacheBehavior [ RunTime:0.000036s ]
INFO: [ view_filter ] --END-- [ RunTime:0.000058s ]
INFO: [ app_end ] --START--
INFO: Run Behavior\ShowPageTraceBehavior [ RunTime:0.000046s ]
INFO: [ app_end ] --END-- [ RunTime:0.000085s ]

[ 2017-09-17T13:22:39+08:00 ] 163.177.93.244 /zhcp/admin.php/Home/Login/css/style.css
INFO: [ app_init ] --START--
INFO: Run Behavior\BuildLiteBehavior [ RunTime:0.000020s ]
INFO: [ app_init ] --END-- [ RunTime:0.000122s ]
INFO: [ app_begin ] --START--
INFO: Run Behavior\ReadHtmlCacheBehavior [ RunTime:0.000057s ]
INFO: [ app_begin ] --END-- [ RunTime:0.000100s ]
ERR: 非法操作:css

[ 2017-09-17T13:22:40+08:00 ] 121.33.227.25 /zhcp/admin.php/Home/Index/index?nsukey=a%2Bw4sMnzpQ6BzAQbFO8m6yEm4aQHSrjlb5lh0xiPF4ypsxei84yaclHNW7948EdQFQk%2F1JENs%2FtvcUFQmQ7memm0rTsHfw3IVYLbWdC2eETjJ7RUjeQTIBa4dnFmzzy4FPnG8cB0uc5MHa9E7O7xRsP%2FVxe77Rvaj0ZzgOoG0q8O%2FZVtpxC1vvIRA6GJMSg7
INFO: [ app_init ] --START--
INFO: Run Behavior\BuildLiteBehavior [ RunTime:0.000011s ]
INFO: [ app_init ] --END-- [ RunTime:0.000082s ]
INFO: [ app_begin ] --START--
INFO: Run Behavior\ReadHtmlCacheBehavior [ RunTime:0.000033s ]
INFO: [ app_begin ] --END-- [ RunTime:0.000063s ]
INFO: [ view_parse ] --START--
INFO: [ template_filter ] --START--
INFO: Run Behavior\ContentReplaceBehavior [ RunTime:0.000038s ]
INFO: [ template_filter ] --END-- [ RunTime:0.000081s ]
INFO: Run Behavior\ParseTemplateBehavior [ RunTime:0.002174s ]
INFO: [ view_parse ] --END-- [ RunTime:0.002206s ]
INFO: [ view_filter ] --START--
INFO: Run Behavior\WriteHtmlCacheBehavior [ RunTime:0.000030s ]
INFO: [ view_filter ] --END-- [ RunTime:0.000052s ]
INFO: [ app_end ] --START--
INFO: Run Behavior\ShowPageTraceBehavior [ RunTime:0.000028s ]
INFO: [ app_end ] --END-- [ RunTime:0.000053s ]

[ 2017-09-17T13:22:40+08:00 ] 121.33.227.25 /zhcp/admin.php/Home/Index/copy.html
INFO: [ app_init ] --START--
INFO: Run Behavior\BuildLiteBehavior [ RunTime:0.000012s ]
INFO: [ app_init ] --END-- [ RunTime:0.000072s ]
INFO: [ app_begin ] --START--
INFO: Run Behavior\ReadHtmlCacheBehavior [ RunTime:0.000049s ]
INFO: [ app_begin ] --END-- [ RunTime:0.000098s ]
INFO: [ view_parse ] --START--
INFO: [ template_filter ] --START--
INFO: Run Behavior\ContentReplaceBehavior [ RunTime:0.000027s ]
INFO: [ template_filter ] --END-- [ RunTime:0.000058s ]
INFO: Run Behavior\ParseTemplateBehavior [ RunTime:0.001425s ]
INFO: [ view_parse ] --END-- [ RunTime:0.001472s ]
INFO: [ view_filter ] --START--
INFO: Run Behavior\WriteHtmlCacheBehavior [ RunTime:0.000032s ]
INFO: [ view_filter ] --END-- [ RunTime:0.000058s ]
INFO: [ app_end ] --START--
INFO: Run Behavior\ShowPageTraceBehavior [ RunTime:0.000026s ]
INFO: [ app_end ] --END-- [ RunTime:0.000050s ]

[ 2017-09-17T13:22:44+08:00 ] 121.33.227.25 /zhcp/admin.php/Home/Index/queryclass.html
INFO: [ app_init ] --START--
INFO: Run Behavior\BuildLiteBehavior [ RunTime:0.000011s ]
INFO: [ app_init ] --END-- [ RunTime:0.000070s ]
INFO: [ app_begin ] --START--
INFO: Run Behavior\ReadHtmlCacheBehavior [ RunTime:0.000033s ]
INFO: [ app_begin ] --END-- [ RunTime:0.000061s ]
SQL: SHOW COLUMNS FROM `pclass` [ RunTime:0.0006s ]
SQL: SELECT `pclass_name` FROM `pclass` WHERE `pclass_id` = 0 LIMIT 1   [ RunTime:0.0001s ]
SQL: SELECT * FROM `pclass`  [ RunTime:0.0001s ]
SQL: SHOW COLUMNS FROM `instructor` [ RunTime:0.0004s ]
SQL: SELECT * FROM `instructor` WHERE `instructor_id` = 5 LIMIT 1   [ RunTime:0.0001s ]
SQL: SHOW COLUMNS FROM `grade` [ RunTime:0.0004s ]
SQL: SELECT `grade_name` FROM `grade` WHERE `grade_id` = 6 LIMIT 1   [ RunTime:0.0001s ]
SQL: SHOW COLUMNS FROM `user` [ RunTime:0.0004s ]
SQL: SELECT * FROM `user` WHERE `pclass_id` = 0 AND `grade_id` = 6  [ RunTime:0.0003s ]
SQL: SHOW COLUMNS FROM `schoolyear` [ RunTime:0.0004s ]
SQL: SELECT * FROM `schoolyear` WHERE `schoolyear_nowyear` = 1 LIMIT 1   [ RunTime:0.0001s ]
SQL: SELECT `grade_id` FROM `instructor` WHERE `instructor_id` = 5 LIMIT 1   [ RunTime:0.0001s ]
SQL: SELECT * FROM `pclass` WHERE `grade_id` = 6  [ RunTime:0.0001s ]
INFO: [ view_parse ] --START--
INFO: [ template_filter ] --START--
INFO: Run Behavior\ContentReplaceBehavior [ RunTime:0.000037s ]
INFO: [ template_filter ] --END-- [ RunTime:0.000089s ]
INFO: Run Behavior\ParseTemplateBehavior [ RunTime:0.020283s ]
INFO: [ view_parse ] --END-- [ RunTime:0.020328s ]
INFO: [ view_filter ] --START--
INFO: Run Behavior\WriteHtmlCacheBehavior [ RunTime:0.000032s ]
INFO: [ view_filter ] --END-- [ RunTime:0.000054s ]
INFO: [ app_end ] --START--
INFO: Run Behavior\ShowPageTraceBehavior [ RunTime:0.000028s ]
INFO: [ app_end ] --END-- [ RunTime:0.000051s ]

[ 2017-09-17T13:22:47+08:00 ] 117.185.27.114 /zhcp/admin.php/Home/Index/index
INFO: [ app_init ] --START--
INFO: Run Behavior\BuildLiteBehavior [ RunTime:0.000012s ]
INFO: [ app_init ] --END-- [ RunTime:0.000090s ]
INFO: [ app_begin ] --START--
INFO: Run Behavior\ReadHtmlCacheBehavior [ RunTime:0.000037s ]
INFO: [ app_begin ] --END-- [ RunTime:0.000065s ]

[ 2017-09-17T13:22:47+08:00 ] 117.185.27.114 /zhcp/admin.php/Home/Login/index.html
INFO: [ app_init ] --START--
INFO: Run Behavior\BuildLiteBehavior [ RunTime:0.000010s ]
INFO: [ app_init ] --END-- [ RunTime:0.000072s ]
INFO: [ app_begin ] --START--
INFO: Run Behavior\ReadHtmlCacheBehavior [ RunTime:0.000030s ]
INFO: [ app_begin ] --END-- [ RunTime:0.000059s ]
INFO: [ view_parse ] --START--
INFO: [ template_filter ] --START--
INFO: Run Behavior\ContentReplaceBehavior [ RunTime:0.000065s ]
INFO: [ template_filter ] --END-- [ RunTime:0.000109s ]
INFO: Run Behavior\ParseTemplateBehavior [ RunTime:0.002251s ]
INFO: [ view_parse ] --END-- [ RunTime:0.002292s ]
INFO: [ view_filter ] --START--
INFO: Run Behavior\WriteHtmlCacheBehavior [ RunTime:0.000057s ]
INFO: [ view_filter ] --END-- [ RunTime:0.000086s ]
INFO: [ app_end ] --START--
INFO: Run Behavior\ShowPageTraceBehavior [ RunTime:0.000048s ]
INFO: [ app_end ] --END-- [ RunTime:0.000074s ]

[ 2017-09-17T13:22:54+08:00 ] 117.185.27.115 /zhcp/admin.php/Home/Index/queryclass.html
INFO: [ app_init ] --START--
INFO: Run Behavior\BuildLiteBehavior [ RunTime:0.000012s ]
INFO: [ app_init ] --END-- [ RunTime:0.000114s ]
INFO: [ app_begin ] --START--
INFO: Run Behavior\ReadHtmlCacheBehavior [ RunTime:0.000050s ]
INFO: [ app_begin ] --END-- [ RunTime:0.000079s ]

[ 2017-09-17T13:22:54+08:00 ] 117.185.27.115 /zhcp/admin.php/Home/Login/index.html
INFO: [ app_init ] --START--
INFO: Run Behavior\BuildLiteBehavior [ RunTime:0.000019s ]
INFO: [ app_init ] --END-- [ RunTime:0.000118s ]
INFO: [ app_begin ] --START--
INFO: Run Behavior\ReadHtmlCacheBehavior [ RunTime:0.000054s ]
INFO: [ app_begin ] --END-- [ RunTime:0.000109s ]
INFO: [ view_parse ] --START--
INFO: [ template_filter ] --START--
INFO: Run Behavior\ContentReplaceBehavior [ RunTime:0.000033s ]
INFO: [ template_filter ] --END-- [ RunTime:0.000075s ]
INFO: Run Behavior\ParseTemplateBehavior [ RunTime:0.002447s ]
INFO: [ view_parse ] --END-- [ RunTime:0.002503s ]
INFO: [ view_filter ] --START--
INFO: Run Behavior\WriteHtmlCacheBehavior [ RunTime:0.000054s ]
INFO: [ view_filter ] --END-- [ RunTime:0.000100s ]
INFO: [ app_end ] --START--
INFO: Run Behavior\ShowPageTraceBehavior [ RunTime:0.000056s ]
INFO: [ app_end ] --END-- [ RunTime:0.000105s ]

[ 2017-09-17T13:22:54+08:00 ] 117.185.27.115 /zhcp/admin.php/Home/Index/copy.html
INFO: [ app_init ] --START--
INFO: Run Behavior\BuildLiteBehavior [ RunTime:0.000017s ]
INFO: [ app_init ] --END-- [ RunTime:0.000089s ]
INFO: [ app_begin ] --START--
INFO: Run Behavior\ReadHtmlCacheBehavior [ RunTime:0.000034s ]
INFO: [ app_begin ] --END-- [ RunTime:0.000063s ]

[ 2017-09-17T13:22:54+08:00 ] 117.185.27.115 /zhcp/admin.php/Home/Login/index.html
INFO: [ app_init ] --START--
INFO: Run Behavior\BuildLiteBehavior [ RunTime:0.000012s ]
INFO: [ app_init ] --END-- [ RunTime:0.000083s ]
INFO: [ app_begin ] --START--
INFO: Run Behavior\ReadHtmlCacheBehavior [ RunTime:0.000033s ]
INFO: [ app_begin ] --END-- [ RunTime:0.000061s ]
INFO: [ view_parse ] --START--
INFO: [ template_filter ] --START--
INFO: Run Behavior\ContentReplaceBehavior [ RunTime:0.000028s ]
INFO: [ template_filter ] --END-- [ RunTime:0.000060s ]
INFO: Run Behavior\ParseTemplateBehavior [ RunTime:0.001582s ]
INFO: [ view_parse ] --END-- [ RunTime:0.001615s ]
INFO: [ view_filter ] --START--
INFO: Run Behavior\WriteHtmlCacheBehavior [ RunTime:0.000039s ]
INFO: [ view_filter ] --END-- [ RunTime:0.000062s ]
INFO: [ app_end ] --START--
INFO: Run Behavior\ShowPageTraceBehavior [ RunTime:0.000027s ]
INFO: [ app_end ] --END-- [ RunTime:0.000051s ]

[ 2017-09-17T13:23:57+08:00 ] 163.177.93.224 /zhcp/admin.php?nsukey=U7T00%2BwLTYPbQVWrH56qEIBed5ywJ51gI4lDw4Q4i0oYJoDuzKrj3rkiHdtHqIUHFB%2B%2B1m1UXio3q0EpwFrE%2FDQ1F6ZdzNgeo7tDEb2QTyGDFplCnCR9p9F7qtyNMUFAO4z32H5J9sVeJuUv3C4brfQzCgg%2Fxfy%2B%2F%2B0Tj3E%2BgDVQYwStLB1SIFrvehVhd83i
INFO: [ app_init ] --START--
INFO: Run Behavior\BuildLiteBehavior [ RunTime:0.000012s ]
INFO: [ app_init ] --END-- [ RunTime:0.000079s ]
INFO: [ app_begin ] --START--
INFO: Run Behavior\ReadHtmlCacheBehavior [ RunTime:0.000036s ]
INFO: [ app_begin ] --END-- [ RunTime:0.000065s ]

[ 2017-09-17T13:23:58+08:00 ] 163.177.93.224 /zhcp/admin.php/Home/Login/index.html
INFO: [ app_init ] --START--
INFO: Run Behavior\BuildLiteBehavior [ RunTime:0.000009s ]
INFO: [ app_init ] --END-- [ RunTime:0.000056s ]
INFO: [ app_begin ] --START--
INFO: Run Behavior\ReadHtmlCacheBehavior [ RunTime:0.000039s ]
INFO: [ app_begin ] --END-- [ RunTime:0.000078s ]
INFO: [ view_parse ] --START--
INFO: [ template_filter ] --START--
INFO: Run Behavior\ContentReplaceBehavior [ RunTime:0.000028s ]
INFO: [ template_filter ] --END-- [ RunTime:0.000059s ]
INFO: Run Behavior\ParseTemplateBehavior [ RunTime:0.001436s ]
INFO: [ view_parse ] --END-- [ RunTime:0.001466s ]
INFO: [ view_filter ] --START--
INFO: Run Behavior\WriteHtmlCacheBehavior [ RunTime:0.000040s ]
INFO: [ view_filter ] --END-- [ RunTime:0.000070s ]
INFO: [ app_end ] --START--
INFO: Run Behavior\ShowPageTraceBehavior [ RunTime:0.000032s ]
INFO: [ app_end ] --END-- [ RunTime:0.000055s ]

[ 2017-09-17T13:23:58+08:00 ] 163.177.69.59 /zhcp/admin.php?nsukey=U7T00%2BwLTYPbQVWrH56qEIBed5ywJ51gI4lDw4Q4i0oYJoDuzKrj3rkiHdtHqIUHFB%2B%2B1m1UXio3q0EpwFrE%2FDQ1F6ZdzNgeo7tDEb2QTyGDFplCnCR9p9F7qtyNMUFAO4z32H5J9sVeJuUv3C4brfQzCgg%2Fxfy%2B%2F%2B0Tj3E%2BgDVQYwStLB1SIFrvehVhd83i
INFO: [ app_init ] --START--
INFO: Run Behavior\BuildLiteBehavior [ RunTime:0.000020s ]
INFO: [ app_init ] --END-- [ RunTime:0.000108s ]
INFO: [ app_begin ] --START--
INFO: Run Behavior\ReadHtmlCacheBehavior [ RunTime:0.000032s ]
INFO: [ app_begin ] --END-- [ RunTime:0.000061s ]

[ 2017-09-17T13:23:58+08:00 ] 163.177.69.13 /zhcp/admin.php/Home/Login/index.html
INFO: [ app_init ] --START--
INFO: Run Behavior\BuildLiteBehavior [ RunTime:0.000012s ]
INFO: [ app_init ] --END-- [ RunTime:0.000070s ]
INFO: [ app_begin ] --START--
INFO: Run Behavior\ReadHtmlCacheBehavior [ RunTime:0.000032s ]
INFO: [ app_begin ] --END-- [ RunTime:0.000060s ]
INFO: [ view_parse ] --START--
INFO: [ template_filter ] --START--
INFO: Run Behavior\ContentReplaceBehavior [ RunTime:0.000027s ]
INFO: [ template_filter ] --END-- [ RunTime:0.000057s ]
INFO: Run Behavior\ParseTemplateBehavior [ RunTime:0.001433s ]
INFO: [ view_parse ] --END-- [ RunTime:0.001469s ]
INFO: [ view_filter ] --START--
INFO: Run Behavior\WriteHtmlCacheBehavior [ RunTime:0.000030s ]
INFO: [ view_filter ] --END-- [ RunTime:0.000052s ]
INFO: [ app_end ] --START--
INFO: Run Behavior\ShowPageTraceBehavior [ RunTime:0.000027s ]
INFO: [ app_end ] --END-- [ RunTime:0.000050s ]

[ 2017-09-17T13:23:58+08:00 ] 163.177.69.107 /zhcp/admin.php/Home/Login/css/style.css
INFO: [ app_init ] --START--
INFO: Run Behavior\BuildLiteBehavior [ RunTime:0.000018s ]
INFO: [ app_init ] --END-- [ RunTime:0.000113s ]
INFO: [ app_begin ] --START--
INFO: Run Behavior\ReadHtmlCacheBehavior [ RunTime:0.000049s ]
INFO: [ app_begin ] --END-- [ RunTime:0.000099s ]
ERR: 非法操作:css

[ 2017-09-17T13:23:58+08:00 ] 121.33.227.25 /zhcp/admin.php?nsukey=U7T00%2BwLTYPbQVWrH56qEIBed5ywJ51gI4lDw4Q4i0oYJoDuzKrj3rkiHdtHqIUHFB%2B%2B1m1UXio3q0EpwFrE%2FDQ1F6ZdzNgeo7tDEb2QTyGDFplCnCR9p9F7qtyNMUFAO4z32H5J9sVeJuUv3C4brfQzCgg%2Fxfy%2B%2F%2B0Tj3E%2BgDVQYwStLB1SIFrvehVhd83i
INFO: [ app_init ] --START--
INFO: Run Behavior\BuildLiteBehavior [ RunTime:0.000011s ]
INFO: [ app_init ] --END-- [ RunTime:0.000071s ]
INFO: [ app_begin ] --START--
INFO: Run Behavior\ReadHtmlCacheBehavior [ RunTime:0.000030s ]
INFO: [ app_begin ] --END-- [ RunTime:0.000058s ]
INFO: [ view_parse ] --START--
INFO: [ template_filter ] --START--
INFO: Run Behavior\ContentReplaceBehavior [ RunTime:0.000036s ]
INFO: [ template_filter ] --END-- [ RunTime:0.000069s ]
INFO: Run Behavior\ParseTemplateBehavior [ RunTime:0.002058s ]
INFO: [ view_parse ] --END-- [ RunTime:0.002089s ]
INFO: [ view_filter ] --START--
INFO: Run Behavior\WriteHtmlCacheBehavior [ RunTime:0.000030s ]
INFO: [ view_filter ] --END-- [ RunTime:0.000057s ]
INFO: [ app_end ] --START--
INFO: Run Behavior\ShowPageTraceBehavior [ RunTime:0.000030s ]
INFO: [ app_end ] --END-- [ RunTime:0.000054s ]

[ 2017-09-17T13:23:59+08:00 ] 121.33.227.25 /zhcp/admin.php/Home/Index/copy.html
INFO: [ app_init ] --START--
INFO: Run Behavior\BuildLiteBehavior [ RunTime:0.000012s ]
INFO: [ app_init ] --END-- [ RunTime:0.000071s ]
INFO: [ app_begin ] --START--
INFO: Run Behavior\ReadHtmlCacheBehavior [ RunTime:0.000033s ]
INFO: [ app_begin ] --END-- [ RunTime:0.000062s ]
INFO: [ view_parse ] --START--
INFO: [ template_filter ] --START--
INFO: Run Behavior\ContentReplaceBehavior [ RunTime:0.000035s ]
INFO: [ template_filter ] --END-- [ RunTime:0.000066s ]
INFO: Run Behavior\ParseTemplateBehavior [ RunTime:0.001441s ]
INFO: [ view_parse ] --END-- [ RunTime:0.001473s ]
INFO: [ view_filter ] --START--
INFO: Run Behavior\WriteHtmlCacheBehavior [ RunTime:0.000030s ]
INFO: [ view_filter ] --END-- [ RunTime:0.000052s ]
INFO: [ app_end ] --START--
INFO: Run Behavior\ShowPageTraceBehavior [ RunTime:0.000031s ]
INFO: [ app_end ] --END-- [ RunTime:0.000057s ]

[ 2017-09-17T13:24:02+08:00 ] 121.33.227.25 /zhcp/admin.php/Home/Index/queryclass.html
INFO: [ app_init ] --START--
INFO: Run Behavior\BuildLiteBehavior [ RunTime:0.000012s ]
INFO: [ app_init ] --END-- [ RunTime:0.000077s ]
INFO: [ app_begin ] --START--
INFO: Run Behavior\ReadHtmlCacheBehavior [ RunTime:0.000038s ]
INFO: [ app_begin ] --END-- [ RunTime:0.000067s ]
SQL: SHOW COLUMNS FROM `pclass` [ RunTime:0.0006s ]
SQL: SELECT `pclass_name` FROM `pclass` WHERE `pclass_id` = 0 LIMIT 1   [ RunTime:0.0001s ]
SQL: SELECT * FROM `pclass`  [ RunTime:0.0001s ]
SQL: SHOW COLUMNS FROM `instructor` [ RunTime:0.0004s ]
SQL: SELECT * FROM `instructor` WHERE `instructor_id` = 5 LIMIT 1   [ RunTime:0.0001s ]
SQL: SHOW COLUMNS FROM `grade` [ RunTime:0.0003s ]
SQL: SELECT `grade_name` FROM `grade` WHERE `grade_id` = 6 LIMIT 1   [ RunTime:0.0001s ]
SQL: SHOW COLUMNS FROM `user` [ RunTime:0.0005s ]
SQL: SELECT * FROM `user` WHERE `pclass_id` = 0 AND `grade_id` = 6  [ RunTime:0.0001s ]
SQL: SHOW COLUMNS FROM `schoolyear` [ RunTime:0.0003s ]
SQL: SELECT * FROM `schoolyear` WHERE `schoolyear_nowyear` = 1 LIMIT 1   [ RunTime:0.0001s ]
SQL: SELECT `grade_id` FROM `instructor` WHERE `instructor_id` = 5 LIMIT 1   [ RunTime:0.0000s ]
SQL: SELECT * FROM `pclass` WHERE `grade_id` = 6  [ RunTime:0.0000s ]
INFO: [ view_parse ] --START--
INFO: [ template_filter ] --START--
INFO: Run Behavior\ContentReplaceBehavior [ RunTime:0.000081s ]
INFO: [ template_filter ] --END-- [ RunTime:0.000113s ]
INFO: Run Behavior\ParseTemplateBehavior [ RunTime:0.003150s ]
INFO: [ view_parse ] --END-- [ RunTime:0.003181s ]
INFO: [ view_filter ] --START--
INFO: Run Behavior\WriteHtmlCacheBehavior [ RunTime:0.000034s ]
INFO: [ view_filter ] --END-- [ RunTime:0.000060s ]
INFO: [ app_end ] --START--
INFO: Run Behavior\ShowPageTraceBehavior [ RunTime:0.000034s ]
INFO: [ app_end ] --END-- [ RunTime:0.000056s ]

[ 2017-09-17T13:24:05+08:00 ] 121.33.227.25 /zhcp/admin.php/Home/Index/queryclass.html
INFO: [ app_init ] --START--
INFO: Run Behavior\BuildLiteBehavior [ RunTime:0.000017s ]
INFO: [ app_init ] --END-- [ RunTime:0.000134s ]
INFO: [ app_begin ] --START--
INFO: Run Behavior\ReadHtmlCacheBehavior [ RunTime:0.000093s ]
INFO: [ app_begin ] --END-- [ RunTime:0.000147s ]
SQL: SHOW COLUMNS FROM `pclass` [ RunTime:0.0007s ]
SQL: SELECT `pclass_name` FROM `pclass` WHERE `pclass_id` = 59 LIMIT 1   [ RunTime:0.0001s ]
SQL: SELECT * FROM `pclass`  [ RunTime:0.0001s ]
SQL: SHOW COLUMNS FROM `instructor` [ RunTime:0.0004s ]
SQL: SELECT * FROM `instructor` WHERE `instructor_id` = 5 LIMIT 1   [ RunTime:0.0001s ]
SQL: SHOW COLUMNS FROM `grade` [ RunTime:0.0005s ]
SQL: SELECT `grade_name` FROM `grade` WHERE `grade_id` = 6 LIMIT 1   [ RunTime:0.0001s ]
SQL: SHOW COLUMNS FROM `user` [ RunTime:0.0006s ]
SQL: SELECT * FROM `user` WHERE `pclass_id` = 59 AND `grade_id` = 6  [ RunTime:0.0007s ]
SQL: SHOW COLUMNS FROM `schoolyear` [ RunTime:0.0004s ]
SQL: SELECT * FROM `schoolyear` WHERE `schoolyear_nowyear` = 1 LIMIT 1   [ RunTime:0.0001s ]
SQL: SHOW COLUMNS FROM `basetwograde` [ RunTime:0.0004s ]
SQL: SELECT * FROM `basetwograde` WHERE `schoolyear_id` = 6 AND `user_id` = 1306 LIMIT 1   [ RunTime:0.0002s ]
SQL: SELECT * FROM `basetwograde` WHERE `schoolyear_id` = 6 AND `user_id` = 1307 LIMIT 1   [ RunTime:0.0002s ]
SQL: SELECT * FROM `basetwograde` WHERE `schoolyear_id` = 6 AND `user_id` = 1308 LIMIT 1   [ RunTime:0.0002s ]
SQL: SELECT * FROM `basetwograde` WHERE `schoolyear_id` = 6 AND `user_id` = 1309 LIMIT 1   [ RunTime:0.0002s ]
SQL: SELECT * FROM `basetwograde` WHERE `schoolyear_id` = 6 AND `user_id` = 1310 LIMIT 1   [ RunTime:0.0002s ]
SQL: SELECT * FROM `basetwograde` WHERE `schoolyear_id` = 6 AND `user_id` = 1311 LIMIT 1   [ RunTime:0.0002s ]
SQL: SELECT * FROM `basetwograde` WHERE `schoolyear_id` = 6 AND `user_id` = 1312 LIMIT 1   [ RunTime:0.0002s ]
SQL: SELECT * FROM `basetwograde` WHERE `schoolyear_id` = 6 AND `user_id` = 1313 LIMIT 1   [ RunTime:0.0002s ]
SQL: SELECT * FROM `basetwograde` WHERE `schoolyear_id` = 6 AND `user_id` = 1314 LIMIT 1   [ RunTime:0.0001s ]
SQL: SELECT * FROM `basetwograde` WHERE `schoolyear_id` = 6 AND `user_id` = 1315 LIMIT 1   [ RunTime:0.0002s ]
SQL: SELECT * FROM `basetwograde` WHERE `schoolyear_id` = 6 AND `user_id` = 1316 LIMIT 1   [ RunTime:0.0001s ]
SQL: SELECT * FROM `basetwograde` WHERE `schoolyear_id` = 6 AND `user_id` = 1317 LIMIT 1   [ RunTime:0.0002s ]
SQL: SELECT * FROM `basetwograde` WHERE `schoolyear_id` = 6 AND `user_id` = 1318 LIMIT 1   [ RunTime:0.0001s ]
SQL: SELECT * FROM `basetwograde` WHERE `schoolyear_id` = 6 AND `user_id` = 1319 LIMIT 1   [ RunTime:0.0001s ]
SQL: SELECT * FROM `basetwograde` WHERE `schoolyear_id` = 6 AND `user_id` = 1320 LIMIT 1   [ RunTime:0.0001s ]
SQL: SELECT * FROM `basetwograde` WHERE `schoolyear_id` = 6 AND `user_id` = 1321 LIMIT 1   [ RunTime:0.0001s ]
SQL: SELECT * FROM `basetwograde` WHERE `schoolyear_id` = 6 AND `user_id` = 1322 LIMIT 1   [ RunTime:0.0002s ]
SQL: SELECT * FROM `basetwograde` WHERE `schoolyear_id` = 6 AND `user_id` = 1323 LIMIT 1   [ RunTime:0.0002s ]
SQL: SELECT * FROM `basetwograde` WHERE `schoolyear_id` = 6 AND `user_id` = 1324 LIMIT 1   [ RunTime:0.0001s ]
SQL: SELECT * FROM `basetwograde` WHERE `schoolyear_id` = 6 AND `user_id` = 1325 LIMIT 1   [ RunTime:0.0002s ]
SQL: SELECT * FROM `basetwograde` WHERE `schoolyear_id` = 6 AND `user_id` = 1326 LIMIT 1   [ RunTime:0.0001s ]
SQL: SELECT * FROM `basetwograde` WHERE `schoolyear_id` = 6 AND `user_id` = 1327 LIMIT 1   [ RunTime:0.0002s ]
SQL: SELECT * FROM `basetwograde` WHERE `schoolyear_id` = 6 AND `user_id` = 1328 LIMIT 1   [ RunTime:0.0001s ]
SQL: SELECT * FROM `basetwograde` WHERE `schoolyear_id` = 6 AND `user_id` = 1329 LIMIT 1   [ RunTime:0.0002s ]
SQL: SELECT * FROM `basetwograde` WHERE `schoolyear_id` = 6 AND `user_id` = 1330 LIMIT 1   [ RunTime:0.0001s ]
SQL: SELECT `grade_id` FROM `instructor` WHERE `instructor_id` = 5 LIMIT 1   [ RunTime:0.0000s ]
SQL: SELECT * FROM `pclass` WHERE `grade_id` = 6  [ RunTime:0.0000s ]
INFO: [ view_parse ] --START--
INFO: [ template_filter ] --START--
INFO: Run Behavior\ContentReplaceBehavior [ RunTime:0.000055s ]
INFO: [ template_filter ] --END-- [ RunTime:0.000115s ]
INFO: Run Behavior\ParseTemplateBehavior [ RunTime:0.005284s ]
INFO: [ view_parse ] --END-- [ RunTime:0.005334s ]
INFO: [ view_filter ] --START--
INFO: Run Behavior\WriteHtmlCacheBehavior [ RunTime:0.000062s ]
INFO: [ view_filter ] --END-- [ RunTime:0.000111s ]
INFO: [ app_end ] --START--
INFO: Run Behavior\ShowPageTraceBehavior [ RunTime:0.000037s ]
INFO: [ app_end ] --END-- [ RunTime:0.000067s ]

[ 2017-09-17T13:24:15+08:00 ] 121.33.227.25 /zhcp/admin.php/Home/Index/queryclass.html
INFO: [ app_init ] --START--
INFO: Run Behavior\BuildLiteBehavior [ RunTime:0.000012s ]
INFO: [ app_init ] --END-- [ RunTime:0.000088s ]
INFO: [ app_begin ] --START--
INFO: Run Behavior\ReadHtmlCacheBehavior [ RunTime:0.000032s ]
INFO: [ app_begin ] --END-- [ RunTime:0.000061s ]
SQL: SHOW COLUMNS FROM `pclass` [ RunTime:0.0008s ]
SQL: SELECT `pclass_name` FROM `pclass` WHERE `pclass_id` = 60 LIMIT 1   [ RunTime:0.0001s ]
SQL: SELECT * FROM `pclass`  [ RunTime:0.0001s ]
SQL: SHOW COLUMNS FROM `instructor` [ RunTime:0.0005s ]
SQL: SELECT * FROM `instructor` WHERE `instructor_id` = 5 LIMIT 1   [ RunTime:0.0001s ]
SQL: SHOW COLUMNS FROM `grade` [ RunTime:0.0004s ]
SQL: SELECT `grade_name` FROM `grade` WHERE `grade_id` = 6 LIMIT 1   [ RunTime:0.0001s ]
SQL: SHOW COLUMNS FROM `user` [ RunTime:0.0004s ]
SQL: SELECT * FROM `user` WHERE `pclass_id` = 60 AND `grade_id` = 6  [ RunTime:0.0004s ]
SQL: SHOW COLUMNS FROM `schoolyear` [ RunTime:0.0004s ]
SQL: SELECT * FROM `schoolyear` WHERE `schoolyear_nowyear` = 1 LIMIT 1   [ RunTime:0.0001s ]
SQL: SHOW COLUMNS FROM `basetwograde` [ RunTime:0.0004s ]
SQL: SELECT * FROM `basetwograde` WHERE `schoolyear_id` = 6 AND `user_id` = 1331 LIMIT 1   [ RunTime:0.0002s ]
SQL: SELECT * FROM `basetwograde` WHERE `schoolyear_id` = 6 AND `user_id` = 1332 LIMIT 1   [ RunTime:0.0002s ]
SQL: SELECT * FROM `basetwograde` WHERE `schoolyear_id` = 6 AND `user_id` = 1333 LIMIT 1   [ RunTime:0.0002s ]
SQL: SELECT * FROM `basetwograde` WHERE `schoolyear_id` = 6 AND `user_id` = 1334 LIMIT 1   [ RunTime:0.0002s ]
SQL: SELECT * FROM `basetwograde` WHERE `schoolyear_id` = 6 AND `user_id` = 1335 LIMIT 1   [ RunTime:0.0002s ]
SQL: SELECT * FROM `basetwograde` WHERE `schoolyear_id` = 6 AND `user_id` = 1336 LIMIT 1   [ RunTime:0.0002s ]
SQL: SELECT * FROM `basetwograde` WHERE `schoolyear_id` = 6 AND `user_id` = 1337 LIMIT 1   [ RunTime:0.0002s ]
SQL: SELECT * FROM `basetwograde` WHERE `schoolyear_id` = 6 AND `user_id` = 1338 LIMIT 1   [ RunTime:0.0002s ]
SQL: SELECT * FROM `basetwograde` WHERE `schoolyear_id` = 6 AND `user_id` = 1339 LIMIT 1   [ RunTime:0.0001s ]
SQL: SELECT * FROM `basetwograde` WHERE `schoolyear_id` = 6 AND `user_id` = 1340 LIMIT 1   [ RunTime:0.0002s ]
SQL: SELECT * FROM `basetwograde` WHERE `schoolyear_id` = 6 AND `user_id` = 1341 LIMIT 1   [ RunTime:0.0001s ]
SQL: SELECT * FROM `basetwograde` WHERE `schoolyear_id` = 6 AND `user_id` = 1342 LIMIT 1   [ RunTime:0.0002s ]
SQL: SELECT * FROM `basetwograde` WHERE `schoolyear_id` = 6 AND `user_id` = 1343 LIMIT 1   [ RunTime:0.0002s ]
SQL: SELECT * FROM `basetwograde` WHERE `schoolyear_id` = 6 AND `user_id` = 1344 LIMIT 1   [ RunTime:0.0002s ]
SQL: SELECT * FROM `basetwograde` WHERE `schoolyear_id` = 6 AND `user_id` = 1345 LIMIT 1   [ RunTime:0.0001s ]
SQL: SELECT * FROM `basetwograde` WHERE `schoolyear_id` = 6 AND `user_id` = 1346 LIMIT 1   [ RunTime:0.0002s ]
SQL: SELECT * FROM `basetwograde` WHERE `schoolyear_id` = 6 AND `user_id` = 1347 LIMIT 1   [ RunTime:0.0003s ]
SQL: SELECT * FROM `basetwograde` WHERE `schoolyear_id` = 6 AND `user_id` = 1348 LIMIT 1   [ RunTime:0.0002s ]
SQL: SELECT * FROM `basetwograde` WHERE `schoolyear_id` = 6 AND `user_id` = 1349 LIMIT 1   [ RunTime:0.0025s ]
SQL: SELECT * FROM `basetwograde` WHERE `schoolyear_id` = 6 AND `user_id` = 1350 LIMIT 1   [ RunTime:0.0002s ]
SQL: SELECT * FROM `basetwograde` WHERE `schoolyear_id` = 6 AND `user_id` = 1351 LIMIT 1   [ RunTime:0.0002s ]
SQL: SELECT * FROM `basetwograde` WHERE `schoolyear_id` = 6 AND `user_id` = 1352 LIMIT 1   [ RunTime:0.0001s ]
SQL: SELECT * FROM `basetwograde` WHERE `schoolyear_id` = 6 AND `user_id` = 1353 LIMIT 1   [ RunTime:0.0001s ]
SQL: SELECT * FROM `basetwograde` WHERE `schoolyear_id` = 6 AND `user_id` = 1354 LIMIT 1   [ RunTime:0.0002s ]
SQL: SELECT * FROM `basetwograde` WHERE `schoolyear_id` = 6 AND `user_id` = 1355 LIMIT 1   [ RunTime:0.0002s ]
SQL: SELECT * FROM `basetwograde` WHERE `schoolyear_id` = 6 AND `user_id` = 1356 LIMIT 1   [ RunTime:0.0002s ]
SQL: SELECT * FROM `basetwograde` WHERE `schoolyear_id` = 6 AND `user_id` = 1357 LIMIT 1   [ RunTime:0.0002s ]
SQL: SELECT * FROM `basetwograde` WHERE `schoolyear_id` = 6 AND `user_id` = 1358 LIMIT 1   [ RunTime:0.0001s ]
SQL: SELECT * FROM `basetwograde` WHERE `schoolyear_id` = 6 AND `user_id` = 1359 LIMIT 1   [ RunTime:0.0001s ]
SQL: SELECT * FROM `basetwograde` WHERE `schoolyear_id` = 6 AND `user_id` = 1360 LIMIT 1   [ RunTime:0.0035s ]
SQL: SELECT * FROM `basetwograde` WHERE `schoolyear_id` = 6 AND `user_id` = 1361 LIMIT 1   [ RunTime:0.0002s ]
SQL: SELECT * FROM `basetwograde` WHERE `schoolyear_id` = 6 AND `user_id` = 1362 LIMIT 1   [ RunTime:0.0001s ]
SQL: SELECT `grade_id` FROM `instructor` WHERE `instructor_id` = 5 LIMIT 1   [ RunTime:0.0001s ]
SQL: SELECT * FROM `pclass` WHERE `grade_id` = 6  [ RunTime:0.0001s ]
INFO: [ view_parse ] --START--
INFO: [ template_filter ] --START--
INFO: Run Behavior\ContentReplaceBehavior [ RunTime:0.000048s ]
INFO: [ template_filter ] --END-- [ RunTime:0.000081s ]
INFO: Run Behavior\ParseTemplateBehavior [ RunTime:0.004786s ]
INFO: [ view_parse ] --END-- [ RunTime:0.004824s ]
INFO: [ view_filter ] --START--
INFO: Run Behavior\WriteHtmlCacheBehavior [ RunTime:0.000043s ]
INFO: [ view_filter ] --END-- [ RunTime:0.000068s ]
INFO: [ app_end ] --START--
INFO: Run Behavior\ShowPageTraceBehavior [ RunTime:0.000038s ]
INFO: [ app_end ] --END-- [ RunTime:0.000067s ]

[ 2017-09-17T13:24:27+08:00 ] 121.33.227.25 /zhcp/admin.php/Home/Index/queryclass.html
INFO: [ app_init ] --START--
INFO: Run Behavior\BuildLiteBehavior [ RunTime:0.000019s ]
INFO: [ app_init ] --END-- [ RunTime:0.000121s ]
INFO: [ app_begin ] --START--
INFO: Run Behavior\ReadHtmlCacheBehavior [ RunTime:0.000046s ]
INFO: [ app_begin ] --END-- [ RunTime:0.000098s ]
SQL: SHOW COLUMNS FROM `pclass` [ RunTime:0.0006s ]
SQL: SELECT `pclass_name` FROM `pclass` WHERE `pclass_id` = 61 LIMIT 1   [ RunTime:0.0001s ]
SQL: SELECT * FROM `pclass`  [ RunTime:0.0001s ]
SQL: SHOW COLUMNS FROM `instructor` [ RunTime:0.0004s ]
SQL: SELECT * FROM `instructor` WHERE `instructor_id` = 5 LIMIT 1   [ RunTime:0.0001s ]
SQL: SHOW COLUMNS FROM `grade` [ RunTime:0.0004s ]
SQL: SELECT `grade_name` FROM `grade` WHERE `grade_id` = 6 LIMIT 1   [ RunTime:0.0001s ]
SQL: SHOW COLUMNS FROM `user` [ RunTime:0.0004s ]
SQL: SELECT * FROM `user` WHERE `pclass_id` = 61 AND `grade_id` = 6  [ RunTime:0.0006s ]
SQL: SHOW COLUMNS FROM `schoolyear` [ RunTime:0.0004s ]
SQL: SELECT * FROM `schoolyear` WHERE `schoolyear_nowyear` = 1 LIMIT 1   [ RunTime:0.0001s ]
SQL: SHOW COLUMNS FROM `basetwograde` [ RunTime:0.0005s ]
SQL: SELECT * FROM `basetwograde` WHERE `schoolyear_id` = 6 AND `user_id` = 1363 LIMIT 1   [ RunTime:0.0002s ]
SQL: SELECT * FROM `basetwograde` WHERE `schoolyear_id` = 6 AND `user_id` = 1364 LIMIT 1   [ RunTime:0.0002s ]
SQL: SELECT * FROM `basetwograde` WHERE `schoolyear_id` = 6 AND `user_id` = 1365 LIMIT 1   [ RunTime:0.0002s ]
SQL: SELECT * FROM `basetwograde` WHERE `schoolyear_id` = 6 AND `user_id` = 1366 LIMIT 1   [ RunTime:0.0002s ]
SQL: SELECT * FROM `basetwograde` WHERE `schoolyear_id` = 6 AND `user_id` = 1367 LIMIT 1   [ RunTime:0.0008s ]
SQL: SELECT * FROM `basetwograde` WHERE `schoolyear_id` = 6 AND `user_id` = 1368 LIMIT 1   [ RunTime:0.0002s ]
SQL: SELECT * FROM `basetwograde` WHERE `schoolyear_id` = 6 AND `user_id` = 1369 LIMIT 1   [ RunTime:0.0002s ]
SQL: SELECT * FROM `basetwograde` WHERE `schoolyear_id` = 6 AND `user_id` = 1370 LIMIT 1   [ RunTime:0.0002s ]
SQL: SELECT * FROM `basetwograde` WHERE `schoolyear_id` = 6 AND `user_id` = 1371 LIMIT 1   [ RunTime:0.0002s ]
SQL: SELECT * FROM `basetwograde` WHERE `schoolyear_id` = 6 AND `user_id` = 1372 LIMIT 1   [ RunTime:0.0003s ]
SQL: SELECT * FROM `basetwograde` WHERE `schoolyear_id` = 6 AND `user_id` = 1373 LIMIT 1   [ RunTime:0.0002s ]
SQL: SELECT * FROM `basetwograde` WHERE `schoolyear_id` = 6 AND `user_id` = 1374 LIMIT 1   [ RunTime:0.0020s ]
SQL: SELECT * FROM `basetwograde` WHERE `schoolyear_id` = 6 AND `user_id` = 1375 LIMIT 1   [ RunTime:0.0002s ]
SQL: SELECT * FROM `basetwograde` WHERE `schoolyear_id` = 6 AND `user_id` = 1376 LIMIT 1   [ RunTime:0.0002s ]
SQL: SELECT * FROM `basetwograde` WHERE `schoolyear_id` = 6 AND `user_id` = 1377 LIMIT 1   [ RunTime:0.0002s ]
SQL: SELECT * FROM `basetwograde` WHERE `schoolyear_id` = 6 AND `user_id` = 1378 LIMIT 1   [ RunTime:0.0002s ]
SQL: SELECT * FROM `basetwograde` WHERE `schoolyear_id` = 6 AND `user_id` = 1379 LIMIT 1   [ RunTime:0.0002s ]
SQL: SELECT * FROM `basetwograde` WHERE `schoolyear_id` = 6 AND `user_id` = 1380 LIMIT 1   [ RunTime:0.0002s ]
SQL: SELECT * FROM `basetwograde` WHERE `schoolyear_id` = 6 AND `user_id` = 1381 LIMIT 1   [ RunTime:0.0002s ]
SQL: SELECT * FROM `basetwograde` WHERE `schoolyear_id` = 6 AND `user_id` = 1382 LIMIT 1   [ RunTime:0.0001s ]
SQL: SELECT * FROM `basetwograde` WHERE `schoolyear_id` = 6 AND `user_id` = 1383 LIMIT 1   [ RunTime:0.0002s ]
SQL: SELECT * FROM `basetwograde` WHERE `schoolyear_id` = 6 AND `user_id` = 1384 LIMIT 1   [ RunTime:0.0002s ]
SQL: SELECT * FROM `basetwograde` WHERE `schoolyear_id` = 6 AND `user_id` = 1385 LIMIT 1   [ RunTime:0.0002s ]
SQL: SELECT * FROM `basetwograde` WHERE `schoolyear_id` = 6 AND `user_id` = 1386 LIMIT 1   [ RunTime:0.0006s ]
SQL: SELECT * FROM `basetwograde` WHERE `schoolyear_id` = 6 AND `user_id` = 1387 LIMIT 1   [ RunTime:0.0002s ]
SQL: SELECT * FROM `basetwograde` WHERE `schoolyear_id` = 6 AND `user_id` = 1388 LIMIT 1   [ RunTime:0.0002s ]
SQL: SELECT * FROM `basetwograde` WHERE `schoolyear_id` = 6 AND `user_id` = 1389 LIMIT 1   [ RunTime:0.0002s ]
SQL: SELECT * FROM `basetwograde` WHERE `schoolyear_id` = 6 AND `user_id` = 1390 LIMIT 1   [ RunTime:0.0001s ]
SQL: SELECT * FROM `basetwograde` WHERE `schoolyear_id` = 6 AND `user_id` = 1391 LIMIT 1   [ RunTime:0.0002s ]
SQL: SELECT * FROM `basetwograde` WHERE `schoolyear_id` = 6 AND `user_id` = 1392 LIMIT 1   [ RunTime:0.0002s ]
SQL: SELECT * FROM `basetwograde` WHERE `schoolyear_id` = 6 AND `user_id` = 1393 LIMIT 1   [ RunTime:0.0002s ]
SQL: SELECT * FROM `basetwograde` WHERE `schoolyear_id` = 6 AND `user_id` = 1751 LIMIT 1   [ RunTime:0.0001s ]
SQL: SELECT `grade_id` FROM `instructor` WHERE `instructor_id` = 5 LIMIT 1   [ RunTime:0.0000s ]
SQL: SELECT * FROM `pclass` WHERE `grade_id` = 6  [ RunTime:0.0001s ]
INFO: [ view_parse ] --START--
INFO: [ template_filter ] --START--
INFO: Run Behavior\ContentReplaceBehavior [ RunTime:0.000054s ]
INFO: [ template_filter ] --END-- [ RunTime:0.000110s ]
INFO: Run Behavior\ParseTemplateBehavior [ RunTime:0.004918s ]
INFO: [ view_parse ] --END-- [ RunTime:0.004954s ]
INFO: [ view_filter ] --START--
INFO: Run Behavior\WriteHtmlCacheBehavior [ RunTime:0.000038s ]
INFO: [ view_filter ] --END-- [ RunTime:0.000061s ]
INFO: [ app_end ] --START--
INFO: Run Behavior\ShowPageTraceBehavior [ RunTime:0.000032s ]
INFO: [ app_end ] --END-- [ RunTime:0.000059s ]

[ 2017-09-17T13:24:43+08:00 ] 121.33.227.25 /zhcp/admin.php/Home/Index/queryclass.html
INFO: [ app_init ] --START--
INFO: Run Behavior\BuildLiteBehavior [ RunTime:0.000014s ]
INFO: [ app_init ] --END-- [ RunTime:0.000096s ]
INFO: [ app_begin ] --START--
INFO: Run Behavior\ReadHtmlCacheBehavior [ RunTime:0.000074s ]
INFO: [ app_begin ] --END-- [ RunTime:0.000118s ]
SQL: SHOW COLUMNS FROM `pclass` [ RunTime:0.0008s ]
SQL: SELECT `pclass_name` FROM `pclass` WHERE `pclass_id` = 64 LIMIT 1   [ RunTime:0.0001s ]
SQL: SELECT * FROM `pclass`  [ RunTime:0.0001s ]
SQL: SHOW COLUMNS FROM `instructor` [ RunTime:0.0006s ]
SQL: SELECT * FROM `instructor` WHERE `instructor_id` = 5 LIMIT 1   [ RunTime:0.0001s ]
SQL: SHOW COLUMNS FROM `grade` [ RunTime:0.0004s ]
SQL: SELECT `grade_name` FROM `grade` WHERE `grade_id` = 6 LIMIT 1   [ RunTime:0.0001s ]
SQL: SHOW COLUMNS FROM `user` [ RunTime:0.0004s ]
SQL: SELECT * FROM `user` WHERE `pclass_id` = 64 AND `grade_id` = 6  [ RunTime:0.0005s ]
SQL: SHOW COLUMNS FROM `schoolyear` [ RunTime:0.0004s ]
SQL: SELECT * FROM `schoolyear` WHERE `schoolyear_nowyear` = 1 LIMIT 1   [ RunTime:0.0001s ]
SQL: SHOW COLUMNS FROM `basetwograde` [ RunTime:0.0004s ]
SQL: SELECT * FROM `basetwograde` WHERE `schoolyear_id` = 6 AND `user_id` = 1462 LIMIT 1   [ RunTime:0.0002s ]
SQL: SELECT * FROM `basetwograde` WHERE `schoolyear_id` = 6 AND `user_id` = 1463 LIMIT 1   [ RunTime:0.0002s ]
SQL: SELECT * FROM `basetwograde` WHERE `schoolyear_id` = 6 AND `user_id` = 1464 LIMIT 1   [ RunTime:0.0002s ]
SQL: SELECT * FROM `basetwograde` WHERE `schoolyear_id` = 6 AND `user_id` = 1465 LIMIT 1   [ RunTime:0.0002s ]
SQL: SELECT * FROM `basetwograde` WHERE `schoolyear_id` = 6 AND `user_id` = 1466 LIMIT 1   [ RunTime:0.0001s ]
SQL: SELECT * FROM `basetwograde` WHERE `schoolyear_id` = 6 AND `user_id` = 1467 LIMIT 1   [ RunTime:0.0002s ]
SQL: SELECT * FROM `basetwograde` WHERE `schoolyear_id` = 6 AND `user_id` = 1468 LIMIT 1   [ RunTime:0.0002s ]
SQL: SELECT * FROM `basetwograde` WHERE `schoolyear_id` = 6 AND `user_id` = 1469 LIMIT 1   [ RunTime:0.0004s ]
SQL: SELECT * FROM `basetwograde` WHERE `schoolyear_id` = 6 AND `user_id` = 1470 LIMIT 1   [ RunTime:0.0002s ]
SQL: SELECT * FROM `basetwograde` WHERE `schoolyear_id` = 6 AND `user_id` = 1471 LIMIT 1   [ RunTime:0.0001s ]
SQL: SELECT * FROM `basetwograde` WHERE `schoolyear_id` = 6 AND `user_id` = 1472 LIMIT 1   [ RunTime:0.0002s ]
SQL: SELECT * FROM `basetwograde` WHERE `schoolyear_id` = 6 AND `user_id` = 1473 LIMIT 1   [ RunTime:0.0001s ]
SQL: SELECT * FROM `basetwograde` WHERE `schoolyear_id` = 6 AND `user_id` = 1474 LIMIT 1   [ RunTime:0.0002s ]
SQL: SELECT * FROM `basetwograde` WHERE `schoolyear_id` = 6 AND `user_id` = 1475 LIMIT 1   [ RunTime:0.0002s ]
SQL: SELECT * FROM `basetwograde` WHERE `schoolyear_id` = 6 AND `user_id` = 1476 LIMIT 1   [ RunTime:0.0001s ]
SQL: SELECT * FROM `basetwograde` WHERE `schoolyear_id` = 6 AND `user_id` = 1477 LIMIT 1   [ RunTime:0.0001s ]
SQL: SELECT * FROM `basetwograde` WHERE `schoolyear_id` = 6 AND `user_id` = 1478 LIMIT 1   [ RunTime:0.0001s ]
SQL: SELECT * FROM `basetwograde` WHERE `schoolyear_id` = 6 AND `user_id` = 1479 LIMIT 1   [ RunTime:0.0002s ]
SQL: SELECT * FROM `basetwograde` WHERE `schoolyear_id` = 6 AND `user_id` = 1480 LIMIT 1   [ RunTime:0.0001s ]
SQL: SELECT * FROM `basetwograde` WHERE `schoolyear_id` = 6 AND `user_id` = 1481 LIMIT 1   [ RunTime:0.0002s ]
SQL: SELECT * FROM `basetwograde` WHERE `schoolyear_id` = 6 AND `user_id` = 1482 LIMIT 1   [ RunTime:0.0002s ]
SQL: SELECT * FROM `basetwograde` WHERE `schoolyear_id` = 6 AND `user_id` = 1483 LIMIT 1   [ RunTime:0.0002s ]
SQL: SELECT * FROM `basetwograde` WHERE `schoolyear_id` = 6 AND `user_id` = 1484 LIMIT 1   [ RunTime:0.0006s ]
SQL: SELECT * FROM `basetwograde` WHERE `schoolyear_id` = 6 AND `user_id` = 1485 LIMIT 1   [ RunTime:0.0002s ]
SQL: SELECT * FROM `basetwograde` WHERE `schoolyear_id` = 6 AND `user_id` = 1486 LIMIT 1   [ RunTime:0.0001s ]
SQL: SELECT * FROM `basetwograde` WHERE `schoolyear_id` = 6 AND `user_id` = 1487 LIMIT 1   [ RunTime:0.0001s ]
SQL: SELECT * FROM `basetwograde` WHERE `schoolyear_id` = 6 AND `user_id` = 1488 LIMIT 1   [ RunTime:0.0003s ]
SQL: SELECT * FROM `basetwograde` WHERE `schoolyear_id` = 6 AND `user_id` = 1489 LIMIT 1   [ RunTime:0.0001s ]
SQL: SELECT * FROM `basetwograde` WHERE `schoolyear_id` = 6 AND `user_id` = 1490 LIMIT 1   [ RunTime:0.0001s ]
SQL: SELECT * FROM `basetwograde` WHERE `schoolyear_id` = 6 AND `user_id` = 1491 LIMIT 1   [ RunTime:0.0002s ]
SQL: SELECT * FROM `basetwograde` WHERE `schoolyear_id` = 6 AND `user_id` = 1492 LIMIT 1   [ RunTime:0.0026s ]
SQL: SELECT `grade_id` FROM `instructor` WHERE `instructor_id` = 5 LIMIT 1   [ RunTime:0.0001s ]
SQL: SELECT * FROM `pclass` WHERE `grade_id` = 6  [ RunTime:0.0001s ]
INFO: [ view_parse ] --START--
INFO: [ template_filter ] --START--
INFO: Run Behavior\ContentReplaceBehavior [ RunTime:0.000037s ]
INFO: [ template_filter ] --END-- [ RunTime:0.000073s ]
INFO: Run Behavior\ParseTemplateBehavior [ RunTime:0.004547s ]
INFO: [ view_parse ] --END-- [ RunTime:0.004581s ]
INFO: [ view_filter ] --START--
INFO: Run Behavior\WriteHtmlCacheBehavior [ RunTime:0.000039s ]
INFO: [ view_filter ] --END-- [ RunTime:0.000062s ]
INFO: [ app_end ] --START--
INFO: Run Behavior\ShowPageTraceBehavior [ RunTime:0.000037s ]
INFO: [ app_end ] --END-- [ RunTime:0.000065s ]

[ 2017-09-17T13:29:07+08:00 ] 140.207.128.193 /zhcp/admin.php?nsukey=YpY32NUkD8j2%2FRTIZ64GSg3p4eOUHSTmy%2B1Jb%2FqS3X9FkfWP%2BsJrkBdemG94U1XrQ%2B16UNMaTD2jQCxsOy7Hi6MzaaIfpjKNZvJtyt4BVOhuWW%2BnE7H%2B6vpE7xJSBXxYrPQSojbr%2FsYEl6xyOl3atBO4Cl7hcEdZavLI9QiKJF2xVFgL0r8%2FQ0hyL7zAf10y
INFO: [ app_init ] --START--
INFO: Run Behavior\BuildLiteBehavior [ RunTime:0.000021s ]
INFO: [ app_init ] --END-- [ RunTime:0.000175s ]
INFO: [ app_begin ] --START--
INFO: Run Behavior\ReadHtmlCacheBehavior [ RunTime:0.000066s ]
INFO: [ app_begin ] --END-- [ RunTime:0.000103s ]

[ 2017-09-17T13:29:10+08:00 ] 140.207.128.193 /zhcp/admin.php/Home/Login/index.html
INFO: [ app_init ] --START--
INFO: Run Behavior\BuildLiteBehavior [ RunTime:0.000012s ]
INFO: [ app_init ] --END-- [ RunTime:0.000079s ]
INFO: [ app_begin ] --START--
INFO: Run Behavior\ReadHtmlCacheBehavior [ RunTime:0.000039s ]
INFO: [ app_begin ] --END-- [ RunTime:0.000069s ]
INFO: [ view_parse ] --START--
INFO: [ template_filter ] --START--
INFO: Run Behavior\ContentReplaceBehavior [ RunTime:0.000037s ]
INFO: [ template_filter ] --END-- [ RunTime:0.000078s ]
INFO: Run Behavior\ParseTemplateBehavior [ RunTime:0.002155s ]
INFO: [ view_parse ] --END-- [ RunTime:0.002191s ]
INFO: [ view_filter ] --START--
INFO: Run Behavior\WriteHtmlCacheBehavior [ RunTime:0.000043s ]
INFO: [ view_filter ] --END-- [ RunTime:0.000066s ]
INFO: [ app_end ] --START--
INFO: Run Behavior\ShowPageTraceBehavior [ RunTime:0.000048s ]
INFO: [ app_end ] --END-- [ RunTime:0.000074s ]

[ 2017-09-17T13:29:33+08:00 ] 180.153.160.24 /zhcp/admin.php/Home/Login/index.html?nsukey=9MKcR6qlf16r40RAO%2F9lMENLbcX8ANT9Jn3QJ%2Fb9BfRfg3ml1cMtJ4%2B98zzGAKZBVeiK7UO18JM2FDdkb3i3cYP2u91ERRcyx36Yaw5KcfgVEIhvVShESOmCVMbs5Va9cIdLsrPQe7exw0XoAGMY4tI1hva5tjjQATvmcAg%2BEt%2BqYPWhfyvdHwG8z09wMHyk
INFO: [ app_init ] --START--
INFO: Run Behavior\BuildLiteBehavior [ RunTime:0.000016s ]
INFO: [ app_init ] --END-- [ RunTime:0.000099s ]
INFO: [ app_begin ] --START--
INFO: Run Behavior\ReadHtmlCacheBehavior [ RunTime:0.000038s ]
INFO: [ app_begin ] --END-- [ RunTime:0.000065s ]
INFO: [ view_parse ] --START--
INFO: [ template_filter ] --START--
INFO: Run Behavior\ContentReplaceBehavior [ RunTime:0.000031s ]
INFO: [ template_filter ] --END-- [ RunTime:0.000071s ]
INFO: Run Behavior\ParseTemplateBehavior [ RunTime:0.001468s ]
INFO: [ view_parse ] --END-- [ RunTime:0.001498s ]
INFO: [ view_filter ] --START--
INFO: Run Behavior\WriteHtmlCacheBehavior [ RunTime:0.000033s ]
INFO: [ view_filter ] --END-- [ RunTime:0.000055s ]
INFO: [ app_end ] --START--
INFO: Run Behavior\ShowPageTraceBehavior [ RunTime:0.000030s ]
INFO: [ app_end ] --END-- [ RunTime:0.000053s ]

[ 2017-09-17T15:48:35+08:00 ] 101.226.64.174 /zhcp/admin.php/Home/Login/index.html?nsukey%3D9MKcR6qlf16r40RAO%252F9lMENLbcX8ANT9Jn3QJ%252Fb9BfRfg3ml1cMtJ4%252B98zzGAKZBVeiK7UO18JM2FDdkb3i3cYP2u91ERRcyx36Yaw5KcfgVEIhvVShESOmCVMbs5Va9cIdLsrPQe7exw0XoAGMY4tI1hva5tjjQATvmcAg%252BEt%252BqYPWhfyvdHwG8z09wMHyk
INFO: [ app_init ] --START--
INFO: Run Behavior\BuildLiteBehavior [ RunTime:0.000019s ]
INFO: [ app_init ] --END-- [ RunTime:0.000112s ]
INFO: [ app_begin ] --START--
INFO: Run Behavior\ReadHtmlCacheBehavior [ RunTime:0.000037s ]
INFO: [ app_begin ] --END-- [ RunTime:0.000073s ]
INFO: [ view_parse ] --START--
INFO: [ template_filter ] --START--
INFO: Run Behavior\ContentReplaceBehavior [ RunTime:0.000035s ]
INFO: [ template_filter ] --END-- [ RunTime:0.000119s ]
INFO: Run Behavior\ParseTemplateBehavior [ RunTime:0.001633s ]
INFO: [ view_parse ] --END-- [ RunTime:0.001665s ]
INFO: [ view_filter ] --START--
INFO: Run Behavior\WriteHtmlCacheBehavior [ RunTime:0.000030s ]
INFO: [ view_filter ] --END-- [ RunTime:0.000053s ]
INFO: [ app_end ] --START--
INFO: Run Behavior\ShowPageTraceBehavior [ RunTime:0.000027s ]
INFO: [ app_end ] --END-- [ RunTime:0.000050s ]

[ 2017-09-17T17:55:45+08:00 ] 112.90.82.218 /zhcp/admin.php/Home/Login/index.html?nsukey%253D9MKcR6qlf16r40RAO%25252F9lMENLbcX8ANT9Jn3QJ%25252Fb9BfRfg3ml1cMtJ4%25252B98zzGAKZBVeiK7UO18JM2FDdkb3i3cYP2u91ERRcyx36Yaw5KcfgVEIhvVShESOmCVMbs5Va9cIdLsrPQe7exw0XoAGMY4tI1hva5tjjQATvmcAg%25252BEt%25252BqYPWhfyvdHwG8z09wMHyk
INFO: [ app_init ] --START--
INFO: Run Behavior\BuildLiteBehavior [ RunTime:0.000012s ]
INFO: [ app_init ] --END-- [ RunTime:0.000070s ]
INFO: [ app_begin ] --START--
INFO: Run Behavior\ReadHtmlCacheBehavior [ RunTime:0.000031s ]
INFO: [ app_begin ] --END-- [ RunTime:0.000061s ]
INFO: [ view_parse ] --START--
INFO: [ template_filter ] --START--
INFO: Run Behavior\ContentReplaceBehavior [ RunTime:0.000067s ]
INFO: [ template_filter ] --END-- [ RunTime:0.000103s ]
INFO: Run Behavior\ParseTemplateBehavior [ RunTime:0.001560s ]
INFO: [ view_parse ] --END-- [ RunTime:0.001591s ]
INFO: [ view_filter ] --START--
INFO: Run Behavior\WriteHtmlCacheBehavior [ RunTime:0.000030s ]
INFO: [ view_filter ] --END-- [ RunTime:0.000052s ]
INFO: [ app_end ] --START--
INFO: Run Behavior\ShowPageTraceBehavior [ RunTime:0.000043s ]
INFO: [ app_end ] --END-- [ RunTime:0.000067s ]

