[ 2017-09-28T09:04:15+08:00 ] 121.33.227.27 /zhcp/admin.php/Home/Login/index.html
INFO: [ app_init ] --START--
INFO: Run Behavior\BuildLiteBehavior [ RunTime:0.000010s ]
INFO: [ app_init ] --END-- [ RunTime:0.000073s ]
INFO: [ app_begin ] --START--
INFO: Run Behavior\ReadHtmlCacheBehavior [ RunTime:0.000026s ]
INFO: [ app_begin ] --END-- [ RunTime:0.000050s ]
INFO: [ view_parse ] --START--
INFO: [ template_filter ] --START--
INFO: Run Behavior\ContentReplaceBehavior [ RunTime:0.000032s ]
INFO: [ template_filter ] --END-- [ RunTime:0.000060s ]
INFO: Run Behavior\ParseTemplateBehavior [ RunTime:0.001227s ]
INFO: [ view_parse ] --END-- [ RunTime:0.001263s ]
INFO: [ view_filter ] --START--
INFO: Run Behavior\WriteHtmlCacheBehavior [ RunTime:0.000032s ]
INFO: [ view_filter ] --END-- [ RunTime:0.000049s ]
INFO: [ app_end ] --START--
INFO: Run Behavior\ShowPageTraceBehavior [ RunTime:0.000025s ]
INFO: [ app_end ] --END-- [ RunTime:0.000043s ]

[ 2017-09-28T09:04:15+08:00 ] 121.33.227.27 /zhcp/admin.php/Home/Login/css/style.css
INFO: [ app_init ] --START--
INFO: Run Behavior\BuildLiteBehavior [ RunTime:0.000014s ]
INFO: [ app_init ] --END-- [ RunTime:0.000081s ]
INFO: [ app_begin ] --START--
INFO: Run Behavior\ReadHtmlCacheBehavior [ RunTime:0.000026s ]
INFO: [ app_begin ] --END-- [ RunTime:0.000051s ]
ERR: 非法操作:css

[ 2017-09-28T09:04:16+08:00 ] 121.33.227.27 /zhcp/admin.php/Home/Login/images/head-img.png
INFO: [ app_init ] --START--
INFO: Run Behavior\BuildLiteBehavior [ RunTime:0.000009s ]
INFO: [ app_init ] --END-- [ RunTime:0.000061s ]

[ 2017-09-28T09:04:25+08:00 ] 121.33.227.27 /zhcp/admin.php/Home/Login/index.html
INFO: [ app_init ] --START--
INFO: Run Behavior\BuildLiteBehavior [ RunTime:0.000015s ]
INFO: [ app_init ] --END-- [ RunTime:0.000088s ]
INFO: [ app_begin ] --START--
INFO: Run Behavior\ReadHtmlCacheBehavior [ RunTime:0.000026s ]
INFO: [ app_begin ] --END-- [ RunTime:0.000049s ]
SQL: SHOW COLUMNS FROM `instructor` [ RunTime:0.0004s ]
SQL: SELECT * FROM `instructor` WHERE `instructor_account` = 'mzh' AND `instructor_password` = 'mzh' LIMIT 1   [ RunTime:0.0001s ]
INFO: [ app_end ] --START--
INFO: Run Behavior\ShowPageTraceBehavior [ RunTime:0.000033s ]
INFO: [ app_end ] --END-- [ RunTime:0.000073s ]

[ 2017-09-28T09:04:25+08:00 ] 121.33.227.27 /zhcp/admin.php/Home/Index/index
INFO: [ app_init ] --START--
INFO: Run Behavior\BuildLiteBehavior [ RunTime:0.000010s ]
INFO: [ app_init ] --END-- [ RunTime:0.000058s ]
INFO: [ app_begin ] --START--
INFO: Run Behavior\ReadHtmlCacheBehavior [ RunTime:0.000023s ]
INFO: [ app_begin ] --END-- [ RunTime:0.000046s ]
INFO: [ view_parse ] --START--
INFO: [ template_filter ] --START--
INFO: Run Behavior\ContentReplaceBehavior [ RunTime:0.000033s ]
INFO: [ template_filter ] --END-- [ RunTime:0.000063s ]
INFO: Run Behavior\ParseTemplateBehavior [ RunTime:0.001817s ]
INFO: [ view_parse ] --END-- [ RunTime:0.001847s ]
INFO: [ view_filter ] --START--
INFO: Run Behavior\WriteHtmlCacheBehavior [ RunTime:0.000030s ]
INFO: [ view_filter ] --END-- [ RunTime:0.000048s ]
INFO: [ app_end ] --START--
INFO: Run Behavior\ShowPageTraceBehavior [ RunTime:0.000022s ]
INFO: [ app_end ] --END-- [ RunTime:0.000045s ]

[ 2017-09-28T09:04:26+08:00 ] 121.33.227.27 /zhcp/admin.php/Home/Index/copy.html
INFO: [ app_init ] --START--
INFO: Run Behavior\BuildLiteBehavior [ RunTime:0.000011s ]
INFO: [ app_init ] --END-- [ RunTime:0.000061s ]
INFO: [ app_begin ] --START--
INFO: Run Behavior\ReadHtmlCacheBehavior [ RunTime:0.000026s ]
INFO: [ app_begin ] --END-- [ RunTime:0.000050s ]
INFO: [ view_parse ] --START--
INFO: [ template_filter ] --START--
INFO: Run Behavior\ContentReplaceBehavior [ RunTime:0.000024s ]
INFO: [ template_filter ] --END-- [ RunTime:0.000052s ]
INFO: Run Behavior\ParseTemplateBehavior [ RunTime:0.001230s ]
INFO: [ view_parse ] --END-- [ RunTime:0.001261s ]
INFO: [ view_filter ] --START--
INFO: Run Behavior\WriteHtmlCacheBehavior [ RunTime:0.000027s ]
INFO: [ view_filter ] --END-- [ RunTime:0.000050s ]
INFO: [ app_end ] --START--
INFO: Run Behavior\ShowPageTraceBehavior [ RunTime:0.000033s ]
INFO: [ app_end ] --END-- [ RunTime:0.000063s ]

[ 2017-09-28T09:04:28+08:00 ] 121.33.227.27 /zhcp/admin.php/Home/Index/queryclass.html
INFO: [ app_init ] --START--
INFO: Run Behavior\BuildLiteBehavior [ RunTime:0.000020s ]
INFO: [ app_init ] --END-- [ RunTime:0.000103s ]
INFO: [ app_begin ] --START--
INFO: Run Behavior\ReadHtmlCacheBehavior [ RunTime:0.000037s ]
INFO: [ app_begin ] --END-- [ RunTime:0.000073s ]
SQL: SHOW COLUMNS FROM `pclass` [ RunTime:0.0004s ]
SQL: SELECT `pclass_name` FROM `pclass` WHERE `pclass_id` = 0 LIMIT 1   [ RunTime:0.0001s ]
SQL: SELECT * FROM `pclass`  [ RunTime:0.0000s ]
SQL: SHOW COLUMNS FROM `instructor` [ RunTime:0.0003s ]
SQL: SELECT * FROM `instructor` WHERE `instructor_id` = 1 LIMIT 1   [ RunTime:0.0000s ]
SQL: SHOW COLUMNS FROM `grade` [ RunTime:0.0003s ]
SQL: SELECT `grade_name` FROM `grade` WHERE `grade_id` = 1 LIMIT 1   [ RunTime:0.0000s ]
SQL: SHOW COLUMNS FROM `user` [ RunTime:0.0003s ]
SQL: SELECT * FROM `user` WHERE `pclass_id` = 0 AND `grade_id` = 1  [ RunTime:0.0001s ]
SQL: SHOW COLUMNS FROM `schoolyear` [ RunTime:0.0003s ]
SQL: SELECT * FROM `schoolyear` WHERE `schoolyear_nowyear` = 1 LIMIT 1   [ RunTime:0.0000s ]
SQL: SELECT `grade_id` FROM `instructor` WHERE `instructor_id` = 1 LIMIT 1   [ RunTime:0.0000s ]
SQL: SELECT * FROM `pclass` WHERE `grade_id` = 1  [ RunTime:0.0000s ]
INFO: [ view_parse ] --START--
INFO: [ template_filter ] --START--
INFO: Run Behavior\ContentReplaceBehavior [ RunTime:0.000041s ]
INFO: [ template_filter ] --END-- [ RunTime:0.000081s ]
INFO: Run Behavior\ParseTemplateBehavior [ RunTime:0.003323s ]
INFO: [ view_parse ] --END-- [ RunTime:0.003356s ]
INFO: [ view_filter ] --START--
INFO: Run Behavior\WriteHtmlCacheBehavior [ RunTime:0.000035s ]
INFO: [ view_filter ] --END-- [ RunTime:0.000052s ]
INFO: [ app_end ] --START--
INFO: Run Behavior\ShowPageTraceBehavior [ RunTime:0.000032s ]
INFO: [ app_end ] --END-- [ RunTime:0.000052s ]

[ 2017-09-28T09:04:36+08:00 ] 121.33.227.27 /zhcp/admin.php/Home/Index/queryclass.html
INFO: [ app_init ] --START--
INFO: Run Behavior\BuildLiteBehavior [ RunTime:0.000009s ]
INFO: [ app_init ] --END-- [ RunTime:0.000063s ]
INFO: [ app_begin ] --START--
INFO: Run Behavior\ReadHtmlCacheBehavior [ RunTime:0.000026s ]
INFO: [ app_begin ] --END-- [ RunTime:0.000050s ]
SQL: SHOW COLUMNS FROM `pclass` [ RunTime:0.0004s ]
SQL: SELECT `pclass_name` FROM `pclass` WHERE `pclass_id` = 18 LIMIT 1   [ RunTime:0.0002s ]
SQL: SELECT * FROM `pclass`  [ RunTime:0.0000s ]
SQL: SHOW COLUMNS FROM `instructor` [ RunTime:0.0003s ]
SQL: SELECT * FROM `instructor` WHERE `instructor_id` = 1 LIMIT 1   [ RunTime:0.0001s ]
SQL: SHOW COLUMNS FROM `grade` [ RunTime:0.0003s ]
SQL: SELECT `grade_name` FROM `grade` WHERE `grade_id` = 1 LIMIT 1   [ RunTime:0.0000s ]
SQL: SHOW COLUMNS FROM `user` [ RunTime:0.0003s ]
SQL: SELECT * FROM `user` WHERE `pclass_id` = 18 AND `grade_id` = 1  [ RunTime:0.0004s ]
SQL: SHOW COLUMNS FROM `schoolyear` [ RunTime:0.0003s ]
SQL: SELECT * FROM `schoolyear` WHERE `schoolyear_nowyear` = 1 LIMIT 1   [ RunTime:0.0001s ]
SQL: SHOW COLUMNS FROM `basetwograde` [ RunTime:0.0003s ]
SQL: SELECT * FROM `basetwograde` WHERE `schoolyear_id` = 6 AND `user_id` = 293 LIMIT 1   [ RunTime:0.0002s ]
SQL: SELECT * FROM `basetwograde` WHERE `schoolyear_id` = 6 AND `user_id` = 294 LIMIT 1   [ RunTime:0.0002s ]
SQL: SELECT * FROM `basetwograde` WHERE `schoolyear_id` = 6 AND `user_id` = 295 LIMIT 1   [ RunTime:0.0002s ]
SQL: SELECT * FROM `basetwograde` WHERE `schoolyear_id` = 6 AND `user_id` = 297 LIMIT 1   [ RunTime:0.0002s ]
SQL: SELECT * FROM `basetwograde` WHERE `schoolyear_id` = 6 AND `user_id` = 298 LIMIT 1   [ RunTime:0.0002s ]
SQL: SELECT * FROM `basetwograde` WHERE `schoolyear_id` = 6 AND `user_id` = 299 LIMIT 1   [ RunTime:0.0002s ]
SQL: SELECT * FROM `basetwograde` WHERE `schoolyear_id` = 6 AND `user_id` = 300 LIMIT 1   [ RunTime:0.0002s ]
SQL: SELECT * FROM `basetwograde` WHERE `schoolyear_id` = 6 AND `user_id` = 301 LIMIT 1   [ RunTime:0.0058s ]
SQL: SELECT * FROM `basetwograde` WHERE `schoolyear_id` = 6 AND `user_id` = 302 LIMIT 1   [ RunTime:0.0002s ]
SQL: SELECT * FROM `basetwograde` WHERE `schoolyear_id` = 6 AND `user_id` = 303 LIMIT 1   [ RunTime:0.0002s ]
SQL: SELECT * FROM `basetwograde` WHERE `schoolyear_id` = 6 AND `user_id` = 304 LIMIT 1   [ RunTime:0.0002s ]
SQL: SELECT * FROM `basetwograde` WHERE `schoolyear_id` = 6 AND `user_id` = 305 LIMIT 1   [ RunTime:0.0002s ]
SQL: SELECT * FROM `basetwograde` WHERE `schoolyear_id` = 6 AND `user_id` = 306 LIMIT 1   [ RunTime:0.0002s ]
SQL: SELECT * FROM `basetwograde` WHERE `schoolyear_id` = 6 AND `user_id` = 307 LIMIT 1   [ RunTime:0.0002s ]
SQL: SELECT * FROM `basetwograde` WHERE `schoolyear_id` = 6 AND `user_id` = 308 LIMIT 1   [ RunTime:0.0002s ]
SQL: SELECT * FROM `basetwograde` WHERE `schoolyear_id` = 6 AND `user_id` = 309 LIMIT 1   [ RunTime:0.0022s ]
SQL: SELECT * FROM `basetwograde` WHERE `schoolyear_id` = 6 AND `user_id` = 310 LIMIT 1   [ RunTime:0.0002s ]
SQL: SELECT * FROM `basetwograde` WHERE `schoolyear_id` = 6 AND `user_id` = 311 LIMIT 1   [ RunTime:0.0002s ]
SQL: SELECT * FROM `basetwograde` WHERE `schoolyear_id` = 6 AND `user_id` = 312 LIMIT 1   [ RunTime:0.0002s ]
SQL: SELECT * FROM `basetwograde` WHERE `schoolyear_id` = 6 AND `user_id` = 313 LIMIT 1   [ RunTime:0.0002s ]
SQL: SELECT * FROM `basetwograde` WHERE `schoolyear_id` = 6 AND `user_id` = 314 LIMIT 1   [ RunTime:0.0001s ]
SQL: SELECT * FROM `basetwograde` WHERE `schoolyear_id` = 6 AND `user_id` = 315 LIMIT 1   [ RunTime:0.0001s ]
SQL: SELECT * FROM `basetwograde` WHERE `schoolyear_id` = 6 AND `user_id` = 316 LIMIT 1   [ RunTime:0.0002s ]
SQL: SELECT * FROM `basetwograde` WHERE `schoolyear_id` = 6 AND `user_id` = 317 LIMIT 1   [ RunTime:0.0002s ]
SQL: SELECT * FROM `basetwograde` WHERE `schoolyear_id` = 6 AND `user_id` = 318 LIMIT 1   [ RunTime:0.0001s ]
SQL: SELECT * FROM `basetwograde` WHERE `schoolyear_id` = 6 AND `user_id` = 319 LIMIT 1   [ RunTime:0.0002s ]
SQL: SELECT * FROM `basetwograde` WHERE `schoolyear_id` = 6 AND `user_id` = 320 LIMIT 1   [ RunTime:0.0002s ]
SQL: SELECT * FROM `basetwograde` WHERE `schoolyear_id` = 6 AND `user_id` = 321 LIMIT 1   [ RunTime:0.0002s ]
SQL: SELECT * FROM `basetwograde` WHERE `schoolyear_id` = 6 AND `user_id` = 322 LIMIT 1   [ RunTime:0.0002s ]
SQL: SELECT * FROM `basetwograde` WHERE `schoolyear_id` = 6 AND `user_id` = 323 LIMIT 1   [ RunTime:0.0002s ]
SQL: SELECT * FROM `basetwograde` WHERE `schoolyear_id` = 6 AND `user_id` = 324 LIMIT 1   [ RunTime:0.0001s ]
SQL: SELECT * FROM `basetwograde` WHERE `schoolyear_id` = 6 AND `user_id` = 325 LIMIT 1   [ RunTime:0.0002s ]
SQL: SELECT * FROM `basetwograde` WHERE `schoolyear_id` = 6 AND `user_id` = 326 LIMIT 1   [ RunTime:0.0001s ]
SQL: SELECT * FROM `basetwograde` WHERE `schoolyear_id` = 6 AND `user_id` = 327 LIMIT 1   [ RunTime:0.0002s ]
SQL: SELECT * FROM `basetwograde` WHERE `schoolyear_id` = 6 AND `user_id` = 328 LIMIT 1   [ RunTime:0.0001s ]
SQL: SELECT * FROM `basetwograde` WHERE `schoolyear_id` = 6 AND `user_id` = 329 LIMIT 1   [ RunTime:0.0002s ]
SQL: SELECT * FROM `basetwograde` WHERE `schoolyear_id` = 6 AND `user_id` = 330 LIMIT 1   [ RunTime:0.0002s ]
SQL: SELECT * FROM `basetwograde` WHERE `schoolyear_id` = 6 AND `user_id` = 331 LIMIT 1   [ RunTime:0.0002s ]
SQL: SELECT * FROM `basetwograde` WHERE `schoolyear_id` = 6 AND `user_id` = 423 LIMIT 1   [ RunTime:0.0002s ]
SQL: SELECT `grade_id` FROM `instructor` WHERE `instructor_id` = 1 LIMIT 1   [ RunTime:0.0000s ]
SQL: SELECT * FROM `pclass` WHERE `grade_id` = 1  [ RunTime:0.0000s ]
INFO: [ view_parse ] --START--
INFO: [ template_filter ] --START--
INFO: Run Behavior\ContentReplaceBehavior [ RunTime:0.000055s ]
INFO: [ template_filter ] --END-- [ RunTime:0.000104s ]
INFO: Run Behavior\ParseTemplateBehavior [ RunTime:0.005551s ]
INFO: [ view_parse ] --END-- [ RunTime:0.005588s ]
INFO: [ view_filter ] --START--
INFO: Run Behavior\WriteHtmlCacheBehavior [ RunTime:0.000040s ]
INFO: [ view_filter ] --END-- [ RunTime:0.000059s ]
INFO: [ app_end ] --START--
INFO: Run Behavior\ShowPageTraceBehavior [ RunTime:0.000064s ]
INFO: [ app_end ] --END-- [ RunTime:0.000118s ]

[ 2017-09-28T09:04:46+08:00 ] 121.33.227.27 /zhcp/admin.php/Home/Index/audit/user_id/317.html
INFO: [ app_init ] --START--
INFO: Run Behavior\BuildLiteBehavior [ RunTime:0.000021s ]
INFO: [ app_init ] --END-- [ RunTime:0.000078s ]
INFO: [ app_begin ] --START--
INFO: Run Behavior\ReadHtmlCacheBehavior [ RunTime:0.000029s ]
INFO: [ app_begin ] --END-- [ RunTime:0.000055s ]
SQL: SHOW COLUMNS FROM `schoolyear` [ RunTime:0.0005s ]
SQL: SELECT * FROM `schoolyear` WHERE `schoolyear_nowyear` = 1 LIMIT 1   [ RunTime:0.0001s ]
SQL: SHOW COLUMNS FROM `basetwograde` [ RunTime:0.0003s ]
SQL: SELECT * FROM `basetwograde` WHERE `user_id` = 317 AND `schoolyear_id` = 6  [ RunTime:0.0003s ]
SQL: SHOW COLUMNS FROM `deveonelevelgrade` [ RunTime:0.0003s ]
SQL: SELECT * FROM `deveonelevelgrade` WHERE `user_id` = 317 AND `schoolyear_id` = 6  [ RunTime:0.0002s ]
SQL: SELECT * FROM `basetwograde` WHERE `user_id` = 317 AND `schoolyear_id` = 6  [ RunTime:0.0001s ]
SQL: SELECT * FROM `deveonelevelgrade` WHERE `user_id` = 317 AND `schoolyear_id` = 6  [ RunTime:0.0000s ]
SQL: SHOW COLUMNS FROM `table` [ RunTime:0.0003s ]
SQL: SELECT * FROM `table` WHERE `schoolyear_id` = 6 AND `user_id` = 317 LIMIT 1   [ RunTime:0.0002s ]
SQL: SHOW COLUMNS FROM `basetwolevelindex` [ RunTime:0.0003s ]
SQL: SELECT COUNT(*) AS tp_count FROM `basetwolevelindex` LIMIT 1   [ RunTime:0.0001s ]
SQL: SHOW COLUMNS FROM `deveonelevelindex` [ RunTime:0.0003s ]
SQL: SELECT COUNT(*) AS tp_count FROM `deveonelevelindex` LIMIT 1   [ RunTime:0.0000s ]
SQL: SELECT * FROM `deveonelevelindex`  [ RunTime:0.0000s ]
SQL: SHOW COLUMNS FROM `user` [ RunTime:0.0003s ]
SQL: SELECT `pclass_id` FROM `user` WHERE `user_id` = 317 LIMIT 1   [ RunTime:0.0001s ]
NOTIC: [8] Undefined variable: base /var/www/html/zhcp/Admin/Home/Controller/IndexController.class.php 第 182 行.
INFO: [ view_parse ] --START--
INFO: [ template_filter ] --START--
INFO: Run Behavior\ContentReplaceBehavior [ RunTime:0.000055s ]
INFO: [ template_filter ] --END-- [ RunTime:0.000090s ]
INFO: Run Behavior\ParseTemplateBehavior [ RunTime:0.007014s ]
INFO: [ view_parse ] --END-- [ RunTime:0.007045s ]
INFO: [ view_filter ] --START--
INFO: Run Behavior\WriteHtmlCacheBehavior [ RunTime:0.000036s ]
INFO: [ view_filter ] --END-- [ RunTime:0.000057s ]
INFO: [ app_end ] --START--
INFO: Run Behavior\ShowPageTraceBehavior [ RunTime:0.000050s ]
INFO: [ app_end ] --END-- [ RunTime:0.000094s ]

[ 2017-09-28T09:08:29+08:00 ] 121.33.227.27 /zhcp/admin.php/Home/Index/audit/user_id/images/lightbox-ico-loading.gif
INFO: [ app_init ] --START--
INFO: Run Behavior\BuildLiteBehavior [ RunTime:0.000010s ]
INFO: [ app_init ] --END-- [ RunTime:0.000080s ]

[ 2017-09-28T09:08:29+08:00 ] 121.33.227.27 /zhcp/admin.php/Home/Index/audit/user_id/images/lightbox-btn-close.gif
INFO: [ app_init ] --START--
INFO: Run Behavior\BuildLiteBehavior [ RunTime:0.000014s ]
INFO: [ app_init ] --END-- [ RunTime:0.000129s ]

[ 2017-09-28T09:08:30+08:00 ] 121.33.227.27 /zhcp/admin.php/Home/Index/audit/user_id/images/lightbox-blank.gif
INFO: [ app_init ] --START--
INFO: Run Behavior\BuildLiteBehavior [ RunTime:0.000009s ]
INFO: [ app_init ] --END-- [ RunTime:0.000058s ]

[ 2017-09-28T09:08:30+08:00 ] 121.33.227.27 /zhcp/admin.php/Home/Index/audit/user_id/images/lightbox-btn-prev.gif
INFO: [ app_init ] --START--
INFO: Run Behavior\BuildLiteBehavior [ RunTime:0.000009s ]
INFO: [ app_init ] --END-- [ RunTime:0.000051s ]

[ 2017-09-28T09:28:54+08:00 ] 121.33.227.23 /zhcp/admin.php
INFO: [ app_init ] --START--
INFO: Run Behavior\BuildLiteBehavior [ RunTime:0.000010s ]
INFO: [ app_init ] --END-- [ RunTime:0.000124s ]
INFO: [ app_begin ] --START--
INFO: Run Behavior\ReadHtmlCacheBehavior [ RunTime:0.000030s ]
INFO: [ app_begin ] --END-- [ RunTime:0.000056s ]

[ 2017-09-28T09:28:54+08:00 ] 121.33.227.23 /zhcp/admin.php/Home/Login/index.html
INFO: [ app_init ] --START--
INFO: Run Behavior\BuildLiteBehavior [ RunTime:0.000013s ]
INFO: [ app_init ] --END-- [ RunTime:0.000086s ]
INFO: [ app_begin ] --START--
INFO: Run Behavior\ReadHtmlCacheBehavior [ RunTime:0.000036s ]
INFO: [ app_begin ] --END-- [ RunTime:0.000073s ]
INFO: [ view_parse ] --START--
INFO: [ template_filter ] --START--
INFO: Run Behavior\ContentReplaceBehavior [ RunTime:0.000039s ]
INFO: [ template_filter ] --END-- [ RunTime:0.000082s ]
INFO: Run Behavior\ParseTemplateBehavior [ RunTime:0.002045s ]
INFO: [ view_parse ] --END-- [ RunTime:0.002087s ]
INFO: [ view_filter ] --START--
INFO: Run Behavior\WriteHtmlCacheBehavior [ RunTime:0.000043s ]
INFO: [ view_filter ] --END-- [ RunTime:0.000072s ]
INFO: [ app_end ] --START--
INFO: Run Behavior\ShowPageTraceBehavior [ RunTime:0.000036s ]
INFO: [ app_end ] --END-- [ RunTime:0.000068s ]

[ 2017-09-28T09:28:55+08:00 ] 121.33.227.23 /zhcp/admin.php/Home/Login/css/style.css
INFO: [ app_init ] --START--
INFO: Run Behavior\BuildLiteBehavior [ RunTime:0.000010s ]
INFO: [ app_init ] --END-- [ RunTime:0.000060s ]
INFO: [ app_begin ] --START--
INFO: Run Behavior\ReadHtmlCacheBehavior [ RunTime:0.000024s ]
INFO: [ app_begin ] --END-- [ RunTime:0.000055s ]
ERR: 非法操作:css

[ 2017-09-28T09:28:55+08:00 ] 121.33.227.23 /zhcp/admin.php/Home/Login/images/head-img.png
INFO: [ app_init ] --START--
INFO: Run Behavior\BuildLiteBehavior [ RunTime:0.000010s ]
INFO: [ app_init ] --END-- [ RunTime:0.000058s ]

[ 2017-09-28T09:28:55+08:00 ] 121.33.227.23 /zhcp/admin.php/Home/Login/images/head-img.png
INFO: [ app_init ] --START--
INFO: Run Behavior\BuildLiteBehavior [ RunTime:0.000009s ]
INFO: [ app_init ] --END-- [ RunTime:0.000058s ]

[ 2017-09-28T09:29:36+08:00 ] 121.33.227.24 /zhcp/admin.php
INFO: [ app_init ] --START--
INFO: Run Behavior\BuildLiteBehavior [ RunTime:0.000018s ]
INFO: [ app_init ] --END-- [ RunTime:0.000086s ]
INFO: [ app_begin ] --START--
INFO: Run Behavior\ReadHtmlCacheBehavior [ RunTime:0.000036s ]
INFO: [ app_begin ] --END-- [ RunTime:0.000067s ]

[ 2017-09-28T09:29:37+08:00 ] 121.33.227.24 /zhcp/admin.php/Home/Login/index.html
INFO: [ app_init ] --START--
INFO: Run Behavior\BuildLiteBehavior [ RunTime:0.000011s ]
INFO: [ app_init ] --END-- [ RunTime:0.000072s ]
INFO: [ app_begin ] --START--
INFO: Run Behavior\ReadHtmlCacheBehavior [ RunTime:0.000025s ]
INFO: [ app_begin ] --END-- [ RunTime:0.000048s ]
INFO: [ view_parse ] --START--
INFO: [ template_filter ] --START--
INFO: Run Behavior\ContentReplaceBehavior [ RunTime:0.000028s ]
INFO: [ template_filter ] --END-- [ RunTime:0.000060s ]
INFO: Run Behavior\ParseTemplateBehavior [ RunTime:0.001624s ]
INFO: [ view_parse ] --END-- [ RunTime:0.001651s ]
INFO: [ view_filter ] --START--
INFO: Run Behavior\WriteHtmlCacheBehavior [ RunTime:0.000031s ]
INFO: [ view_filter ] --END-- [ RunTime:0.000053s ]
INFO: [ app_end ] --START--
INFO: Run Behavior\ShowPageTraceBehavior [ RunTime:0.000041s ]
INFO: [ app_end ] --END-- [ RunTime:0.000072s ]

[ 2017-09-28T09:29:37+08:00 ] 121.33.227.24 /zhcp/admin.php/Home/Login/css/style.css
INFO: [ app_init ] --START--
INFO: Run Behavior\BuildLiteBehavior [ RunTime:0.000012s ]
INFO: [ app_init ] --END-- [ RunTime:0.000069s ]
INFO: [ app_begin ] --START--
INFO: Run Behavior\ReadHtmlCacheBehavior [ RunTime:0.000024s ]
INFO: [ app_begin ] --END-- [ RunTime:0.000047s ]
ERR: 非法操作:css

[ 2017-09-28T09:29:37+08:00 ] 121.33.227.24 /zhcp/admin.php/Home/Login/images/head-img.png
INFO: [ app_init ] --START--
INFO: Run Behavior\BuildLiteBehavior [ RunTime:0.000010s ]
INFO: [ app_init ] --END-- [ RunTime:0.000059s ]

[ 2017-09-28T09:29:44+08:00 ] 121.33.227.24 /zhcp/admin.php/Home/Login/index.html
INFO: [ app_init ] --START--
INFO: Run Behavior\BuildLiteBehavior [ RunTime:0.000014s ]
INFO: [ app_init ] --END-- [ RunTime:0.000096s ]
INFO: [ app_begin ] --START--
INFO: Run Behavior\ReadHtmlCacheBehavior [ RunTime:0.000026s ]
INFO: [ app_begin ] --END-- [ RunTime:0.000050s ]
SQL: SHOW COLUMNS FROM `instructor` [ RunTime:0.0004s ]
SQL: SELECT * FROM `instructor` WHERE `instructor_account` = 'wy' AND `instructor_password` = 'wy' LIMIT 1   [ RunTime:0.0001s ]
INFO: [ app_end ] --START--
INFO: Run Behavior\ShowPageTraceBehavior [ RunTime:0.000048s ]
INFO: [ app_end ] --END-- [ RunTime:0.000076s ]

[ 2017-09-28T09:29:44+08:00 ] 121.33.227.24 /zhcp/admin.php/Home/Index/index
INFO: [ app_init ] --START--
INFO: Run Behavior\BuildLiteBehavior [ RunTime:0.000014s ]
INFO: [ app_init ] --END-- [ RunTime:0.000091s ]
INFO: [ app_begin ] --START--
INFO: Run Behavior\ReadHtmlCacheBehavior [ RunTime:0.000040s ]
INFO: [ app_begin ] --END-- [ RunTime:0.000082s ]
INFO: [ view_parse ] --START--
INFO: [ template_filter ] --START--
INFO: Run Behavior\ContentReplaceBehavior [ RunTime:0.000052s ]
INFO: [ template_filter ] --END-- [ RunTime:0.000100s ]
INFO: Run Behavior\ParseTemplateBehavior [ RunTime:0.002557s ]
INFO: [ view_parse ] --END-- [ RunTime:0.002587s ]
INFO: [ view_filter ] --START--
INFO: Run Behavior\WriteHtmlCacheBehavior [ RunTime:0.000029s ]
INFO: [ view_filter ] --END-- [ RunTime:0.000046s ]
INFO: [ app_end ] --START--
INFO: Run Behavior\ShowPageTraceBehavior [ RunTime:0.000032s ]
INFO: [ app_end ] --END-- [ RunTime:0.000061s ]

[ 2017-09-28T09:29:45+08:00 ] 121.33.227.24 /zhcp/admin.php/Home/Index/copy.html
INFO: [ app_init ] --START--
INFO: Run Behavior\BuildLiteBehavior [ RunTime:0.000010s ]
INFO: [ app_init ] --END-- [ RunTime:0.000058s ]
INFO: [ app_begin ] --START--
INFO: Run Behavior\ReadHtmlCacheBehavior [ RunTime:0.000034s ]
INFO: [ app_begin ] --END-- [ RunTime:0.000057s ]
INFO: [ view_parse ] --START--
INFO: [ template_filter ] --START--
INFO: Run Behavior\ContentReplaceBehavior [ RunTime:0.000024s ]
INFO: [ template_filter ] --END-- [ RunTime:0.000058s ]
INFO: Run Behavior\ParseTemplateBehavior [ RunTime:0.001147s ]
INFO: [ view_parse ] --END-- [ RunTime:0.001186s ]
INFO: [ view_filter ] --START--
INFO: Run Behavior\WriteHtmlCacheBehavior [ RunTime:0.000027s ]
INFO: [ view_filter ] --END-- [ RunTime:0.000044s ]
INFO: [ app_end ] --START--
INFO: Run Behavior\ShowPageTraceBehavior [ RunTime:0.000020s ]
INFO: [ app_end ] --END-- [ RunTime:0.000038s ]

[ 2017-09-28T09:29:46+08:00 ] 121.33.227.24 /zhcp/admin.php/Home/Index/queryclass.html
INFO: [ app_init ] --START--
INFO: Run Behavior\BuildLiteBehavior [ RunTime:0.000010s ]
INFO: [ app_init ] --END-- [ RunTime:0.000071s ]
INFO: [ app_begin ] --START--
INFO: Run Behavior\ReadHtmlCacheBehavior [ RunTime:0.000063s ]
INFO: [ app_begin ] --END-- [ RunTime:0.000100s ]
SQL: SHOW COLUMNS FROM `pclass` [ RunTime:0.0005s ]
SQL: SELECT `pclass_name` FROM `pclass` WHERE `pclass_id` = 0 LIMIT 1   [ RunTime:0.0001s ]
SQL: SELECT * FROM `pclass`  [ RunTime:0.0001s ]
SQL: SHOW COLUMNS FROM `instructor` [ RunTime:0.0004s ]
SQL: SELECT * FROM `instructor` WHERE `instructor_id` = 5 LIMIT 1   [ RunTime:0.0000s ]
SQL: SHOW COLUMNS FROM `grade` [ RunTime:0.0003s ]
SQL: SELECT `grade_name` FROM `grade` WHERE `grade_id` = 6 LIMIT 1   [ RunTime:0.0000s ]
SQL: SHOW COLUMNS FROM `user` [ RunTime:0.0003s ]
SQL: SELECT * FROM `user` WHERE `pclass_id` = 0 AND `grade_id` = 6  [ RunTime:0.0001s ]
SQL: SHOW COLUMNS FROM `schoolyear` [ RunTime:0.0003s ]
SQL: SELECT * FROM `schoolyear` WHERE `schoolyear_nowyear` = 1 LIMIT 1   [ RunTime:0.0000s ]
SQL: SELECT `grade_id` FROM `instructor` WHERE `instructor_id` = 5 LIMIT 1   [ RunTime:0.0000s ]
SQL: SELECT * FROM `pclass` WHERE `grade_id` = 6  [ RunTime:0.0000s ]
INFO: [ view_parse ] --START--
INFO: [ template_filter ] --START--
INFO: Run Behavior\ContentReplaceBehavior [ RunTime:0.000042s ]
INFO: [ template_filter ] --END-- [ RunTime:0.000071s ]
INFO: Run Behavior\ParseTemplateBehavior [ RunTime:0.003853s ]
INFO: [ view_parse ] --END-- [ RunTime:0.003890s ]
INFO: [ view_filter ] --START--
INFO: Run Behavior\WriteHtmlCacheBehavior [ RunTime:0.000031s ]
INFO: [ view_filter ] --END-- [ RunTime:0.000051s ]
INFO: [ app_end ] --START--
INFO: Run Behavior\ShowPageTraceBehavior [ RunTime:0.000038s ]
INFO: [ app_end ] --END-- [ RunTime:0.000062s ]

[ 2017-09-28T09:29:50+08:00 ] 121.33.227.24 /zhcp/admin.php/Home/Index/queryclass.html
INFO: [ app_init ] --START--
INFO: Run Behavior\BuildLiteBehavior [ RunTime:0.000010s ]
INFO: [ app_init ] --END-- [ RunTime:0.000066s ]
INFO: [ app_begin ] --START--
INFO: Run Behavior\ReadHtmlCacheBehavior [ RunTime:0.000045s ]
INFO: [ app_begin ] --END-- [ RunTime:0.000096s ]
SQL: SHOW COLUMNS FROM `pclass` [ RunTime:0.0004s ]
SQL: SELECT `pclass_name` FROM `pclass` WHERE `pclass_id` = 66 LIMIT 1   [ RunTime:0.0002s ]
SQL: SELECT * FROM `pclass`  [ RunTime:0.0001s ]
SQL: SHOW COLUMNS FROM `instructor` [ RunTime:0.0004s ]
SQL: SELECT * FROM `instructor` WHERE `instructor_id` = 5 LIMIT 1   [ RunTime:0.0001s ]
SQL: SHOW COLUMNS FROM `grade` [ RunTime:0.0004s ]
SQL: SELECT `grade_name` FROM `grade` WHERE `grade_id` = 6 LIMIT 1   [ RunTime:0.0001s ]
SQL: SHOW COLUMNS FROM `user` [ RunTime:0.0004s ]
SQL: SELECT * FROM `user` WHERE `pclass_id` = 66 AND `grade_id` = 6  [ RunTime:0.0004s ]
SQL: SHOW COLUMNS FROM `schoolyear` [ RunTime:0.0004s ]
SQL: SELECT * FROM `schoolyear` WHERE `schoolyear_nowyear` = 1 LIMIT 1   [ RunTime:0.0001s ]
SQL: SHOW COLUMNS FROM `basetwograde` [ RunTime:0.0003s ]
SQL: SELECT * FROM `basetwograde` WHERE `schoolyear_id` = 6 AND `user_id` = 1493 LIMIT 1   [ RunTime:0.0002s ]
SQL: SELECT * FROM `basetwograde` WHERE `schoolyear_id` = 6 AND `user_id` = 1494 LIMIT 1   [ RunTime:0.0002s ]
SQL: SELECT * FROM `basetwograde` WHERE `schoolyear_id` = 6 AND `user_id` = 1495 LIMIT 1   [ RunTime:0.0001s ]
SQL: SELECT * FROM `basetwograde` WHERE `schoolyear_id` = 6 AND `user_id` = 1496 LIMIT 1   [ RunTime:0.0001s ]
SQL: SELECT * FROM `basetwograde` WHERE `schoolyear_id` = 6 AND `user_id` = 1497 LIMIT 1   [ RunTime:0.0002s ]
SQL: SELECT * FROM `basetwograde` WHERE `schoolyear_id` = 6 AND `user_id` = 1498 LIMIT 1   [ RunTime:0.0002s ]
SQL: SELECT * FROM `basetwograde` WHERE `schoolyear_id` = 6 AND `user_id` = 1499 LIMIT 1   [ RunTime:0.0002s ]
SQL: SELECT * FROM `basetwograde` WHERE `schoolyear_id` = 6 AND `user_id` = 1500 LIMIT 1   [ RunTime:0.0002s ]
SQL: SELECT * FROM `basetwograde` WHERE `schoolyear_id` = 6 AND `user_id` = 1501 LIMIT 1   [ RunTime:0.0002s ]
SQL: SELECT * FROM `basetwograde` WHERE `schoolyear_id` = 6 AND `user_id` = 1502 LIMIT 1   [ RunTime:0.0001s ]
SQL: SELECT * FROM `basetwograde` WHERE `schoolyear_id` = 6 AND `user_id` = 1503 LIMIT 1   [ RunTime:0.0002s ]
SQL: SELECT * FROM `basetwograde` WHERE `schoolyear_id` = 6 AND `user_id` = 1504 LIMIT 1   [ RunTime:0.0002s ]
SQL: SELECT * FROM `basetwograde` WHERE `schoolyear_id` = 6 AND `user_id` = 1505 LIMIT 1   [ RunTime:0.0001s ]
SQL: SELECT * FROM `basetwograde` WHERE `schoolyear_id` = 6 AND `user_id` = 1506 LIMIT 1   [ RunTime:0.0002s ]
SQL: SELECT * FROM `basetwograde` WHERE `schoolyear_id` = 6 AND `user_id` = 1507 LIMIT 1   [ RunTime:0.0002s ]
SQL: SELECT * FROM `basetwograde` WHERE `schoolyear_id` = 6 AND `user_id` = 1508 LIMIT 1   [ RunTime:0.0002s ]
SQL: SELECT * FROM `basetwograde` WHERE `schoolyear_id` = 6 AND `user_id` = 1509 LIMIT 1   [ RunTime:0.0001s ]
SQL: SELECT * FROM `basetwograde` WHERE `schoolyear_id` = 6 AND `user_id` = 1510 LIMIT 1   [ RunTime:0.0002s ]
SQL: SELECT * FROM `basetwograde` WHERE `schoolyear_id` = 6 AND `user_id` = 1511 LIMIT 1   [ RunTime:0.0049s ]
SQL: SELECT * FROM `basetwograde` WHERE `schoolyear_id` = 6 AND `user_id` = 1512 LIMIT 1   [ RunTime:0.0003s ]
SQL: SELECT * FROM `basetwograde` WHERE `schoolyear_id` = 6 AND `user_id` = 1513 LIMIT 1   [ RunTime:0.0002s ]
SQL: SELECT * FROM `basetwograde` WHERE `schoolyear_id` = 6 AND `user_id` = 1514 LIMIT 1   [ RunTime:0.0002s ]
SQL: SELECT * FROM `basetwograde` WHERE `schoolyear_id` = 6 AND `user_id` = 1515 LIMIT 1   [ RunTime:0.0002s ]
SQL: SELECT * FROM `basetwograde` WHERE `schoolyear_id` = 6 AND `user_id` = 1516 LIMIT 1   [ RunTime:0.0002s ]
SQL: SELECT * FROM `basetwograde` WHERE `schoolyear_id` = 6 AND `user_id` = 1517 LIMIT 1   [ RunTime:0.0001s ]
SQL: SELECT * FROM `basetwograde` WHERE `schoolyear_id` = 6 AND `user_id` = 1518 LIMIT 1   [ RunTime:0.0002s ]
SQL: SELECT `grade_id` FROM `instructor` WHERE `instructor_id` = 5 LIMIT 1   [ RunTime:0.0001s ]
SQL: SELECT * FROM `pclass` WHERE `grade_id` = 6  [ RunTime:0.0001s ]
INFO: [ view_parse ] --START--
INFO: [ template_filter ] --START--
INFO: Run Behavior\ContentReplaceBehavior [ RunTime:0.000048s ]
INFO: [ template_filter ] --END-- [ RunTime:0.000096s ]
INFO: Run Behavior\ParseTemplateBehavior [ RunTime:0.005237s ]
INFO: [ view_parse ] --END-- [ RunTime:0.005269s ]
INFO: [ view_filter ] --START--
INFO: Run Behavior\WriteHtmlCacheBehavior [ RunTime:0.000049s ]
INFO: [ view_filter ] --END-- [ RunTime:0.000076s ]
INFO: [ app_end ] --START--
INFO: Run Behavior\ShowPageTraceBehavior [ RunTime:0.000031s ]
INFO: [ app_end ] --END-- [ RunTime:0.000054s ]

[ 2017-09-28T09:29:56+08:00 ] 121.33.227.24 /zhcp/admin.php/Home/Index/audit/user_id/1507.html
INFO: [ app_init ] --START--
INFO: Run Behavior\BuildLiteBehavior [ RunTime:0.000009s ]
INFO: [ app_init ] --END-- [ RunTime:0.000063s ]
INFO: [ app_begin ] --START--
INFO: Run Behavior\ReadHtmlCacheBehavior [ RunTime:0.000042s ]
INFO: [ app_begin ] --END-- [ RunTime:0.000076s ]
SQL: SHOW COLUMNS FROM `schoolyear` [ RunTime:0.0004s ]
SQL: SELECT * FROM `schoolyear` WHERE `schoolyear_nowyear` = 1 LIMIT 1   [ RunTime:0.0001s ]
SQL: SHOW COLUMNS FROM `basetwograde` [ RunTime:0.0003s ]
SQL: SELECT * FROM `basetwograde` WHERE `user_id` = 1507 AND `schoolyear_id` = 6  [ RunTime:0.0003s ]
SQL: SHOW COLUMNS FROM `deveonelevelgrade` [ RunTime:0.0003s ]
SQL: SELECT * FROM `deveonelevelgrade` WHERE `user_id` = 1507 AND `schoolyear_id` = 6  [ RunTime:0.0000s ]
SQL: SELECT * FROM `basetwograde` WHERE `user_id` = 1507 AND `schoolyear_id` = 6  [ RunTime:0.0000s ]
SQL: SELECT * FROM `deveonelevelgrade` WHERE `user_id` = 1507 AND `schoolyear_id` = 6  [ RunTime:0.0000s ]
SQL: SHOW COLUMNS FROM `table` [ RunTime:0.0003s ]
SQL: SELECT * FROM `table` WHERE `schoolyear_id` = 6 AND `user_id` = 1507 LIMIT 1   [ RunTime:0.0002s ]
SQL: SHOW COLUMNS FROM `basetwolevelindex` [ RunTime:0.0003s ]
SQL: SELECT COUNT(*) AS tp_count FROM `basetwolevelindex` LIMIT 1   [ RunTime:0.0000s ]
SQL: SHOW COLUMNS FROM `deveonelevelindex` [ RunTime:0.0003s ]
SQL: SELECT COUNT(*) AS tp_count FROM `deveonelevelindex` LIMIT 1   [ RunTime:0.0000s ]
SQL: SELECT * FROM `deveonelevelindex`  [ RunTime:0.0001s ]
SQL: SHOW COLUMNS FROM `user` [ RunTime:0.0003s ]
SQL: SELECT `pclass_id` FROM `user` WHERE `user_id` = 1507 LIMIT 1   [ RunTime:0.0001s ]
NOTIC: [8] Undefined variable: base /var/www/html/zhcp/Admin/Home/Controller/IndexController.class.php 第 182 行.
INFO: [ view_parse ] --START--
INFO: [ template_filter ] --START--
INFO: Run Behavior\ContentReplaceBehavior [ RunTime:0.000057s ]
INFO: [ template_filter ] --END-- [ RunTime:0.000089s ]
NOTIC: [8] Undefined index: deveid /var/www/html/zhcp/Admin/Runtime/Cache/Home/f703a01017f2131b4ae99f86ba9e16d0.php 第 183 行.
NOTIC: [8] Undefined index: deveid /var/www/html/zhcp/Admin/Runtime/Cache/Home/f703a01017f2131b4ae99f86ba9e16d0.php 第 183 行.
NOTIC: [8] Undefined index: deveid /var/www/html/zhcp/Admin/Runtime/Cache/Home/f703a01017f2131b4ae99f86ba9e16d0.php 第 183 行.
NOTIC: [8] Undefined index: deveid /var/www/html/zhcp/Admin/Runtime/Cache/Home/f703a01017f2131b4ae99f86ba9e16d0.php 第 183 行.
NOTIC: [8] Undefined index: deveid /var/www/html/zhcp/Admin/Runtime/Cache/Home/f703a01017f2131b4ae99f86ba9e16d0.php 第 183 行.
INFO: Run Behavior\ParseTemplateBehavior [ RunTime:0.006269s ]
INFO: [ view_parse ] --END-- [ RunTime:0.006295s ]
INFO: [ view_filter ] --START--
INFO: Run Behavior\WriteHtmlCacheBehavior [ RunTime:0.000033s ]
INFO: [ view_filter ] --END-- [ RunTime:0.000051s ]
INFO: [ app_end ] --START--
INFO: Run Behavior\ShowPageTraceBehavior [ RunTime:0.000033s ]
INFO: [ app_end ] --END-- [ RunTime:0.000057s ]

[ 2017-09-28T09:30:18+08:00 ] 121.33.227.24 /zhcp/admin.php/Home/Index/audit/user_id/images/lightbox-ico-loading.gif
INFO: [ app_init ] --START--
INFO: Run Behavior\BuildLiteBehavior [ RunTime:0.000009s ]
INFO: [ app_init ] --END-- [ RunTime:0.000062s ]

[ 2017-09-28T09:30:18+08:00 ] 121.33.227.24 /zhcp/admin.php/Home/Index/audit/user_id/images/lightbox-btn-close.gif
INFO: [ app_init ] --START--
INFO: Run Behavior\BuildLiteBehavior [ RunTime:0.000006s ]
INFO: [ app_init ] --END-- [ RunTime:0.000045s ]

[ 2017-09-28T09:30:19+08:00 ] 121.33.227.24 /zhcp/admin.php/Home/Index/audit/user_id/images/lightbox-blank.gif
INFO: [ app_init ] --START--
INFO: Run Behavior\BuildLiteBehavior [ RunTime:0.000013s ]
INFO: [ app_init ] --END-- [ RunTime:0.000108s ]

[ 2017-09-28T09:30:19+08:00 ] 121.33.227.24 /zhcp/admin.php/Home/Index/audit/user_id/images/lightbox-btn-next.gif
INFO: [ app_init ] --START--
INFO: Run Behavior\BuildLiteBehavior [ RunTime:0.000007s ]
INFO: [ app_init ] --END-- [ RunTime:0.000046s ]

[ 2017-09-28T09:30:23+08:00 ] 121.33.227.24 /zhcp/admin.php/Home/Index/audit/user_id/images/lightbox-blank.gif
INFO: [ app_init ] --START--
INFO: Run Behavior\BuildLiteBehavior [ RunTime:0.000013s ]
INFO: [ app_init ] --END-- [ RunTime:0.000094s ]

[ 2017-09-28T09:30:23+08:00 ] 121.33.227.24 /zhcp/admin.php/Home/Index/audit/user_id/images/lightbox-btn-next.gif
INFO: [ app_init ] --START--
INFO: Run Behavior\BuildLiteBehavior [ RunTime:0.000009s ]
INFO: [ app_init ] --END-- [ RunTime:0.000061s ]

[ 2017-09-28T09:30:43+08:00 ] 121.33.227.24 /zhcp/admin.php/Home/Index/audit/user_id/images/lightbox-blank.gif
INFO: [ app_init ] --START--
INFO: Run Behavior\BuildLiteBehavior [ RunTime:0.000011s ]
INFO: [ app_init ] --END-- [ RunTime:0.000064s ]

[ 2017-09-28T09:30:55+08:00 ] 121.33.227.24 /zhcp/admin.php/Home/Index/audit/user_id/images/lightbox-btn-close.gif
INFO: [ app_init ] --START--
INFO: Run Behavior\BuildLiteBehavior [ RunTime:0.000009s ]
INFO: [ app_init ] --END-- [ RunTime:0.000060s ]

[ 2017-09-28T09:30:55+08:00 ] 121.33.227.24 /zhcp/admin.php/Home/Index/audit/user_id/images/lightbox-ico-loading.gif
INFO: [ app_init ] --START--
INFO: Run Behavior\BuildLiteBehavior [ RunTime:0.000012s ]
INFO: [ app_init ] --END-- [ RunTime:0.000103s ]

[ 2017-09-28T09:30:55+08:00 ] 121.33.227.24 /zhcp/admin.php/Home/Index/audit/user_id/images/lightbox-blank.gif
INFO: [ app_init ] --START--
INFO: Run Behavior\BuildLiteBehavior [ RunTime:0.000014s ]
INFO: [ app_init ] --END-- [ RunTime:0.000089s ]

[ 2017-09-28T09:30:55+08:00 ] 121.33.227.24 /zhcp/admin.php/Home/Index/audit/user_id/images/lightbox-btn-prev.gif
INFO: [ app_init ] --START--
INFO: Run Behavior\BuildLiteBehavior [ RunTime:0.000012s ]
INFO: [ app_init ] --END-- [ RunTime:0.000072s ]

[ 2017-09-28T09:30:56+08:00 ] 121.33.227.24 /zhcp/admin.php/Home/Index/audit/user_id/images/lightbox-blank.gif
INFO: [ app_init ] --START--
INFO: Run Behavior\BuildLiteBehavior [ RunTime:0.000010s ]
INFO: [ app_init ] --END-- [ RunTime:0.000073s ]

[ 2017-09-28T09:30:56+08:00 ] 121.33.227.24 /zhcp/admin.php/Home/Index/audit/user_id/images/lightbox-btn-next.gif
INFO: [ app_init ] --START--
INFO: Run Behavior\BuildLiteBehavior [ RunTime:0.000010s ]
INFO: [ app_init ] --END-- [ RunTime:0.000059s ]

[ 2017-09-28T09:30:58+08:00 ] 121.33.227.24 /zhcp/admin.php/Home/Index/audit/user_id/images/lightbox-blank.gif
INFO: [ app_init ] --START--
INFO: Run Behavior\BuildLiteBehavior [ RunTime:0.000010s ]
INFO: [ app_init ] --END-- [ RunTime:0.000063s ]

[ 2017-09-28T09:31:03+08:00 ] 121.33.227.24 /zhcp/admin.php/Home/Index/audit/user_id/images/lightbox-ico-loading.gif
INFO: [ app_init ] --START--
INFO: Run Behavior\BuildLiteBehavior [ RunTime:0.000010s ]
INFO: [ app_init ] --END-- [ RunTime:0.000063s ]

[ 2017-09-28T09:31:03+08:00 ] 121.33.227.24 /zhcp/admin.php/Home/Index/audit/user_id/images/lightbox-btn-close.gif
INFO: [ app_init ] --START--
INFO: Run Behavior\BuildLiteBehavior [ RunTime:0.000010s ]
INFO: [ app_init ] --END-- [ RunTime:0.000064s ]

[ 2017-09-28T09:31:04+08:00 ] 121.33.227.24 /zhcp/admin.php/Home/Index/audit/user_id/images/lightbox-blank.gif
INFO: [ app_init ] --START--
INFO: Run Behavior\BuildLiteBehavior [ RunTime:0.000010s ]
INFO: [ app_init ] --END-- [ RunTime:0.000069s ]

[ 2017-09-28T09:31:06+08:00 ] 121.33.227.24 /zhcp/admin.php/Home/Index/audit/user_id/images/lightbox-btn-prev.gif
INFO: [ app_init ] --START--
INFO: Run Behavior\BuildLiteBehavior [ RunTime:0.000018s ]
INFO: [ app_init ] --END-- [ RunTime:0.000237s ]

[ 2017-09-28T09:31:07+08:00 ] 121.33.227.24 /zhcp/admin.php/Home/Index/audit/user_id/images/lightbox-blank.gif
INFO: [ app_init ] --START--
INFO: Run Behavior\BuildLiteBehavior [ RunTime:0.000012s ]
INFO: [ app_init ] --END-- [ RunTime:0.000080s ]

[ 2017-09-28T09:31:26+08:00 ] 121.33.227.24 /zhcp/admin.php/Home/Index/audit/user_id/images/lightbox-ico-loading.gif
INFO: [ app_init ] --START--
INFO: Run Behavior\BuildLiteBehavior [ RunTime:0.000012s ]
INFO: [ app_init ] --END-- [ RunTime:0.000086s ]

[ 2017-09-28T09:31:26+08:00 ] 121.33.227.24 /zhcp/admin.php/Home/Index/audit/user_id/images/lightbox-btn-close.gif
INFO: [ app_init ] --START--
INFO: Run Behavior\BuildLiteBehavior [ RunTime:0.000008s ]
INFO: [ app_init ] --END-- [ RunTime:0.000052s ]

[ 2017-09-28T09:31:27+08:00 ] 121.33.227.24 /zhcp/admin.php/Home/Index/audit/user_id/images/lightbox-blank.gif
INFO: [ app_init ] --START--
INFO: Run Behavior\BuildLiteBehavior [ RunTime:0.000009s ]
INFO: [ app_init ] --END-- [ RunTime:0.000059s ]

[ 2017-09-28T09:31:28+08:00 ] 121.33.227.24 /zhcp/admin.php/Home/Index/audit/user_id/images/lightbox-btn-prev.gif
INFO: [ app_init ] --START--
INFO: Run Behavior\BuildLiteBehavior [ RunTime:0.000013s ]
INFO: [ app_init ] --END-- [ RunTime:0.000073s ]

[ 2017-09-28T09:31:28+08:00 ] 121.33.227.24 /zhcp/admin.php/Home/Index/audit/user_id/images/lightbox-blank.gif
INFO: [ app_init ] --START--
INFO: Run Behavior\BuildLiteBehavior [ RunTime:0.000014s ]
INFO: [ app_init ] --END-- [ RunTime:0.000093s ]

[ 2017-09-28T09:31:29+08:00 ] 121.33.227.24 /zhcp/admin.php/Home/Index/audit/user_id/images/lightbox-btn-close.gif
INFO: [ app_init ] --START--
INFO: Run Behavior\BuildLiteBehavior [ RunTime:0.000010s ]
INFO: [ app_init ] --END-- [ RunTime:0.000080s ]

[ 2017-09-28T09:31:29+08:00 ] 121.33.227.24 /zhcp/admin.php/Home/Index/audit/user_id/images/lightbox-ico-loading.gif
INFO: [ app_init ] --START--
INFO: Run Behavior\BuildLiteBehavior [ RunTime:0.000008s ]
INFO: [ app_init ] --END-- [ RunTime:0.000050s ]

[ 2017-09-28T09:31:30+08:00 ] 121.33.227.24 /zhcp/admin.php/Home/Index/audit/user_id/images/lightbox-blank.gif
INFO: [ app_init ] --START--
INFO: Run Behavior\BuildLiteBehavior [ RunTime:0.000010s ]
INFO: [ app_init ] --END-- [ RunTime:0.000065s ]

[ 2017-09-28T09:31:30+08:00 ] 121.33.227.24 /zhcp/admin.php/Home/Index/audit/user_id/images/lightbox-btn-prev.gif
INFO: [ app_init ] --START--
INFO: Run Behavior\BuildLiteBehavior [ RunTime:0.000009s ]
INFO: [ app_init ] --END-- [ RunTime:0.000093s ]

[ 2017-09-28T09:31:30+08:00 ] 121.33.227.24 /zhcp/admin.php/Home/Index/audit/user_id/images/lightbox-blank.gif
INFO: [ app_init ] --START--
INFO: Run Behavior\BuildLiteBehavior [ RunTime:0.000009s ]
INFO: [ app_init ] --END-- [ RunTime:0.000058s ]

[ 2017-09-28T09:32:12+08:00 ] 121.33.227.24 /zhcp/admin.php/Home/Index/audit/user_id/images/lightbox-btn-next.gif
INFO: [ app_init ] --START--
INFO: Run Behavior\BuildLiteBehavior [ RunTime:0.000015s ]
INFO: [ app_init ] --END-- [ RunTime:0.000075s ]

[ 2017-09-28T09:32:14+08:00 ] 121.33.227.24 /zhcp/admin.php/Home/Index/audit/user_id/images/lightbox-blank.gif
INFO: [ app_init ] --START--
INFO: Run Behavior\BuildLiteBehavior [ RunTime:0.000008s ]
INFO: [ app_init ] --END-- [ RunTime:0.000057s ]

[ 2017-09-28T09:32:15+08:00 ] 121.33.227.24 /zhcp/admin.php/Home/Index/audit/user_id/images/lightbox-btn-next.gif
INFO: [ app_init ] --START--
INFO: Run Behavior\BuildLiteBehavior [ RunTime:0.000013s ]
INFO: [ app_init ] --END-- [ RunTime:0.000091s ]

[ 2017-09-28T09:32:44+08:00 ] 121.33.227.24 /zhcp/admin.php/Home/Index/audit/user_id/images/lightbox-blank.gif
INFO: [ app_init ] --START--
INFO: Run Behavior\BuildLiteBehavior [ RunTime:0.000010s ]
INFO: [ app_init ] --END-- [ RunTime:0.000064s ]

[ 2017-09-28T09:32:59+08:00 ] 121.33.227.24 /zhcp/admin.php/Home/Index/auditscore.html
INFO: [ app_init ] --START--
INFO: Run Behavior\BuildLiteBehavior [ RunTime:0.000010s ]
INFO: [ app_init ] --END-- [ RunTime:0.000073s ]
INFO: [ app_begin ] --START--
INFO: Run Behavior\ReadHtmlCacheBehavior [ RunTime:0.000027s ]
INFO: [ app_begin ] --END-- [ RunTime:0.000053s ]
SQL: SHOW COLUMNS FROM `user` [ RunTime:0.0005s ]
SQL: SELECT `pclass_id` FROM `user` WHERE `user_id` = 1507 LIMIT 1   [ RunTime:0.0000s ]
SQL: SHOW COLUMNS FROM `schoolyear` [ RunTime:0.0003s ]
SQL: SELECT * FROM `schoolyear` WHERE `schoolyear_nowyear` = 1 LIMIT 1   [ RunTime:0.0001s ]
SQL: SHOW COLUMNS FROM `table` [ RunTime:0.0003s ]
SQL: SELECT `table_id` FROM `table` WHERE `schoolyear_id` = 6 AND `user_id` = 1507 LIMIT 1   [ RunTime:0.0002s ]
SQL: SELECT `table_totalscore`,`table_average` FROM `table` WHERE `table_id` = 283 LIMIT 1   [ RunTime:0.0001s ]
SQL: UPDATE `table` SET `table_basescore`='60',`table_devescore`='6.75',`table_totalscore`='10.0125' WHERE `table_id` = 283 [ RunTime:0.0576s ]
SQL: SHOW COLUMNS FROM `basetwograde` [ RunTime:0.0005s ]
SQL: SELECT * FROM `basetwograde` WHERE `schoolyear_id` = 6 AND `user_id` = 1507 AND `baseonelevelindex_id` = 1 LIMIT 1   [ RunTime:0.0002s ]
SQL: UPDATE `basetwograde` SET `basetwograde_auditscore`='6',`basetwograde_state`='3' WHERE `basetwograde_id` = 18051 [ RunTime:0.0099s ]
SQL: SELECT * FROM `basetwograde` WHERE `schoolyear_id` = 6 AND `user_id` = 1507 AND `baseonelevelindex_id` = 2 LIMIT 1   [ RunTime:0.0003s ]
SQL: UPDATE `basetwograde` SET `basetwograde_auditscore`='6',`basetwograde_state`='3' WHERE `basetwograde_id` = 18052 [ RunTime:0.0091s ]
SQL: SELECT * FROM `basetwograde` WHERE `schoolyear_id` = 6 AND `user_id` = 1507 AND `baseonelevelindex_id` = 3 LIMIT 1   [ RunTime:0.0002s ]
SQL: UPDATE `basetwograde` SET `basetwograde_auditscore`='6',`basetwograde_state`='3' WHERE `basetwograde_id` = 18053 [ RunTime:0.0092s ]
SQL: SELECT * FROM `basetwograde` WHERE `schoolyear_id` = 6 AND `user_id` = 1507 AND `baseonelevelindex_id` = 4 LIMIT 1   [ RunTime:0.0003s ]
SQL: UPDATE `basetwograde` SET `basetwograde_auditscore`='6',`basetwograde_state`='3' WHERE `basetwograde_id` = 18054 [ RunTime:0.0090s ]
SQL: SELECT * FROM `basetwograde` WHERE `schoolyear_id` = 6 AND `user_id` = 1507 AND `baseonelevelindex_id` = 5 LIMIT 1   [ RunTime:0.0002s ]
SQL: UPDATE `basetwograde` SET `basetwograde_auditscore`='6',`basetwograde_state`='3' WHERE `basetwograde_id` = 18055 [ RunTime:0.0093s ]
SQL: SELECT * FROM `basetwograde` WHERE `schoolyear_id` = 6 AND `user_id` = 1507 AND `baseonelevelindex_id` = 6 LIMIT 1   [ RunTime:0.0003s ]
SQL: UPDATE `basetwograde` SET `basetwograde_auditscore`='6',`basetwograde_state`='3' WHERE `basetwograde_id` = 18056 [ RunTime:0.0094s ]
SQL: SELECT * FROM `basetwograde` WHERE `schoolyear_id` = 6 AND `user_id` = 1507 AND `baseonelevelindex_id` = 7 LIMIT 1   [ RunTime:0.0002s ]
SQL: UPDATE `basetwograde` SET `basetwograde_auditscore`='6',`basetwograde_state`='3' WHERE `basetwograde_id` = 18057 [ RunTime:0.0089s ]
SQL: SELECT * FROM `basetwograde` WHERE `schoolyear_id` = 6 AND `user_id` = 1507 AND `baseonelevelindex_id` = 8 LIMIT 1   [ RunTime:0.0003s ]
SQL: UPDATE `basetwograde` SET `basetwograde_auditscore`='6',`basetwograde_state`='3' WHERE `basetwograde_id` = 18058 [ RunTime:0.0090s ]
SQL: SELECT * FROM `basetwograde` WHERE `schoolyear_id` = 6 AND `user_id` = 1507 AND `baseonelevelindex_id` = 9 LIMIT 1   [ RunTime:0.0003s ]
SQL: UPDATE `basetwograde` SET `basetwograde_auditscore`='6',`basetwograde_state`='3' WHERE `basetwograde_id` = 18059 [ RunTime:0.0090s ]
SQL: SELECT * FROM `basetwograde` WHERE `schoolyear_id` = 6 AND `user_id` = 1507 AND `baseonelevelindex_id` = 10 LIMIT 1   [ RunTime:0.0003s ]
SQL: UPDATE `basetwograde` SET `basetwograde_auditscore`='6',`basetwograde_state`='3' WHERE `basetwograde_id` = 18060 [ RunTime:0.0093s ]
SQL: SHOW COLUMNS FROM `deveonelevelgrade` [ RunTime:0.0005s ]
SQL: SELECT * FROM `deveonelevelgrade` WHERE `schoolyear_id` = 6 AND `user_id` = 1507 AND `deveonelevelindex_id` = 1 LIMIT 1   [ RunTime:0.0003s ]
SQL: UPDATE `deveonelevelgrade` SET `deveonelevelgrade_auditscore`='0' WHERE `deveonelevelgrade_id` = 1270 [ RunTime:0.0119s ]
SQL: SELECT * FROM `deveonelevelgrade` WHERE `schoolyear_id` = 6 AND `user_id` = 1507 AND `deveonelevelindex_id` = 2 LIMIT 1   [ RunTime:0.0003s ]
SQL: UPDATE `deveonelevelgrade` SET `deveonelevelgrade_auditscore`='0' WHERE `deveonelevelgrade_id` = 1271 [ RunTime:0.0090s ]
SQL: SELECT * FROM `deveonelevelgrade` WHERE `schoolyear_id` = 6 AND `user_id` = 1507 AND `deveonelevelindex_id` = 3 LIMIT 1   [ RunTime:0.0003s ]
SQL: UPDATE `deveonelevelgrade` SET `deveonelevelgrade_auditscore`='6.75' WHERE `deveonelevelgrade_id` = 1300 [ RunTime:0.0092s ]
INFO: [ view_parse ] --START--
INFO: [ template_filter ] --START--
INFO: Run Behavior\ContentReplaceBehavior [ RunTime:0.000043s ]
INFO: [ template_filter ] --END-- [ RunTime:0.000082s ]
INFO: Run Behavior\ParseTemplateBehavior [ RunTime:0.001264s ]
INFO: [ view_parse ] --END-- [ RunTime:0.001302s ]
INFO: [ view_filter ] --START--
INFO: Run Behavior\WriteHtmlCacheBehavior [ RunTime:0.000039s ]
INFO: [ view_filter ] --END-- [ RunTime:0.000057s ]
INFO: [ app_end ] --START--
INFO: Run Behavior\ShowPageTraceBehavior [ RunTime:0.000026s ]
INFO: [ app_end ] --END-- [ RunTime:0.000048s ]

[ 2017-09-28T09:33:00+08:00 ] 121.33.227.24 /zhcp/admin.php/Home/Index/queryclass/pclass_id/66
INFO: [ app_init ] --START--
INFO: Run Behavior\BuildLiteBehavior [ RunTime:0.000009s ]
INFO: [ app_init ] --END-- [ RunTime:0.000060s ]
INFO: [ app_begin ] --START--
INFO: Run Behavior\ReadHtmlCacheBehavior [ RunTime:0.000024s ]
INFO: [ app_begin ] --END-- [ RunTime:0.000048s ]
SQL: SHOW COLUMNS FROM `pclass` [ RunTime:0.0004s ]
SQL: SELECT `pclass_name` FROM `pclass` WHERE `pclass_id` = 66 LIMIT 1   [ RunTime:0.0001s ]
SQL: SELECT * FROM `pclass`  [ RunTime:0.0001s ]
SQL: SHOW COLUMNS FROM `instructor` [ RunTime:0.0003s ]
SQL: SELECT * FROM `instructor` WHERE `instructor_id` = 5 LIMIT 1   [ RunTime:0.0000s ]
SQL: SHOW COLUMNS FROM `grade` [ RunTime:0.0003s ]
SQL: SELECT `grade_name` FROM `grade` WHERE `grade_id` = 6 LIMIT 1   [ RunTime:0.0000s ]
SQL: SHOW COLUMNS FROM `user` [ RunTime:0.0003s ]
SQL: SELECT * FROM `user` WHERE `pclass_id` = 66 AND `grade_id` = 6  [ RunTime:0.0000s ]
SQL: SHOW COLUMNS FROM `schoolyear` [ RunTime:0.0003s ]
SQL: SELECT * FROM `schoolyear` WHERE `schoolyear_nowyear` = 1 LIMIT 1   [ RunTime:0.0000s ]
SQL: SHOW COLUMNS FROM `basetwograde` [ RunTime:0.0003s ]
SQL: SELECT * FROM `basetwograde` WHERE `schoolyear_id` = 6 AND `user_id` = 1493 LIMIT 1   [ RunTime:0.0001s ]
SQL: SELECT * FROM `basetwograde` WHERE `schoolyear_id` = 6 AND `user_id` = 1494 LIMIT 1   [ RunTime:0.0000s ]
SQL: SELECT * FROM `basetwograde` WHERE `schoolyear_id` = 6 AND `user_id` = 1495 LIMIT 1   [ RunTime:0.0000s ]
SQL: SELECT * FROM `basetwograde` WHERE `schoolyear_id` = 6 AND `user_id` = 1496 LIMIT 1   [ RunTime:0.0000s ]
SQL: SELECT * FROM `basetwograde` WHERE `schoolyear_id` = 6 AND `user_id` = 1497 LIMIT 1   [ RunTime:0.0000s ]
SQL: SELECT * FROM `basetwograde` WHERE `schoolyear_id` = 6 AND `user_id` = 1498 LIMIT 1   [ RunTime:0.0000s ]
SQL: SELECT * FROM `basetwograde` WHERE `schoolyear_id` = 6 AND `user_id` = 1499 LIMIT 1   [ RunTime:0.0000s ]
SQL: SELECT * FROM `basetwograde` WHERE `schoolyear_id` = 6 AND `user_id` = 1500 LIMIT 1   [ RunTime:0.0000s ]
SQL: SELECT * FROM `basetwograde` WHERE `schoolyear_id` = 6 AND `user_id` = 1501 LIMIT 1   [ RunTime:0.0000s ]
SQL: SELECT * FROM `basetwograde` WHERE `schoolyear_id` = 6 AND `user_id` = 1502 LIMIT 1   [ RunTime:0.0001s ]
SQL: SELECT * FROM `basetwograde` WHERE `schoolyear_id` = 6 AND `user_id` = 1503 LIMIT 1   [ RunTime:0.0000s ]
SQL: SELECT * FROM `basetwograde` WHERE `schoolyear_id` = 6 AND `user_id` = 1504 LIMIT 1   [ RunTime:0.0000s ]
SQL: SELECT * FROM `basetwograde` WHERE `schoolyear_id` = 6 AND `user_id` = 1505 LIMIT 1   [ RunTime:0.0000s ]
SQL: SELECT * FROM `basetwograde` WHERE `schoolyear_id` = 6 AND `user_id` = 1506 LIMIT 1   [ RunTime:0.0000s ]
SQL: SELECT * FROM `basetwograde` WHERE `schoolyear_id` = 6 AND `user_id` = 1507 LIMIT 1   [ RunTime:0.0001s ]
SQL: SELECT * FROM `basetwograde` WHERE `schoolyear_id` = 6 AND `user_id` = 1508 LIMIT 1   [ RunTime:0.0001s ]
SQL: SELECT * FROM `basetwograde` WHERE `schoolyear_id` = 6 AND `user_id` = 1509 LIMIT 1   [ RunTime:0.0000s ]
SQL: SELECT * FROM `basetwograde` WHERE `schoolyear_id` = 6 AND `user_id` = 1510 LIMIT 1   [ RunTime:0.0000s ]
SQL: SELECT * FROM `basetwograde` WHERE `schoolyear_id` = 6 AND `user_id` = 1511 LIMIT 1   [ RunTime:0.0000s ]
SQL: SELECT * FROM `basetwograde` WHERE `schoolyear_id` = 6 AND `user_id` = 1512 LIMIT 1   [ RunTime:0.0000s ]
SQL: SELECT * FROM `basetwograde` WHERE `schoolyear_id` = 6 AND `user_id` = 1513 LIMIT 1   [ RunTime:0.0000s ]
SQL: SELECT * FROM `basetwograde` WHERE `schoolyear_id` = 6 AND `user_id` = 1514 LIMIT 1   [ RunTime:0.0000s ]
SQL: SELECT * FROM `basetwograde` WHERE `schoolyear_id` = 6 AND `user_id` = 1515 LIMIT 1   [ RunTime:0.0000s ]
SQL: SELECT * FROM `basetwograde` WHERE `schoolyear_id` = 6 AND `user_id` = 1516 LIMIT 1   [ RunTime:0.0000s ]
SQL: SELECT * FROM `basetwograde` WHERE `schoolyear_id` = 6 AND `user_id` = 1517 LIMIT 1   [ RunTime:0.0001s ]
SQL: SELECT * FROM `basetwograde` WHERE `schoolyear_id` = 6 AND `user_id` = 1518 LIMIT 1   [ RunTime:0.0000s ]
SQL: SELECT `grade_id` FROM `instructor` WHERE `instructor_id` = 5 LIMIT 1   [ RunTime:0.0000s ]
SQL: SELECT * FROM `pclass` WHERE `grade_id` = 6  [ RunTime:0.0000s ]
INFO: [ view_parse ] --START--
INFO: [ template_filter ] --START--
INFO: Run Behavior\ContentReplaceBehavior [ RunTime:0.000033s ]
INFO: [ template_filter ] --END-- [ RunTime:0.000068s ]
NOTIC: [8] Undefined index: basetwograde_state /var/www/html/zhcp/Admin/Runtime/Cache/Home/9d8821c36cf83541e70f8475f7cee7a4.php 第 42 行.
NOTIC: [8] Undefined index: basetwograde_state /var/www/html/zhcp/Admin/Runtime/Cache/Home/9d8821c36cf83541e70f8475f7cee7a4.php 第 45 行.
INFO: Run Behavior\ParseTemplateBehavior [ RunTime:0.004316s ]
INFO: [ view_parse ] --END-- [ RunTime:0.004356s ]
INFO: [ view_filter ] --START--
INFO: Run Behavior\WriteHtmlCacheBehavior [ RunTime:0.000029s ]
INFO: [ view_filter ] --END-- [ RunTime:0.000047s ]
INFO: [ app_end ] --START--
INFO: Run Behavior\ShowPageTraceBehavior [ RunTime:0.000024s ]
INFO: [ app_end ] --END-- [ RunTime:0.000044s ]

[ 2017-09-28T11:45:22+08:00 ] 14.17.3.65 /zhcp/admin.php/Home/Index/queryclass.html
INFO: [ app_init ] --START--
INFO: Run Behavior\BuildLiteBehavior [ RunTime:0.000013s ]
INFO: [ app_init ] --END-- [ RunTime:0.000133s ]
INFO: [ app_begin ] --START--
INFO: Run Behavior\ReadHtmlCacheBehavior [ RunTime:0.000041s ]
INFO: [ app_begin ] --END-- [ RunTime:0.000077s ]

[ 2017-09-28T11:45:22+08:00 ] 14.17.3.65 /zhcp/admin.php/Home/Login/index.html
INFO: [ app_init ] --START--
INFO: Run Behavior\BuildLiteBehavior [ RunTime:0.000012s ]
INFO: [ app_init ] --END-- [ RunTime:0.000082s ]
INFO: [ app_begin ] --START--
INFO: Run Behavior\ReadHtmlCacheBehavior [ RunTime:0.000032s ]
INFO: [ app_begin ] --END-- [ RunTime:0.000068s ]
INFO: [ view_parse ] --START--
INFO: [ template_filter ] --START--
INFO: Run Behavior\ContentReplaceBehavior [ RunTime:0.000029s ]
INFO: [ template_filter ] --END-- [ RunTime:0.000062s ]
INFO: Run Behavior\ParseTemplateBehavior [ RunTime:0.001807s ]
INFO: [ view_parse ] --END-- [ RunTime:0.001847s ]
INFO: [ view_filter ] --START--
INFO: Run Behavior\WriteHtmlCacheBehavior [ RunTime:0.000040s ]
INFO: [ view_filter ] --END-- [ RunTime:0.000059s ]
INFO: [ app_end ] --START--
INFO: Run Behavior\ShowPageTraceBehavior [ RunTime:0.000031s ]
INFO: [ app_end ] --END-- [ RunTime:0.000055s ]

[ 2017-09-28T12:40:23+08:00 ] 14.17.3.65 /zhcp/admin.php/Home/Index/copy.html
INFO: [ app_init ] --START--
INFO: Run Behavior\BuildLiteBehavior [ RunTime:0.000010s ]
INFO: [ app_init ] --END-- [ RunTime:0.000076s ]
INFO: [ app_begin ] --START--
INFO: Run Behavior\ReadHtmlCacheBehavior [ RunTime:0.000046s ]
INFO: [ app_begin ] --END-- [ RunTime:0.000084s ]

[ 2017-09-28T12:40:23+08:00 ] 14.17.3.65 /zhcp/admin.php/Home/Login/index.html
INFO: [ app_init ] --START--
INFO: Run Behavior\BuildLiteBehavior [ RunTime:0.000011s ]
INFO: [ app_init ] --END-- [ RunTime:0.000081s ]
INFO: [ app_begin ] --START--
INFO: Run Behavior\ReadHtmlCacheBehavior [ RunTime:0.000028s ]
INFO: [ app_begin ] --END-- [ RunTime:0.000062s ]
INFO: [ view_parse ] --START--
INFO: [ template_filter ] --START--
INFO: Run Behavior\ContentReplaceBehavior [ RunTime:0.000031s ]
INFO: [ template_filter ] --END-- [ RunTime:0.000064s ]
INFO: Run Behavior\ParseTemplateBehavior [ RunTime:0.001791s ]
INFO: [ view_parse ] --END-- [ RunTime:0.001834s ]
INFO: [ view_filter ] --START--
INFO: Run Behavior\WriteHtmlCacheBehavior [ RunTime:0.000040s ]
INFO: [ view_filter ] --END-- [ RunTime:0.000065s ]
INFO: [ app_end ] --START--
INFO: Run Behavior\ShowPageTraceBehavior [ RunTime:0.000037s ]
INFO: [ app_end ] --END-- [ RunTime:0.000067s ]

[ 2017-09-28T12:42:07+08:00 ] 112.90.82.236 /zhcp/admin.php/Home/Index/index
INFO: [ app_init ] --START--
INFO: Run Behavior\BuildLiteBehavior [ RunTime:0.000019s ]
INFO: [ app_init ] --END-- [ RunTime:0.000117s ]
INFO: [ app_begin ] --START--
INFO: Run Behavior\ReadHtmlCacheBehavior [ RunTime:0.000048s ]
INFO: [ app_begin ] --END-- [ RunTime:0.000090s ]

[ 2017-09-28T12:42:07+08:00 ] 112.90.82.236 /zhcp/admin.php/Home/Login/index.html
INFO: [ app_init ] --START--
INFO: Run Behavior\BuildLiteBehavior [ RunTime:0.000009s ]
INFO: [ app_init ] --END-- [ RunTime:0.000063s ]
INFO: [ app_begin ] --START--
INFO: Run Behavior\ReadHtmlCacheBehavior [ RunTime:0.000024s ]
INFO: [ app_begin ] --END-- [ RunTime:0.000050s ]
INFO: [ view_parse ] --START--
INFO: [ template_filter ] --START--
INFO: Run Behavior\ContentReplaceBehavior [ RunTime:0.000026s ]
INFO: [ template_filter ] --END-- [ RunTime:0.000055s ]
INFO: Run Behavior\ParseTemplateBehavior [ RunTime:0.001277s ]
INFO: [ view_parse ] --END-- [ RunTime:0.001304s ]
INFO: [ view_filter ] --START--
INFO: Run Behavior\WriteHtmlCacheBehavior [ RunTime:0.000045s ]
INFO: [ view_filter ] --END-- [ RunTime:0.000063s ]
INFO: [ app_end ] --START--
INFO: Run Behavior\ShowPageTraceBehavior [ RunTime:0.000025s ]
INFO: [ app_end ] --END-- [ RunTime:0.000047s ]

[ 2017-09-28T14:51:01+08:00 ] 163.177.90.152 /zhcp/admin.php/Home/Login/index.html
INFO: [ app_init ] --START--
INFO: Run Behavior\BuildLiteBehavior [ RunTime:0.000013s ]
INFO: [ app_init ] --END-- [ RunTime:0.000087s ]
INFO: [ app_begin ] --START--
INFO: Run Behavior\ReadHtmlCacheBehavior [ RunTime:0.000045s ]
INFO: [ app_begin ] --END-- [ RunTime:0.000084s ]
INFO: [ view_parse ] --START--
INFO: [ template_filter ] --START--
INFO: Run Behavior\ContentReplaceBehavior [ RunTime:0.000043s ]
INFO: [ template_filter ] --END-- [ RunTime:0.000088s ]
INFO: Run Behavior\ParseTemplateBehavior [ RunTime:0.001839s ]
INFO: [ view_parse ] --END-- [ RunTime:0.001898s ]
INFO: [ view_filter ] --START--
INFO: Run Behavior\WriteHtmlCacheBehavior [ RunTime:0.000044s ]
INFO: [ view_filter ] --END-- [ RunTime:0.000074s ]
INFO: [ app_end ] --START--
INFO: Run Behavior\ShowPageTraceBehavior [ RunTime:0.000043s ]
INFO: [ app_end ] --END-- [ RunTime:0.000075s ]

[ 2017-09-28T16:11:13+08:00 ] 121.33.227.27 /zhcp/admin.php/Home/Login/index.html
INFO: [ app_init ] --START--
INFO: Run Behavior\BuildLiteBehavior [ RunTime:0.000009s ]
INFO: [ app_init ] --END-- [ RunTime:0.000062s ]
INFO: [ app_begin ] --START--
INFO: Run Behavior\ReadHtmlCacheBehavior [ RunTime:0.000030s ]
INFO: [ app_begin ] --END-- [ RunTime:0.000056s ]
INFO: [ view_parse ] --START--
INFO: [ template_filter ] --START--
INFO: Run Behavior\ContentReplaceBehavior [ RunTime:0.000032s ]
INFO: [ template_filter ] --END-- [ RunTime:0.000067s ]
INFO: Run Behavior\ParseTemplateBehavior [ RunTime:0.001317s ]
INFO: [ view_parse ] --END-- [ RunTime:0.001363s ]
INFO: [ view_filter ] --START--
INFO: Run Behavior\WriteHtmlCacheBehavior [ RunTime:0.000030s ]
INFO: [ view_filter ] --END-- [ RunTime:0.000079s ]
INFO: [ app_end ] --START--
INFO: Run Behavior\ShowPageTraceBehavior [ RunTime:0.000029s ]
INFO: [ app_end ] --END-- [ RunTime:0.000051s ]

[ 2017-09-28T16:11:13+08:00 ] 121.33.227.27 /zhcp/admin.php/Home/Login/css/style.css
INFO: [ app_init ] --START--
INFO: Run Behavior\BuildLiteBehavior [ RunTime:0.000014s ]
INFO: [ app_init ] --END-- [ RunTime:0.000094s ]
INFO: [ app_begin ] --START--
INFO: Run Behavior\ReadHtmlCacheBehavior [ RunTime:0.000024s ]
INFO: [ app_begin ] --END-- [ RunTime:0.000047s ]
ERR: 非法操作:css

[ 2017-09-28T16:11:13+08:00 ] 121.33.227.27 /zhcp/admin.php/Home/Login/images/head-img.png
INFO: [ app_init ] --START--
INFO: Run Behavior\BuildLiteBehavior [ RunTime:0.000010s ]
INFO: [ app_init ] --END-- [ RunTime:0.000068s ]

[ 2017-09-28T16:11:24+08:00 ] 121.33.227.27 /zhcp/admin.php/Home/Login/index.html
INFO: [ app_init ] --START--
INFO: Run Behavior\BuildLiteBehavior [ RunTime:0.000010s ]
INFO: [ app_init ] --END-- [ RunTime:0.000065s ]
INFO: [ app_begin ] --START--
INFO: Run Behavior\ReadHtmlCacheBehavior [ RunTime:0.000028s ]
INFO: [ app_begin ] --END-- [ RunTime:0.000053s ]
SQL: SHOW COLUMNS FROM `instructor` [ RunTime:0.0006s ]
SQL: SELECT * FROM `instructor` WHERE `instructor_account` = 'mzh' AND `instructor_password` = 'mzh' LIMIT 1   [ RunTime:0.0001s ]
INFO: [ app_end ] --START--
INFO: Run Behavior\ShowPageTraceBehavior [ RunTime:0.000034s ]
INFO: [ app_end ] --END-- [ RunTime:0.000055s ]

[ 2017-09-28T16:11:24+08:00 ] 121.33.227.27 /zhcp/admin.php/Home/Index/index
INFO: [ app_init ] --START--
INFO: Run Behavior\BuildLiteBehavior [ RunTime:0.000009s ]
INFO: [ app_init ] --END-- [ RunTime:0.000059s ]
INFO: [ app_begin ] --START--
INFO: Run Behavior\ReadHtmlCacheBehavior [ RunTime:0.000025s ]
INFO: [ app_begin ] --END-- [ RunTime:0.000049s ]
INFO: [ view_parse ] --START--
INFO: [ template_filter ] --START--
INFO: Run Behavior\ContentReplaceBehavior [ RunTime:0.000033s ]
INFO: [ template_filter ] --END-- [ RunTime:0.000063s ]
INFO: Run Behavior\ParseTemplateBehavior [ RunTime:0.001859s ]
INFO: [ view_parse ] --END-- [ RunTime:0.001889s ]
INFO: [ view_filter ] --START--
INFO: Run Behavior\WriteHtmlCacheBehavior [ RunTime:0.000029s ]
INFO: [ view_filter ] --END-- [ RunTime:0.000046s ]
INFO: [ app_end ] --START--
INFO: Run Behavior\ShowPageTraceBehavior [ RunTime:0.000020s ]
INFO: [ app_end ] --END-- [ RunTime:0.000037s ]

[ 2017-09-28T16:11:24+08:00 ] 121.33.227.27 /zhcp/admin.php/Home/Index/copy.html
INFO: [ app_init ] --START--
INFO: Run Behavior\BuildLiteBehavior [ RunTime:0.000009s ]
INFO: [ app_init ] --END-- [ RunTime:0.000056s ]
INFO: [ app_begin ] --START--
INFO: Run Behavior\ReadHtmlCacheBehavior [ RunTime:0.000024s ]
INFO: [ app_begin ] --END-- [ RunTime:0.000054s ]
INFO: [ view_parse ] --START--
INFO: [ template_filter ] --START--
INFO: Run Behavior\ContentReplaceBehavior [ RunTime:0.000024s ]
INFO: [ template_filter ] --END-- [ RunTime:0.000051s ]
INFO: Run Behavior\ParseTemplateBehavior [ RunTime:0.001244s ]
INFO: [ view_parse ] --END-- [ RunTime:0.001279s ]
INFO: [ view_filter ] --START--
INFO: Run Behavior\WriteHtmlCacheBehavior [ RunTime:0.000025s ]
INFO: [ view_filter ] --END-- [ RunTime:0.000042s ]
INFO: [ app_end ] --START--
INFO: Run Behavior\ShowPageTraceBehavior [ RunTime:0.000018s ]
INFO: [ app_end ] --END-- [ RunTime:0.000036s ]

[ 2017-09-28T16:11:27+08:00 ] 121.33.227.27 /zhcp/admin.php/Home/Index/queryclass.html
INFO: [ app_init ] --START--
INFO: Run Behavior\BuildLiteBehavior [ RunTime:0.000010s ]
INFO: [ app_init ] --END-- [ RunTime:0.000074s ]
INFO: [ app_begin ] --START--
INFO: Run Behavior\ReadHtmlCacheBehavior [ RunTime:0.000029s ]
INFO: [ app_begin ] --END-- [ RunTime:0.000054s ]
SQL: SHOW COLUMNS FROM `pclass` [ RunTime:0.0004s ]
SQL: SELECT `pclass_name` FROM `pclass` WHERE `pclass_id` = 0 LIMIT 1   [ RunTime:0.0001s ]
SQL: SELECT * FROM `pclass`  [ RunTime:0.0000s ]
SQL: SHOW COLUMNS FROM `instructor` [ RunTime:0.0003s ]
SQL: SELECT * FROM `instructor` WHERE `instructor_id` = 1 LIMIT 1   [ RunTime:0.0001s ]
SQL: SHOW COLUMNS FROM `grade` [ RunTime:0.0003s ]
SQL: SELECT `grade_name` FROM `grade` WHERE `grade_id` = 1 LIMIT 1   [ RunTime:0.0000s ]
SQL: SHOW COLUMNS FROM `user` [ RunTime:0.0003s ]
SQL: SELECT * FROM `user` WHERE `pclass_id` = 0 AND `grade_id` = 1  [ RunTime:0.0001s ]
SQL: SHOW COLUMNS FROM `schoolyear` [ RunTime:0.0003s ]
SQL: SELECT * FROM `schoolyear` WHERE `schoolyear_nowyear` = 1 LIMIT 1   [ RunTime:0.0001s ]
SQL: SELECT `grade_id` FROM `instructor` WHERE `instructor_id` = 1 LIMIT 1   [ RunTime:0.0000s ]
SQL: SELECT * FROM `pclass` WHERE `grade_id` = 1  [ RunTime:0.0000s ]
INFO: [ view_parse ] --START--
INFO: [ template_filter ] --START--
INFO: Run Behavior\ContentReplaceBehavior [ RunTime:0.000031s ]
INFO: [ template_filter ] --END-- [ RunTime:0.000060s ]
INFO: Run Behavior\ParseTemplateBehavior [ RunTime:0.002812s ]
INFO: [ view_parse ] --END-- [ RunTime:0.002846s ]
INFO: [ view_filter ] --START--
INFO: Run Behavior\WriteHtmlCacheBehavior [ RunTime:0.000033s ]
INFO: [ view_filter ] --END-- [ RunTime:0.000050s ]
INFO: [ app_end ] --START--
INFO: Run Behavior\ShowPageTraceBehavior [ RunTime:0.000025s ]
INFO: [ app_end ] --END-- [ RunTime:0.000041s ]

[ 2017-09-28T16:11:32+08:00 ] 121.33.227.27 /zhcp/admin.php/Home/Index/queryclass.html
INFO: [ app_init ] --START--
INFO: Run Behavior\BuildLiteBehavior [ RunTime:0.000009s ]
INFO: [ app_init ] --END-- [ RunTime:0.000061s ]
INFO: [ app_begin ] --START--
INFO: Run Behavior\ReadHtmlCacheBehavior [ RunTime:0.000027s ]
INFO: [ app_begin ] --END-- [ RunTime:0.000053s ]
SQL: SHOW COLUMNS FROM `pclass` [ RunTime:0.0005s ]
SQL: SELECT `pclass_name` FROM `pclass` WHERE `pclass_id` = 16 LIMIT 1   [ RunTime:0.0001s ]
SQL: SELECT * FROM `pclass`  [ RunTime:0.0000s ]
SQL: SHOW COLUMNS FROM `instructor` [ RunTime:0.0004s ]
SQL: SELECT * FROM `instructor` WHERE `instructor_id` = 1 LIMIT 1   [ RunTime:0.0001s ]
SQL: SHOW COLUMNS FROM `grade` [ RunTime:0.0004s ]
SQL: SELECT `grade_name` FROM `grade` WHERE `grade_id` = 1 LIMIT 1   [ RunTime:0.0001s ]
SQL: SHOW COLUMNS FROM `user` [ RunTime:0.0005s ]
SQL: SELECT * FROM `user` WHERE `pclass_id` = 16 AND `grade_id` = 1  [ RunTime:0.0001s ]
SQL: SHOW COLUMNS FROM `schoolyear` [ RunTime:0.0004s ]
SQL: SELECT * FROM `schoolyear` WHERE `schoolyear_nowyear` = 1 LIMIT 1   [ RunTime:0.0001s ]
SQL: SHOW COLUMNS FROM `basetwograde` [ RunTime:0.0004s ]
SQL: SELECT * FROM `basetwograde` WHERE `schoolyear_id` = 6 AND `user_id` = 226 LIMIT 1   [ RunTime:0.0003s ]
SQL: SELECT * FROM `basetwograde` WHERE `schoolyear_id` = 6 AND `user_id` = 227 LIMIT 1   [ RunTime:0.0001s ]
SQL: SELECT * FROM `basetwograde` WHERE `schoolyear_id` = 6 AND `user_id` = 228 LIMIT 1   [ RunTime:0.0002s ]
SQL: SELECT * FROM `basetwograde` WHERE `schoolyear_id` = 6 AND `user_id` = 229 LIMIT 1   [ RunTime:0.0001s ]
SQL: SELECT * FROM `basetwograde` WHERE `schoolyear_id` = 6 AND `user_id` = 230 LIMIT 1   [ RunTime:0.0002s ]
SQL: SELECT * FROM `basetwograde` WHERE `schoolyear_id` = 6 AND `user_id` = 231 LIMIT 1   [ RunTime:0.0001s ]
SQL: SELECT * FROM `basetwograde` WHERE `schoolyear_id` = 6 AND `user_id` = 232 LIMIT 1   [ RunTime:0.0001s ]
SQL: SELECT * FROM `basetwograde` WHERE `schoolyear_id` = 6 AND `user_id` = 233 LIMIT 1   [ RunTime:0.0002s ]
SQL: SELECT * FROM `basetwograde` WHERE `schoolyear_id` = 6 AND `user_id` = 234 LIMIT 1   [ RunTime:0.0002s ]
SQL: SELECT * FROM `basetwograde` WHERE `schoolyear_id` = 6 AND `user_id` = 235 LIMIT 1   [ RunTime:0.0001s ]
SQL: SELECT * FROM `basetwograde` WHERE `schoolyear_id` = 6 AND `user_id` = 236 LIMIT 1   [ RunTime:0.0001s ]
SQL: SELECT * FROM `basetwograde` WHERE `schoolyear_id` = 6 AND `user_id` = 237 LIMIT 1   [ RunTime:0.0002s ]
SQL: SELECT * FROM `basetwograde` WHERE `schoolyear_id` = 6 AND `user_id` = 238 LIMIT 1   [ RunTime:0.0001s ]
SQL: SELECT * FROM `basetwograde` WHERE `schoolyear_id` = 6 AND `user_id` = 239 LIMIT 1   [ RunTime:0.0001s ]
SQL: SELECT * FROM `basetwograde` WHERE `schoolyear_id` = 6 AND `user_id` = 242 LIMIT 1   [ RunTime:0.0001s ]
SQL: SELECT * FROM `basetwograde` WHERE `schoolyear_id` = 6 AND `user_id` = 243 LIMIT 1   [ RunTime:0.0001s ]
SQL: SELECT * FROM `basetwograde` WHERE `schoolyear_id` = 6 AND `user_id` = 244 LIMIT 1   [ RunTime:0.0001s ]
SQL: SELECT * FROM `basetwograde` WHERE `schoolyear_id` = 6 AND `user_id` = 245 LIMIT 1   [ RunTime:0.0001s ]
SQL: SELECT * FROM `basetwograde` WHERE `schoolyear_id` = 6 AND `user_id` = 246 LIMIT 1   [ RunTime:0.0001s ]
SQL: SELECT * FROM `basetwograde` WHERE `schoolyear_id` = 6 AND `user_id` = 247 LIMIT 1   [ RunTime:0.0002s ]
SQL: SELECT * FROM `basetwograde` WHERE `schoolyear_id` = 6 AND `user_id` = 248 LIMIT 1   [ RunTime:0.0001s ]
SQL: SELECT * FROM `basetwograde` WHERE `schoolyear_id` = 6 AND `user_id` = 249 LIMIT 1   [ RunTime:0.0001s ]
SQL: SELECT * FROM `basetwograde` WHERE `schoolyear_id` = 6 AND `user_id` = 250 LIMIT 1   [ RunTime:0.0001s ]
SQL: SELECT * FROM `basetwograde` WHERE `schoolyear_id` = 6 AND `user_id` = 251 LIMIT 1   [ RunTime:0.0001s ]
SQL: SELECT * FROM `basetwograde` WHERE `schoolyear_id` = 6 AND `user_id` = 424 LIMIT 1   [ RunTime:0.0001s ]
SQL: SELECT * FROM `basetwograde` WHERE `schoolyear_id` = 6 AND `user_id` = 425 LIMIT 1   [ RunTime:0.0001s ]
SQL: SELECT * FROM `basetwograde` WHERE `schoolyear_id` = 6 AND `user_id` = 426 LIMIT 1   [ RunTime:0.0055s ]
SQL: SELECT * FROM `basetwograde` WHERE `schoolyear_id` = 6 AND `user_id` = 427 LIMIT 1   [ RunTime:0.0002s ]
SQL: SELECT * FROM `basetwograde` WHERE `schoolyear_id` = 6 AND `user_id` = 428 LIMIT 1   [ RunTime:0.0001s ]
SQL: SELECT * FROM `basetwograde` WHERE `schoolyear_id` = 6 AND `user_id` = 429 LIMIT 1   [ RunTime:0.0001s ]
SQL: SELECT * FROM `basetwograde` WHERE `schoolyear_id` = 6 AND `user_id` = 430 LIMIT 1   [ RunTime:0.0001s ]
SQL: SELECT * FROM `basetwograde` WHERE `schoolyear_id` = 6 AND `user_id` = 431 LIMIT 1   [ RunTime:0.0001s ]
SQL: SELECT * FROM `basetwograde` WHERE `schoolyear_id` = 6 AND `user_id` = 432 LIMIT 1   [ RunTime:0.0001s ]
SQL: SELECT * FROM `basetwograde` WHERE `schoolyear_id` = 6 AND `user_id` = 433 LIMIT 1   [ RunTime:0.0001s ]
SQL: SELECT * FROM `basetwograde` WHERE `schoolyear_id` = 6 AND `user_id` = 434 LIMIT 1   [ RunTime:0.0001s ]
SQL: SELECT * FROM `basetwograde` WHERE `schoolyear_id` = 6 AND `user_id` = 435 LIMIT 1   [ RunTime:0.0001s ]
SQL: SELECT * FROM `basetwograde` WHERE `schoolyear_id` = 6 AND `user_id` = 436 LIMIT 1   [ RunTime:0.0001s ]
SQL: SELECT * FROM `basetwograde` WHERE `schoolyear_id` = 6 AND `user_id` = 1775 LIMIT 1   [ RunTime:0.0002s ]
SQL: SELECT * FROM `basetwograde` WHERE `schoolyear_id` = 6 AND `user_id` = 1776 LIMIT 1   [ RunTime:0.0001s ]
SQL: SELECT `grade_id` FROM `instructor` WHERE `instructor_id` = 1 LIMIT 1   [ RunTime:0.0000s ]
SQL: SELECT * FROM `pclass` WHERE `grade_id` = 1  [ RunTime:0.0000s ]
INFO: [ view_parse ] --START--
INFO: [ template_filter ] --START--
INFO: Run Behavior\ContentReplaceBehavior [ RunTime:0.000032s ]
INFO: [ template_filter ] --END-- [ RunTime:0.000061s ]
INFO: Run Behavior\ParseTemplateBehavior [ RunTime:0.003465s ]
INFO: [ view_parse ] --END-- [ RunTime:0.003501s ]
INFO: [ view_filter ] --START--
INFO: Run Behavior\WriteHtmlCacheBehavior [ RunTime:0.000032s ]
INFO: [ view_filter ] --END-- [ RunTime:0.000050s ]
INFO: [ app_end ] --START--
INFO: Run Behavior\ShowPageTraceBehavior [ RunTime:0.000027s ]
INFO: [ app_end ] --END-- [ RunTime:0.000049s ]

[ 2017-09-28T19:05:34+08:00 ] 14.17.21.58 /zhcp/admin.php/Home/Index/index
INFO: [ app_init ] --START--
INFO: Run Behavior\BuildLiteBehavior [ RunTime:0.000013s ]
INFO: [ app_init ] --END-- [ RunTime:0.000080s ]
INFO: [ app_begin ] --START--
INFO: Run Behavior\ReadHtmlCacheBehavior [ RunTime:0.000030s ]
INFO: [ app_begin ] --END-- [ RunTime:0.000055s ]

[ 2017-09-28T19:05:34+08:00 ] 14.17.21.58 /zhcp/admin.php/Home/Login/index.html
INFO: [ app_init ] --START--
INFO: Run Behavior\BuildLiteBehavior [ RunTime:0.000012s ]
INFO: [ app_init ] --END-- [ RunTime:0.000123s ]
INFO: [ app_begin ] --START--
INFO: Run Behavior\ReadHtmlCacheBehavior [ RunTime:0.000040s ]
INFO: [ app_begin ] --END-- [ RunTime:0.000080s ]
INFO: [ view_parse ] --START--
INFO: [ template_filter ] --START--
INFO: Run Behavior\ContentReplaceBehavior [ RunTime:0.000029s ]
INFO: [ template_filter ] --END-- [ RunTime:0.000062s ]
INFO: Run Behavior\ParseTemplateBehavior [ RunTime:0.001373s ]
INFO: [ view_parse ] --END-- [ RunTime:0.001411s ]
INFO: [ view_filter ] --START--
INFO: Run Behavior\WriteHtmlCacheBehavior [ RunTime:0.000033s ]
INFO: [ view_filter ] --END-- [ RunTime:0.000050s ]
INFO: [ app_end ] --START--
INFO: Run Behavior\ShowPageTraceBehavior [ RunTime:0.000029s ]
INFO: [ app_end ] --END-- [ RunTime:0.000049s ]

[ 2017-09-28T19:18:52+08:00 ] 183.57.53.177 /zhcp/admin.php/Home/Index/queryclass.html
INFO: [ app_init ] --START--
INFO: Run Behavior\BuildLiteBehavior [ RunTime:0.000010s ]
INFO: [ app_init ] --END-- [ RunTime:0.000074s ]
INFO: [ app_begin ] --START--
INFO: Run Behavior\ReadHtmlCacheBehavior [ RunTime:0.000040s ]
INFO: [ app_begin ] --END-- [ RunTime:0.000076s ]

[ 2017-09-28T19:18:52+08:00 ] 183.57.53.177 /zhcp/admin.php/Home/Login/index.html
INFO: [ app_init ] --START--
INFO: Run Behavior\BuildLiteBehavior [ RunTime:0.000013s ]
INFO: [ app_init ] --END-- [ RunTime:0.000108s ]
INFO: [ app_begin ] --START--
INFO: Run Behavior\ReadHtmlCacheBehavior [ RunTime:0.000043s ]
INFO: [ app_begin ] --END-- [ RunTime:0.000073s ]
INFO: [ view_parse ] --START--
INFO: [ template_filter ] --START--
INFO: Run Behavior\ContentReplaceBehavior [ RunTime:0.000034s ]
INFO: [ template_filter ] --END-- [ RunTime:0.000069s ]
INFO: Run Behavior\ParseTemplateBehavior [ RunTime:0.001789s ]
INFO: [ view_parse ] --END-- [ RunTime:0.001833s ]
INFO: [ view_filter ] --START--
INFO: Run Behavior\WriteHtmlCacheBehavior [ RunTime:0.000053s ]
INFO: [ view_filter ] --END-- [ RunTime:0.000084s ]
INFO: [ app_end ] --START--
INFO: Run Behavior\ShowPageTraceBehavior [ RunTime:0.000046s ]
INFO: [ app_end ] --END-- [ RunTime:0.000071s ]

[ 2017-09-28T22:21:38+08:00 ] 113.108.10.5 /zhcp/admin.php/Home/Login/index.html
INFO: [ app_init ] --START--
INFO: Run Behavior\BuildLiteBehavior [ RunTime:0.000010s ]
INFO: [ app_init ] --END-- [ RunTime:0.000074s ]
INFO: [ app_begin ] --START--
INFO: Run Behavior\ReadHtmlCacheBehavior [ RunTime:0.000030s ]
INFO: [ app_begin ] --END-- [ RunTime:0.000055s ]
INFO: [ view_parse ] --START--
INFO: [ template_filter ] --START--
INFO: Run Behavior\ContentReplaceBehavior [ RunTime:0.000026s ]
INFO: [ template_filter ] --END-- [ RunTime:0.000055s ]
INFO: Run Behavior\ParseTemplateBehavior [ RunTime:0.001265s ]
INFO: [ view_parse ] --END-- [ RunTime:0.001291s ]
INFO: [ view_filter ] --START--
INFO: Run Behavior\WriteHtmlCacheBehavior [ RunTime:0.000028s ]
INFO: [ view_filter ] --END-- [ RunTime:0.000044s ]
INFO: [ app_end ] --START--
INFO: Run Behavior\ShowPageTraceBehavior [ RunTime:0.000023s ]
INFO: [ app_end ] --END-- [ RunTime:0.000040s ]

