[ 2018-09-18T22:10:44+08:00 ] 61.242.61.113 /zhcp/admin.php
INFO: [ app_init ] --START--
INFO: Run Behavior\BuildLiteBehavior [ RunTime:0.000017s ]
INFO: [ app_init ] --END-- [ RunTime:0.000124s ]
INFO: [ app_begin ] --START--
INFO: Run Behavior\ReadHtmlCacheBehavior [ RunTime:0.000057s ]
INFO: [ app_begin ] --END-- [ RunTime:0.000096s ]
NOTIC: [8] A session had already been started - ignoring session_start() /var/www/html/zhcp/ThinkPHP/Common/functions.php 第 1263 行.

[ 2018-09-18T22:10:44+08:00 ] 61.242.61.113 /zhcp/admin.php/Home/Login/index.html
INFO: [ app_init ] --START--
INFO: Run Behavior\BuildLiteBehavior [ RunTime:0.000011s ]
INFO: [ app_init ] --END-- [ RunTime:0.000078s ]
INFO: [ app_begin ] --START--
INFO: Run Behavior\ReadHtmlCacheBehavior [ RunTime:0.000031s ]
INFO: [ app_begin ] --END-- [ RunTime:0.000067s ]
NOTIC: [8] A session had already been started - ignoring session_start() /var/www/html/zhcp/ThinkPHP/Common/functions.php 第 1263 行.
INFO: [ view_parse ] --START--
INFO: [ template_filter ] --START--
INFO: Run Behavior\ContentReplaceBehavior [ RunTime:0.000047s ]
INFO: [ template_filter ] --END-- [ RunTime:0.000090s ]
INFO: Run Behavior\ParseTemplateBehavior [ RunTime:0.002054s ]
INFO: [ view_parse ] --END-- [ RunTime:0.002096s ]
INFO: [ view_filter ] --START--
INFO: Run Behavior\WriteHtmlCacheBehavior [ RunTime:0.000039s ]
INFO: [ view_filter ] --END-- [ RunTime:0.000065s ]
INFO: [ app_end ] --START--
INFO: Run Behavior\ShowPageTraceBehavior [ RunTime:0.000044s ]
INFO: [ app_end ] --END-- [ RunTime:0.000071s ]

[ 2018-09-18T22:10:44+08:00 ] 61.242.61.113 /zhcp/admin.php/Home/Login/css/style.css
INFO: [ app_init ] --START--
INFO: Run Behavior\BuildLiteBehavior [ RunTime:0.000008s ]
INFO: [ app_init ] --END-- [ RunTime:0.000048s ]
INFO: [ app_begin ] --START--
INFO: Run Behavior\ReadHtmlCacheBehavior [ RunTime:0.000030s ]
INFO: [ app_begin ] --END-- [ RunTime:0.000096s ]
NOTIC: [8] A session had already been started - ignoring session_start() /var/www/html/zhcp/ThinkPHP/Common/functions.php 第 1263 行.
ERR: 非法操作:css

[ 2018-09-18T22:10:44+08:00 ] 61.242.61.113 /zhcp/admin.php/Home/Login/images/head-img.png
INFO: [ app_init ] --START--
INFO: Run Behavior\BuildLiteBehavior [ RunTime:0.000008s ]
INFO: [ app_init ] --END-- [ RunTime:0.000050s ]

[ 2018-09-18T22:10:44+08:00 ] 61.242.61.113 /zhcp/admin.php/Home/Login/images/head-img.png
INFO: [ app_init ] --START--
INFO: Run Behavior\BuildLiteBehavior [ RunTime:0.000009s ]
INFO: [ app_init ] --END-- [ RunTime:0.000052s ]

[ 2018-09-18T22:10:51+08:00 ] 61.242.61.113 /zhcp/admin.php/Home/Login/index.html
INFO: [ app_init ] --START--
INFO: Run Behavior\BuildLiteBehavior [ RunTime:0.000012s ]
INFO: [ app_init ] --END-- [ RunTime:0.000087s ]
INFO: [ app_begin ] --START--
INFO: Run Behavior\ReadHtmlCacheBehavior [ RunTime:0.000037s ]
INFO: [ app_begin ] --END-- [ RunTime:0.000057s ]
NOTIC: [8] A session had already been started - ignoring session_start() /var/www/html/zhcp/ThinkPHP/Common/functions.php 第 1263 行.
SQL: SHOW COLUMNS FROM `instructor` [ RunTime:0.0005s ]
SQL: SELECT * FROM `instructor` WHERE `instructor_account` = 'cst' AND `instructor_password` = '123456' LIMIT 1   [ RunTime:0.0002s ]
INFO: [ app_end ] --START--
INFO: Run Behavior\ShowPageTraceBehavior [ RunTime:0.000036s ]
INFO: [ app_end ] --END-- [ RunTime:0.000061s ]

[ 2018-09-18T22:10:56+08:00 ] 61.242.61.113 /zhcp/admin.php/Home/Login/index.html
INFO: [ app_init ] --START--
INFO: Run Behavior\BuildLiteBehavior [ RunTime:0.000008s ]
INFO: [ app_init ] --END-- [ RunTime:0.000054s ]
INFO: [ app_begin ] --START--
INFO: Run Behavior\ReadHtmlCacheBehavior [ RunTime:0.000021s ]
INFO: [ app_begin ] --END-- [ RunTime:0.000041s ]
NOTIC: [8] A session had already been started - ignoring session_start() /var/www/html/zhcp/ThinkPHP/Common/functions.php 第 1263 行.
SQL: SHOW COLUMNS FROM `instructor` [ RunTime:0.0003s ]
SQL: SELECT * FROM `instructor` WHERE `instructor_account` = 'cst' AND `instructor_password` = '123' LIMIT 1   [ RunTime:0.0002s ]
INFO: [ app_end ] --START--
INFO: Run Behavior\ShowPageTraceBehavior [ RunTime:0.000026s ]
INFO: [ app_end ] --END-- [ RunTime:0.000048s ]

[ 2018-09-18T22:11:03+08:00 ] 61.242.61.113 /zhcp/admin.php/Home/Login/index.html
INFO: [ app_init ] --START--
INFO: Run Behavior\BuildLiteBehavior [ RunTime:0.000014s ]
INFO: [ app_init ] --END-- [ RunTime:0.000089s ]
INFO: [ app_begin ] --START--
INFO: Run Behavior\ReadHtmlCacheBehavior [ RunTime:0.000034s ]
INFO: [ app_begin ] --END-- [ RunTime:0.000058s ]
NOTIC: [8] A session had already been started - ignoring session_start() /var/www/html/zhcp/ThinkPHP/Common/functions.php 第 1263 行.
SQL: SHOW COLUMNS FROM `instructor` [ RunTime:0.0004s ]
SQL: SELECT * FROM `instructor` WHERE `instructor_account` = 'cst' AND `instructor_password` = 'cst123456' LIMIT 1   [ RunTime:0.0002s ]
INFO: [ app_end ] --START--
INFO: Run Behavior\ShowPageTraceBehavior [ RunTime:0.000034s ]
INFO: [ app_end ] --END-- [ RunTime:0.000054s ]

[ 2018-09-18T22:11:14+08:00 ] 61.242.61.113 /zhcp/admin.php/Home/Login/index.html
INFO: [ app_init ] --START--
INFO: Run Behavior\BuildLiteBehavior [ RunTime:0.000009s ]
INFO: [ app_init ] --END-- [ RunTime:0.000056s ]
INFO: [ app_begin ] --START--
INFO: Run Behavior\ReadHtmlCacheBehavior [ RunTime:0.000021s ]
INFO: [ app_begin ] --END-- [ RunTime:0.000040s ]
NOTIC: [8] A session had already been started - ignoring session_start() /var/www/html/zhcp/ThinkPHP/Common/functions.php 第 1263 行.
SQL: SHOW COLUMNS FROM `instructor` [ RunTime:0.0004s ]
SQL: SELECT * FROM `instructor` WHERE `instructor_account` = 'cst' AND `instructor_password` = 'cst123' LIMIT 1   [ RunTime:0.0002s ]
INFO: [ app_end ] --START--
INFO: Run Behavior\ShowPageTraceBehavior [ RunTime:0.000027s ]
INFO: [ app_end ] --END-- [ RunTime:0.000046s ]

[ 2018-09-18T22:11:46+08:00 ] 61.242.61.113 /zhcp/admin.php/Home/Login/index.html
INFO: [ app_init ] --START--
INFO: Run Behavior\BuildLiteBehavior [ RunTime:0.000011s ]
INFO: [ app_init ] --END-- [ RunTime:0.000081s ]
INFO: [ app_begin ] --START--
INFO: Run Behavior\ReadHtmlCacheBehavior [ RunTime:0.000031s ]
INFO: [ app_begin ] --END-- [ RunTime:0.000062s ]
NOTIC: [8] A session had already been started - ignoring session_start() /var/www/html/zhcp/ThinkPHP/Common/functions.php 第 1263 行.
SQL: SHOW COLUMNS FROM `instructor` [ RunTime:0.0006s ]
SQL: SELECT * FROM `instructor` WHERE `instructor_account` = 'cst' AND `instructor_password` = 'cst123' LIMIT 1   [ RunTime:0.0001s ]
INFO: [ app_end ] --START--
INFO: Run Behavior\ShowPageTraceBehavior [ RunTime:0.000036s ]
INFO: [ app_end ] --END-- [ RunTime:0.000063s ]

[ 2018-09-18T22:11:57+08:00 ] 61.242.61.113 /zhcp/admin.php/Home/Login/index.html
INFO: [ app_init ] --START--
INFO: Run Behavior\BuildLiteBehavior [ RunTime:0.000008s ]
INFO: [ app_init ] --END-- [ RunTime:0.000054s ]
INFO: [ app_begin ] --START--
INFO: Run Behavior\ReadHtmlCacheBehavior [ RunTime:0.000023s ]
INFO: [ app_begin ] --END-- [ RunTime:0.000043s ]
NOTIC: [8] A session had already been started - ignoring session_start() /var/www/html/zhcp/ThinkPHP/Common/functions.php 第 1263 行.
SQL: SHOW COLUMNS FROM `instructor` [ RunTime:0.0004s ]
SQL: SELECT * FROM `instructor` WHERE `instructor_account` = 'cst' AND `instructor_password` = '123' LIMIT 1   [ RunTime:0.0000s ]
INFO: [ app_end ] --START--
INFO: Run Behavior\ShowPageTraceBehavior [ RunTime:0.000028s ]
INFO: [ app_end ] --END-- [ RunTime:0.000046s ]

