[ 2018-09-30T09:40:43+08:00 ] 113.105.12.87 /zhcp/admin.php/Home/Index/index
INFO: [ app_init ] --START--
INFO: Run Behavior\BuildLiteBehavior [ RunTime:0.000022s ]
INFO: [ app_init ] --END-- [ RunTime:0.019236s ]
INFO: [ app_begin ] --START--
INFO: Run Behavior\ReadHtmlCacheBehavior [ RunTime:0.001728s ]
INFO: [ app_begin ] --END-- [ RunTime:0.001768s ]
NOTIC: [8] A session had already been started - ignoring session_start() /var/www/html/zhcp/ThinkPHP/Common/functions.php 第 1263 行.

[ 2018-09-30T09:40:43+08:00 ] 113.105.12.87 /zhcp/admin.php/Home/Login/index.html
INFO: [ app_init ] --START--
INFO: Run Behavior\BuildLiteBehavior [ RunTime:0.000010s ]
INFO: [ app_init ] --END-- [ RunTime:0.000063s ]
INFO: [ app_begin ] --START--
INFO: Run Behavior\ReadHtmlCacheBehavior [ RunTime:0.000023s ]
INFO: [ app_begin ] --END-- [ RunTime:0.000045s ]
NOTIC: [8] A session had already been started - ignoring session_start() /var/www/html/zhcp/ThinkPHP/Common/functions.php 第 1263 行.
INFO: [ view_parse ] --START--
INFO: [ template_filter ] --START--
INFO: Run Behavior\ContentReplaceBehavior [ RunTime:0.000034s ]
INFO: [ template_filter ] --END-- [ RunTime:0.000073s ]
INFO: Run Behavior\ParseTemplateBehavior [ RunTime:0.026259s ]
INFO: [ view_parse ] --END-- [ RunTime:0.026289s ]
INFO: [ view_filter ] --START--
INFO: Run Behavior\WriteHtmlCacheBehavior [ RunTime:0.001412s ]
INFO: [ view_filter ] --END-- [ RunTime:0.001441s ]
INFO: [ app_end ] --START--
INFO: Run Behavior\ShowPageTraceBehavior [ RunTime:0.001667s ]
INFO: [ app_end ] --END-- [ RunTime:0.001703s ]

[ 2018-09-30T09:40:44+08:00 ] 113.105.12.87 /zhcp/admin.php/Home/Login/css/style.css
INFO: [ app_init ] --START--
INFO: Run Behavior\BuildLiteBehavior [ RunTime:0.000008s ]
INFO: [ app_init ] --END-- [ RunTime:0.000051s ]
INFO: [ app_begin ] --START--
INFO: Run Behavior\ReadHtmlCacheBehavior [ RunTime:0.000022s ]
INFO: [ app_begin ] --END-- [ RunTime:0.000045s ]
NOTIC: [8] A session had already been started - ignoring session_start() /var/www/html/zhcp/ThinkPHP/Common/functions.php 第 1263 行.
ERR: 非法操作:css

[ 2018-09-30T09:40:44+08:00 ] 113.105.12.87 /zhcp/admin.php/Home/Login/images/head-img.png
INFO: [ app_init ] --START--
INFO: Run Behavior\BuildLiteBehavior [ RunTime:0.000007s ]
INFO: [ app_init ] --END-- [ RunTime:0.000043s ]

[ 2018-09-30T09:40:44+08:00 ] 113.105.12.87 /zhcp/admin.php/Home/Login/images/head-img.png
INFO: [ app_init ] --START--
INFO: Run Behavior\BuildLiteBehavior [ RunTime:0.000010s ]
INFO: [ app_init ] --END-- [ RunTime:0.000060s ]

[ 2018-09-30T09:41:45+08:00 ] 101.91.60.11 /zhcp/admin.php/home/login/index.html
INFO: [ app_init ] --START--
INFO: Run Behavior\BuildLiteBehavior [ RunTime:0.000012s ]
INFO: [ app_init ] --END-- [ RunTime:0.000069s ]
INFO: [ app_begin ] --START--
INFO: Run Behavior\ReadHtmlCacheBehavior [ RunTime:0.000036s ]
INFO: [ app_begin ] --END-- [ RunTime:0.000059s ]
NOTIC: [8] A session had already been started - ignoring session_start() /var/www/html/zhcp/ThinkPHP/Common/functions.php 第 1263 行.
INFO: [ view_parse ] --START--
INFO: [ template_filter ] --START--
INFO: Run Behavior\ContentReplaceBehavior [ RunTime:0.000026s ]
INFO: [ template_filter ] --END-- [ RunTime:0.000056s ]
INFO: Run Behavior\ParseTemplateBehavior [ RunTime:0.001427s ]
INFO: [ view_parse ] --END-- [ RunTime:0.001454s ]
INFO: [ view_filter ] --START--
INFO: Run Behavior\WriteHtmlCacheBehavior [ RunTime:0.000032s ]
INFO: [ view_filter ] --END-- [ RunTime:0.000050s ]
INFO: [ app_end ] --START--
INFO: Run Behavior\ShowPageTraceBehavior [ RunTime:0.000027s ]
INFO: [ app_end ] --END-- [ RunTime:0.000044s ]

[ 2018-09-30T11:39:37+08:00 ] 113.105.12.90 /zhcp/admin.php/Home
INFO: [ app_init ] --START--
INFO: Run Behavior\BuildLiteBehavior [ RunTime:0.000014s ]
INFO: [ app_init ] --END-- [ RunTime:0.000093s ]
INFO: [ app_begin ] --START--
INFO: Run Behavior\ReadHtmlCacheBehavior [ RunTime:0.000046s ]
INFO: [ app_begin ] --END-- [ RunTime:0.000073s ]
NOTIC: [8] A session had already been started - ignoring session_start() /var/www/html/zhcp/ThinkPHP/Common/functions.php 第 1263 行.

[ 2018-09-30T11:39:37+08:00 ] 113.105.12.90 /zhcp/admin.php/Home/Login/index.html
INFO: [ app_init ] --START--
INFO: Run Behavior\BuildLiteBehavior [ RunTime:0.000007s ]
INFO: [ app_init ] --END-- [ RunTime:0.000049s ]
INFO: [ app_begin ] --START--
INFO: Run Behavior\ReadHtmlCacheBehavior [ RunTime:0.000027s ]
INFO: [ app_begin ] --END-- [ RunTime:0.000054s ]
NOTIC: [8] A session had already been started - ignoring session_start() /var/www/html/zhcp/ThinkPHP/Common/functions.php 第 1263 行.
INFO: [ view_parse ] --START--
INFO: [ template_filter ] --START--
INFO: Run Behavior\ContentReplaceBehavior [ RunTime:0.000035s ]
INFO: [ template_filter ] --END-- [ RunTime:0.000074s ]
INFO: Run Behavior\ParseTemplateBehavior [ RunTime:0.001645s ]
INFO: [ view_parse ] --END-- [ RunTime:0.001674s ]
INFO: [ view_filter ] --START--
INFO: Run Behavior\WriteHtmlCacheBehavior [ RunTime:0.000032s ]
INFO: [ view_filter ] --END-- [ RunTime:0.000049s ]
INFO: [ app_end ] --START--
INFO: Run Behavior\ShowPageTraceBehavior [ RunTime:0.000032s ]
INFO: [ app_end ] --END-- [ RunTime:0.000052s ]

[ 2018-09-30T11:39:37+08:00 ] 113.105.12.90 /zhcp/admin.php/Home/Login/css/style.css
INFO: [ app_init ] --START--
INFO: Run Behavior\BuildLiteBehavior [ RunTime:0.000010s ]
INFO: [ app_init ] --END-- [ RunTime:0.000058s ]
INFO: [ app_begin ] --START--
INFO: Run Behavior\ReadHtmlCacheBehavior [ RunTime:0.000025s ]
INFO: [ app_begin ] --END-- [ RunTime:0.000049s ]
NOTIC: [8] A session had already been started - ignoring session_start() /var/www/html/zhcp/ThinkPHP/Common/functions.php 第 1263 行.
ERR: 非法操作:css

[ 2018-09-30T11:39:37+08:00 ] 113.105.12.90 /zhcp/admin.php/Home/Login/images/head-img.png
INFO: [ app_init ] --START--
INFO: Run Behavior\BuildLiteBehavior [ RunTime:0.000009s ]
INFO: [ app_init ] --END-- [ RunTime:0.000056s ]

[ 2018-09-30T11:39:40+08:00 ] 113.105.12.90 /zhcp/admin.php/Home/Login/index.html
INFO: [ app_init ] --START--
INFO: Run Behavior\BuildLiteBehavior [ RunTime:0.000009s ]
INFO: [ app_init ] --END-- [ RunTime:0.000060s ]
INFO: [ app_begin ] --START--
INFO: Run Behavior\ReadHtmlCacheBehavior [ RunTime:0.000024s ]
INFO: [ app_begin ] --END-- [ RunTime:0.000046s ]
NOTIC: [8] A session had already been started - ignoring session_start() /var/www/html/zhcp/ThinkPHP/Common/functions.php 第 1263 行.
SQL: SHOW COLUMNS FROM `instructor` [ RunTime:0.0004s ]
SQL: SELECT * FROM `instructor` WHERE `instructor_account` = 'zhaoning' AND `instructor_password` = 'zhaoning' LIMIT 1   [ RunTime:0.0002s ]
INFO: [ app_end ] --START--
INFO: Run Behavior\ShowPageTraceBehavior [ RunTime:0.000041s ]
INFO: [ app_end ] --END-- [ RunTime:0.000065s ]

[ 2018-09-30T11:39:40+08:00 ] 113.105.12.90 /zhcp/admin.php/Home/Index/index
INFO: [ app_init ] --START--
INFO: Run Behavior\BuildLiteBehavior [ RunTime:0.000009s ]
INFO: [ app_init ] --END-- [ RunTime:0.000057s ]
INFO: [ app_begin ] --START--
INFO: Run Behavior\ReadHtmlCacheBehavior [ RunTime:0.000023s ]
INFO: [ app_begin ] --END-- [ RunTime:0.000047s ]
NOTIC: [8] A session had already been started - ignoring session_start() /var/www/html/zhcp/ThinkPHP/Common/functions.php 第 1263 行.
INFO: [ view_parse ] --START--
INFO: [ template_filter ] --START--
INFO: Run Behavior\ContentReplaceBehavior [ RunTime:0.000035s ]
INFO: [ template_filter ] --END-- [ RunTime:0.000075s ]
INFO: Run Behavior\ParseTemplateBehavior [ RunTime:0.015882s ]
INFO: [ view_parse ] --END-- [ RunTime:0.015916s ]
INFO: [ view_filter ] --START--
INFO: Run Behavior\WriteHtmlCacheBehavior [ RunTime:0.000027s ]
INFO: [ view_filter ] --END-- [ RunTime:0.000045s ]
INFO: [ app_end ] --START--
INFO: Run Behavior\ShowPageTraceBehavior [ RunTime:0.000020s ]
INFO: [ app_end ] --END-- [ RunTime:0.000037s ]

[ 2018-09-30T11:39:40+08:00 ] 113.105.12.90 /zhcp/admin.php/Home/Index/copy.html
INFO: [ app_init ] --START--
INFO: Run Behavior\BuildLiteBehavior [ RunTime:0.000014s ]
INFO: [ app_init ] --END-- [ RunTime:0.000063s ]
INFO: [ app_begin ] --START--
INFO: Run Behavior\ReadHtmlCacheBehavior [ RunTime:0.000023s ]
INFO: [ app_begin ] --END-- [ RunTime:0.000051s ]
NOTIC: [8] A session had already been started - ignoring session_start() /var/www/html/zhcp/ThinkPHP/Common/functions.php 第 1263 行.
INFO: [ view_parse ] --START--
INFO: [ template_filter ] --START--
INFO: Run Behavior\ContentReplaceBehavior [ RunTime:0.000023s ]
INFO: [ template_filter ] --END-- [ RunTime:0.000054s ]
INFO: Run Behavior\ParseTemplateBehavior [ RunTime:0.012840s ]
INFO: [ view_parse ] --END-- [ RunTime:0.012901s ]
INFO: [ view_filter ] --START--
INFO: Run Behavior\WriteHtmlCacheBehavior [ RunTime:0.000025s ]
INFO: [ view_filter ] --END-- [ RunTime:0.000042s ]
INFO: [ app_end ] --START--
INFO: Run Behavior\ShowPageTraceBehavior [ RunTime:0.000020s ]
INFO: [ app_end ] --END-- [ RunTime:0.000037s ]

[ 2018-09-30T11:39:42+08:00 ] 113.105.12.90 /zhcp/admin.php/Home/Index/queryclass.html
INFO: [ app_init ] --START--
INFO: Run Behavior\BuildLiteBehavior [ RunTime:0.000010s ]
INFO: [ app_init ] --END-- [ RunTime:0.000059s ]
INFO: [ app_begin ] --START--
INFO: Run Behavior\ReadHtmlCacheBehavior [ RunTime:0.000022s ]
INFO: [ app_begin ] --END-- [ RunTime:0.000046s ]
NOTIC: [8] A session had already been started - ignoring session_start() /var/www/html/zhcp/ThinkPHP/Common/functions.php 第 1263 行.
SQL: SHOW COLUMNS FROM `pclass` [ RunTime:0.0004s ]
SQL: SELECT `pclass_name` FROM `pclass` WHERE `pclass_id` = 0 LIMIT 1   [ RunTime:0.0001s ]
SQL: SELECT * FROM `pclass`  [ RunTime:0.0001s ]
SQL: SHOW COLUMNS FROM `instructor` [ RunTime:0.0003s ]
SQL: SELECT * FROM `instructor` WHERE `instructor_id` = 5 LIMIT 1   [ RunTime:0.0001s ]
SQL: SHOW COLUMNS FROM `grade` [ RunTime:0.0002s ]
SQL: SELECT `grade_name` FROM `grade` WHERE `grade_id` = 6 LIMIT 1   [ RunTime:0.0001s ]
SQL: SHOW COLUMNS FROM `user` [ RunTime:0.0003s ]
SQL: SELECT * FROM `user` WHERE `pclass_id` = 0 AND `grade_id` = 6  [ RunTime:0.0002s ]
SQL: SHOW COLUMNS FROM `schoolyear` [ RunTime:0.0003s ]
SQL: SELECT * FROM `schoolyear` WHERE `schoolyear_nowyear` = 1 LIMIT 1   [ RunTime:0.0001s ]
SQL: SELECT `grade_id` FROM `instructor` WHERE `instructor_id` = 5 LIMIT 1   [ RunTime:0.0001s ]
SQL: SELECT * FROM `pclass` WHERE `grade_id` = 6  [ RunTime:0.0001s ]
INFO: [ view_parse ] --START--
INFO: [ template_filter ] --START--
INFO: Run Behavior\ContentReplaceBehavior [ RunTime:0.000028s ]
INFO: [ template_filter ] --END-- [ RunTime:0.000054s ]
INFO: Run Behavior\ParseTemplateBehavior [ RunTime:0.003811s ]
INFO: [ view_parse ] --END-- [ RunTime:0.003839s ]
INFO: [ view_filter ] --START--
INFO: Run Behavior\WriteHtmlCacheBehavior [ RunTime:0.000023s ]
INFO: [ view_filter ] --END-- [ RunTime:0.000039s ]
INFO: [ app_end ] --START--
INFO: Run Behavior\ShowPageTraceBehavior [ RunTime:0.000018s ]
INFO: [ app_end ] --END-- [ RunTime:0.000035s ]

[ 2018-09-30T11:39:47+08:00 ] 113.105.12.90 /zhcp/admin.php/Home/Index/queryclass.html
INFO: [ app_init ] --START--
INFO: Run Behavior\BuildLiteBehavior [ RunTime:0.000014s ]
INFO: [ app_init ] --END-- [ RunTime:0.000097s ]
INFO: [ app_begin ] --START--
INFO: Run Behavior\ReadHtmlCacheBehavior [ RunTime:0.000040s ]
INFO: [ app_begin ] --END-- [ RunTime:0.000067s ]
NOTIC: [8] A session had already been started - ignoring session_start() /var/www/html/zhcp/ThinkPHP/Common/functions.php 第 1263 行.
SQL: SHOW COLUMNS FROM `pclass` [ RunTime:0.0004s ]
SQL: SELECT `pclass_name` FROM `pclass` WHERE `pclass_id` = 114 LIMIT 1   [ RunTime:0.0001s ]
SQL: SELECT * FROM `pclass`  [ RunTime:0.0000s ]
SQL: SHOW COLUMNS FROM `instructor` [ RunTime:0.0003s ]
SQL: SELECT * FROM `instructor` WHERE `instructor_id` = 5 LIMIT 1   [ RunTime:0.0001s ]
SQL: SHOW COLUMNS FROM `grade` [ RunTime:0.0003s ]
SQL: SELECT `grade_name` FROM `grade` WHERE `grade_id` = 6 LIMIT 1   [ RunTime:0.0000s ]
SQL: SHOW COLUMNS FROM `user` [ RunTime:0.0003s ]
SQL: SELECT * FROM `user` WHERE `pclass_id` = 114 AND `grade_id` = 6  [ RunTime:0.0004s ]
SQL: SHOW COLUMNS FROM `schoolyear` [ RunTime:0.0003s ]
SQL: SELECT * FROM `schoolyear` WHERE `schoolyear_nowyear` = 1 LIMIT 1   [ RunTime:0.0000s ]
SQL: SHOW COLUMNS FROM `basetwograde` [ RunTime:0.0003s ]
SQL: SELECT * FROM `basetwograde` WHERE `schoolyear_id` = 7 AND `user_id` = 2787 LIMIT 1   [ RunTime:0.0002s ]
SQL: SELECT * FROM `basetwograde` WHERE `schoolyear_id` = 7 AND `user_id` = 2788 LIMIT 1   [ RunTime:0.0001s ]
SQL: SELECT * FROM `basetwograde` WHERE `schoolyear_id` = 7 AND `user_id` = 2789 LIMIT 1   [ RunTime:0.0002s ]
SQL: SELECT * FROM `basetwograde` WHERE `schoolyear_id` = 7 AND `user_id` = 2790 LIMIT 1   [ RunTime:0.0001s ]
SQL: SELECT * FROM `basetwograde` WHERE `schoolyear_id` = 7 AND `user_id` = 2791 LIMIT 1   [ RunTime:0.0001s ]
SQL: SELECT * FROM `basetwograde` WHERE `schoolyear_id` = 7 AND `user_id` = 2792 LIMIT 1   [ RunTime:0.0001s ]
SQL: SELECT * FROM `basetwograde` WHERE `schoolyear_id` = 7 AND `user_id` = 2793 LIMIT 1   [ RunTime:0.0001s ]
SQL: SELECT * FROM `basetwograde` WHERE `schoolyear_id` = 7 AND `user_id` = 2794 LIMIT 1   [ RunTime:0.0001s ]
SQL: SELECT * FROM `basetwograde` WHERE `schoolyear_id` = 7 AND `user_id` = 2795 LIMIT 1   [ RunTime:0.0001s ]
SQL: SELECT * FROM `basetwograde` WHERE `schoolyear_id` = 7 AND `user_id` = 2796 LIMIT 1   [ RunTime:0.0001s ]
SQL: SELECT * FROM `basetwograde` WHERE `schoolyear_id` = 7 AND `user_id` = 2797 LIMIT 1   [ RunTime:0.0001s ]
SQL: SELECT * FROM `basetwograde` WHERE `schoolyear_id` = 7 AND `user_id` = 2798 LIMIT 1   [ RunTime:0.0002s ]
SQL: SELECT * FROM `basetwograde` WHERE `schoolyear_id` = 7 AND `user_id` = 2799 LIMIT 1   [ RunTime:0.0002s ]
SQL: SELECT * FROM `basetwograde` WHERE `schoolyear_id` = 7 AND `user_id` = 2800 LIMIT 1   [ RunTime:0.0001s ]
SQL: SELECT * FROM `basetwograde` WHERE `schoolyear_id` = 7 AND `user_id` = 2801 LIMIT 1   [ RunTime:0.0001s ]
SQL: SELECT * FROM `basetwograde` WHERE `schoolyear_id` = 7 AND `user_id` = 2802 LIMIT 1   [ RunTime:0.0001s ]
SQL: SELECT * FROM `basetwograde` WHERE `schoolyear_id` = 7 AND `user_id` = 2803 LIMIT 1   [ RunTime:0.0001s ]
SQL: SELECT * FROM `basetwograde` WHERE `schoolyear_id` = 7 AND `user_id` = 2804 LIMIT 1   [ RunTime:0.0002s ]
SQL: SELECT * FROM `basetwograde` WHERE `schoolyear_id` = 7 AND `user_id` = 2805 LIMIT 1   [ RunTime:0.0001s ]
SQL: SELECT * FROM `basetwograde` WHERE `schoolyear_id` = 7 AND `user_id` = 2806 LIMIT 1   [ RunTime:0.0001s ]
SQL: SELECT * FROM `basetwograde` WHERE `schoolyear_id` = 7 AND `user_id` = 2807 LIMIT 1   [ RunTime:0.0002s ]
SQL: SELECT * FROM `basetwograde` WHERE `schoolyear_id` = 7 AND `user_id` = 2808 LIMIT 1   [ RunTime:0.0001s ]
SQL: SELECT * FROM `basetwograde` WHERE `schoolyear_id` = 7 AND `user_id` = 2809 LIMIT 1   [ RunTime:0.0002s ]
SQL: SELECT * FROM `basetwograde` WHERE `schoolyear_id` = 7 AND `user_id` = 2810 LIMIT 1   [ RunTime:0.0001s ]
SQL: SELECT * FROM `basetwograde` WHERE `schoolyear_id` = 7 AND `user_id` = 2811 LIMIT 1   [ RunTime:0.0001s ]
SQL: SELECT * FROM `basetwograde` WHERE `schoolyear_id` = 7 AND `user_id` = 2812 LIMIT 1   [ RunTime:0.0001s ]
SQL: SELECT `grade_id` FROM `instructor` WHERE `instructor_id` = 5 LIMIT 1   [ RunTime:0.0000s ]
SQL: SELECT * FROM `pclass` WHERE `grade_id` = 6  [ RunTime:0.0000s ]
INFO: [ view_parse ] --START--
INFO: [ template_filter ] --START--
INFO: Run Behavior\ContentReplaceBehavior [ RunTime:0.000030s ]
INFO: [ template_filter ] --END-- [ RunTime:0.000063s ]
INFO: Run Behavior\ParseTemplateBehavior [ RunTime:0.003461s ]
INFO: [ view_parse ] --END-- [ RunTime:0.003494s ]
INFO: [ view_filter ] --START--
INFO: Run Behavior\WriteHtmlCacheBehavior [ RunTime:0.000031s ]
INFO: [ view_filter ] --END-- [ RunTime:0.000049s ]
INFO: [ app_end ] --START--
INFO: Run Behavior\ShowPageTraceBehavior [ RunTime:0.000035s ]
INFO: [ app_end ] --END-- [ RunTime:0.000056s ]

[ 2018-09-30T11:40:05+08:00 ] 113.105.12.90 /zhcp/admin.php/Home/Index/audit/user_id/2794.html
INFO: [ app_init ] --START--
INFO: Run Behavior\BuildLiteBehavior [ RunTime:0.000014s ]
INFO: [ app_init ] --END-- [ RunTime:0.000110s ]
INFO: [ app_begin ] --START--
INFO: Run Behavior\ReadHtmlCacheBehavior [ RunTime:0.000040s ]
INFO: [ app_begin ] --END-- [ RunTime:0.000069s ]
NOTIC: [8] A session had already been started - ignoring session_start() /var/www/html/zhcp/ThinkPHP/Common/functions.php 第 1263 行.
SQL: SHOW COLUMNS FROM `schoolyear` [ RunTime:0.0005s ]
SQL: SELECT * FROM `schoolyear` WHERE `schoolyear_nowyear` = 1 LIMIT 1   [ RunTime:0.0000s ]
SQL: SHOW COLUMNS FROM `basetwograde` [ RunTime:0.0003s ]
SQL: SELECT * FROM `basetwograde` WHERE `user_id` = 2794 AND `schoolyear_id` = 7  [ RunTime:0.0002s ]
SQL: SHOW COLUMNS FROM `deveonelevelgrade` [ RunTime:0.0003s ]
SQL: SELECT * FROM `deveonelevelgrade` WHERE `user_id` = 2794 AND `schoolyear_id` = 7  [ RunTime:0.0002s ]
SQL: SELECT * FROM `basetwograde` WHERE `user_id` = 2794 AND `schoolyear_id` = 7  [ RunTime:0.0000s ]
SQL: SELECT * FROM `deveonelevelgrade` WHERE `user_id` = 2794 AND `schoolyear_id` = 7  [ RunTime:0.0001s ]
SQL: SHOW COLUMNS FROM `table` [ RunTime:0.0003s ]
SQL: SELECT * FROM `table` WHERE `schoolyear_id` = 7 AND `user_id` = 2794 LIMIT 1   [ RunTime:0.0002s ]
SQL: SHOW COLUMNS FROM `basetwolevelindex` [ RunTime:0.0003s ]
SQL: SELECT COUNT(*) AS tp_count FROM `basetwolevelindex` LIMIT 1   [ RunTime:0.0001s ]
SQL: SHOW COLUMNS FROM `deveonelevelindex` [ RunTime:0.0003s ]
SQL: SELECT COUNT(*) AS tp_count FROM `deveonelevelindex` LIMIT 1   [ RunTime:0.0001s ]
SQL: SELECT * FROM `deveonelevelindex`  [ RunTime:0.0001s ]
SQL: SHOW COLUMNS FROM `user` [ RunTime:0.0003s ]
SQL: SELECT `pclass_id` FROM `user` WHERE `user_id` = 2794 LIMIT 1   [ RunTime:0.0001s ]
NOTIC: [8] Undefined variable: base /var/www/html/zhcp/Admin/Home/Controller/IndexController.class.php 第 182 行.
INFO: [ view_parse ] --START--
INFO: [ template_filter ] --START--
INFO: Run Behavior\ContentReplaceBehavior [ RunTime:0.000058s ]
INFO: [ template_filter ] --END-- [ RunTime:0.000091s ]
INFO: Run Behavior\ParseTemplateBehavior [ RunTime:0.032691s ]
INFO: [ view_parse ] --END-- [ RunTime:0.032721s ]
INFO: [ view_filter ] --START--
INFO: Run Behavior\WriteHtmlCacheBehavior [ RunTime:0.000031s ]
INFO: [ view_filter ] --END-- [ RunTime:0.000053s ]
INFO: [ app_end ] --START--
INFO: Run Behavior\ShowPageTraceBehavior [ RunTime:0.000044s ]
INFO: [ app_end ] --END-- [ RunTime:0.000070s ]

[ 2018-09-30T11:40:23+08:00 ] 113.105.12.90 /zhcp/admin.php/Home/Index/audit/user_id/images/lightbox-ico-loading.gif
INFO: [ app_init ] --START--
INFO: Run Behavior\BuildLiteBehavior [ RunTime:0.000013s ]
INFO: [ app_init ] --END-- [ RunTime:0.000097s ]

[ 2018-09-30T11:40:23+08:00 ] 113.105.12.90 /zhcp/admin.php/Home/Index/audit/user_id/images/lightbox-btn-close.gif
INFO: [ app_init ] --START--
INFO: Run Behavior\BuildLiteBehavior [ RunTime:0.000012s ]
INFO: [ app_init ] --END-- [ RunTime:0.000081s ]

[ 2018-09-30T11:40:24+08:00 ] 113.105.12.90 /zhcp/admin.php/Home/Index/audit/user_id/images/lightbox-blank.gif
INFO: [ app_init ] --START--
INFO: Run Behavior\BuildLiteBehavior [ RunTime:0.000009s ]
INFO: [ app_init ] --END-- [ RunTime:0.000060s ]

[ 2018-09-30T11:40:29+08:00 ] 113.105.12.90 /zhcp/admin.php/Home/Index/audit/user_id/images/lightbox-ico-loading.gif
INFO: [ app_init ] --START--
INFO: Run Behavior\BuildLiteBehavior [ RunTime:0.000009s ]
INFO: [ app_init ] --END-- [ RunTime:0.000061s ]

[ 2018-09-30T11:40:29+08:00 ] 113.105.12.90 /zhcp/admin.php/Home/Index/audit/user_id/images/lightbox-btn-close.gif
INFO: [ app_init ] --START--
INFO: Run Behavior\BuildLiteBehavior [ RunTime:0.000008s ]
INFO: [ app_init ] --END-- [ RunTime:0.000049s ]

[ 2018-09-30T11:40:30+08:00 ] 113.105.12.90 /zhcp/admin.php/Home/Index/audit/user_id/images/lightbox-blank.gif
INFO: [ app_init ] --START--
INFO: Run Behavior\BuildLiteBehavior [ RunTime:0.000008s ]
INFO: [ app_init ] --END-- [ RunTime:0.000055s ]

[ 2018-09-30T11:41:45+08:00 ] 113.105.12.90 /zhcp/admin.php/Home/Index/audit/user_id/images/lightbox-btn-close.gif
INFO: [ app_init ] --START--
INFO: Run Behavior\BuildLiteBehavior [ RunTime:0.000012s ]
INFO: [ app_init ] --END-- [ RunTime:0.000069s ]

[ 2018-09-30T11:41:45+08:00 ] 113.105.12.90 /zhcp/admin.php/Home/Index/audit/user_id/images/lightbox-ico-loading.gif
INFO: [ app_init ] --START--
INFO: Run Behavior\BuildLiteBehavior [ RunTime:0.000010s ]
INFO: [ app_init ] --END-- [ RunTime:0.000064s ]

[ 2018-09-30T11:41:46+08:00 ] 113.105.12.90 /zhcp/admin.php/Home/Index/audit/user_id/images/lightbox-blank.gif
INFO: [ app_init ] --START--
INFO: Run Behavior\BuildLiteBehavior [ RunTime:0.000010s ]
INFO: [ app_init ] --END-- [ RunTime:0.000068s ]

[ 2018-09-30T11:57:15+08:00 ] 113.105.12.90 /zhcp/admin.php/Home/Index/audit/user_id/images/lightbox-btn-prev.gif
INFO: [ app_init ] --START--
INFO: Run Behavior\BuildLiteBehavior [ RunTime:0.000014s ]
INFO: [ app_init ] --END-- [ RunTime:0.000098s ]

[ 2018-09-30T11:57:15+08:00 ] 113.105.12.90 /zhcp/admin.php/Home/Index/audit/user_id/images/lightbox-blank.gif
INFO: [ app_init ] --START--
INFO: Run Behavior\BuildLiteBehavior [ RunTime:0.000011s ]
INFO: [ app_init ] --END-- [ RunTime:0.000059s ]

[ 2018-09-30T11:57:15+08:00 ] 113.105.12.90 /zhcp/admin.php/Home/Index/audit/user_id/images/lightbox-btn-next.gif
INFO: [ app_init ] --START--
INFO: Run Behavior\BuildLiteBehavior [ RunTime:0.000008s ]
INFO: [ app_init ] --END-- [ RunTime:0.000047s ]

[ 2018-09-30T11:57:15+08:00 ] 113.105.12.90 /zhcp/admin.php/Home/Index/audit/user_id/images/lightbox-blank.gif
INFO: [ app_init ] --START--
INFO: Run Behavior\BuildLiteBehavior [ RunTime:0.000008s ]
INFO: [ app_init ] --END-- [ RunTime:0.000048s ]

[ 2018-09-30T11:58:10+08:00 ] 113.105.12.90 /zhcp/admin.php/Home/Index/audit/user_id/images/lightbox-ico-loading.gif
INFO: [ app_init ] --START--
INFO: Run Behavior\BuildLiteBehavior [ RunTime:0.000014s ]
INFO: [ app_init ] --END-- [ RunTime:0.000099s ]

[ 2018-09-30T11:58:10+08:00 ] 113.105.12.90 /zhcp/admin.php/Home/Index/audit/user_id/images/lightbox-btn-close.gif
INFO: [ app_init ] --START--
INFO: Run Behavior\BuildLiteBehavior [ RunTime:0.000012s ]
INFO: [ app_init ] --END-- [ RunTime:0.000078s ]

[ 2018-09-30T11:58:10+08:00 ] 113.105.12.90 /zhcp/admin.php/Home/Index/audit/user_id/images/lightbox-blank.gif
INFO: [ app_init ] --START--
INFO: Run Behavior\BuildLiteBehavior [ RunTime:0.000010s ]
INFO: [ app_init ] --END-- [ RunTime:0.000060s ]

